#
# There is insufficient memory for the Java Runtime Environment to continue.
# Native memory allocation (malloc) failed to allocate 1276192 bytes for Chunk::new
# Possible reasons:
#   The system is out of physical RAM or swap space
#   The process is running with CompressedOops enabled, and the Java Heap may be blocking the growth of the native heap
# Possible solutions:
#   Reduce memory load on the system
#   Increase physical memory or swap space
#   Check if swap backing store is full
#   Decrease Java heap size (-Xmx/-Xms)
#   Decrease number of Java threads
#   Decrease Java thread stack sizes (-Xss)
#   Set larger code cache with -XX:ReservedCodeCacheSize=
#   JVM is running with Unscaled Compressed Oops mode in which the Java heap is
#     placed in the first 4GB address space. The Java Heap base address is the
#     maximum limit for the native heap growth. Please use -XX:HeapBaseMinAddress
#     to set the Java Heap base and to place the Java Heap above 4GB virtual address.
# This output file may be truncated or incomplete.
#
#  Out of Memory Error (arena.cpp:191), pid=10544, tid=20028
#
# JRE version: OpenJDK Runtime Environment (17.0.10) (build 17.0.10+0--11572160)
# Java VM: OpenJDK 64-Bit Server VM (17.0.10+0--11572160, mixed mode, tiered, compressed oops, compressed class ptrs, g1 gc, windows-amd64)
# No core dump will be written. Minidumps are not enabled by default on client versions of Windows
#

---------------  S U M M A R Y ------------

Command Line: --add-opens=java.base/java.util=ALL-UNNAMED --add-opens=java.base/java.lang=ALL-UNNAMED --add-opens=java.base/java.lang.invoke=ALL-UNNAMED --add-opens=java.prefs/java.util.prefs=ALL-UNNAMED --add-opens=java.base/java.nio.charset=ALL-UNNAMED --add-opens=java.base/java.net=ALL-UNNAMED --add-opens=java.base/java.util.concurrent.atomic=ALL-UNNAMED -Xmx2048m -Dfile.encoding=UTF-8 -Duser.country=ID -Duser.language=en -Duser.variant -javaagent:C:\Users\H P\.gradle\wrapper\dists\gradle-8.6-bin\afr5mpiioh2wthjmwnkmdsd5w\gradle-8.6\lib\agents\gradle-instrumentation-agent-8.6.jar org.gradle.launcher.daemon.bootstrap.GradleDaemon 8.6

Host: 11th Gen Intel(R) Core(TM) i3-1115G4 @ 3.00GHz, 4 cores, 3G,  Windows 11 , 64 bit Build 22621 (10.0.22621.5262)
Time: Fri May 23 16:40:22 2025 SE Asia Standard Time elapsed time: 4.012720 seconds (0d 0h 0m 4s)

---------------  T H R E A D  ---------------

Current thread (0x0000021219a6da80):  JavaThread "C2 CompilerThread0" daemon [_thread_in_native, id=20028, stack(0x00000081d1100000,0x00000081d1200000)]


Current CompileTask:
C2:   4012 2979  s!   4       jdk.internal.loader.URLClassPath::getLoader (194 bytes)

Stack: [0x00000081d1100000,0x00000081d1200000]
Native frames: (J=compiled Java code, j=interpreted, Vv=VM code, C=native code)
V  [jvm.dll+0x688e89]
V  [jvm.dll+0x84247a]
V  [jvm.dll+0x8440be]
V  [jvm.dll+0x844723]
V  [jvm.dll+0x24be0f]
V  [jvm.dll+0xac524]
V  [jvm.dll+0xacb6c]
V  [jvm.dll+0x36bd67]
V  [jvm.dll+0x33615a]
V  [jvm.dll+0x3355fa]
V  [jvm.dll+0x21daa1]
V  [jvm.dll+0x21cec1]
V  [jvm.dll+0x1a60ad]
V  [jvm.dll+0x22cd78]
V  [jvm.dll+0x22aeb0]
V  [jvm.dll+0x7f6917]
V  [jvm.dll+0x7f0d1a]
V  [jvm.dll+0x687d05]
C  [ucrtbase.dll+0x29333]
C  [KERNEL32.DLL+0x1259d]
C  [ntdll.dll+0x5af58]


---------------  P R O C E S S  ---------------

Threads class SMR info:
_java_thread_list=0x0000021220ff2340, length=32, elements={
0x000002127fc3b4b0, 0x0000021219a47f80, 0x0000021219a48b40, 0x0000021219a9e2a0,
0x0000021219a6b950, 0x0000021219a6c320, 0x0000021219a6cce0, 0x0000021219a6da80,
0x0000021219a6e530, 0x000002121e081cd0, 0x00000212199e6430, 0x000002121e260710,
0x000002121fabfad0, 0x000002121f3db400, 0x000002121fa81020, 0x000002121fb24970,
0x000002121f37f0d0, 0x000002121fb278a0, 0x000002121fb282c0, 0x000002121fb291f0,
0x000002121fb28ce0, 0x000002121fb27db0, 0x000002121ff03f80, 0x000002121ff07220,
0x000002121ff05de0, 0x000002121ff09080, 0x000002121ff09fb0, 0x000002121ff09590,
0x000002121ff06d10, 0x000002121ff07730, 0x000002121ff0a4c0, 0x000002121ff07c40
}

Java Threads: ( => current thread )
  0x000002127fc3b4b0 JavaThread "main" [_thread_blocked, id=9480, stack(0x00000081d0400000,0x00000081d0500000)]
  0x0000021219a47f80 JavaThread "Reference Handler" daemon [_thread_blocked, id=2756, stack(0x00000081d0b00000,0x00000081d0c00000)]
  0x0000021219a48b40 JavaThread "Finalizer" daemon [_thread_blocked, id=8956, stack(0x00000081d0c00000,0x00000081d0d00000)]
  0x0000021219a9e2a0 JavaThread "Signal Dispatcher" daemon [_thread_blocked, id=13664, stack(0x00000081d0d00000,0x00000081d0e00000)]
  0x0000021219a6b950 JavaThread "Attach Listener" daemon [_thread_blocked, id=7588, stack(0x00000081d0e00000,0x00000081d0f00000)]
  0x0000021219a6c320 JavaThread "Service Thread" daemon [_thread_blocked, id=1840, stack(0x00000081d0f00000,0x00000081d1000000)]
  0x0000021219a6cce0 JavaThread "Monitor Deflation Thread" daemon [_thread_blocked, id=18716, stack(0x00000081d1000000,0x00000081d1100000)]
=>0x0000021219a6da80 JavaThread "C2 CompilerThread0" daemon [_thread_in_native, id=20028, stack(0x00000081d1100000,0x00000081d1200000)]
  0x0000021219a6e530 JavaThread "C1 CompilerThread0" daemon [_thread_blocked, id=20280, stack(0x00000081d1200000,0x00000081d1300000)]
  0x000002121e081cd0 JavaThread "Sweeper thread" daemon [_thread_blocked, id=19880, stack(0x00000081d1300000,0x00000081d1400000)]
  0x00000212199e6430 JavaThread "Common-Cleaner" daemon [_thread_blocked, id=8716, stack(0x00000081d1400000,0x00000081d1500000)]
  0x000002121e260710 JavaThread "Notification Thread" daemon [_thread_blocked, id=15608, stack(0x00000081d1500000,0x00000081d1600000)]
  0x000002121fabfad0 JavaThread "Daemon health stats" [_thread_blocked, id=832, stack(0x00000081d1a00000,0x00000081d1b00000)]
  0x000002121f3db400 JavaThread "Incoming local TCP Connector on port 60020" [_thread_in_native, id=3368, stack(0x00000081d1b00000,0x00000081d1c00000)]
  0x000002121fa81020 JavaThread "Daemon periodic checks" [_thread_blocked, id=8828, stack(0x00000081d1c00000,0x00000081d1d00000)]
  0x000002121fb24970 JavaThread "Daemon" [_thread_blocked, id=4192, stack(0x00000081d1d00000,0x00000081d1e00000)]
  0x000002121f37f0d0 JavaThread "Handler for socket connection from /127.0.0.1:60020 to /127.0.0.1:60021" [_thread_in_native, id=15716, stack(0x00000081d1e00000,0x00000081d1f00000)]
  0x000002121fb278a0 JavaThread "Cancel handler" [_thread_blocked, id=12916, stack(0x00000081d1f00000,0x00000081d2000000)]
  0x000002121fb282c0 JavaThread "Daemon worker" [_thread_in_vm, id=10036, stack(0x00000081d2000000,0x00000081d2100000)]
  0x000002121fb291f0 JavaThread "Asynchronous log dispatcher for DefaultDaemonConnection: socket connection from /127.0.0.1:60020 to /127.0.0.1:60021" [_thread_blocked, id=5892, stack(0x00000081d2100000,0x00000081d2200000)]
  0x000002121fb28ce0 JavaThread "Stdin handler" [_thread_blocked, id=19908, stack(0x00000081d2200000,0x00000081d2300000)]
  0x000002121fb27db0 JavaThread "Daemon client event forwarder" [_thread_blocked, id=1200, stack(0x00000081d2300000,0x00000081d2400000)]
  0x000002121ff03f80 JavaThread "Cache worker for journal cache (C:\Users\H P\.gradle\caches\journal-1)" [_thread_blocked, id=15552, stack(0x00000081d2400000,0x00000081d2500000)]
  0x000002121ff07220 JavaThread "File lock request listener" [_thread_in_native, id=13432, stack(0x00000081d2500000,0x00000081d2600000)]
  0x000002121ff05de0 JavaThread "Cache worker for file hash cache (C:\Users\H P\.gradle\caches\8.6\fileHashes)" [_thread_blocked, id=13056, stack(0x00000081d2600000,0x00000081d2700000)]
  0x000002121ff09080 JavaThread "File watcher server" daemon [_thread_in_native, id=10608, stack(0x00000081d2700000,0x00000081d2800000)]
  0x000002121ff09fb0 JavaThread "File watcher consumer" daemon [_thread_blocked, id=17596, stack(0x00000081d2800000,0x00000081d2900000)]
  0x000002121ff09590 JavaThread "Cache worker for checksums cache (C:\Users\H P\Projek Skripsi\MyApplication\.gradle\8.6\checksums)" [_thread_blocked, id=5128, stack(0x00000081d2900000,0x00000081d2a00000)]
  0x000002121ff06d10 JavaThread "Cache worker for file hash cache (C:\Users\H P\Projek Skripsi\MyApplication\.gradle\8.6\fileHashes)" [_thread_blocked, id=13668, stack(0x00000081d2a00000,0x00000081d2b00000)]
  0x000002121ff07730 JavaThread "Cache worker for cache directory md-supplier (C:\Users\H P\.gradle\caches\8.6\md-supplier)" [_thread_blocked, id=17708, stack(0x00000081d2b00000,0x00000081d2c00000)]
  0x000002121ff0a4c0 JavaThread "Cache worker for cache directory md-rule (C:\Users\H P\.gradle\caches\8.6\md-rule)" [_thread_blocked, id=6800, stack(0x00000081d2c00000,0x00000081d2d00000)]
  0x000002121ff07c40 JavaThread "Cache worker for file content cache (C:\Users\H P\.gradle\caches\8.6\fileContent)" [_thread_blocked, id=15624, stack(0x00000081d2d00000,0x00000081d2e00000)]

Other Threads:
  0x0000021219a44930 VMThread "VM Thread" [stack: 0x00000081d0a00000,0x00000081d0b00000] [id=10668]
  0x000002121e316060 WatcherThread [stack: 0x00000081d1600000,0x00000081d1700000] [id=8124]
  0x000002127fc99a50 GCTaskThread "GC Thread#0" [stack: 0x00000081d0500000,0x00000081d0600000] [id=6740]
  0x000002121e54a520 GCTaskThread "GC Thread#1" [stack: 0x00000081d1700000,0x00000081d1800000] [id=5064]
  0x000002121e4c9c00 GCTaskThread "GC Thread#2" [stack: 0x00000081d1800000,0x00000081d1900000] [id=18748]
  0x000002121e494400 GCTaskThread "GC Thread#3" [stack: 0x00000081d1900000,0x00000081d1a00000] [id=17736]
  0x000002127fcab140 ConcurrentGCThread "G1 Main Marker" [stack: 0x00000081d0600000,0x00000081d0700000] [id=8092]
  0x000002127fcabb60 ConcurrentGCThread "G1 Conc#0" [stack: 0x00000081d0700000,0x00000081d0800000] [id=20708]
  0x000002127fce9660 ConcurrentGCThread "G1 Refine#0" [stack: 0x00000081d0800000,0x00000081d0900000] [id=8096]
  0x000002127fcea090 ConcurrentGCThread "G1 Service" [stack: 0x00000081d0900000,0x00000081d0a00000] [id=7020]

Threads with active compile tasks:
C2 CompilerThread0     4033 2979  s!   4       jdk.internal.loader.URLClassPath::getLoader (194 bytes)
C1 CompilerThread0     4033 3107       3       org.codehaus.groovy.reflection.CachedClass$3::lambda$initValue$0 (18 bytes)

VM state: not at safepoint (normal execution)

VM Mutex/Monitor currently owned by a thread:  ([mutex/lock_event])
[0x000002127e26a080] CodeCache_lock - owner thread: 0x0000000000000000

Heap address: 0x0000000080000000, size: 2048 MB, Compressed Oops mode: 32-bit

CDS archive(s) not mapped
Compressed class space mapped at: 0x0000000100000000-0x0000000140000000, reserved size: 1073741824
Narrow klass base: 0x0000000000000000, Narrow klass shift: 3, Narrow klass range: 0x140000000

GC Precious Log:
 CPUs: 4 total, 4 available
 Memory: 3738M
 Large Page Support: Disabled
 NUMA Support: Disabled
 Compressed Oops: Enabled (32-bit)
 Heap Region Size: 1M
 Heap Min Capacity: 8M
 Heap Initial Capacity: 60M
 Heap Max Capacity: 2G
 Pre-touch: Disabled
 Parallel Workers: 4
 Concurrent Workers: 1
 Concurrent Refinement Workers: 4
 Periodic GC: Disabled

Heap:
 garbage-first heap   total 61440K, used 30764K [0x0000000080000000, 0x0000000100000000)
  region size 1024K, 10 young (10240K), 2 survivors (2048K)
 Metaspace       used 37341K, committed 37696K, reserved 1114112K
  class space    used 5038K, committed 5184K, reserved 1048576K

Heap Regions: E=young(eden), S=young(survivor), O=old, HS=humongous(starts), HC=humongous(continues), CS=collection set, F=free, OA=open archive, CA=closed archive, TAMS=top-at-mark-start (previous, next)
|   0|0x0000000080000000, 0x0000000080100000, 0x0000000080100000|100%| O|  |TAMS 0x0000000080100000, 0x0000000080000000| Untracked 
|   1|0x0000000080100000, 0x0000000080200000, 0x0000000080200000|100%| O|  |TAMS 0x0000000080200000, 0x0000000080100000| Untracked 
|   2|0x0000000080200000, 0x0000000080300000, 0x0000000080300000|100%|HS|  |TAMS 0x0000000080300000, 0x0000000080200000| Complete 
|   3|0x0000000080300000, 0x0000000080400000, 0x0000000080400000|100%|HC|  |TAMS 0x0000000080400000, 0x0000000080300000| Complete 
|   4|0x0000000080400000, 0x0000000080500000, 0x0000000080500000|100%|HC|  |TAMS 0x0000000080500000, 0x0000000080400000| Complete 
|   5|0x0000000080500000, 0x0000000080600000, 0x0000000080600000|100%|HC|  |TAMS 0x0000000080600000, 0x0000000080500000| Complete 
|   6|0x0000000080600000, 0x0000000080700000, 0x0000000080700000|100%| O|  |TAMS 0x0000000080700000, 0x0000000080600000| Untracked 
|   7|0x0000000080700000, 0x0000000080800000, 0x0000000080800000|100%| O|  |TAMS 0x0000000080800000, 0x0000000080700000| Untracked 
|   8|0x0000000080800000, 0x0000000080900000, 0x0000000080900000|100%| O|  |TAMS 0x0000000080900000, 0x0000000080800000| Untracked 
|   9|0x0000000080900000, 0x0000000080a00000, 0x0000000080a00000|100%| O|  |TAMS 0x0000000080a00000, 0x0000000080900000| Untracked 
|  10|0x0000000080a00000, 0x0000000080b00000, 0x0000000080b00000|100%| O|  |TAMS 0x0000000080b00000, 0x0000000080a00000| Untracked 
|  11|0x0000000080b00000, 0x0000000080c00000, 0x0000000080c00000|100%| O|  |TAMS 0x0000000080c00000, 0x0000000080b00000| Untracked 
|  12|0x0000000080c00000, 0x0000000080d00000, 0x0000000080d00000|100%| O|  |TAMS 0x0000000080d00000, 0x0000000080c00000| Untracked 
|  13|0x0000000080d00000, 0x0000000080e00000, 0x0000000080e00000|100%| O|  |TAMS 0x0000000080e00000, 0x0000000080d00000| Untracked 
|  14|0x0000000080e00000, 0x0000000080f00000, 0x0000000080f00000|100%| O|  |TAMS 0x0000000080f00000, 0x0000000080e00000| Untracked 
|  15|0x0000000080f00000, 0x0000000081000000, 0x0000000081000000|100%| O|  |TAMS 0x0000000081000000, 0x0000000080f00000| Untracked 
|  16|0x0000000081000000, 0x0000000081100000, 0x0000000081100000|100%| O|  |TAMS 0x0000000081100000, 0x0000000081000000| Untracked 
|  17|0x0000000081100000, 0x0000000081200000, 0x0000000081200000|100%| O|  |TAMS 0x0000000081200000, 0x0000000081100000| Untracked 
|  18|0x0000000081200000, 0x0000000081300000, 0x0000000081300000|100%| O|  |TAMS 0x0000000081300000, 0x0000000081200000| Untracked 
|  19|0x0000000081300000, 0x0000000081400000, 0x0000000081400000|100%| O|  |TAMS 0x0000000081400000, 0x0000000081300000| Untracked 
|  20|0x0000000081400000, 0x0000000081500000, 0x0000000081500000|100%| O|  |TAMS 0x0000000081500000, 0x0000000081400000| Untracked 
|  21|0x0000000081500000, 0x0000000081600000, 0x0000000081600000|100%| O|  |TAMS 0x0000000081526c00, 0x0000000081500000| Untracked 
|  22|0x0000000081600000, 0x0000000081661c00, 0x0000000081700000| 38%| O|  |TAMS 0x0000000081600000, 0x0000000081600000| Untracked 
|  23|0x0000000081700000, 0x0000000081700000, 0x0000000081800000|  0%| F|  |TAMS 0x0000000081700000, 0x0000000081700000| Untracked 
|  24|0x0000000081800000, 0x0000000081800000, 0x0000000081900000|  0%| F|  |TAMS 0x0000000081800000, 0x0000000081800000| Untracked 
|  25|0x0000000081900000, 0x0000000081900000, 0x0000000081a00000|  0%| F|  |TAMS 0x0000000081900000, 0x0000000081900000| Untracked 
|  26|0x0000000081a00000, 0x0000000081a00000, 0x0000000081b00000|  0%| F|  |TAMS 0x0000000081a00000, 0x0000000081a00000| Untracked 
|  27|0x0000000081b00000, 0x0000000081b00000, 0x0000000081c00000|  0%| F|  |TAMS 0x0000000081b00000, 0x0000000081b00000| Untracked 
|  28|0x0000000081c00000, 0x0000000081c00000, 0x0000000081d00000|  0%| F|  |TAMS 0x0000000081c00000, 0x0000000081c00000| Untracked 
|  29|0x0000000081d00000, 0x0000000081d00000, 0x0000000081e00000|  0%| F|  |TAMS 0x0000000081d00000, 0x0000000081d00000| Untracked 
|  30|0x0000000081e00000, 0x0000000081e00000, 0x0000000081f00000|  0%| F|  |TAMS 0x0000000081e00000, 0x0000000081e00000| Untracked 
|  31|0x0000000081f00000, 0x0000000081f00000, 0x0000000082000000|  0%| F|  |TAMS 0x0000000081f00000, 0x0000000081f00000| Untracked 
|  32|0x0000000082000000, 0x0000000082000000, 0x0000000082100000|  0%| F|  |TAMS 0x0000000082000000, 0x0000000082000000| Untracked 
|  33|0x0000000082100000, 0x0000000082100000, 0x0000000082200000|  0%| F|  |TAMS 0x0000000082100000, 0x0000000082100000| Untracked 
|  34|0x0000000082200000, 0x0000000082200000, 0x0000000082300000|  0%| F|  |TAMS 0x0000000082200000, 0x0000000082200000| Untracked 
|  35|0x0000000082300000, 0x0000000082300000, 0x0000000082400000|  0%| F|  |TAMS 0x0000000082300000, 0x0000000082300000| Untracked 
|  36|0x0000000082400000, 0x0000000082400000, 0x0000000082500000|  0%| F|  |TAMS 0x0000000082400000, 0x0000000082400000| Untracked 
|  37|0x0000000082500000, 0x0000000082500000, 0x0000000082600000|  0%| F|  |TAMS 0x0000000082500000, 0x0000000082500000| Untracked 
|  38|0x0000000082600000, 0x0000000082600000, 0x0000000082700000|  0%| F|  |TAMS 0x0000000082600000, 0x0000000082600000| Untracked 
|  39|0x0000000082700000, 0x0000000082700000, 0x0000000082800000|  0%| F|  |TAMS 0x0000000082700000, 0x0000000082700000| Untracked 
|  40|0x0000000082800000, 0x0000000082800000, 0x0000000082900000|  0%| F|  |TAMS 0x0000000082800000, 0x0000000082800000| Untracked 
|  41|0x0000000082900000, 0x0000000082900000, 0x0000000082a00000|  0%| F|  |TAMS 0x0000000082900000, 0x0000000082900000| Untracked 
|  42|0x0000000082a00000, 0x0000000082a00000, 0x0000000082b00000|  0%| F|  |TAMS 0x0000000082a00000, 0x0000000082a00000| Untracked 
|  43|0x0000000082b00000, 0x0000000082b00000, 0x0000000082c00000|  0%| F|  |TAMS 0x0000000082b00000, 0x0000000082b00000| Untracked 
|  44|0x0000000082c00000, 0x0000000082c00000, 0x0000000082d00000|  0%| F|  |TAMS 0x0000000082c00000, 0x0000000082c00000| Untracked 
|  45|0x0000000082d00000, 0x0000000082d00000, 0x0000000082e00000|  0%| F|  |TAMS 0x0000000082d00000, 0x0000000082d00000| Untracked 
|  46|0x0000000082e00000, 0x0000000082ea9470, 0x0000000082f00000| 66%| S|CS|TAMS 0x0000000082e00000, 0x0000000082e00000| Complete 
|  47|0x0000000082f00000, 0x0000000083000000, 0x0000000083000000|100%| S|CS|TAMS 0x0000000082f00000, 0x0000000082f00000| Complete 
|  48|0x0000000083000000, 0x0000000083000000, 0x0000000083100000|  0%| F|  |TAMS 0x0000000083000000, 0x0000000083000000| Untracked 
|  49|0x0000000083100000, 0x0000000083100000, 0x0000000083200000|  0%| F|  |TAMS 0x0000000083100000, 0x0000000083100000| Untracked 
|  50|0x0000000083200000, 0x0000000083200000, 0x0000000083300000|  0%| F|  |TAMS 0x0000000083200000, 0x0000000083200000| Untracked 
|  51|0x0000000083300000, 0x0000000083300000, 0x0000000083400000|  0%| F|  |TAMS 0x0000000083300000, 0x0000000083300000| Untracked 
|  52|0x0000000083400000, 0x000000008346a778, 0x0000000083500000| 41%| E|  |TAMS 0x0000000083400000, 0x0000000083400000| Complete 
|  53|0x0000000083500000, 0x0000000083600000, 0x0000000083600000|100%| E|CS|TAMS 0x0000000083500000, 0x0000000083500000| Complete 
|  54|0x0000000083600000, 0x0000000083700000, 0x0000000083700000|100%| E|CS|TAMS 0x0000000083600000, 0x0000000083600000| Complete 
|  55|0x0000000083700000, 0x0000000083800000, 0x0000000083800000|100%| E|CS|TAMS 0x0000000083700000, 0x0000000083700000| Complete 
|  56|0x0000000083800000, 0x0000000083900000, 0x0000000083900000|100%| E|  |TAMS 0x0000000083800000, 0x0000000083800000| Complete 
|  57|0x0000000083900000, 0x0000000083a00000, 0x0000000083a00000|100%| E|CS|TAMS 0x0000000083900000, 0x0000000083900000| Complete 
|  58|0x0000000083a00000, 0x0000000083b00000, 0x0000000083b00000|100%| E|CS|TAMS 0x0000000083a00000, 0x0000000083a00000| Complete 
|  59|0x0000000083b00000, 0x0000000083c00000, 0x0000000083c00000|100%| E|CS|TAMS 0x0000000083b00000, 0x0000000083b00000| Complete 

Card table byte_map: [0x0000021212c60000,0x0000021213060000] _byte_map_base: 0x0000021212860000

Marking Bits (Prev, Next): (CMBitMap*) 0x000002127fc9a070, (CMBitMap*) 0x000002127fc9a0b0
 Prev Bits: [0x0000021213460000, 0x0000021215460000)
 Next Bits: [0x0000021215460000, 0x0000021217460000)

Polling page: 0x000002127fcf0000

Metaspace:

Usage:
  Non-class:     31.57 MB used.
      Class:      4.92 MB used.
       Both:     36.49 MB used.

Virtual space:
  Non-class space:       64.00 MB reserved,      31.75 MB ( 50%) committed,  1 nodes.
      Class space:        1.00 GB reserved,       5.06 MB ( <1%) committed,  1 nodes.
             Both:        1.06 GB reserved,      36.81 MB (  3%) committed. 

Chunk freelists:
   Non-Class:  15.70 MB
       Class:  10.98 MB
        Both:  26.69 MB

MaxMetaspaceSize: unlimited
CompressedClassSpaceSize: 1.00 GB
Initial GC threshold: 21.00 MB
Current GC threshold: 59.06 MB
CDS: off
MetaspaceReclaimPolicy: balanced
 - commit_granule_bytes: 65536.
 - commit_granule_words: 8192.
 - virtual_space_node_default_size: 8388608.
 - enlarge_chunks_in_place: 1.
 - new_chunks_are_fully_committed: 0.
 - uncommit_free_chunks: 1.
 - use_allocation_guard: 0.
 - handle_deallocations: 1.


Internal statistics:

num_allocs_failed_limit: 6.
num_arena_births: 298.
num_arena_deaths: 0.
num_vsnodes_births: 2.
num_vsnodes_deaths: 0.
num_space_committed: 589.
num_space_uncommitted: 0.
num_chunks_returned_to_freelist: 6.
num_chunks_taken_from_freelist: 1374.
num_chunk_merges: 6.
num_chunk_splits: 899.
num_chunks_enlarged: 630.
num_inconsistent_stats: 0.

CodeHeap 'non-profiled nmethods': size=120000Kb used=1508Kb max_used=1508Kb free=118491Kb
 bounds [0x000002120aef0000, 0x000002120b160000, 0x0000021212420000]
CodeHeap 'profiled nmethods': size=120000Kb used=6612Kb max_used=6612Kb free=113387Kb
 bounds [0x0000021203420000, 0x0000021203aa0000, 0x000002120a950000]
CodeHeap 'non-nmethods': size=5760Kb used=1254Kb max_used=1291Kb free=4505Kb
 bounds [0x000002120a950000, 0x000002120abc0000, 0x000002120aef0000]
 total_blobs=3643 nmethods=3085 adapters=469
 compilation: enabled
              stopped_count=0, restarted_count=0
 full_count=0

Compilation events (20 events):
Event: 3.974 Thread 0x0000021219a6e530 3064       3       org.codehaus.groovy.util.ReferenceManager$1::afterReferenceCreation (57 bytes)
Event: 3.974 Thread 0x0000021219a6e530 nmethod 3064 0x0000021203a7fc10 code [0x0000021203a7fde0, 0x0000021203a80208]
Event: 3.974 Thread 0x0000021219a6e530 3065       1       java.util.Spliterators$ArraySpliterator::characteristics (5 bytes)
Event: 3.974 Thread 0x0000021219a6e530 nmethod 3065 0x000002120b067b10 code [0x000002120b067ca0, 0x000002120b067d78]
Event: 3.975 Thread 0x0000021219a6e530 3066       3       org.codehaus.groovy.util.LockableObject::lock (25 bytes)
Event: 3.975 Thread 0x0000021219a6e530 nmethod 3066 0x0000021203a80390 code [0x0000021203a80540, 0x0000021203a807b8]
Event: 3.975 Thread 0x0000021219a6e530 3067       3       org.codehaus.groovy.util.LockableObject::unlock (7 bytes)
Event: 3.975 Thread 0x0000021219a6e530 nmethod 3067 0x0000021203a80890 code [0x0000021203a80a40, 0x0000021203a80cf8]
Event: 3.975 Thread 0x0000021219a6e530 3068       3       org.codehaus.groovy.util.LockableObject::tryRelease (45 bytes)
Event: 3.975 Thread 0x0000021219a6e530 nmethod 3068 0x0000021203a80e10 code [0x0000021203a80fc0, 0x0000021203a81288]
Event: 3.978 Thread 0x0000021219a6e530 3070       3       java.util.WeakHashMap::get (75 bytes)
Event: 3.978 Thread 0x0000021219a6e530 nmethod 3070 0x0000021203a81390 code [0x0000021203a815c0, 0x0000021203a81e78]
Event: 3.978 Thread 0x0000021219a6e530 3071       3       org.codehaus.groovy.reflection.CachedClass::getInterfaces (11 bytes)
Event: 3.978 Thread 0x0000021219a6e530 nmethod 3071 0x0000021203a82210 code [0x0000021203a823c0, 0x0000021203a82688]
Event: 3.978 Thread 0x0000021219a6e530 3072       3       org.codehaus.groovy.util.ReferenceType$1::createReference (11 bytes)
Event: 3.978 Thread 0x0000021219a6e530 nmethod 3072 0x0000021203a82790 code [0x0000021203a82960, 0x0000021203a82dd8]
Event: 3.978 Thread 0x0000021219a6e530 3073       3       org.codehaus.groovy.util.ReferenceType$SoftRef::<init> (12 bytes)
Event: 3.979 Thread 0x0000021219a6e530 nmethod 3073 0x0000021203a82f90 code [0x0000021203a83140, 0x0000021203a834f8]
Event: 3.993 Thread 0x0000021219a6e530 3074       2       java.lang.StringConcatHelper::simpleConcat (94 bytes)
Event: 3.993 Thread 0x0000021219a6e530 nmethod 3074 0x0000021203a83610 code [0x0000021203a83860, 0x0000021203a84028]

GC Heap History (20 events):
Event: 0.591 GC heap before
{Heap before GC invocations=0 (full 0):
 garbage-first heap   total 61440K, used 12288K [0x0000000080000000, 0x0000000100000000)
  region size 1024K, 13 young (13312K), 0 survivors (0K)
 Metaspace       used 7670K, committed 7872K, reserved 1114112K
  class space    used 676K, committed 768K, reserved 1048576K
}
Event: 0.594 GC heap after
{Heap after GC invocations=1 (full 0):
 garbage-first heap   total 61440K, used 3360K [0x0000000080000000, 0x0000000100000000)
  region size 1024K, 2 young (2048K), 2 survivors (2048K)
 Metaspace       used 7670K, committed 7872K, reserved 1114112K
  class space    used 676K, committed 768K, reserved 1048576K
}
Event: 1.102 GC heap before
{Heap before GC invocations=1 (full 0):
 garbage-first heap   total 61440K, used 23840K [0x0000000080000000, 0x0000000100000000)
  region size 1024K, 18 young (18432K), 2 survivors (2048K)
 Metaspace       used 11401K, committed 11584K, reserved 1114112K
  class space    used 1198K, committed 1280K, reserved 1048576K
}
Event: 1.105 GC heap after
{Heap after GC invocations=2 (full 0):
 garbage-first heap   total 61440K, used 10569K [0x0000000080000000, 0x0000000100000000)
  region size 1024K, 3 young (3072K), 3 survivors (3072K)
 Metaspace       used 11401K, committed 11584K, reserved 1114112K
  class space    used 1198K, committed 1280K, reserved 1048576K
}
Event: 1.422 GC heap before
{Heap before GC invocations=2 (full 0):
 garbage-first heap   total 61440K, used 31049K [0x0000000080000000, 0x0000000100000000)
  region size 1024K, 23 young (23552K), 3 survivors (3072K)
 Metaspace       used 11499K, committed 11648K, reserved 1114112K
  class space    used 1199K, committed 1280K, reserved 1048576K
}
Event: 1.425 GC heap after
{Heap after GC invocations=3 (full 0):
 garbage-first heap   total 61440K, used 11601K [0x0000000080000000, 0x0000000100000000)
  region size 1024K, 1 young (1024K), 1 survivors (1024K)
 Metaspace       used 11499K, committed 11648K, reserved 1114112K
  class space    used 1199K, committed 1280K, reserved 1048576K
}
Event: 1.862 GC heap before
{Heap before GC invocations=3 (full 0):
 garbage-first heap   total 61440K, used 42321K [0x0000000080000000, 0x0000000100000000)
  region size 1024K, 31 young (31744K), 1 survivors (1024K)
 Metaspace       used 15560K, committed 15744K, reserved 1114112K
  class space    used 1756K, committed 1856K, reserved 1048576K
}
Event: 1.866 GC heap after
{Heap after GC invocations=4 (full 0):
 garbage-first heap   total 61440K, used 17169K [0x0000000080000000, 0x0000000100000000)
  region size 1024K, 4 young (4096K), 4 survivors (4096K)
 Metaspace       used 15560K, committed 15744K, reserved 1114112K
  class space    used 1756K, committed 1856K, reserved 1048576K
}
Event: 2.438 GC heap before
{Heap before GC invocations=4 (full 0):
 garbage-first heap   total 61440K, used 37649K [0x0000000080000000, 0x0000000100000000)
  region size 1024K, 25 young (25600K), 4 survivors (4096K)
 Metaspace       used 21257K, committed 21504K, reserved 1114112K
  class space    used 2496K, committed 2624K, reserved 1048576K
}
Event: 2.444 GC heap after
{Heap after GC invocations=5 (full 0):
 garbage-first heap   total 61440K, used 19377K [0x0000000080000000, 0x0000000100000000)
  region size 1024K, 3 young (3072K), 3 survivors (3072K)
 Metaspace       used 21257K, committed 21504K, reserved 1114112K
  class space    used 2496K, committed 2624K, reserved 1048576K
}
Event: 2.820 GC heap before
{Heap before GC invocations=6 (full 0):
 garbage-first heap   total 61440K, used 39857K [0x0000000080000000, 0x0000000100000000)
  region size 1024K, 24 young (24576K), 3 survivors (3072K)
 Metaspace       used 24879K, committed 25152K, reserved 1114112K
  class space    used 3103K, committed 3200K, reserved 1048576K
}
Event: 2.823 GC heap after
{Heap after GC invocations=7 (full 0):
 garbage-first heap   total 61440K, used 20351K [0x0000000080000000, 0x0000000100000000)
  region size 1024K, 2 young (2048K), 2 survivors (2048K)
 Metaspace       used 24879K, committed 25152K, reserved 1114112K
  class space    used 3103K, committed 3200K, reserved 1048576K
}
Event: 3.157 GC heap before
{Heap before GC invocations=7 (full 0):
 garbage-first heap   total 61440K, used 42879K [0x0000000080000000, 0x0000000100000000)
  region size 1024K, 24 young (24576K), 2 survivors (2048K)
 Metaspace       used 27888K, committed 28160K, reserved 1114112K
  class space    used 3648K, committed 3776K, reserved 1048576K
}
Event: 3.160 GC heap after
{Heap after GC invocations=8 (full 0):
 garbage-first heap   total 61440K, used 21720K [0x0000000080000000, 0x0000000100000000)
  region size 1024K, 3 young (3072K), 3 survivors (3072K)
 Metaspace       used 27888K, committed 28160K, reserved 1114112K
  class space    used 3648K, committed 3776K, reserved 1048576K
}
Event: 3.505 GC heap before
{Heap before GC invocations=8 (full 0):
 garbage-first heap   total 61440K, used 44248K [0x0000000080000000, 0x0000000100000000)
  region size 1024K, 25 young (25600K), 3 survivors (3072K)
 Metaspace       used 30984K, committed 31296K, reserved 1114112K
  class space    used 4138K, committed 4288K, reserved 1048576K
}
Event: 3.510 GC heap after
{Heap after GC invocations=9 (full 0):
 garbage-first heap   total 61440K, used 23034K [0x0000000080000000, 0x0000000100000000)
  region size 1024K, 3 young (3072K), 3 survivors (3072K)
 Metaspace       used 30984K, committed 31296K, reserved 1114112K
  class space    used 4138K, committed 4288K, reserved 1048576K
}
Event: 3.766 GC heap before
{Heap before GC invocations=9 (full 0):
 garbage-first heap   total 61440K, used 46586K [0x0000000080000000, 0x0000000100000000)
  region size 1024K, 26 young (26624K), 3 survivors (3072K)
 Metaspace       used 33771K, committed 34112K, reserved 1114112K
  class space    used 4619K, committed 4800K, reserved 1048576K
}
Event: 3.771 GC heap after
{Heap after GC invocations=10 (full 0):
 garbage-first heap   total 61440K, used 24197K [0x0000000080000000, 0x0000000100000000)
  region size 1024K, 3 young (3072K), 3 survivors (3072K)
 Metaspace       used 33771K, committed 34112K, reserved 1114112K
  class space    used 4619K, committed 4800K, reserved 1048576K
}
Event: 3.914 GC heap before
{Heap before GC invocations=10 (full 0):
 garbage-first heap   total 61440K, used 35461K [0x0000000080000000, 0x0000000100000000)
  region size 1024K, 15 young (15360K), 3 survivors (3072K)
 Metaspace       used 35796K, committed 36096K, reserved 1114112K
  class space    used 4906K, committed 5056K, reserved 1048576K
}
Event: 3.919 GC heap after
{Heap after GC invocations=11 (full 0):
 garbage-first heap   total 61440K, used 24620K [0x0000000080000000, 0x0000000100000000)
  region size 1024K, 2 young (2048K), 2 survivors (2048K)
 Metaspace       used 35796K, committed 36096K, reserved 1114112K
  class space    used 4906K, committed 5056K, reserved 1048576K
}

Dll operation events (3 events):
Event: 0.027 Loaded shared library C:\Program Files\Android\Android Studio\jbr\bin\java.dll
Event: 0.243 Loaded shared library C:\Program Files\Android\Android Studio\jbr\bin\zip.dll
Event: 0.605 Loaded shared library C:\Program Files\Android\Android Studio\jbr\bin\verify.dll

Deoptimization events (20 events):
Event: 3.424 Thread 0x000002121fb282c0 Uncommon trap: trap_request=0xffffff76 fr.pc=0x000002120b036974 relative=0x0000000000000154
Event: 3.424 Thread 0x000002121fb282c0 Uncommon trap: reason=predicate action=maybe_recompile pc=0x000002120b036974 method=com.google.common.base.CharMatcher.indexIn(Ljava/lang/CharSequence;I)I @ 19 c2
Event: 3.424 Thread 0x000002121fb282c0 DEOPT PACKING pc=0x000002120b036974 sp=0x00000081d20fa340
Event: 3.424 Thread 0x000002121fb282c0 DEOPT UNPACKING pc=0x000002120a9aa1a3 sp=0x00000081d20fa2d0 mode 2
Event: 3.462 Thread 0x000002121fb282c0 Uncommon trap: trap_request=0xffffff45 fr.pc=0x000002120afc1750 relative=0x00000000000005b0
Event: 3.462 Thread 0x000002121fb282c0 Uncommon trap: reason=unstable_if action=reinterpret pc=0x000002120afc1750 method=java.util.Properties$LineReader.readLine()I @ 95 c2
Event: 3.462 Thread 0x000002121fb282c0 DEOPT PACKING pc=0x000002120afc1750 sp=0x00000081d20fb210
Event: 3.462 Thread 0x000002121fb282c0 DEOPT UNPACKING pc=0x000002120a9aa1a3 sp=0x00000081d20fb1c0 mode 2
Event: 3.620 Thread 0x000002121fb282c0 Uncommon trap: trap_request=0xffffff45 fr.pc=0x000002120af48388 relative=0x00000000000005c8
Event: 3.620 Thread 0x000002121fb282c0 Uncommon trap: reason=unstable_if action=reinterpret pc=0x000002120af48388 method=java.util.HashMap.hash(Ljava/lang/Object;)I @ 1 c2
Event: 3.620 Thread 0x000002121fb282c0 DEOPT PACKING pc=0x000002120af48388 sp=0x00000081d20f6670
Event: 3.620 Thread 0x000002121fb282c0 DEOPT UNPACKING pc=0x000002120a9aa1a3 sp=0x00000081d20f6518 mode 2
Event: 3.797 Thread 0x000002121fb282c0 Uncommon trap: trap_request=0xffffffc6 fr.pc=0x000002120b04db88 relative=0x00000000000001c8
Event: 3.797 Thread 0x000002121fb282c0 Uncommon trap: reason=bimorphic_or_optimized_type_check action=maybe_recompile pc=0x000002120b04db88 method=java.util.regex.Pattern$BmpCharProperty.match(Ljava/util/regex/Matcher;ILjava/lang/CharSequence;)Z @ 19 c2
Event: 3.797 Thread 0x000002121fb282c0 DEOPT PACKING pc=0x000002120b04db88 sp=0x00000081d20f8450
Event: 3.797 Thread 0x000002121fb282c0 DEOPT UNPACKING pc=0x000002120a9aa1a3 sp=0x00000081d20f83e8 mode 2
Event: 3.797 Thread 0x000002121fb282c0 Uncommon trap: trap_request=0xffffffc6 fr.pc=0x000002120b04db88 relative=0x00000000000001c8
Event: 3.797 Thread 0x000002121fb282c0 Uncommon trap: reason=bimorphic_or_optimized_type_check action=maybe_recompile pc=0x000002120b04db88 method=java.util.regex.Pattern$BmpCharProperty.match(Ljava/util/regex/Matcher;ILjava/lang/CharSequence;)Z @ 19 c2
Event: 3.797 Thread 0x000002121fb282c0 DEOPT PACKING pc=0x000002120b04db88 sp=0x00000081d20f8450
Event: 3.797 Thread 0x000002121fb282c0 DEOPT UNPACKING pc=0x000002120a9aa1a3 sp=0x00000081d20f83e8 mode 2

Classes unloaded (0 events):
No events

Classes redefined (0 events):
No events

Internal exceptions (20 events):
Event: 3.444 Thread 0x000002121fb282c0 Exception <a 'java/lang/NoSuchMethodError'{0x0000000082c84820}: 'void java.lang.invoke.DirectMethodHandle$Holder.invokeStatic(java.lang.Object, java.lang.Object, java.lang.Object, java.lang.Object)'> (0x0000000082c84820) 
thrown [s\src\hotspot\share\interpreter\linkResolver.cpp, line 771]
Event: 3.445 Thread 0x000002121fb282c0 Exception <a 'java/lang/NoSuchMethodError'{0x0000000082c98f10}: 'int java.lang.invoke.DirectMethodHandle$Holder.invokeVirtual(java.lang.Object, java.lang.Object)'> (0x0000000082c98f10) 
thrown [s\src\hotspot\share\interpreter\linkResolver.cpp, line 771]
Event: 3.446 Thread 0x000002121fb282c0 Exception <a 'java/lang/NoSuchMethodError'{0x0000000082cab7e0}: 'java.lang.Object java.lang.invoke.DirectMethodHandle$Holder.invokeStaticInit(java.lang.Object, java.lang.Object, java.lang.Object)'> (0x0000000082cab7e0) 
thrown [s\src\hotspot\share\interpreter\linkResolver.cpp, line 771]
Event: 3.553 Thread 0x000002121fb282c0 Exception <a 'java/lang/NoSuchMethodError'{0x000000008384f080}: 'java.lang.Object java.lang.invoke.DirectMethodHandle$Holder.invokeSpecialIFC(java.lang.Object, java.lang.Object, java.lang.Object, java.lang.Object)'> (0x000000008384f080) 
thrown [s\src\hotspot\share\interpreter\linkResolver.cpp, line 771]
Event: 3.558 Thread 0x000002121fb282c0 Exception <a 'java/lang/NoSuchMethodError'{0x00000000838e92e8}: 'java.lang.Object java.lang.invoke.DirectMethodHandle$Holder.newInvokeSpecial(java.lang.Object, java.lang.Object, java.lang.Object, java.lang.Object, java.lang.Object, java.lang.Object, java.lang.Object, java.lang.Object, java.lang.Object, java.lang.Object)'> (0x00000000838e92e8) 
thrown [s\src\hotspot\share\interpreter\linkResolver.cpp, line 771]
Event: 3.558 Thread 0x000002121fb282c0 Exception <a 'java/lang/NoSuchMethodError'{0x00000000838ee1d0}: 'java.lang.Object java.lang.invoke.Invokers$Holder.linkToTargetMethod(java.lang.Object, java.lang.Object, java.lang.Object, java.lang.Object, java.lang.Object, java.lang.Object, java.lang.Object, java.lang.Object, java.lang.Object, java.lang.Object)'> (0x00000000838ee1d0) 
thrown [s\src\hotspot\share\interpreter\linkResolver.cpp, line 771]
Event: 3.562 Thread 0x000002121fb282c0 Exception <a 'java/lang/NoSuchMethodError'{0x00000000837645a0}: 'java.lang.Object java.lang.invoke.DirectMethodHandle$Holder.newInvokeSpecial(java.lang.Object, java.lang.Object, java.lang.Object, java.lang.Object, java.lang.Object, java.lang.Object, java.lang.Object, java.lang.Object, java.lang.Object, java.lang.Object, java.lang.Object)'> (0x00000000837645a0) 
thrown [s\src\hotspot\share\interpreter\linkResolver.cpp, line 771]
Event: 3.562 Thread 0x000002121fb282c0 Exception <a 'java/lang/NoSuchMethodError'{0x000000008376a0d8}: 'java.lang.Object java.lang.invoke.DirectMethodHandle$Holder.invokeSpecial(java.lang.Object, java.lang.Object, java.lang.Object, java.lang.Object, java.lang.Object, java.lang.Object, java.lang.Object, java.lang.Object, java.lang.Object, java.lang.Object, java.lang.Object, java.lang.Object)'> (0x000000008376a0d8) 
thrown [s\src\hotspot\share\interpreter\linkResolver.cpp, line 771]
Event: 3.562 Thread 0x000002121fb282c0 Exception <a 'java/lang/NoSuchMethodError'{0x000000008376f770}: 'java.lang.Object java.lang.invoke.Invokers$Holder.linkToTargetMethod(java.lang.Object, java.lang.Object, java.lang.Object, java.lang.Object, java.lang.Object, java.lang.Object, java.lang.Object, java.lang.Object, java.lang.Object, java.lang.Object, java.lang.Object)'> (0x000000008376f770) 
thrown [s\src\hotspot\share\interpreter\linkResolver.cpp, line 771]
Event: 3.570 Thread 0x000002121fb282c0 Exception <a 'java/lang/NoSuchMethodError'{0x00000000836176b0}: 'java.lang.Object java.lang.invoke.DirectMethodHandle$Holder.invokeStaticInit(java.lang.Object, java.lang.Object, java.lang.Object, java.lang.Object)'> (0x00000000836176b0) 
thrown [s\src\hotspot\share\interpreter\linkResolver.cpp, line 771]
Event: 3.620 Thread 0x000002121fb282c0 Implicit null exception at 0x000002120af47e0f to 0x000002120af48368
Event: 3.750 Thread 0x000002121fb282c0 Exception <a 'java/lang/NoSuchMethodError'{0x00000000826b7c40}: 'java.lang.Object java.lang.invoke.DirectMethodHandle$Holder.newInvokeSpecial(java.lang.Object, java.lang.Object, java.lang.Object, java.lang.Object, java.lang.Object, java.lang.Object, java.lang.Object, java.lang.Object)'> (0x00000000826b7c40) 
thrown [s\src\hotspot\share\interpreter\linkResolver.cpp, line 771]
Event: 3.751 Thread 0x000002121fb282c0 Exception <a 'java/lang/NoSuchMethodError'{0x00000000826bdb98}: 'java.lang.Object java.lang.invoke.DirectMethodHandle$Holder.invokeSpecial(java.lang.Object, java.lang.Object, java.lang.Object, java.lang.Object, java.lang.Object, java.lang.Object, java.lang.Object, java.lang.Object, java.lang.Object)'> (0x00000000826bdb98) 
thrown [s\src\hotspot\share\interpreter\linkResolver.cpp, line 771]
Event: 3.751 Thread 0x000002121fb282c0 Exception <a 'java/lang/NoSuchMethodError'{0x00000000826c3498}: 'java.lang.Object java.lang.invoke.Invokers$Holder.linkToTargetMethod(java.lang.Object, java.lang.Object, java.lang.Object, java.lang.Object, java.lang.Object, java.lang.Object, java.lang.Object, java.lang.Object)'> (0x00000000826c3498) 
thrown [s\src\hotspot\share\interpreter\linkResolver.cpp, line 771]
Event: 3.851 Thread 0x000002121fb282c0 Exception <a 'java/lang/NoSuchMethodError'{0x000000008358ec20}: 'java.lang.Object java.lang.invoke.DirectMethodHandle$Holder.newInvokeSpecial(java.lang.Object, java.lang.Object, int, int)'> (0x000000008358ec20) 
thrown [s\src\hotspot\share\interpreter\linkResolver.cpp, line 771]
Event: 3.956 Thread 0x000002121fb282c0 Exception <a 'java/lang/NoSuchMethodError'{0x0000000083ad9d28}: 'void java.lang.invoke.DirectMethodHandle$Holder.invokeStaticInit(java.lang.Object, java.lang.Object, java.lang.Object)'> (0x0000000083ad9d28) 
thrown [s\src\hotspot\share\interpreter\linkResolver.cpp, line 771]
Event: 3.957 Thread 0x000002121fb282c0 Exception <a 'java/lang/NoSuchMethodError'{0x0000000083ae11c8}: 'void java.lang.invoke.DirectMethodHandle$Holder.invokeStaticInit(java.lang.Object, java.lang.Object, java.lang.Object, java.lang.Object)'> (0x0000000083ae11c8) 
thrown [s\src\hotspot\share\interpreter\linkResolver.cpp, line 771]
Event: 3.959 Thread 0x000002121fb282c0 Exception <a 'java/lang/NoSuchMethodError'{0x0000000083903658}: 'void java.lang.invoke.DirectMethodHandle$Holder.invokeStaticInit(java.lang.Object, java.lang.Object, java.lang.Object, java.lang.Object, java.lang.Object)'> (0x0000000083903658) 
thrown [s\src\hotspot\share\interpreter\linkResolver.cpp, line 771]
Event: 3.960 Thread 0x000002121fb282c0 Exception <a 'java/lang/NoSuchMethodError'{0x000000008390b420}: 'int java.lang.invoke.DirectMethodHandle$Holder.invokeStaticInit(java.lang.Object, java.lang.Object, java.lang.Object)'> (0x000000008390b420) 
thrown [s\src\hotspot\share\interpreter\linkResolver.cpp, line 771]
Event: 3.965 Thread 0x000002121fb282c0 Exception <a 'java/lang/NoSuchMethodError'{0x0000000083961bd8}: 'int java.lang.invoke.DirectMethodHandle$Holder.invokeStaticInit(java.lang.Object, java.lang.Object, java.lang.Object, java.lang.Object)'> (0x0000000083961bd8) 
thrown [s\src\hotspot\share\interpreter\linkResolver.cpp, line 771]

VM Operations (20 events):
Event: 3.157 Executing VM operation: G1CollectForAllocation
Event: 3.160 Executing VM operation: G1CollectForAllocation done
Event: 3.463 Executing VM operation: HandshakeAllThreads
Event: 3.463 Executing VM operation: HandshakeAllThreads done
Event: 3.505 Executing VM operation: G1CollectForAllocation
Event: 3.510 Executing VM operation: G1CollectForAllocation done
Event: 3.623 Executing VM operation: HandshakeAllThreads
Event: 3.623 Executing VM operation: HandshakeAllThreads done
Event: 3.744 Executing VM operation: HandshakeAllThreads
Event: 3.744 Executing VM operation: HandshakeAllThreads done
Event: 3.766 Executing VM operation: G1CollectForAllocation
Event: 3.771 Executing VM operation: G1CollectForAllocation done
Event: 3.914 Executing VM operation: CollectForMetadataAllocation
Event: 3.921 Executing VM operation: CollectForMetadataAllocation done
Event: 3.923 Executing VM operation: HandshakeAllThreads
Event: 3.923 Executing VM operation: HandshakeAllThreads done
Event: 3.938 Executing VM operation: G1PauseRemark
Event: 3.939 Executing VM operation: G1PauseRemark done
Event: 3.947 Executing VM operation: G1PauseCleanup
Event: 3.947 Executing VM operation: G1PauseCleanup done

Events (20 events):
Event: 3.966 loading class java/util/HashMap$KeySpliterator done
Event: 3.971 loading class java/lang/ClassFormatError
Event: 3.971 loading class java/lang/ClassFormatError done
Event: 3.975 loading class java/lang/ProcessHandle$Info
Event: 3.976 loading class java/lang/ProcessHandle$Info done
Event: 3.976 loading class java/lang/ProcessHandle
Event: 3.976 loading class java/lang/ProcessHandle done
Event: 3.976 loading class java/util/concurrent/CompletableFuture
Event: 3.977 loading class java/util/concurrent/CompletionStage
Event: 3.977 loading class java/util/concurrent/CompletionStage done
Event: 3.977 loading class java/util/concurrent/CompletableFuture done
Event: 3.979 loading class java/io/UnsupportedEncodingException
Event: 3.979 loading class java/io/UnsupportedEncodingException done
Event: 4.009 loading class java/util/OptionalDouble
Event: 4.009 loading class java/util/OptionalDouble done
Event: 4.009 loading class java/util/OptionalLong
Event: 4.009 loading class java/util/OptionalLong done
Event: 4.009 loading class java/util/stream/LongStream
Event: 4.010 loading class java/util/stream/LongStream done
Event: 4.010 loading class java/util/stream/DoubleStream


Dynamic libraries:
0x00007ff6fce10000 - 0x00007ff6fce1a000 	C:\Program Files\Android\Android Studio\jbr\bin\java.exe
0x00007ff82a350000 - 0x00007ff82a567000 	C:\WINDOWS\SYSTEM32\ntdll.dll
0x00007ff8289d0000 - 0x00007ff828a94000 	C:\WINDOWS\System32\KERNEL32.DLL
0x00007ff827590000 - 0x00007ff827963000 	C:\WINDOWS\System32\KERNELBASE.dll
0x00007ff827470000 - 0x00007ff827581000 	C:\WINDOWS\System32\ucrtbase.dll
0x00007fffecf30000 - 0x00007fffecf47000 	C:\Program Files\Android\Android Studio\jbr\bin\jli.dll
0x00007ffff4f40000 - 0x00007ffff4f5b000 	C:\Program Files\Android\Android Studio\jbr\bin\VCRUNTIME140.dll
0x00007ff829f00000 - 0x00007ff82a0b1000 	C:\WINDOWS\System32\USER32.dll
0x00007ff827c60000 - 0x00007ff827c86000 	C:\WINDOWS\System32\win32u.dll
0x00007ff8289a0000 - 0x00007ff8289c9000 	C:\WINDOWS\System32\GDI32.dll
0x00007ff827ab0000 - 0x00007ff827bd2000 	C:\WINDOWS\System32\gdi32full.dll
0x00007ff827f40000 - 0x00007ff827fda000 	C:\WINDOWS\System32\msvcp_win.dll
0x00007ff80c020000 - 0x00007ff80c2bb000 	C:\WINDOWS\WinSxS\amd64_microsoft.windows.common-controls_6595b64144ccf1df_6.0.22621.5262_none_2712bde373830908\COMCTL32.dll
0x00007ff828c20000 - 0x00007ff828cc7000 	C:\WINDOWS\System32\msvcrt.dll
0x00007ff829bf0000 - 0x00007ff829c21000 	C:\WINDOWS\System32\IMM32.DLL
0x00007ff80df00000 - 0x00007ff80df0c000 	C:\Program Files\Android\Android Studio\jbr\bin\vcruntime140_1.dll
0x00007fffd1910000 - 0x00007fffd199d000 	C:\Program Files\Android\Android Studio\jbr\bin\msvcp140.dll
0x00007fffd2090000 - 0x00007fffd2d13000 	C:\Program Files\Android\Android Studio\jbr\bin\server\jvm.dll
0x00007ff82a140000 - 0x00007ff82a1f1000 	C:\WINDOWS\System32\ADVAPI32.dll
0x00007ff829de0000 - 0x00007ff829e87000 	C:\WINDOWS\System32\sechost.dll
0x00007ff827440000 - 0x00007ff827468000 	C:\WINDOWS\System32\bcrypt.dll
0x00007ff829220000 - 0x00007ff829334000 	C:\WINDOWS\System32\RPCRT4.dll
0x00007ff81d070000 - 0x00007ff81d07a000 	C:\WINDOWS\SYSTEM32\VERSION.dll
0x00007ff827310000 - 0x00007ff82735d000 	C:\WINDOWS\SYSTEM32\POWRPROF.dll
0x00007ff81e7a0000 - 0x00007ff81e7d4000 	C:\WINDOWS\SYSTEM32\WINMM.dll
0x00007ff81e9a0000 - 0x00007ff81e9a9000 	C:\WINDOWS\SYSTEM32\WSOCK32.dll
0x00007ff82a290000 - 0x00007ff82a301000 	C:\WINDOWS\System32\WS2_32.dll
0x00007ff8272f0000 - 0x00007ff827303000 	C:\WINDOWS\SYSTEM32\UMPDC.dll
0x00007ff826480000 - 0x00007ff826498000 	C:\WINDOWS\SYSTEM32\kernel.appcore.dll
0x00007ff8128d0000 - 0x00007ff8128da000 	C:\Program Files\Android\Android Studio\jbr\bin\jimage.dll
0x00007ff824c60000 - 0x00007ff824e92000 	C:\WINDOWS\SYSTEM32\DBGHELP.DLL
0x00007ff828ce0000 - 0x00007ff829073000 	C:\WINDOWS\System32\combase.dll
0x00007ff829140000 - 0x00007ff829217000 	C:\WINDOWS\System32\OLEAUT32.dll
0x00007ff806870000 - 0x00007ff8068a2000 	C:\WINDOWS\SYSTEM32\dbgcore.DLL
0x00007ff827be0000 - 0x00007ff827c5b000 	C:\WINDOWS\System32\bcryptPrimitives.dll
0x00007ff80c2c0000 - 0x00007ff80c2ce000 	C:\Program Files\Android\Android Studio\jbr\bin\instrument.dll
0x00007ff80bb60000 - 0x00007ff80bb85000 	C:\Program Files\Android\Android Studio\jbr\bin\java.dll
0x00007ff805730000 - 0x00007ff805748000 	C:\Program Files\Android\Android Studio\jbr\bin\zip.dll
0x00007ff829340000 - 0x00007ff829bdd000 	C:\WINDOWS\System32\SHELL32.dll
0x00007ff827c90000 - 0x00007ff827dcf000 	C:\WINDOWS\System32\wintypes.dll
0x00007ff825380000 - 0x00007ff825c9d000 	C:\WINDOWS\SYSTEM32\windows.storage.dll
0x00007ff8287e0000 - 0x00007ff8288eb000 	C:\WINDOWS\System32\SHCORE.dll
0x00007ff828aa0000 - 0x00007ff828b06000 	C:\WINDOWS\System32\shlwapi.dll
0x00007ff827370000 - 0x00007ff82739b000 	C:\WINDOWS\SYSTEM32\profapi.dll
0x00007ff805710000 - 0x00007ff805729000 	C:\Program Files\Android\Android Studio\jbr\bin\net.dll
0x00007ff823d80000 - 0x00007ff823eac000 	C:\WINDOWS\SYSTEM32\WINHTTP.dll
0x00007ff826900000 - 0x00007ff82696a000 	C:\WINDOWS\system32\mswsock.dll
0x00007ffffc910000 - 0x00007ffffc926000 	C:\Program Files\Android\Android Studio\jbr\bin\nio.dll
0x00007ff8128c0000 - 0x00007ff8128d0000 	C:\Program Files\Android\Android Studio\jbr\bin\verify.dll
0x00007ff809690000 - 0x00007ff8096b7000 	C:\Users\H P\.gradle\native\c067742578af261105cb4f569cf0c3c89f3d7b1fecec35dd04571415982c5e48\windows-amd64\native-platform.dll
0x00007fffd17c0000 - 0x00007fffd1904000 	C:\Users\H P\.gradle\native\38dada09dfb8b06ba9b0570ebf7e218e3eb74d4ef43ca46872605cf95ebc2f47\windows-amd64\native-platform-file-events.dll
0x00007ff810e00000 - 0x00007ff810e09000 	C:\Program Files\Android\Android Studio\jbr\bin\management.dll
0x00007ff80cc40000 - 0x00007ff80cc4b000 	C:\Program Files\Android\Android Studio\jbr\bin\management_ext.dll
0x00007ff829be0000 - 0x00007ff829be8000 	C:\WINDOWS\System32\PSAPI.DLL
0x00007ff826b50000 - 0x00007ff826b6b000 	C:\WINDOWS\SYSTEM32\CRYPTSP.dll
0x00007ff8263e0000 - 0x00007ff826417000 	C:\WINDOWS\system32\rsaenh.dll
0x00007ff8269f0000 - 0x00007ff826a18000 	C:\WINDOWS\SYSTEM32\USERENV.dll
0x00007ff826b70000 - 0x00007ff826b7c000 	C:\WINDOWS\SYSTEM32\CRYPTBASE.dll
0x00007ff825f40000 - 0x00007ff825f6d000 	C:\WINDOWS\SYSTEM32\IPHLPAPI.DLL
0x00007ff828cd0000 - 0x00007ff828cd9000 	C:\WINDOWS\System32\NSI.dll
0x00007ff81ecc0000 - 0x00007ff81ecd9000 	C:\WINDOWS\SYSTEM32\dhcpcsvc6.DLL
0x00007ff81ea60000 - 0x00007ff81ea7f000 	C:\WINDOWS\SYSTEM32\dhcpcsvc.DLL
0x00007ff825fc0000 - 0x00007ff8260b8000 	C:\WINDOWS\SYSTEM32\DNSAPI.dll
0x00007ff8126e0000 - 0x00007ff8126e9000 	C:\Program Files\Android\Android Studio\jbr\bin\extnet.dll
0x00007ff80d1a0000 - 0x00007ff80d1a8000 	C:\WINDOWS\system32\wshunix.dll

dbghelp: loaded successfully - version: 4.0.5 - missing functions: none
symbol engine: initialized successfully - sym options: 0x614 - pdb path: .;C:\Program Files\Android\Android Studio\jbr\bin;C:\WINDOWS\SYSTEM32;C:\WINDOWS\WinSxS\amd64_microsoft.windows.common-controls_6595b64144ccf1df_6.0.22621.5262_none_2712bde373830908;C:\Program Files\Android\Android Studio\jbr\bin\server;C:\Users\H P\.gradle\native\c067742578af261105cb4f569cf0c3c89f3d7b1fecec35dd04571415982c5e48\windows-amd64;C:\Users\H P\.gradle\native\38dada09dfb8b06ba9b0570ebf7e218e3eb74d4ef43ca46872605cf95ebc2f47\windows-amd64

VM Arguments:
jvm_args: --add-opens=java.base/java.util=ALL-UNNAMED --add-opens=java.base/java.lang=ALL-UNNAMED --add-opens=java.base/java.lang.invoke=ALL-UNNAMED --add-opens=java.prefs/java.util.prefs=ALL-UNNAMED --add-opens=java.base/java.nio.charset=ALL-UNNAMED --add-opens=java.base/java.net=ALL-UNNAMED --add-opens=java.base/java.util.concurrent.atomic=ALL-UNNAMED -Xmx2048m -Dfile.encoding=UTF-8 -Duser.country=ID -Duser.language=en -Duser.variant -javaagent:C:\Users\H P\.gradle\wrapper\dists\gradle-8.6-bin\afr5mpiioh2wthjmwnkmdsd5w\gradle-8.6\lib\agents\gradle-instrumentation-agent-8.6.jar 
java_command: org.gradle.launcher.daemon.bootstrap.GradleDaemon 8.6
java_class_path (initial): C:\Users\H P\.gradle\wrapper\dists\gradle-8.6-bin\afr5mpiioh2wthjmwnkmdsd5w\gradle-8.6\lib\gradle-launcher-8.6.jar
Launcher Type: SUN_STANDARD

[Global flags]
     intx CICompilerCount                          = 3                                         {product} {ergonomic}
     uint ConcGCThreads                            = 1                                         {product} {ergonomic}
     uint G1ConcRefinementThreads                  = 4                                         {product} {ergonomic}
   size_t G1HeapRegionSize                         = 1048576                                   {product} {ergonomic}
    uintx GCDrainStackTargetSize                   = 64                                        {product} {ergonomic}
   size_t InitialHeapSize                          = 62914560                                  {product} {ergonomic}
   size_t MarkStackSize                            = 4194304                                   {product} {ergonomic}
   size_t MaxHeapSize                              = 2147483648                                {product} {command line}
   size_t MaxNewSize                               = 1287651328                                {product} {ergonomic}
   size_t MinHeapDeltaBytes                        = 1048576                                   {product} {ergonomic}
   size_t MinHeapSize                              = 8388608                                   {product} {ergonomic}
    uintx NonNMethodCodeHeapSize                   = 5832780                                {pd product} {ergonomic}
    uintx NonProfiledCodeHeapSize                  = 122912730                              {pd product} {ergonomic}
    uintx ProfiledCodeHeapSize                     = 122912730                              {pd product} {ergonomic}
    uintx ReservedCodeCacheSize                    = 251658240                              {pd product} {ergonomic}
     bool SegmentedCodeCache                       = true                                      {product} {ergonomic}
   size_t SoftMaxHeapSize                          = 2147483648                             {manageable} {ergonomic}
     bool UseCompressedClassPointers               = true                           {product lp64_product} {ergonomic}
     bool UseCompressedOops                        = true                           {product lp64_product} {ergonomic}
     bool UseG1GC                                  = true                                      {product} {ergonomic}
     bool UseLargePagesIndividualAllocation        = false                                  {pd product} {ergonomic}

Logging:
Log output configuration:
 #0: stdout all=warning uptime,level,tags
 #1: stderr all=off uptime,level,tags

Environment Variables:
JAVA_HOME=C:\Program Files\Java\Zulu\zulu-8\
PATH=C:\Program Files (x86)\VMware\VMware Workstation\bin\;C:\Program Files\Java\Zulu\zulu-8\bin\;C:\WINDOWS\system32;C:\WINDOWS;C:\WINDOWS\System32\Wbem;C:\WINDOWS\System32\WindowsPowerShell\v1.0\;C:\WINDOWS\System32\OpenSSH\;C:\Users\H P\anaconda3\Scripts\;C:\Users\H P\anaconda3\;C:\Program Files\Git\cmd;C:\gradle-8.4\bin;C:\Users\H P\AppData\Local\Microsoft\WindowsApps;C:\Users\H P\AppData\Local\Programs\Microsoft VS Code\bin;C:\Program Files\JetBrains\IntelliJ IDEA Community Edition 2023.2.1\bin;;C:\flutter_windows_3.19.3-stable\flutter\bin;C:\flutter_windows_3.19.3-stable\flutter\bin\cache\dart-sdk\bin;
USERNAME=H P
OS=Windows_NT
PROCESSOR_IDENTIFIER=Intel64 Family 6 Model 140 Stepping 2, GenuineIntel
TMP=C:\Users\HP12D5~1\AppData\Local\Temp
TEMP=C:\Users\HP12D5~1\AppData\Local\Temp



Periodic native trim disabled

JNI global refs:
JNI global refs: 24, weak refs: 3

JNI global refs memory usage: 843, weak refs: 841

OOME stack traces (most recent first):
Classloader memory used:
Loader org.gradle.internal.classloader.VisitableURLClassLoader                         : 2171K
Loader bootstrap                                                                       : 2007K
Loader org.gradle.initialization.MixInLegacyTypesClassLoader                           : 448K
Loader jdk.internal.loader.ClassLoaders$AppClassLoader                                 : 28729B
Loader jdk.internal.loader.ClassLoaders$PlatformClassLoader                            : 16810B
Loader jdk.internal.reflect.DelegatingClassLoader                                      : 4421B

Classes loaded by more than one classloader:
Class org.gradle.internal.installation.GradleInstallation                             : loaded 2 times (x 73B)
Class org.gradle.internal.classpath.ClassPath                                         : loaded 2 times (x 68B)
Class org.gradle.api.internal.classpath.DefaultModuleRegistry                         : loaded 2 times (x 84B)
Class org.gradle.api.Action                                                           : loaded 2 times (x 68B)
Class org.gradle.api.internal.DefaultClassPathProvider                                : loaded 2 times (x 74B)
Class org.gradle.internal.installation.GradleInstallation$1                           : loaded 2 times (x 73B)
Class org.gradle.internal.classloader.FilteringClassLoader                            : loaded 2 times (x 103B)
Class org.gradle.internal.classpath.DefaultClassPath$ImmutableUniqueList$Builder      : loaded 2 times (x 73B)
Class org.gradle.internal.classloader.ClassLoaderVisitor                              : loaded 2 times (x 74B)
Class org.gradle.internal.service.DefaultServiceLocator                               : loaded 2 times (x 81B)
Class org.gradle.internal.service.UnknownServiceException                             : loaded 2 times (x 81B)
Class org.gradle.internal.classloader.DefaultClassLoaderFactory                       : loaded 2 times (x 80B)
Class org.gradle.internal.classloader.VisitableURLClassLoader$Spec                    : loaded 2 times (x 72B)
Class org.gradle.api.GradleException                                                  : loaded 2 times (x 80B)
Class org.gradle.api.internal.classpath.ModuleRegistry                                : loaded 2 times (x 68B)
Class org.gradle.api.internal.ClassPathProvider                                       : loaded 2 times (x 68B)
Class org.gradle.internal.classloader.ClasspathUtil$1                                 : loaded 2 times (x 74B)
Class org.gradle.internal.classloader.ClassLoaderFactory                              : loaded 2 times (x 68B)
Class org.gradle.api.internal.classpath.ManifestUtil                                  : loaded 2 times (x 69B)
Class org.gradle.api.specs.Spec                                                       : loaded 2 times (x 68B)
Class org.gradle.internal.IoActions                                                   : loaded 2 times (x 69B)
Class org.gradle.api.internal.classpath.EffectiveClassPath                            : loaded 2 times (x 88B)
Class org.gradle.internal.installation.CurrentGradleInstallation                      : loaded 2 times (x 71B)
Class org.gradle.internal.agents.InstrumentingClassLoader                             : loaded 2 times (x 68B)
Class org.gradle.internal.installation.CurrentGradleInstallationLocator               : loaded 2 times (x 69B)
Class org.gradle.api.internal.classpath.Module                                        : loaded 2 times (x 68B)
Class org.gradle.internal.service.CachingServiceLocator                               : loaded 2 times (x 80B)
Class org.gradle.internal.classpath.DefaultClassPath                                  : loaded 2 times (x 88B)
Class org.gradle.internal.classloader.SystemClassLoaderSpec                           : loaded 2 times (x 69B)
Class org.gradle.api.UncheckedIOException                                             : loaded 2 times (x 80B)
Class org.gradle.internal.classloader.ClasspathUtil                                   : loaded 2 times (x 69B)
Class org.gradle.api.internal.DefaultClassPathRegistry                                : loaded 2 times (x 74B)
Class org.gradle.api.internal.classpath.DefaultModuleRegistry$DefaultModule           : loaded 2 times (x 84B)
Class org.gradle.api.internal.classpath.UnknownModuleException                        : loaded 2 times (x 80B)
Class org.gradle.internal.service.ServiceLookupException                              : loaded 2 times (x 80B)
Class org.gradle.cache.GlobalCache                                                    : loaded 2 times (x 68B)
Class [Lorg.gradle.api.internal.ClassPathProvider;                                    : loaded 2 times (x 67B)
Class org.gradle.util.internal.GUtil                                                  : loaded 2 times (x 69B)
Class org.gradle.internal.classloader.ClassLoaderSpec                                 : loaded 2 times (x 69B)
Class org.gradle.internal.classloader.VisitableURLClassLoader                         : loaded 2 times (x 115B)
Class org.gradle.internal.Cast                                                        : loaded 2 times (x 69B)
Class org.gradle.api.internal.ClassPathRegistry                                       : loaded 2 times (x 68B)
Class org.gradle.internal.classloader.VisitableURLClassLoader$InstrumentingVisitableURLClassLoader: loaded 2 times (x 121B)
Class org.gradle.internal.classloader.ClassLoaderHierarchy                            : loaded 2 times (x 68B)
Class org.gradle.internal.InternalTransformer                                         : loaded 2 times (x 68B)
Class org.gradle.internal.service.ServiceLocator                                      : loaded 2 times (x 68B)
Class org.gradle.internal.classpath.DefaultClassPath$ImmutableUniqueList              : loaded 2 times (x 159B)
Class org.gradle.internal.classpath.TransformedClassPath                              : loaded 2 times (x 94B)


---------------  S Y S T E M  ---------------

OS:
 Windows 11 , 64 bit Build 22621 (10.0.22621.5262)
OS uptime: 2 days 8:23 hours

CPU: total 4 (initial active 4) (2 cores per cpu, 2 threads per core) family 6 model 140 stepping 2 microcode 0x34, cx8, cmov, fxsr, ht, mmx, 3dnowpref, sse, sse2, sse3, ssse3, sse4.1, sse4.2, popcnt, lzcnt, tsc, tscinvbit, avx, avx2, aes, erms, clmul, bmi1, bmi2, adx, avx512f, avx512dq, avx512cd, avx512bw, avx512vl, sha, fma, vzeroupper, avx512_vpopcntdq, avx512_vpclmulqdq, avx512_vaes, avx512_vnni, clflush, clflushopt, clwb, avx512_vbmi2, avx512_vbmi
Processor Information for processor 0
  Max Mhz: 2901, Current Mhz: 2901, Mhz Limit: 2901
Processor Information for processor 1
  Max Mhz: 2901, Current Mhz: 2901, Mhz Limit: 2901
Processor Information for processor 2
  Max Mhz: 2901, Current Mhz: 2901, Mhz Limit: 2901
Processor Information for processor 3
  Max Mhz: 2901, Current Mhz: 1100, Mhz Limit: 2901

Memory: 4k page, system-wide physical 3738M (349M free)
TotalPageFile size 15002M (AvailPageFile size 6M)
current process WorkingSet (physical memory assigned to process): 182M, peak: 182M
current process commit charge ("private bytes"): 213M, peak: 215M

vm_info: OpenJDK 64-Bit Server VM (17.0.10+0--11572160) for windows-amd64 JRE (17.0.10+0--11572160), built on Mar 13 2024 23:56:38 by "androidbuild" with MS VC++ 16.10 / 16.11 (VS2019)

END.
