#
# There is insufficient memory for the Java Runtime Environment to continue.
# Native memory allocation (malloc) failed to allocate 1763888 bytes for Chunk::new
# Possible reasons:
#   The system is out of physical RAM or swap space
#   The process is running with CompressedOops enabled, and the Java Heap may be blocking the growth of the native heap
# Possible solutions:
#   Reduce memory load on the system
#   Increase physical memory or swap space
#   Check if swap backing store is full
#   Decrease Java heap size (-Xmx/-Xms)
#   Decrease number of Java threads
#   Decrease Java thread stack sizes (-Xss)
#   Set larger code cache with -XX:ReservedCodeCacheSize=
#   JVM is running with Unscaled Compressed Oops mode in which the Java heap is
#     placed in the first 4GB address space. The Java Heap base address is the
#     maximum limit for the native heap growth. Please use -XX:HeapBaseMinAddress
#     to set the Java Heap base and to place the Java Heap above 4GB virtual address.
# This output file may be truncated or incomplete.
#
#  Out of Memory Error (arena.cpp:191), pid=17168, tid=19552
#
# JRE version: OpenJDK Runtime Environment (17.0.10) (build 17.0.10+0--11572160)
# Java VM: OpenJDK 64-Bit Server VM (17.0.10+0--11572160, mixed mode, tiered, compressed oops, compressed class ptrs, g1 gc, windows-amd64)
# No core dump will be written. Minidumps are not enabled by default on client versions of Windows
#

---------------  S U M M A R Y ------------

Command Line: --add-opens=java.base/java.util=ALL-UNNAMED --add-opens=java.base/java.lang=ALL-UNNAMED --add-opens=java.base/java.lang.invoke=ALL-UNNAMED --add-opens=java.prefs/java.util.prefs=ALL-UNNAMED --add-opens=java.base/java.nio.charset=ALL-UNNAMED --add-opens=java.base/java.net=ALL-UNNAMED --add-opens=java.base/java.util.concurrent.atomic=ALL-UNNAMED -Xmx2048m -Dfile.encoding=UTF-8 -Duser.country=ID -Duser.language=en -Duser.variant -javaagent:C:\Users\H P\.gradle\wrapper\dists\gradle-8.6-bin\afr5mpiioh2wthjmwnkmdsd5w\gradle-8.6\lib\agents\gradle-instrumentation-agent-8.6.jar org.gradle.launcher.daemon.bootstrap.GradleDaemon 8.6

Host: 11th Gen Intel(R) Core(TM) i3-1115G4 @ 3.00GHz, 4 cores, 3G,  Windows 11 , 64 bit Build 22621 (10.0.22621.5262)
Time: Fri May 23 16:40:43 2025 SE Asia Standard Time elapsed time: 2.884578 seconds (0d 0h 0m 2s)

---------------  T H R E A D  ---------------

Current thread (0x00000200db011ad0):  JavaThread "C2 CompilerThread0" daemon [_thread_in_native, id=19552, stack(0x000000ceea400000,0x000000ceea500000)]


Current CompileTask:
C2:   2884 2342   !   4       java.net.URLClassLoader::findClass (47 bytes)

Stack: [0x000000ceea400000,0x000000ceea500000]
Native frames: (J=compiled Java code, j=interpreted, Vv=VM code, C=native code)
V  [jvm.dll+0x688e89]
V  [jvm.dll+0x84247a]
V  [jvm.dll+0x8440be]
V  [jvm.dll+0x844723]
V  [jvm.dll+0x24be0f]
V  [jvm.dll+0xac524]
V  [jvm.dll+0xacb6c]
V  [jvm.dll+0x36bd67]
V  [jvm.dll+0x1be002]
V  [jvm.dll+0x21dbf9]
V  [jvm.dll+0x21cec1]
V  [jvm.dll+0x1a60ad]
V  [jvm.dll+0x22cd78]
V  [jvm.dll+0x22aeb0]
V  [jvm.dll+0x7f6917]
V  [jvm.dll+0x7f0d1a]
V  [jvm.dll+0x687d05]
C  [ucrtbase.dll+0x29333]
C  [KERNEL32.DLL+0x1259d]
C  [ntdll.dll+0x5af58]


---------------  P R O C E S S  ---------------

Threads class SMR info:
_java_thread_list=0x00000200de020850, length=25, elements={
0x00000200bd6b2240, 0x00000200d6c6bce0, 0x00000200d6c6c7b0, 0x00000200d6ca72b0,
0x00000200db009080, 0x00000200db00ae60, 0x00000200db00d830, 0x00000200db011ad0,
0x00000200db01a590, 0x00000200db023760, 0x00000200d6bf4d10, 0x00000200db25e380,
0x00000200dc6f3390, 0x00000200dbff56c0, 0x00000200ddae8f30, 0x00000200dd73afa0,
0x00000200dd41c520, 0x00000200dc460a10, 0x00000200dc461e50, 0x00000200dc460500,
0x00000200dc45fff0, 0x00000200dc45f5d0, 0x00000200dc460f20, 0x00000200dc461940,
0x00000200dc462870
}

Java Threads: ( => current thread )
  0x00000200bd6b2240 JavaThread "main" [_thread_blocked, id=15172, stack(0x000000cee9700000,0x000000cee9800000)]
  0x00000200d6c6bce0 JavaThread "Reference Handler" daemon [_thread_blocked, id=3564, stack(0x000000cee9e00000,0x000000cee9f00000)]
  0x00000200d6c6c7b0 JavaThread "Finalizer" daemon [_thread_blocked, id=9816, stack(0x000000cee9f00000,0x000000ceea000000)]
  0x00000200d6ca72b0 JavaThread "Signal Dispatcher" daemon [_thread_blocked, id=3124, stack(0x000000ceea000000,0x000000ceea100000)]
  0x00000200db009080 JavaThread "Attach Listener" daemon [_thread_blocked, id=12172, stack(0x000000ceea100000,0x000000ceea200000)]
  0x00000200db00ae60 JavaThread "Service Thread" daemon [_thread_blocked, id=14028, stack(0x000000ceea200000,0x000000ceea300000)]
  0x00000200db00d830 JavaThread "Monitor Deflation Thread" daemon [_thread_blocked, id=6664, stack(0x000000ceea300000,0x000000ceea400000)]
=>0x00000200db011ad0 JavaThread "C2 CompilerThread0" daemon [_thread_in_native, id=19552, stack(0x000000ceea400000,0x000000ceea500000)]
  0x00000200db01a590 JavaThread "C1 CompilerThread0" daemon [_thread_blocked, id=16312, stack(0x000000ceea500000,0x000000ceea600000)]
  0x00000200db023760 JavaThread "Sweeper thread" daemon [_thread_blocked, id=20500, stack(0x000000ceea600000,0x000000ceea700000)]
  0x00000200d6bf4d10 JavaThread "Common-Cleaner" daemon [_thread_blocked, id=20588, stack(0x000000ceea700000,0x000000ceea800000)]
  0x00000200db25e380 JavaThread "Notification Thread" daemon [_thread_blocked, id=7048, stack(0x000000ceea800000,0x000000ceea900000)]
  0x00000200dc6f3390 JavaThread "Daemon health stats" [_thread_blocked, id=17624, stack(0x000000ceeae00000,0x000000ceeaf00000)]
  0x00000200dbff56c0 JavaThread "Incoming local TCP Connector on port 60022" [_thread_in_native, id=1076, stack(0x000000ceeaa00000,0x000000ceeab00000)]
  0x00000200ddae8f30 JavaThread "Daemon periodic checks" [_thread_blocked, id=2664, stack(0x000000ceeaf00000,0x000000ceeb000000)]
  0x00000200dd73afa0 JavaThread "Daemon" [_thread_blocked, id=13456, stack(0x000000ceeb000000,0x000000ceeb100000)]
  0x00000200dd41c520 JavaThread "Handler for socket connection from /127.0.0.1:60022 to /127.0.0.1:60023" [_thread_in_native, id=4016, stack(0x000000ceeb100000,0x000000ceeb200000)]
  0x00000200dc460a10 JavaThread "Cancel handler" [_thread_blocked, id=4168, stack(0x000000ceeb200000,0x000000ceeb300000)]
  0x00000200dc461e50 JavaThread "Daemon worker" [_thread_blocked, id=6872, stack(0x000000ceeb300000,0x000000ceeb400000)]
  0x00000200dc460500 JavaThread "Asynchronous log dispatcher for DefaultDaemonConnection: socket connection from /127.0.0.1:60022 to /127.0.0.1:60023" [_thread_blocked, id=10644, stack(0x000000ceeb400000,0x000000ceeb500000)]
  0x00000200dc45fff0 JavaThread "Stdin handler" [_thread_blocked, id=9920, stack(0x000000ceeb500000,0x000000ceeb600000)]
  0x00000200dc45f5d0 JavaThread "Daemon client event forwarder" [_thread_blocked, id=9540, stack(0x000000ceeb600000,0x000000ceeb700000)]
  0x00000200dc460f20 JavaThread "Cache worker for journal cache (C:\Users\H P\.gradle\caches\journal-1)" [_thread_blocked, id=7276, stack(0x000000ceeb700000,0x000000ceeb800000)]
  0x00000200dc461940 JavaThread "File lock request listener" [_thread_in_native, id=19368, stack(0x000000ceeb800000,0x000000ceeb900000)]
  0x00000200dc462870 JavaThread "Cache worker for file hash cache (C:\Users\H P\.gradle\caches\8.6\fileHashes)" [_thread_blocked, id=14660, stack(0x000000ceeb900000,0x000000ceeba00000)]

Other Threads:
  0x00000200d6c11d50 VMThread "VM Thread" [stack: 0x000000cee9d00000,0x000000cee9e00000] [id=17180]
  0x00000200db25e860 WatcherThread [stack: 0x000000ceea900000,0x000000ceeaa00000] [id=4972]
  0x00000200bb5de870 GCTaskThread "GC Thread#0" [stack: 0x000000cee9800000,0x000000cee9900000] [id=4164]
  0x00000200db820830 GCTaskThread "GC Thread#1" [stack: 0x000000ceeab00000,0x000000ceeac00000] [id=19936]
  0x00000200db771a50 GCTaskThread "GC Thread#2" [stack: 0x000000ceeac00000,0x000000ceead00000] [id=21320]
  0x00000200db775510 GCTaskThread "GC Thread#3" [stack: 0x000000ceead00000,0x000000ceeae00000] [id=7756]
  0x00000200bd71b0e0 ConcurrentGCThread "G1 Main Marker" [stack: 0x000000cee9900000,0x000000cee9a00000] [id=12984]
  0x00000200bd71ba10 ConcurrentGCThread "G1 Conc#0" [stack: 0x000000cee9a00000,0x000000cee9b00000] [id=8184]
  0x00000200bd759480 ConcurrentGCThread "G1 Refine#0" [stack: 0x000000cee9b00000,0x000000cee9c00000] [id=3184]
  0x00000200bd759eb0 ConcurrentGCThread "G1 Service" [stack: 0x000000cee9c00000,0x000000cee9d00000] [id=8600]

Threads with active compile tasks:
C2 CompilerThread0     2908 2342   !   4       java.net.URLClassLoader::findClass (47 bytes)

VM state: at safepoint (normal execution)

VM Mutex/Monitor currently owned by a thread:  ([mutex/lock_event])
[0x00000200bd6ae7e0] Threads_lock - owner thread: 0x00000200d6c11d50
[0x00000200bd6aefc0] Heap_lock - owner thread: 0x00000200dc461e50

Heap address: 0x0000000080000000, size: 2048 MB, Compressed Oops mode: 32-bit

CDS archive(s) not mapped
Compressed class space mapped at: 0x0000000100000000-0x0000000140000000, reserved size: 1073741824
Narrow klass base: 0x0000000000000000, Narrow klass shift: 3, Narrow klass range: 0x140000000

GC Precious Log:
 CPUs: 4 total, 4 available
 Memory: 3738M
 Large Page Support: Disabled
 NUMA Support: Disabled
 Compressed Oops: Enabled (32-bit)
 Heap Region Size: 1M
 Heap Min Capacity: 8M
 Heap Initial Capacity: 60M
 Heap Max Capacity: 2G
 Pre-touch: Disabled
 Parallel Workers: 4
 Concurrent Workers: 1
 Concurrent Refinement Workers: 4
 Periodic GC: Disabled

Heap:
 garbage-first heap   total 61440K, used 21869K [0x0000000080000000, 0x0000000100000000)
  region size 1024K, 4 young (4096K), 3 survivors (3072K)
 Metaspace       used 27870K, committed 28160K, reserved 1114112K
  class space    used 3643K, committed 3776K, reserved 1048576K

Heap Regions: E=young(eden), S=young(survivor), O=old, HS=humongous(starts), HC=humongous(continues), CS=collection set, F=free, OA=open archive, CA=closed archive, TAMS=top-at-mark-start (previous, next)
|   0|0x0000000080000000, 0x0000000080100000, 0x0000000080100000|100%| O|  |TAMS 0x0000000080100000, 0x0000000080000000| Untracked 
|   1|0x0000000080100000, 0x0000000080200000, 0x0000000080200000|100%| O|  |TAMS 0x0000000080200000, 0x0000000080100000| Untracked 
|   2|0x0000000080200000, 0x0000000080300000, 0x0000000080300000|100%|HS|  |TAMS 0x0000000080300000, 0x0000000080200000| Complete 
|   3|0x0000000080300000, 0x0000000080400000, 0x0000000080400000|100%|HC|  |TAMS 0x0000000080400000, 0x0000000080300000| Complete 
|   4|0x0000000080400000, 0x0000000080500000, 0x0000000080500000|100%|HC|  |TAMS 0x0000000080500000, 0x0000000080400000| Complete 
|   5|0x0000000080500000, 0x0000000080600000, 0x0000000080600000|100%|HC|  |TAMS 0x0000000080600000, 0x0000000080500000| Complete 
|   6|0x0000000080600000, 0x0000000080700000, 0x0000000080700000|100%| O|  |TAMS 0x0000000080700000, 0x0000000080600000| Untracked 
|   7|0x0000000080700000, 0x0000000080800000, 0x0000000080800000|100%| O|  |TAMS 0x0000000080800000, 0x0000000080700000| Untracked 
|   8|0x0000000080800000, 0x0000000080900000, 0x0000000080900000|100%| O|  |TAMS 0x0000000080900000, 0x0000000080800000| Untracked 
|   9|0x0000000080900000, 0x0000000080a00000, 0x0000000080a00000|100%| O|  |TAMS 0x0000000080a00000, 0x0000000080900000| Untracked 
|  10|0x0000000080a00000, 0x0000000080b00000, 0x0000000080b00000|100%| O|  |TAMS 0x0000000080b00000, 0x0000000080a00000| Untracked 
|  11|0x0000000080b00000, 0x0000000080c00000, 0x0000000080c00000|100%| O|  |TAMS 0x0000000080b00000, 0x0000000080b00000| Untracked 
|  12|0x0000000080c00000, 0x0000000080d00000, 0x0000000080d00000|100%| O|  |TAMS 0x0000000080d00000, 0x0000000080c00000| Untracked 
|  13|0x0000000080d00000, 0x0000000080e00000, 0x0000000080e00000|100%| O|  |TAMS 0x0000000080dfa800, 0x0000000080d00000| Untracked 
|  14|0x0000000080e00000, 0x0000000080f00000, 0x0000000080f00000|100%| O|  |TAMS 0x0000000080e00000, 0x0000000080e00000| Untracked 
|  15|0x0000000080f00000, 0x0000000081000000, 0x0000000081000000|100%| O|  |TAMS 0x0000000080f00000, 0x0000000080f00000| Untracked 
|  16|0x0000000081000000, 0x0000000081100000, 0x0000000081100000|100%| O|  |TAMS 0x0000000081000000, 0x0000000081000000| Untracked 
|  17|0x0000000081100000, 0x0000000081200000, 0x0000000081200000|100%| O|  |TAMS 0x0000000081100000, 0x0000000081100000| Untracked 
|  18|0x0000000081200000, 0x0000000081300000, 0x0000000081300000|100%| O|  |TAMS 0x0000000081200000, 0x0000000081200000| Untracked 
|  19|0x0000000081300000, 0x0000000081300000, 0x0000000081400000|  0%| F|  |TAMS 0x0000000081300000, 0x0000000081300000| Untracked 
|  20|0x0000000081400000, 0x0000000081400000, 0x0000000081500000|  0%| F|  |TAMS 0x0000000081400000, 0x0000000081400000| Untracked 
|  21|0x0000000081500000, 0x0000000081500000, 0x0000000081600000|  0%| F|  |TAMS 0x0000000081500000, 0x0000000081500000| Untracked 
|  22|0x0000000081600000, 0x0000000081600000, 0x0000000081700000|  0%| F|  |TAMS 0x0000000081600000, 0x0000000081600000| Untracked 
|  23|0x0000000081700000, 0x0000000081700000, 0x0000000081800000|  0%| F|  |TAMS 0x0000000081700000, 0x0000000081700000| Untracked 
|  24|0x0000000081800000, 0x0000000081800000, 0x0000000081900000|  0%| F|  |TAMS 0x0000000081800000, 0x0000000081800000| Untracked 
|  25|0x0000000081900000, 0x0000000081900000, 0x0000000081a00000|  0%| F|  |TAMS 0x0000000081900000, 0x0000000081900000| Untracked 
|  26|0x0000000081a00000, 0x0000000081a00000, 0x0000000081b00000|  0%| F|  |TAMS 0x0000000081a00000, 0x0000000081a00000| Untracked 
|  27|0x0000000081b00000, 0x0000000081b00000, 0x0000000081c00000|  0%| F|  |TAMS 0x0000000081b00000, 0x0000000081b00000| Untracked 
|  28|0x0000000081c00000, 0x0000000081c00000, 0x0000000081d00000|  0%| F|  |TAMS 0x0000000081c00000, 0x0000000081c00000| Untracked 
|  29|0x0000000081d00000, 0x0000000081d00000, 0x0000000081e00000|  0%| F|  |TAMS 0x0000000081d00000, 0x0000000081d00000| Untracked 
|  30|0x0000000081e00000, 0x0000000081e00000, 0x0000000081f00000|  0%| F|  |TAMS 0x0000000081e00000, 0x0000000081e00000| Untracked 
|  31|0x0000000081f00000, 0x0000000081f00000, 0x0000000082000000|  0%| F|  |TAMS 0x0000000081f00000, 0x0000000081f00000| Untracked 
|  32|0x0000000082000000, 0x0000000082000000, 0x0000000082100000|  0%| F|  |TAMS 0x0000000082000000, 0x0000000082000000| Untracked 
|  33|0x0000000082100000, 0x000000008215b7c0, 0x0000000082200000| 35%| S|CS|TAMS 0x0000000082100000, 0x0000000082100000| Complete 
|  34|0x0000000082200000, 0x0000000082300000, 0x0000000082300000|100%| S|CS|TAMS 0x0000000082200000, 0x0000000082200000| Complete 
|  35|0x0000000082300000, 0x0000000082300000, 0x0000000082400000|  0%| F|  |TAMS 0x0000000082300000, 0x0000000082300000| Untracked 
|  36|0x0000000082400000, 0x0000000082400000, 0x0000000082500000|  0%| F|  |TAMS 0x0000000082400000, 0x0000000082400000| Untracked 
|  37|0x0000000082500000, 0x0000000082600000, 0x0000000082600000|100%| S|CS|TAMS 0x0000000082500000, 0x0000000082500000| Complete 
|  38|0x0000000082600000, 0x0000000082600000, 0x0000000082700000|  0%| F|  |TAMS 0x0000000082600000, 0x0000000082600000| Untracked 
|  39|0x0000000082700000, 0x0000000082700000, 0x0000000082800000|  0%| F|  |TAMS 0x0000000082700000, 0x0000000082700000| Untracked 
|  40|0x0000000082800000, 0x0000000082800000, 0x0000000082900000|  0%| F|  |TAMS 0x0000000082800000, 0x0000000082800000| Untracked 
|  41|0x0000000082900000, 0x0000000082900000, 0x0000000082a00000|  0%| F|  |TAMS 0x0000000082900000, 0x0000000082900000| Untracked 
|  42|0x0000000082a00000, 0x0000000082a00000, 0x0000000082b00000|  0%| F|  |TAMS 0x0000000082a00000, 0x0000000082a00000| Untracked 
|  43|0x0000000082b00000, 0x0000000082b00000, 0x0000000082c00000|  0%| F|  |TAMS 0x0000000082b00000, 0x0000000082b00000| Untracked 
|  44|0x0000000082c00000, 0x0000000082c00000, 0x0000000082d00000|  0%| F|  |TAMS 0x0000000082c00000, 0x0000000082c00000| Untracked 
|  45|0x0000000082d00000, 0x0000000082d00000, 0x0000000082e00000|  0%| F|  |TAMS 0x0000000082d00000, 0x0000000082d00000| Untracked 
|  46|0x0000000082e00000, 0x0000000082e00000, 0x0000000082f00000|  0%| F|  |TAMS 0x0000000082e00000, 0x0000000082e00000| Untracked 
|  47|0x0000000082f00000, 0x0000000082f00000, 0x0000000083000000|  0%| F|  |TAMS 0x0000000082f00000, 0x0000000082f00000| Untracked 
|  48|0x0000000083000000, 0x0000000083000000, 0x0000000083100000|  0%| F|  |TAMS 0x0000000083000000, 0x0000000083000000| Untracked 
|  49|0x0000000083100000, 0x0000000083100000, 0x0000000083200000|  0%| F|  |TAMS 0x0000000083100000, 0x0000000083100000| Untracked 
|  50|0x0000000083200000, 0x0000000083200000, 0x0000000083300000|  0%| F|  |TAMS 0x0000000083200000, 0x0000000083200000| Untracked 
|  51|0x0000000083300000, 0x0000000083300000, 0x0000000083400000|  0%| F|  |TAMS 0x0000000083300000, 0x0000000083300000| Untracked 
|  52|0x0000000083400000, 0x0000000083400000, 0x0000000083500000|  0%| F|  |TAMS 0x0000000083400000, 0x0000000083400000| Untracked 
|  53|0x0000000083500000, 0x0000000083500000, 0x0000000083600000|  0%| F|  |TAMS 0x0000000083500000, 0x0000000083500000| Untracked 
|  54|0x0000000083600000, 0x0000000083600000, 0x0000000083700000|  0%| F|  |TAMS 0x0000000083600000, 0x0000000083600000| Untracked 
|  55|0x0000000083700000, 0x0000000083700000, 0x0000000083800000|  0%| F|  |TAMS 0x0000000083700000, 0x0000000083700000| Untracked 
|  56|0x0000000083800000, 0x0000000083800000, 0x0000000083900000|  0%| F|  |TAMS 0x0000000083800000, 0x0000000083800000| Untracked 
|  57|0x0000000083900000, 0x0000000083900000, 0x0000000083a00000|  0%| F|  |TAMS 0x0000000083900000, 0x0000000083900000| Untracked 
|  58|0x0000000083a00000, 0x0000000083a00000, 0x0000000083b00000|  0%| F|  |TAMS 0x0000000083a00000, 0x0000000083a00000| Untracked 
|  59|0x0000000083b00000, 0x0000000083b67790, 0x0000000083c00000| 40%| E|  |TAMS 0x0000000083b00000, 0x0000000083b00000| Complete 

Card table byte_map: [0x00000200cff80000,0x00000200d0380000] _byte_map_base: 0x00000200cfb80000

Marking Bits (Prev, Next): (CMBitMap*) 0x00000200bd708040, (CMBitMap*) 0x00000200bd708000
 Prev Bits: [0x00000200d2780000, 0x00000200d4780000)
 Next Bits: [0x00000200d0780000, 0x00000200d2780000)

Polling page: 0x00000200bb650000

Metaspace:

Usage:
  Non-class:     23.67 MB used.
      Class:      3.56 MB used.
       Both:     27.23 MB used.

Virtual space:
  Non-class space:       64.00 MB reserved,      23.81 MB ( 37%) committed,  1 nodes.
      Class space:        1.00 GB reserved,       3.69 MB ( <1%) committed,  1 nodes.
             Both:        1.06 GB reserved,      27.50 MB (  3%) committed. 

Chunk freelists:
   Non-Class:  8.16 MB
       Class:  12.30 MB
        Both:  20.45 MB

MaxMetaspaceSize: unlimited
CompressedClassSpaceSize: 1.00 GB
Initial GC threshold: 21.00 MB
Current GC threshold: 35.25 MB
CDS: off
MetaspaceReclaimPolicy: balanced
 - commit_granule_bytes: 65536.
 - commit_granule_words: 8192.
 - virtual_space_node_default_size: 8388608.
 - enlarge_chunks_in_place: 1.
 - new_chunks_are_fully_committed: 0.
 - uncommit_free_chunks: 1.
 - use_allocation_guard: 0.
 - handle_deallocations: 1.


Internal statistics:

num_allocs_failed_limit: 3.
num_arena_births: 212.
num_arena_deaths: 0.
num_vsnodes_births: 2.
num_vsnodes_deaths: 0.
num_space_committed: 440.
num_space_uncommitted: 0.
num_chunks_returned_to_freelist: 3.
num_chunks_taken_from_freelist: 879.
num_chunk_merges: 3.
num_chunk_splits: 572.
num_chunks_enlarged: 412.
num_inconsistent_stats: 0.

CodeHeap 'non-profiled nmethods': size=120000Kb used=1257Kb max_used=1257Kb free=118742Kb
 bounds [0x00000200c8650000, 0x00000200c88c0000, 0x00000200cfb80000]
CodeHeap 'profiled nmethods': size=120000Kb used=5033Kb max_used=5033Kb free=114966Kb
 bounds [0x00000200c0b80000, 0x00000200c1070000, 0x00000200c80b0000]
CodeHeap 'non-nmethods': size=5760Kb used=1238Kb max_used=1268Kb free=4521Kb
 bounds [0x00000200c80b0000, 0x00000200c8320000, 0x00000200c8650000]
 total_blobs=2963 nmethods=2423 adapters=452
 compilation: enabled
              stopped_count=0, restarted_count=0
 full_count=0

Compilation events (20 events):
Event: 2.818 Thread 0x00000200db01a590 2403       3       java.lang.reflect.Method::hasGenericInformation (13 bytes)
Event: 2.818 Thread 0x00000200db01a590 nmethod 2403 0x00000200c105d110 code [0x00000200c105d2a0, 0x00000200c105d418]
Event: 2.818 Thread 0x00000200db01a590 2405       3       jdk.internal.loader.AbstractClassLoaderValue$Sub::equals (55 bytes)
Event: 2.818 Thread 0x00000200db01a590 nmethod 2405 0x00000200c105d490 code [0x00000200c105d680, 0x00000200c105ddb8]
Event: 2.824 Thread 0x00000200db01a590 2406       3       java.lang.Class::copyConstructors (38 bytes)
Event: 2.825 Thread 0x00000200db01a590 nmethod 2406 0x00000200c105df10 code [0x00000200c105e180, 0x00000200c105ec98]
Event: 2.826 Thread 0x00000200db01a590 2407       3       java.lang.ClassLoader::createOrGetClassLoaderValueMap (37 bytes)
Event: 2.826 Thread 0x00000200db01a590 nmethod 2407 0x00000200c105f110 code [0x00000200c105f2e0, 0x00000200c105f668]
Event: 2.831 Thread 0x00000200db01a590 2408       3       java.util.Collections$1::next (25 bytes)
Event: 2.832 Thread 0x00000200db01a590 nmethod 2408 0x00000200c105f790 code [0x00000200c105f940, 0x00000200c105fb68]
Event: 2.833 Thread 0x00000200db01a590 2409       3       org.gradle.internal.service.AbstractServiceMethod::<init> (42 bytes)
Event: 2.834 Thread 0x00000200db01a590 nmethod 2409 0x00000200c105fc90 code [0x00000200c105ffe0, 0x00000200c1061ae8]
Event: 2.840 Thread 0x00000200db01a590 2411       3       jdk.internal.org.objectweb.asm.MethodWriter::addSuccessorToCurrentBasicBlock (24 bytes)
Event: 2.840 Thread 0x00000200db01a590 nmethod 2411 0x00000200c1062290 code [0x00000200c1062440, 0x00000200c1062798]
Event: 2.840 Thread 0x00000200db01a590 2412       3       jdk.internal.org.objectweb.asm.FieldWriter::computeFieldInfoSize (86 bytes)
Event: 2.840 Thread 0x00000200db01a590 nmethod 2412 0x00000200c1062910 code [0x00000200c1062ae0, 0x00000200c1062db8]
Event: 2.840 Thread 0x00000200db01a590 2413       3       jdk.internal.org.objectweb.asm.FieldWriter::putFieldInfo (269 bytes)
Event: 2.841 Thread 0x00000200db01a590 nmethod 2413 0x00000200c1062f10 code [0x00000200c1063180, 0x00000200c1063ac8]
Event: 2.852 Thread 0x00000200db01a590 2414       3       org.gradle.internal.service.ServiceScopeValidator::getAnnotations (4 bytes)
Event: 2.852 Thread 0x00000200db01a590 nmethod 2414 0x00000200c1063e10 code [0x00000200c1063fa0, 0x00000200c10640b8]

GC Heap History (12 events):
Event: 0.573 GC heap before
{Heap before GC invocations=0 (full 0):
 garbage-first heap   total 61440K, used 12288K [0x0000000080000000, 0x0000000100000000)
  region size 1024K, 13 young (13312K), 0 survivors (0K)
 Metaspace       used 7682K, committed 7872K, reserved 1114112K
  class space    used 675K, committed 768K, reserved 1048576K
}
Event: 0.578 GC heap after
{Heap after GC invocations=1 (full 0):
 garbage-first heap   total 61440K, used 3370K [0x0000000080000000, 0x0000000100000000)
  region size 1024K, 2 young (2048K), 2 survivors (2048K)
 Metaspace       used 7682K, committed 7872K, reserved 1114112K
  class space    used 675K, committed 768K, reserved 1048576K
}
Event: 0.951 GC heap before
{Heap before GC invocations=1 (full 0):
 garbage-first heap   total 61440K, used 22826K [0x0000000080000000, 0x0000000100000000)
  region size 1024K, 18 young (18432K), 2 survivors (2048K)
 Metaspace       used 11398K, committed 11584K, reserved 1114112K
  class space    used 1197K, committed 1280K, reserved 1048576K
}
Event: 0.955 GC heap after
{Heap after GC invocations=2 (full 0):
 garbage-first heap   total 61440K, used 10674K [0x0000000080000000, 0x0000000100000000)
  region size 1024K, 3 young (3072K), 3 survivors (3072K)
 Metaspace       used 11398K, committed 11584K, reserved 1114112K
  class space    used 1197K, committed 1280K, reserved 1048576K
}
Event: 1.205 GC heap before
{Heap before GC invocations=2 (full 0):
 garbage-first heap   total 61440K, used 31154K [0x0000000080000000, 0x0000000100000000)
  region size 1024K, 23 young (23552K), 3 survivors (3072K)
 Metaspace       used 11500K, committed 11648K, reserved 1114112K
  class space    used 1198K, committed 1280K, reserved 1048576K
}
Event: 1.208 GC heap after
{Heap after GC invocations=3 (full 0):
 garbage-first heap   total 61440K, used 11599K [0x0000000080000000, 0x0000000100000000)
  region size 1024K, 1 young (1024K), 1 survivors (1024K)
 Metaspace       used 11500K, committed 11648K, reserved 1114112K
  class space    used 1198K, committed 1280K, reserved 1048576K
}
Event: 1.731 GC heap before
{Heap before GC invocations=3 (full 0):
 garbage-first heap   total 61440K, used 42319K [0x0000000080000000, 0x0000000100000000)
  region size 1024K, 31 young (31744K), 1 survivors (1024K)
 Metaspace       used 15661K, committed 15936K, reserved 1114112K
  class space    used 1777K, committed 1920K, reserved 1048576K
}
Event: 1.736 GC heap after
{Heap after GC invocations=4 (full 0):
 garbage-first heap   total 61440K, used 17386K [0x0000000080000000, 0x0000000100000000)
  region size 1024K, 4 young (4096K), 4 survivors (4096K)
 Metaspace       used 15661K, committed 15936K, reserved 1114112K
  class space    used 1777K, committed 1920K, reserved 1048576K
}
Event: 2.291 GC heap before
{Heap before GC invocations=4 (full 0):
 garbage-first heap   total 61440K, used 36842K [0x0000000080000000, 0x0000000100000000)
  region size 1024K, 24 young (24576K), 4 survivors (4096K)
 Metaspace       used 21253K, committed 21504K, reserved 1114112K
  class space    used 2493K, committed 2624K, reserved 1048576K
}
Event: 2.297 GC heap after
{Heap after GC invocations=5 (full 0):
 garbage-first heap   total 61440K, used 19410K [0x0000000080000000, 0x0000000100000000)
  region size 1024K, 2 young (2048K), 2 survivors (2048K)
 Metaspace       used 21253K, committed 21504K, reserved 1114112K
  class space    used 2493K, committed 2624K, reserved 1048576K
}
Event: 2.648 GC heap before
{Heap before GC invocations=6 (full 0):
 garbage-first heap   total 61440K, used 40914K [0x0000000080000000, 0x0000000100000000)
  region size 1024K, 23 young (23552K), 2 survivors (2048K)
 Metaspace       used 24862K, committed 25152K, reserved 1114112K
  class space    used 3098K, committed 3200K, reserved 1048576K
}
Event: 2.651 GC heap after
{Heap after GC invocations=7 (full 0):
 garbage-first heap   total 61440K, used 20583K [0x0000000080000000, 0x0000000100000000)
  region size 1024K, 2 young (2048K), 2 survivors (2048K)
 Metaspace       used 24862K, committed 25152K, reserved 1114112K
  class space    used 3098K, committed 3200K, reserved 1048576K
}

Dll operation events (3 events):
Event: 0.031 Loaded shared library C:\Program Files\Android\Android Studio\jbr\bin\java.dll
Event: 0.204 Loaded shared library C:\Program Files\Android\Android Studio\jbr\bin\zip.dll
Event: 0.587 Loaded shared library C:\Program Files\Android\Android Studio\jbr\bin\verify.dll

Deoptimization events (20 events):
Event: 2.253 Thread 0x00000200dc461e50 DEOPT PACKING pc=0x00000200c8691530 sp=0x000000ceeb3fbfe0
Event: 2.253 Thread 0x00000200dc461e50 DEOPT UNPACKING pc=0x00000200c810a1a3 sp=0x000000ceeb3fbf60 mode 2
Event: 2.266 Thread 0x00000200dc461e50 Uncommon trap: trap_request=0xffffff45 fr.pc=0x00000200c870805c relative=0x000000000000039c
Event: 2.266 Thread 0x00000200dc461e50 Uncommon trap: reason=unstable_if action=reinterpret pc=0x00000200c870805c method=java.util.concurrent.ConcurrentHashMap.get(Ljava/lang/Object;)Ljava/lang/Object; @ 76 c2
Event: 2.266 Thread 0x00000200dc461e50 DEOPT PACKING pc=0x00000200c870805c sp=0x000000ceeb3fb530
Event: 2.266 Thread 0x00000200dc461e50 DEOPT UNPACKING pc=0x00000200c810a1a3 sp=0x000000ceeb3fb4b8 mode 2
Event: 2.459 Thread 0x00000200dc461e50 DEOPT PACKING pc=0x00000200c0c5d6fa sp=0x000000ceeb3fb5e0
Event: 2.459 Thread 0x00000200dc461e50 DEOPT UNPACKING pc=0x00000200c810ace3 sp=0x000000ceeb3fab30 mode 0
Event: 2.559 Thread 0x00000200dc461e50 Uncommon trap: trap_request=0xffffff45 fr.pc=0x00000200c8671714 relative=0x0000000000000b94
Event: 2.559 Thread 0x00000200dc461e50 Uncommon trap: reason=unstable_if action=reinterpret pc=0x00000200c8671714 method=java.io.WinNTFileSystem.resolve(Ljava/lang/String;Ljava/lang/String;)Ljava/lang/String; @ 19 c2
Event: 2.559 Thread 0x00000200dc461e50 DEOPT PACKING pc=0x00000200c8671714 sp=0x000000ceeb3fb320
Event: 2.559 Thread 0x00000200dc461e50 DEOPT UNPACKING pc=0x00000200c810a1a3 sp=0x000000ceeb3fb2c8 mode 2
Event: 2.561 Thread 0x00000200dc461e50 Uncommon trap: trap_request=0xffffff45 fr.pc=0x00000200c86c81d4 relative=0x0000000000000614
Event: 2.561 Thread 0x00000200dc461e50 Uncommon trap: reason=unstable_if action=reinterpret pc=0x00000200c86c81d4 method=java.io.File.getName()Ljava/lang/String; @ 16 c2
Event: 2.561 Thread 0x00000200dc461e50 DEOPT PACKING pc=0x00000200c86c81d4 sp=0x000000ceeb3fb2c0
Event: 2.561 Thread 0x00000200dc461e50 DEOPT UNPACKING pc=0x00000200c810a1a3 sp=0x000000ceeb3fb290 mode 2
Event: 2.628 Thread 0x00000200dc461e50 Uncommon trap: trap_request=0xffffff45 fr.pc=0x00000200c86e7d00 relative=0x0000000000000740
Event: 2.628 Thread 0x00000200dc461e50 Uncommon trap: reason=unstable_if action=reinterpret pc=0x00000200c86e7d00 method=java.util.ArrayList.grow(I)[Ljava/lang/Object; @ 17 c2
Event: 2.628 Thread 0x00000200dc461e50 DEOPT PACKING pc=0x00000200c86e7d00 sp=0x000000ceeb3fcc60
Event: 2.628 Thread 0x00000200dc461e50 DEOPT UNPACKING pc=0x00000200c810a1a3 sp=0x000000ceeb3fcaf8 mode 2

Classes unloaded (0 events):
No events

Classes redefined (0 events):
No events

Internal exceptions (20 events):
Event: 2.259 Thread 0x00000200dc461e50 Exception <a 'java/lang/NoSuchMethodError'{0x0000000082946190}: 'java.lang.Object java.lang.invoke.DirectMethodHandle$Holder.newInvokeSpecial(java.lang.Object, java.lang.Object, java.lang.Object, java.lang.Object, java.lang.Object)'> (0x0000000082946190) 
thrown [s\src\hotspot\share\interpreter\linkResolver.cpp, line 771]
Event: 2.314 Thread 0x00000200dc461e50 Exception <a 'java/lang/NoSuchMethodError'{0x0000000083b9b898}: 'void java.lang.invoke.DirectMethodHandle$Holder.invokeSpecial(java.lang.Object, java.lang.Object, java.lang.Object)'> (0x0000000083b9b898) 
thrown [s\src\hotspot\share\interpreter\linkResolver.cpp, line 771]
Event: 2.327 Thread 0x00000200dc461e50 Exception <a 'java/lang/NoSuchMethodError'{0x0000000083a52678}: 'java.lang.Object java.lang.invoke.DirectMethodHandle$Holder.newInvokeSpecial(java.lang.Object, java.lang.Object, java.lang.Object, java.lang.Object, java.lang.Object, java.lang.Object)'> (0x0000000083a52678) 
thrown [s\src\hotspot\share\interpreter\linkResolver.cpp, line 771]
Event: 2.330 Thread 0x00000200dc461e50 Exception <a 'java/lang/NoSuchMethodError'{0x0000000083a6a180}: 'void java.lang.invoke.DirectMethodHandle$Holder.invokeSpecial(java.lang.Object, java.lang.Object, java.lang.Object, java.lang.Object, java.lang.Object)'> (0x0000000083a6a180) 
thrown [s\src\hotspot\share\interpreter\linkResolver.cpp, line 771]
Event: 2.332 Thread 0x00000200dc461e50 Exception <a 'java/lang/NoSuchMethodError'{0x0000000083a7e268}: 'void java.lang.invoke.DirectMethodHandle$Holder.invokeStaticInit(java.lang.Object, java.lang.Object)'> (0x0000000083a7e268) 
thrown [s\src\hotspot\share\interpreter\linkResolver.cpp, line 771]
Event: 2.372 Thread 0x00000200dc461e50 Exception <a 'java/lang/NoSuchMethodError'{0x000000008373bd28}: 'void java.lang.invoke.DelegatingMethodHandle$Holder.reinvoke_L(java.lang.Object, java.lang.Object, java.lang.Object, java.lang.Object, java.lang.Object, java.lang.Object, java.lang.Object, java.lang.Object, java.lang.Object, java.lang.Object)'> (0x000000008373bd28) 
thrown [s\src\hotspot\share\interpreter\linkResolver.cpp, line 771]
Event: 2.373 Thread 0x00000200dc461e50 Exception <a 'java/lang/NoSuchMethodError'{0x00000000837442d8}: 'java.lang.Object java.lang.invoke.DirectMethodHandle$Holder.invokeSpecial(java.lang.Object, java.lang.Object, java.lang.Object, java.lang.Object, java.lang.Object, java.lang.Object, java.lang.Object, java.lang.Object, java.lang.Object, java.lang.Object)'> (0x00000000837442d8) 
thrown [s\src\hotspot\share\interpreter\linkResolver.cpp, line 771]
Event: 2.373 Thread 0x00000200dc461e50 Exception <a 'java/lang/NoSuchMethodError'{0x0000000083748ba8}: 'java.lang.Object java.lang.invoke.Invokers$Holder.invoker(java.lang.Object, java.lang.Object, java.lang.Object, java.lang.Object, java.lang.Object, java.lang.Object, java.lang.Object, java.lang.Object, java.lang.Object, java.lang.Object)'> (0x0000000083748ba8) 
thrown [s\src\hotspot\share\interpreter\linkResolver.cpp, line 771]
Event: 2.373 Thread 0x00000200dc461e50 Exception <a 'java/lang/NoSuchMethodError'{0x000000008374e7b0}: 'java.lang.Object java.lang.invoke.DirectMethodHandle$Holder.invokeSpecial(java.lang.Object, java.lang.Object, java.lang.Object, java.lang.Object, java.lang.Object, java.lang.Object, java.lang.Object, java.lang.Object, java.lang.Object, java.lang.Object, java.lang.Object)'> (0x000000008374e7b0) 
thrown [s\src\hotspot\share\interpreter\linkResolver.cpp, line 771]
Event: 2.481 Thread 0x00000200dc461e50 Exception <a 'java/lang/NoSuchMethodError'{0x0000000083118ed8}: 'void java.lang.invoke.DirectMethodHandle$Holder.invokeStaticInit(java.lang.Object)'> (0x0000000083118ed8) 
thrown [s\src\hotspot\share\interpreter\linkResolver.cpp, line 771]
Event: 2.496 Thread 0x00000200dc461e50 Exception <a 'java/lang/NoSuchMethodError'{0x00000000831d3aa0}: 'java.lang.Object java.lang.invoke.DirectMethodHandle$Holder.newInvokeSpecial(java.lang.Object, java.lang.Object, java.lang.Object, int)'> (0x00000000831d3aa0) 
thrown [s\src\hotspot\share\interpreter\linkResolver.cpp, line 771]
Event: 2.496 Thread 0x00000200dc461e50 Exception <a 'java/lang/NoSuchMethodError'{0x00000000831d8618}: 'java.lang.Object java.lang.invoke.DirectMethodHandle$Holder.invokeSpecial(java.lang.Object, java.lang.Object, java.lang.Object, java.lang.Object, int)'> (0x00000000831d8618) 
thrown [s\src\hotspot\share\interpreter\linkResolver.cpp, line 771]
Event: 2.496 Thread 0x00000200dc461e50 Exception <a 'java/lang/NoSuchMethodError'{0x00000000831dc730}: 'java.lang.Object java.lang.invoke.Invokers$Holder.linkToTargetMethod(java.lang.Object, java.lang.Object, int, java.lang.Object)'> (0x00000000831dc730) 
thrown [s\src\hotspot\share\interpreter\linkResolver.cpp, line 771]
Event: 2.579 Thread 0x00000200dc461e50 Exception <a 'java/lang/NoSuchMethodError'{0x0000000082c29b18}: 'int java.lang.invoke.DirectMethodHandle$Holder.invokeVirtual(java.lang.Object, java.lang.Object, java.lang.Object)'> (0x0000000082c29b18) 
thrown [s\src\hotspot\share\interpreter\linkResolver.cpp, line 771]
Event: 2.590 Thread 0x00000200dc461e50 Exception <a 'java/lang/NoSuchMethodError'{0x0000000082b30ae0}: 'int java.lang.invoke.DirectMethodHandle$Holder.invokeSpecialIFC(java.lang.Object, java.lang.Object, java.lang.Object, java.lang.Object)'> (0x0000000082b30ae0) 
thrown [s\src\hotspot\share\interpreter\linkResolver.cpp, line 771]
Event: 2.592 Thread 0x00000200dc461e50 Exception <a 'java/lang/NoSuchMethodError'{0x0000000082b3fc10}: 'java.lang.Object java.lang.invoke.DirectMethodHandle$Holder.invokeInterface(java.lang.Object, java.lang.Object, java.lang.Object)'> (0x0000000082b3fc10) 
thrown [s\src\hotspot\share\interpreter\linkResolver.cpp, line 771]
Event: 2.592 Thread 0x00000200dc461e50 Exception <a 'java/lang/IncompatibleClassChangeError'{0x0000000082b43828}: Found class java.lang.Object, but interface was expected> (0x0000000082b43828) 
thrown [s\src\hotspot\share\interpreter\linkResolver.cpp, line 838]
Event: 2.614 Thread 0x00000200dc461e50 Exception <a 'java/lang/NoSuchMethodError'{0x0000000082913ca8}: 'int java.lang.invoke.DirectMethodHandle$Holder.invokeStatic(java.lang.Object, java.lang.Object, java.lang.Object, java.lang.Object)'> (0x0000000082913ca8) 
thrown [s\src\hotspot\share\interpreter\linkResolver.cpp, line 771]
Event: 2.614 Thread 0x00000200dc461e50 Exception <a 'java/lang/NoSuchMethodError'{0x00000000829178d0}: 'java.lang.Object java.lang.invoke.Invokers$Holder.invokeExact_MT(java.lang.Object, java.lang.Object, java.lang.Object, java.lang.Object, java.lang.Object, java.lang.Object)'> (0x00000000829178d0) 
thrown [s\src\hotspot\share\interpreter\linkResolver.cpp, line 771]
Event: 2.648 Thread 0x00000200dc461e50 Exception <a 'java/lang/IncompatibleClassChangeError'{0x00000000825fb418}: Found class java.lang.Object, but interface was expected> (0x00000000825fb418) 
thrown [s\src\hotspot\share\interpreter\linkResolver.cpp, line 838]

VM Operations (20 events):
Event: 2.064 Executing VM operation: HandshakeAllThreads
Event: 2.064 Executing VM operation: HandshakeAllThreads done
Event: 2.104 Executing VM operation: HandshakeAllThreads
Event: 2.104 Executing VM operation: HandshakeAllThreads done
Event: 2.291 Executing VM operation: CollectForMetadataAllocation
Event: 2.298 Executing VM operation: CollectForMetadataAllocation done
Event: 2.306 Executing VM operation: G1PauseRemark
Event: 2.308 Executing VM operation: G1PauseRemark done
Event: 2.312 Executing VM operation: G1PauseCleanup
Event: 2.312 Executing VM operation: G1PauseCleanup done
Event: 2.356 Executing VM operation: HandshakeAllThreads
Event: 2.356 Executing VM operation: HandshakeAllThreads done
Event: 2.640 Executing VM operation: HandshakeAllThreads
Event: 2.640 Executing VM operation: HandshakeAllThreads done
Event: 2.641 Executing VM operation: HandshakeAllThreads
Event: 2.641 Executing VM operation: HandshakeAllThreads done
Event: 2.648 Executing VM operation: G1CollectForAllocation
Event: 2.651 Executing VM operation: G1CollectForAllocation done
Event: 2.690 Executing VM operation: HandshakeAllThreads
Event: 2.690 Executing VM operation: HandshakeAllThreads done

Events (20 events):
Event: 2.780 loading class java/io/ObjectInput done
Event: 2.780 loading class java/io/ObjectStreamConstants
Event: 2.780 loading class java/io/ObjectStreamConstants done
Event: 2.780 loading class java/io/ObjectInputStream done
Event: 2.781 loading class java/io/ObjectOutputStream
Event: 2.781 loading class java/io/ObjectOutput
Event: 2.781 loading class java/io/ObjectOutput done
Event: 2.781 loading class java/io/ObjectOutputStream done
Event: 2.787 loading class java/lang/ThreadLocal$SuppliedThreadLocal
Event: 2.787 loading class java/lang/ThreadLocal$SuppliedThreadLocal done
Event: 2.875 loading class javax/xml/parsers/ParserConfigurationException
Event: 2.875 loading class javax/xml/parsers/ParserConfigurationException done
Event: 2.875 loading class org/xml/sax/SAXException
Event: 2.875 loading class org/xml/sax/SAXException done
Event: 2.875 loading class javax/xml/xpath/XPathExpressionException
Event: 2.875 loading class javax/xml/xpath/XPathException
Event: 2.876 loading class javax/xml/xpath/XPathException done
Event: 2.876 loading class javax/xml/xpath/XPathExpressionException done
Event: 2.876 loading class org/xml/sax/ErrorHandler
Event: 2.876 loading class org/xml/sax/ErrorHandler done


Dynamic libraries:
0x00007ff7df330000 - 0x00007ff7df33a000 	C:\Program Files\Android\Android Studio\jbr\bin\java.exe
0x00007ff82a350000 - 0x00007ff82a567000 	C:\WINDOWS\SYSTEM32\ntdll.dll
0x00007ff8289d0000 - 0x00007ff828a94000 	C:\WINDOWS\System32\KERNEL32.DLL
0x00007ff827590000 - 0x00007ff827963000 	C:\WINDOWS\System32\KERNELBASE.dll
0x00007ff827470000 - 0x00007ff827581000 	C:\WINDOWS\System32\ucrtbase.dll
0x00007fffecf30000 - 0x00007fffecf47000 	C:\Program Files\Android\Android Studio\jbr\bin\jli.dll
0x00007ffff4f40000 - 0x00007ffff4f5b000 	C:\Program Files\Android\Android Studio\jbr\bin\VCRUNTIME140.dll
0x00007ff829f00000 - 0x00007ff82a0b1000 	C:\WINDOWS\System32\USER32.dll
0x00007ff827c60000 - 0x00007ff827c86000 	C:\WINDOWS\System32\win32u.dll
0x00007ff8289a0000 - 0x00007ff8289c9000 	C:\WINDOWS\System32\GDI32.dll
0x00007ff827ab0000 - 0x00007ff827bd2000 	C:\WINDOWS\System32\gdi32full.dll
0x00007ff827f40000 - 0x00007ff827fda000 	C:\WINDOWS\System32\msvcp_win.dll
0x00007ff80c020000 - 0x00007ff80c2bb000 	C:\WINDOWS\WinSxS\amd64_microsoft.windows.common-controls_6595b64144ccf1df_6.0.22621.5262_none_2712bde373830908\COMCTL32.dll
0x00007ff828c20000 - 0x00007ff828cc7000 	C:\WINDOWS\System32\msvcrt.dll
0x00007ff829bf0000 - 0x00007ff829c21000 	C:\WINDOWS\System32\IMM32.DLL
0x00007ff80df00000 - 0x00007ff80df0c000 	C:\Program Files\Android\Android Studio\jbr\bin\vcruntime140_1.dll
0x00007fffd1910000 - 0x00007fffd199d000 	C:\Program Files\Android\Android Studio\jbr\bin\msvcp140.dll
0x00007fffd2090000 - 0x00007fffd2d13000 	C:\Program Files\Android\Android Studio\jbr\bin\server\jvm.dll
0x00007ff82a140000 - 0x00007ff82a1f1000 	C:\WINDOWS\System32\ADVAPI32.dll
0x00007ff829de0000 - 0x00007ff829e87000 	C:\WINDOWS\System32\sechost.dll
0x00007ff827440000 - 0x00007ff827468000 	C:\WINDOWS\System32\bcrypt.dll
0x00007ff829220000 - 0x00007ff829334000 	C:\WINDOWS\System32\RPCRT4.dll
0x00007ff81e7a0000 - 0x00007ff81e7d4000 	C:\WINDOWS\SYSTEM32\WINMM.dll
0x00007ff827310000 - 0x00007ff82735d000 	C:\WINDOWS\SYSTEM32\POWRPROF.dll
0x00007ff81d070000 - 0x00007ff81d07a000 	C:\WINDOWS\SYSTEM32\VERSION.dll
0x00007ff81e9a0000 - 0x00007ff81e9a9000 	C:\WINDOWS\SYSTEM32\WSOCK32.dll
0x00007ff82a290000 - 0x00007ff82a301000 	C:\WINDOWS\System32\WS2_32.dll
0x00007ff8272f0000 - 0x00007ff827303000 	C:\WINDOWS\SYSTEM32\UMPDC.dll
0x00007ff826480000 - 0x00007ff826498000 	C:\WINDOWS\SYSTEM32\kernel.appcore.dll
0x00007ff8128d0000 - 0x00007ff8128da000 	C:\Program Files\Android\Android Studio\jbr\bin\jimage.dll
0x00007ff824c60000 - 0x00007ff824e92000 	C:\WINDOWS\SYSTEM32\DBGHELP.DLL
0x00007ff828ce0000 - 0x00007ff829073000 	C:\WINDOWS\System32\combase.dll
0x00007ff829140000 - 0x00007ff829217000 	C:\WINDOWS\System32\OLEAUT32.dll
0x00007ff806870000 - 0x00007ff8068a2000 	C:\WINDOWS\SYSTEM32\dbgcore.DLL
0x00007ff827be0000 - 0x00007ff827c5b000 	C:\WINDOWS\System32\bcryptPrimitives.dll
0x00007ff80c2c0000 - 0x00007ff80c2ce000 	C:\Program Files\Android\Android Studio\jbr\bin\instrument.dll
0x00007ff80bb60000 - 0x00007ff80bb85000 	C:\Program Files\Android\Android Studio\jbr\bin\java.dll
0x00007ff805730000 - 0x00007ff805748000 	C:\Program Files\Android\Android Studio\jbr\bin\zip.dll
0x00007ff829340000 - 0x00007ff829bdd000 	C:\WINDOWS\System32\SHELL32.dll
0x00007ff827c90000 - 0x00007ff827dcf000 	C:\WINDOWS\System32\wintypes.dll
0x00007ff825380000 - 0x00007ff825c9d000 	C:\WINDOWS\SYSTEM32\windows.storage.dll
0x00007ff8287e0000 - 0x00007ff8288eb000 	C:\WINDOWS\System32\SHCORE.dll
0x00007ff828aa0000 - 0x00007ff828b06000 	C:\WINDOWS\System32\shlwapi.dll
0x00007ff827370000 - 0x00007ff82739b000 	C:\WINDOWS\SYSTEM32\profapi.dll
0x00007ff805710000 - 0x00007ff805729000 	C:\Program Files\Android\Android Studio\jbr\bin\net.dll
0x00007ff823d80000 - 0x00007ff823eac000 	C:\WINDOWS\SYSTEM32\WINHTTP.dll
0x00007ff826900000 - 0x00007ff82696a000 	C:\WINDOWS\system32\mswsock.dll
0x00007ffffc910000 - 0x00007ffffc926000 	C:\Program Files\Android\Android Studio\jbr\bin\nio.dll
0x00007ff8128c0000 - 0x00007ff8128d0000 	C:\Program Files\Android\Android Studio\jbr\bin\verify.dll
0x00007ff809690000 - 0x00007ff8096b7000 	C:\Users\H P\.gradle\native\c067742578af261105cb4f569cf0c3c89f3d7b1fecec35dd04571415982c5e48\windows-amd64\native-platform.dll
0x00007fffd17c0000 - 0x00007fffd1904000 	C:\Users\H P\.gradle\native\38dada09dfb8b06ba9b0570ebf7e218e3eb74d4ef43ca46872605cf95ebc2f47\windows-amd64\native-platform-file-events.dll
0x00007ff810e00000 - 0x00007ff810e09000 	C:\Program Files\Android\Android Studio\jbr\bin\management.dll
0x00007ff80cc40000 - 0x00007ff80cc4b000 	C:\Program Files\Android\Android Studio\jbr\bin\management_ext.dll
0x00007ff829be0000 - 0x00007ff829be8000 	C:\WINDOWS\System32\PSAPI.DLL
0x00007ff826b50000 - 0x00007ff826b6b000 	C:\WINDOWS\SYSTEM32\CRYPTSP.dll
0x00007ff8263e0000 - 0x00007ff826417000 	C:\WINDOWS\system32\rsaenh.dll
0x00007ff8269f0000 - 0x00007ff826a18000 	C:\WINDOWS\SYSTEM32\USERENV.dll
0x00007ff826b70000 - 0x00007ff826b7c000 	C:\WINDOWS\SYSTEM32\CRYPTBASE.dll
0x00007ff825f40000 - 0x00007ff825f6d000 	C:\WINDOWS\SYSTEM32\IPHLPAPI.DLL
0x00007ff828cd0000 - 0x00007ff828cd9000 	C:\WINDOWS\System32\NSI.dll
0x00007ff81ecc0000 - 0x00007ff81ecd9000 	C:\WINDOWS\SYSTEM32\dhcpcsvc6.DLL
0x00007ff81ea60000 - 0x00007ff81ea7f000 	C:\WINDOWS\SYSTEM32\dhcpcsvc.DLL
0x00007ff825fc0000 - 0x00007ff8260b8000 	C:\WINDOWS\SYSTEM32\DNSAPI.dll
0x00007ff8126e0000 - 0x00007ff8126e9000 	C:\Program Files\Android\Android Studio\jbr\bin\extnet.dll
0x00007ff80d1a0000 - 0x00007ff80d1a8000 	C:\WINDOWS\system32\wshunix.dll

dbghelp: loaded successfully - version: 4.0.5 - missing functions: none
symbol engine: initialized successfully - sym options: 0x614 - pdb path: .;C:\Program Files\Android\Android Studio\jbr\bin;C:\WINDOWS\SYSTEM32;C:\WINDOWS\WinSxS\amd64_microsoft.windows.common-controls_6595b64144ccf1df_6.0.22621.5262_none_2712bde373830908;C:\Program Files\Android\Android Studio\jbr\bin\server;C:\Users\H P\.gradle\native\c067742578af261105cb4f569cf0c3c89f3d7b1fecec35dd04571415982c5e48\windows-amd64;C:\Users\H P\.gradle\native\38dada09dfb8b06ba9b0570ebf7e218e3eb74d4ef43ca46872605cf95ebc2f47\windows-amd64

VM Arguments:
jvm_args: --add-opens=java.base/java.util=ALL-UNNAMED --add-opens=java.base/java.lang=ALL-UNNAMED --add-opens=java.base/java.lang.invoke=ALL-UNNAMED --add-opens=java.prefs/java.util.prefs=ALL-UNNAMED --add-opens=java.base/java.nio.charset=ALL-UNNAMED --add-opens=java.base/java.net=ALL-UNNAMED --add-opens=java.base/java.util.concurrent.atomic=ALL-UNNAMED -Xmx2048m -Dfile.encoding=UTF-8 -Duser.country=ID -Duser.language=en -Duser.variant -javaagent:C:\Users\H P\.gradle\wrapper\dists\gradle-8.6-bin\afr5mpiioh2wthjmwnkmdsd5w\gradle-8.6\lib\agents\gradle-instrumentation-agent-8.6.jar 
java_command: org.gradle.launcher.daemon.bootstrap.GradleDaemon 8.6
java_class_path (initial): C:\Users\H P\.gradle\wrapper\dists\gradle-8.6-bin\afr5mpiioh2wthjmwnkmdsd5w\gradle-8.6\lib\gradle-launcher-8.6.jar
Launcher Type: SUN_STANDARD

[Global flags]
     intx CICompilerCount                          = 3                                         {product} {ergonomic}
     uint ConcGCThreads                            = 1                                         {product} {ergonomic}
     uint G1ConcRefinementThreads                  = 4                                         {product} {ergonomic}
   size_t G1HeapRegionSize                         = 1048576                                   {product} {ergonomic}
    uintx GCDrainStackTargetSize                   = 64                                        {product} {ergonomic}
   size_t InitialHeapSize                          = 62914560                                  {product} {ergonomic}
   size_t MarkStackSize                            = 4194304                                   {product} {ergonomic}
   size_t MaxHeapSize                              = 2147483648                                {product} {command line}
   size_t MaxNewSize                               = 1287651328                                {product} {ergonomic}
   size_t MinHeapDeltaBytes                        = 1048576                                   {product} {ergonomic}
   size_t MinHeapSize                              = 8388608                                   {product} {ergonomic}
    uintx NonNMethodCodeHeapSize                   = 5832780                                {pd product} {ergonomic}
    uintx NonProfiledCodeHeapSize                  = 122912730                              {pd product} {ergonomic}
    uintx ProfiledCodeHeapSize                     = 122912730                              {pd product} {ergonomic}
    uintx ReservedCodeCacheSize                    = 251658240                              {pd product} {ergonomic}
     bool SegmentedCodeCache                       = true                                      {product} {ergonomic}
   size_t SoftMaxHeapSize                          = 2147483648                             {manageable} {ergonomic}
     bool UseCompressedClassPointers               = true                           {product lp64_product} {ergonomic}
     bool UseCompressedOops                        = true                           {product lp64_product} {ergonomic}
     bool UseG1GC                                  = true                                      {product} {ergonomic}
     bool UseLargePagesIndividualAllocation        = false                                  {pd product} {ergonomic}

Logging:
Log output configuration:
 #0: stdout all=warning uptime,level,tags
 #1: stderr all=off uptime,level,tags

Environment Variables:
JAVA_HOME=C:\Program Files\Java\Zulu\zulu-8\
PATH=C:\Program Files (x86)\VMware\VMware Workstation\bin\;C:\Program Files\Java\Zulu\zulu-8\bin\;C:\WINDOWS\system32;C:\WINDOWS;C:\WINDOWS\System32\Wbem;C:\WINDOWS\System32\WindowsPowerShell\v1.0\;C:\WINDOWS\System32\OpenSSH\;C:\Users\H P\anaconda3\Scripts\;C:\Users\H P\anaconda3\;C:\Program Files\Git\cmd;C:\gradle-8.4\bin;C:\Users\H P\AppData\Local\Microsoft\WindowsApps;C:\Users\H P\AppData\Local\Programs\Microsoft VS Code\bin;C:\Program Files\JetBrains\IntelliJ IDEA Community Edition 2023.2.1\bin;;C:\flutter_windows_3.19.3-stable\flutter\bin;C:\flutter_windows_3.19.3-stable\flutter\bin\cache\dart-sdk\bin;
USERNAME=H P
OS=Windows_NT
PROCESSOR_IDENTIFIER=Intel64 Family 6 Model 140 Stepping 2, GenuineIntel
TMP=C:\Users\HP12D5~1\AppData\Local\Temp
TEMP=C:\Users\HP12D5~1\AppData\Local\Temp



Periodic native trim disabled

JNI global refs:
JNI global refs: 22, weak refs: 0

JNI global refs memory usage: 843, weak refs: 841

OOME stack traces (most recent first):
Classloader memory used:
Loader bootstrap                                                                       : 1897K
Loader org.gradle.internal.classloader.VisitableURLClassLoader                         : 1354K
Loader org.gradle.initialization.MixInLegacyTypesClassLoader                           : 199K
Loader jdk.internal.loader.ClassLoaders$AppClassLoader                                 : 28729B
Loader jdk.internal.loader.ClassLoaders$PlatformClassLoader                            : 14828B
Loader jdk.internal.reflect.DelegatingClassLoader                                      : 2700B

Classes loaded by more than one classloader:
Class org.gradle.internal.installation.GradleInstallation                             : loaded 2 times (x 73B)
Class org.gradle.internal.classpath.ClassPath                                         : loaded 2 times (x 68B)
Class org.gradle.api.internal.classpath.DefaultModuleRegistry                         : loaded 2 times (x 84B)
Class org.gradle.api.Action                                                           : loaded 2 times (x 68B)
Class org.gradle.api.internal.DefaultClassPathProvider                                : loaded 2 times (x 74B)
Class org.gradle.internal.installation.GradleInstallation$1                           : loaded 2 times (x 73B)
Class org.gradle.internal.classloader.FilteringClassLoader                            : loaded 2 times (x 103B)
Class org.gradle.internal.classpath.DefaultClassPath$ImmutableUniqueList$Builder      : loaded 2 times (x 73B)
Class org.gradle.internal.classloader.ClassLoaderVisitor                              : loaded 2 times (x 74B)
Class org.gradle.internal.service.DefaultServiceLocator                               : loaded 2 times (x 81B)
Class org.gradle.internal.service.UnknownServiceException                             : loaded 2 times (x 81B)
Class org.gradle.internal.classloader.DefaultClassLoaderFactory                       : loaded 2 times (x 80B)
Class org.gradle.internal.classloader.VisitableURLClassLoader$Spec                    : loaded 2 times (x 72B)
Class org.gradle.api.GradleException                                                  : loaded 2 times (x 80B)
Class org.gradle.api.internal.classpath.ModuleRegistry                                : loaded 2 times (x 68B)
Class org.gradle.api.internal.ClassPathProvider                                       : loaded 2 times (x 68B)
Class org.gradle.internal.classloader.ClasspathUtil$1                                 : loaded 2 times (x 74B)
Class org.gradle.internal.classloader.ClassLoaderFactory                              : loaded 2 times (x 68B)
Class org.gradle.api.internal.classpath.ManifestUtil                                  : loaded 2 times (x 69B)
Class org.gradle.api.specs.Spec                                                       : loaded 2 times (x 68B)
Class org.gradle.internal.IoActions                                                   : loaded 2 times (x 69B)
Class org.gradle.api.internal.classpath.EffectiveClassPath                            : loaded 2 times (x 88B)
Class org.gradle.internal.installation.CurrentGradleInstallation                      : loaded 2 times (x 71B)
Class org.gradle.internal.agents.InstrumentingClassLoader                             : loaded 2 times (x 68B)
Class org.gradle.internal.installation.CurrentGradleInstallationLocator               : loaded 2 times (x 69B)
Class org.gradle.api.internal.classpath.Module                                        : loaded 2 times (x 68B)
Class org.gradle.internal.service.CachingServiceLocator                               : loaded 2 times (x 80B)
Class org.gradle.internal.classpath.DefaultClassPath                                  : loaded 2 times (x 88B)
Class org.gradle.internal.classloader.SystemClassLoaderSpec                           : loaded 2 times (x 69B)
Class org.gradle.api.UncheckedIOException                                             : loaded 2 times (x 80B)
Class org.gradle.internal.classloader.ClasspathUtil                                   : loaded 2 times (x 69B)
Class org.gradle.api.internal.DefaultClassPathRegistry                                : loaded 2 times (x 74B)
Class org.gradle.api.internal.classpath.DefaultModuleRegistry$DefaultModule           : loaded 2 times (x 84B)
Class org.gradle.api.internal.classpath.UnknownModuleException                        : loaded 2 times (x 80B)
Class org.gradle.internal.service.ServiceLookupException                              : loaded 2 times (x 80B)
Class org.gradle.cache.GlobalCache                                                    : loaded 2 times (x 68B)
Class [Lorg.gradle.api.internal.ClassPathProvider;                                    : loaded 2 times (x 67B)
Class org.gradle.util.internal.GUtil                                                  : loaded 2 times (x 69B)
Class org.gradle.internal.classloader.ClassLoaderSpec                                 : loaded 2 times (x 69B)
Class org.gradle.internal.classloader.VisitableURLClassLoader                         : loaded 2 times (x 115B)
Class org.gradle.internal.Cast                                                        : loaded 2 times (x 69B)
Class org.gradle.api.internal.ClassPathRegistry                                       : loaded 2 times (x 68B)
Class org.gradle.internal.classloader.VisitableURLClassLoader$InstrumentingVisitableURLClassLoader: loaded 2 times (x 121B)
Class org.gradle.internal.classloader.ClassLoaderHierarchy                            : loaded 2 times (x 68B)
Class org.gradle.internal.InternalTransformer                                         : loaded 2 times (x 68B)
Class org.gradle.internal.service.ServiceLocator                                      : loaded 2 times (x 68B)
Class org.gradle.internal.classpath.DefaultClassPath$ImmutableUniqueList              : loaded 2 times (x 159B)
Class org.gradle.internal.classpath.TransformedClassPath                              : loaded 2 times (x 94B)


---------------  S Y S T E M  ---------------

OS:
 Windows 11 , 64 bit Build 22621 (10.0.22621.5262)
OS uptime: 2 days 8:23 hours

CPU: total 4 (initial active 4) (2 cores per cpu, 2 threads per core) family 6 model 140 stepping 2 microcode 0x34, cx8, cmov, fxsr, ht, mmx, 3dnowpref, sse, sse2, sse3, ssse3, sse4.1, sse4.2, popcnt, lzcnt, tsc, tscinvbit, avx, avx2, aes, erms, clmul, bmi1, bmi2, adx, avx512f, avx512dq, avx512cd, avx512bw, avx512vl, sha, fma, vzeroupper, avx512_vpopcntdq, avx512_vpclmulqdq, avx512_vaes, avx512_vnni, clflush, clflushopt, clwb, avx512_vbmi2, avx512_vbmi
Processor Information for processor 0
  Max Mhz: 2901, Current Mhz: 2901, Mhz Limit: 2901
Processor Information for processor 1
  Max Mhz: 2901, Current Mhz: 1100, Mhz Limit: 2901
Processor Information for processor 2
  Max Mhz: 2901, Current Mhz: 2901, Mhz Limit: 2901
Processor Information for processor 3
  Max Mhz: 2901, Current Mhz: 1100, Mhz Limit: 2901

Memory: 4k page, system-wide physical 3738M (264M free)
TotalPageFile size 15002M (AvailPageFile size 7M)
current process WorkingSet (physical memory assigned to process): 165M, peak: 167M
current process commit charge ("private bytes"): 202M, peak: 205M

vm_info: OpenJDK 64-Bit Server VM (17.0.10+0--11572160) for windows-amd64 JRE (17.0.10+0--11572160), built on Mar 13 2024 23:56:38 by "androidbuild" with MS VC++ 16.10 / 16.11 (VS2019)

END.
