#
# There is insufficient memory for the Java Runtime Environment to continue.
# Native memory allocation (malloc) failed to allocate 1814096 bytes for Chunk::new
# Possible reasons:
#   The system is out of physical RAM or swap space
#   The process is running with CompressedOops enabled, and the Java Heap may be blocking the growth of the native heap
# Possible solutions:
#   Reduce memory load on the system
#   Increase physical memory or swap space
#   Check if swap backing store is full
#   Decrease Java heap size (-Xmx/-Xms)
#   Decrease number of Java threads
#   Decrease Java thread stack sizes (-Xss)
#   Set larger code cache with -XX:ReservedCodeCacheSize=
#   JVM is running with Unscaled Compressed Oops mode in which the Java heap is
#     placed in the first 4GB address space. The Java Heap base address is the
#     maximum limit for the native heap growth. Please use -XX:HeapBaseMinAddress
#     to set the Java Heap base and to place the Java Heap above 4GB virtual address.
# This output file may be truncated or incomplete.
#
#  Out of Memory Error (arena.cpp:191), pid=21264, tid=21460
#
# JRE version: OpenJDK Runtime Environment (17.0.10) (build 17.0.10+0--11572160)
# Java VM: OpenJDK 64-Bit Server VM (17.0.10+0--11572160, mixed mode, tiered, compressed oops, compressed class ptrs, g1 gc, windows-amd64)
# No core dump will be written. Minidumps are not enabled by default on client versions of Windows
#

---------------  S U M M A R Y ------------

Command Line: --add-opens=java.base/java.util=ALL-UNNAMED --add-opens=java.base/java.lang=ALL-UNNAMED --add-opens=java.base/java.lang.invoke=ALL-UNNAMED --add-opens=java.prefs/java.util.prefs=ALL-UNNAMED --add-opens=java.base/java.nio.charset=ALL-UNNAMED --add-opens=java.base/java.net=ALL-UNNAMED --add-opens=java.base/java.util.concurrent.atomic=ALL-UNNAMED -Xmx2048m -Dfile.encoding=UTF-8 -Duser.country=ID -Duser.language=en -Duser.variant -javaagent:C:\Users\H P\.gradle\wrapper\dists\gradle-8.6-bin\afr5mpiioh2wthjmwnkmdsd5w\gradle-8.6\lib\agents\gradle-instrumentation-agent-8.6.jar org.gradle.launcher.daemon.bootstrap.GradleDaemon 8.6

Host: 11th Gen Intel(R) Core(TM) i3-1115G4 @ 3.00GHz, 4 cores, 3G,  Windows 11 , 64 bit Build 22621 (10.0.22621.5262)
Time: Fri May 23 16:39:47 2025 SE Asia Standard Time elapsed time: 11.811114 seconds (0d 0h 0m 11s)

---------------  T H R E A D  ---------------

Current thread (0x000002138426f860):  JavaThread "C2 CompilerThread0" daemon [_thread_in_native, id=21460, stack(0x000000e4bde00000,0x000000e4bdf00000)]


Current CompileTask:
C2:  11811 7245   !   4       java.net.URLClassLoader$1::run (81 bytes)

Stack: [0x000000e4bde00000,0x000000e4bdf00000]
Native frames: (J=compiled Java code, j=interpreted, Vv=VM code, C=native code)
V  [jvm.dll+0x688e89]
V  [jvm.dll+0x84247a]
V  [jvm.dll+0x8440be]
V  [jvm.dll+0x844723]
V  [jvm.dll+0x24be0f]
V  [jvm.dll+0xac524]
V  [jvm.dll+0xacb6c]
V  [jvm.dll+0x36bd12]
V  [jvm.dll+0x33615a]
V  [jvm.dll+0x3355fa]
V  [jvm.dll+0x21daa1]
V  [jvm.dll+0x21cec1]
V  [jvm.dll+0x1a60ad]
V  [jvm.dll+0x22cd78]
V  [jvm.dll+0x22aeb0]
V  [jvm.dll+0x7f6917]
V  [jvm.dll+0x7f0d1a]
V  [jvm.dll+0x687d05]
C  [ucrtbase.dll+0x29333]
C  [KERNEL32.DLL+0x1259d]
C  [ntdll.dll+0x5af58]


---------------  P R O C E S S  ---------------

Threads class SMR info:
_java_thread_list=0x000002138b5757d0, length=40, elements={
0x00000213ea9dd040, 0x00000213fff875f0, 0x00000213fff880c0, 0x00000213fffa4ba0,
0x00000213fffd5400, 0x00000213fffd7ce0, 0x00000213fffd85b0, 0x000002138426f860,
0x0000021384270170, 0x0000021384270a80, 0x0000021384369af0, 0x0000021384514fa0,
0x0000021389d8b050, 0x00000213894bdf10, 0x00000213896ea500, 0x00000213896ea9e0,
0x00000213895d0da0, 0x000002138a041400, 0x000002138a041910, 0x000002138a041e20,
0x000002138a042330, 0x000002138a042840, 0x000002138a03ffc0, 0x000002138a03f090,
0x000002138a03fab0, 0x000002138a040ef0, 0x000002138a0404d0, 0x000002138a0409e0,
0x000002138a75e150, 0x000002138a758120, 0x000002138a75dc40, 0x000002138a75b8d0,
0x000002138a75d730, 0x000002138a758630, 0x000002138a759050, 0x000002138a75a9a0,
0x000002138a75eb70, 0x000002138a75e660, 0x000002138a758b40, 0x000002138a759560
}

Java Threads: ( => current thread )
  0x00000213ea9dd040 JavaThread "main" [_thread_blocked, id=1940, stack(0x000000e4bd100000,0x000000e4bd200000)]
  0x00000213fff875f0 JavaThread "Reference Handler" daemon [_thread_blocked, id=7868, stack(0x000000e4bd800000,0x000000e4bd900000)]
  0x00000213fff880c0 JavaThread "Finalizer" daemon [_thread_blocked, id=10948, stack(0x000000e4bd900000,0x000000e4bda00000)]
  0x00000213fffa4ba0 JavaThread "Signal Dispatcher" daemon [_thread_blocked, id=11900, stack(0x000000e4bda00000,0x000000e4bdb00000)]
  0x00000213fffd5400 JavaThread "Attach Listener" daemon [_thread_blocked, id=7828, stack(0x000000e4bdb00000,0x000000e4bdc00000)]
  0x00000213fffd7ce0 JavaThread "Service Thread" daemon [_thread_blocked, id=19772, stack(0x000000e4bdc00000,0x000000e4bdd00000)]
  0x00000213fffd85b0 JavaThread "Monitor Deflation Thread" daemon [_thread_blocked, id=16356, stack(0x000000e4bdd00000,0x000000e4bde00000)]
=>0x000002138426f860 JavaThread "C2 CompilerThread0" daemon [_thread_in_native, id=21460, stack(0x000000e4bde00000,0x000000e4bdf00000)]
  0x0000021384270170 JavaThread "C1 CompilerThread0" daemon [_thread_blocked, id=12624, stack(0x000000e4bdf00000,0x000000e4be000000)]
  0x0000021384270a80 JavaThread "Sweeper thread" daemon [_thread_blocked, id=10432, stack(0x000000e4be000000,0x000000e4be100000)]
  0x0000021384369af0 JavaThread "Common-Cleaner" daemon [_thread_blocked, id=19720, stack(0x000000e4be100000,0x000000e4be200000)]
  0x0000021384514fa0 JavaThread "Notification Thread" daemon [_thread_blocked, id=14972, stack(0x000000e4be200000,0x000000e4be300000)]
  0x0000021389d8b050 JavaThread "Daemon health stats" [_thread_blocked, id=9084, stack(0x000000e4be700000,0x000000e4be800000)]
  0x00000213894bdf10 JavaThread "Incoming local TCP Connector on port 59994" [_thread_in_native, id=14004, stack(0x000000e4be800000,0x000000e4be900000)]
  0x00000213896ea500 JavaThread "Daemon periodic checks" [_thread_blocked, id=16476, stack(0x000000e4be900000,0x000000e4bea00000)]
  0x00000213896ea9e0 JavaThread "Daemon" [_thread_blocked, id=9836, stack(0x000000e4bea00000,0x000000e4beb00000)]
  0x00000213895d0da0 JavaThread "Handler for socket connection from /127.0.0.1:59994 to /127.0.0.1:59995" [_thread_in_native, id=10304, stack(0x000000e4beb00000,0x000000e4bec00000)]
  0x000002138a041400 JavaThread "Cancel handler" [_thread_blocked, id=8340, stack(0x000000e4bec00000,0x000000e4bed00000)]
  0x000002138a041910 JavaThread "Daemon worker" [_thread_in_native, id=9012, stack(0x000000e4bed00000,0x000000e4bee00000)]
  0x000002138a041e20 JavaThread "Asynchronous log dispatcher for DefaultDaemonConnection: socket connection from /127.0.0.1:59994 to /127.0.0.1:59995" [_thread_blocked, id=17648, stack(0x000000e4bee00000,0x000000e4bef00000)]
  0x000002138a042330 JavaThread "Stdin handler" [_thread_blocked, id=3212, stack(0x000000e4bef00000,0x000000e4bf000000)]
  0x000002138a042840 JavaThread "Daemon client event forwarder" [_thread_blocked, id=18808, stack(0x000000e4bf000000,0x000000e4bf100000)]
  0x000002138a03ffc0 JavaThread "Cache worker for journal cache (C:\Users\H P\.gradle\caches\journal-1)" [_thread_blocked, id=15708, stack(0x000000e4bf100000,0x000000e4bf200000)]
  0x000002138a03f090 JavaThread "File lock request listener" [_thread_in_native, id=4072, stack(0x000000e4bf200000,0x000000e4bf300000)]
  0x000002138a03fab0 JavaThread "Cache worker for file hash cache (C:\Users\H P\.gradle\caches\8.6\fileHashes)" [_thread_blocked, id=20592, stack(0x000000e4bf300000,0x000000e4bf400000)]
  0x000002138a040ef0 JavaThread "File watcher server" daemon [_thread_in_native, id=18088, stack(0x000000e4bf400000,0x000000e4bf500000)]
  0x000002138a0404d0 JavaThread "File watcher consumer" daemon [_thread_blocked, id=18240, stack(0x000000e4bf500000,0x000000e4bf600000)]
  0x000002138a0409e0 JavaThread "Cache worker for checksums cache (C:\Users\H P\Projek Skripsi\MyApplication\.gradle\8.6\checksums)" [_thread_blocked, id=17392, stack(0x000000e4bf600000,0x000000e4bf700000)]
  0x000002138a75e150 JavaThread "Cache worker for file hash cache (C:\Users\H P\Projek Skripsi\MyApplication\.gradle\8.6\fileHashes)" [_thread_blocked, id=4024, stack(0x000000e4bf700000,0x000000e4bf800000)]
  0x000002138a758120 JavaThread "Cache worker for cache directory md-supplier (C:\Users\H P\.gradle\caches\8.6\md-supplier)" [_thread_blocked, id=7988, stack(0x000000e4bf800000,0x000000e4bf900000)]
  0x000002138a75dc40 JavaThread "Cache worker for cache directory md-rule (C:\Users\H P\.gradle\caches\8.6\md-rule)" [_thread_blocked, id=14088, stack(0x000000e4bf900000,0x000000e4bfa00000)]
  0x000002138a75b8d0 JavaThread "Cache worker for file content cache (C:\Users\H P\.gradle\caches\8.6\fileContent)" [_thread_blocked, id=11968, stack(0x000000e4bfa00000,0x000000e4bfb00000)]
  0x000002138a75d730 JavaThread "jar transforms" [_thread_blocked, id=21288, stack(0x000000e4bfb00000,0x000000e4bfc00000)]
  0x000002138a758630 JavaThread "jar transforms Thread 2" [_thread_blocked, id=18540, stack(0x000000e4bfc00000,0x000000e4bfd00000)]
  0x000002138a759050 JavaThread "jar transforms Thread 3" [_thread_blocked, id=12424, stack(0x000000e4bfd00000,0x000000e4bfe00000)]
  0x000002138a75a9a0 JavaThread "jar transforms Thread 4" [_thread_blocked, id=14664, stack(0x000000e4bfe00000,0x000000e4bff00000)]
  0x000002138a75eb70 JavaThread "Cache worker for Build Output Cleanup Cache (C:\Users\H P\Projek Skripsi\MyApplication\.gradle\buildOutputCleanup)" [_thread_blocked, id=21468, stack(0x000000e4bff00000,0x000000e4c0000000)]
  0x000002138a75e660 JavaThread "Unconstrained build operations" [_thread_blocked, id=11748, stack(0x000000e4c0100000,0x000000e4c0200000)]
  0x000002138a758b40 JavaThread "Unconstrained build operations Thread 2" [_thread_blocked, id=2752, stack(0x000000e4c0200000,0x000000e4c0300000)]
  0x000002138a759560 JavaThread "Unconstrained build operations Thread 3" [_thread_blocked, id=11884, stack(0x000000e4c0300000,0x000000e4c0400000)]

Other Threads:
  0x00000213fffb7590 VMThread "VM Thread" [stack: 0x000000e4bd700000,0x000000e4bd800000] [id=18124]
  0x00000213ea9dddd0 WatcherThread [stack: 0x000000e4be300000,0x000000e4be400000] [id=11344]
  0x00000213eaa39620 GCTaskThread "GC Thread#0" [stack: 0x000000e4bd200000,0x000000e4bd300000] [id=4324]
  0x00000213847fc880 GCTaskThread "GC Thread#1" [stack: 0x000000e4be400000,0x000000e4be500000] [id=4728]
  0x000002138477e230 GCTaskThread "GC Thread#2" [stack: 0x000000e4be500000,0x000000e4be600000] [id=5720]
  0x0000021384670060 GCTaskThread "GC Thread#3" [stack: 0x000000e4be600000,0x000000e4be700000] [id=15388]
  0x00000213eaa4ac20 ConcurrentGCThread "G1 Main Marker" [stack: 0x000000e4bd300000,0x000000e4bd400000] [id=12644]
  0x00000213eaa4b550 ConcurrentGCThread "G1 Conc#0" [stack: 0x000000e4bd400000,0x000000e4bd500000] [id=3544]
  0x00000213eaa88f60 ConcurrentGCThread "G1 Refine#0" [stack: 0x000000e4bd500000,0x000000e4bd600000] [id=19352]
  0x00000213eaa898a0 ConcurrentGCThread "G1 Service" [stack: 0x000000e4bd600000,0x000000e4bd700000] [id=2060]

Threads with active compile tasks:
C2 CompilerThread0    11844 7245   !   4       java.net.URLClassLoader$1::run (81 bytes)

VM state: not at safepoint (normal execution)

VM Mutex/Monitor currently owned by a thread: None

Heap address: 0x0000000080000000, size: 2048 MB, Compressed Oops mode: 32-bit

CDS archive(s) not mapped
Compressed class space mapped at: 0x0000000100000000-0x0000000140000000, reserved size: 1073741824
Narrow klass base: 0x0000000000000000, Narrow klass shift: 3, Narrow klass range: 0x140000000

GC Precious Log:
 CPUs: 4 total, 4 available
 Memory: 3738M
 Large Page Support: Disabled
 NUMA Support: Disabled
 Compressed Oops: Enabled (32-bit)
 Heap Region Size: 1M
 Heap Min Capacity: 8M
 Heap Initial Capacity: 60M
 Heap Max Capacity: 2G
 Pre-touch: Disabled
 Parallel Workers: 4
 Concurrent Workers: 1
 Concurrent Refinement Workers: 4
 Periodic GC: Disabled

Heap:
 garbage-first heap   total 165888K, used 85357K [0x0000000080000000, 0x0000000100000000)
  region size 1024K, 19 young (19456K), 1 survivors (1024K)
 Metaspace       used 65673K, committed 66240K, reserved 1114112K
  class space    used 8911K, committed 9152K, reserved 1048576K

Heap Regions: E=young(eden), S=young(survivor), O=old, HS=humongous(starts), HC=humongous(continues), CS=collection set, F=free, OA=open archive, CA=closed archive, TAMS=top-at-mark-start (previous, next)
|   0|0x0000000080000000, 0x0000000080100000, 0x0000000080100000|100%| O|  |TAMS 0x0000000080100000, 0x0000000080000000| Untracked 
|   1|0x0000000080100000, 0x0000000080200000, 0x0000000080200000|100%| O|  |TAMS 0x0000000080200000, 0x0000000080100000| Untracked 
|   2|0x0000000080200000, 0x0000000080300000, 0x0000000080300000|100%|HS|  |TAMS 0x0000000080300000, 0x0000000080200000| Complete 
|   3|0x0000000080300000, 0x0000000080400000, 0x0000000080400000|100%|HC|  |TAMS 0x0000000080400000, 0x0000000080300000| Complete 
|   4|0x0000000080400000, 0x0000000080500000, 0x0000000080500000|100%|HC|  |TAMS 0x0000000080500000, 0x0000000080400000| Complete 
|   5|0x0000000080500000, 0x0000000080600000, 0x0000000080600000|100%|HC|  |TAMS 0x0000000080600000, 0x0000000080500000| Complete 
|   6|0x0000000080600000, 0x0000000080700000, 0x0000000080700000|100%| O|  |TAMS 0x0000000080700000, 0x0000000080600000| Untracked 
|   7|0x0000000080700000, 0x0000000080800000, 0x0000000080800000|100%| O|  |TAMS 0x0000000080800000, 0x0000000080700000| Untracked 
|   8|0x0000000080800000, 0x0000000080900000, 0x0000000080900000|100%| O|  |TAMS 0x0000000080900000, 0x0000000080800000| Untracked 
|   9|0x0000000080900000, 0x0000000080a00000, 0x0000000080a00000|100%| O|  |TAMS 0x0000000080a00000, 0x0000000080900000| Untracked 
|  10|0x0000000080a00000, 0x0000000080b00000, 0x0000000080b00000|100%| O|  |TAMS 0x0000000080b00000, 0x0000000080a00000| Untracked 
|  11|0x0000000080b00000, 0x0000000080c00000, 0x0000000080c00000|100%| O|  |TAMS 0x0000000080c00000, 0x0000000080b00000| Untracked 
|  12|0x0000000080c00000, 0x0000000080d00000, 0x0000000080d00000|100%| O|  |TAMS 0x0000000080d00000, 0x0000000080c00000| Untracked 
|  13|0x0000000080d00000, 0x0000000080e00000, 0x0000000080e00000|100%| O|  |TAMS 0x0000000080e00000, 0x0000000080d00000| Untracked 
|  14|0x0000000080e00000, 0x0000000080f00000, 0x0000000080f00000|100%| O|  |TAMS 0x0000000080f00000, 0x0000000080e00000| Untracked 
|  15|0x0000000080f00000, 0x0000000081000000, 0x0000000081000000|100%| O|  |TAMS 0x0000000081000000, 0x0000000080f00000| Untracked 
|  16|0x0000000081000000, 0x0000000081100000, 0x0000000081100000|100%| O|  |TAMS 0x0000000081100000, 0x0000000081000000| Untracked 
|  17|0x0000000081100000, 0x0000000081200000, 0x0000000081200000|100%| O|  |TAMS 0x0000000081200000, 0x0000000081100000| Untracked 
|  18|0x0000000081200000, 0x0000000081300000, 0x0000000081300000|100%| O|  |TAMS 0x0000000081300000, 0x0000000081200000| Untracked 
|  19|0x0000000081300000, 0x0000000081400000, 0x0000000081400000|100%| O|  |TAMS 0x0000000081400000, 0x0000000081300000| Untracked 
|  20|0x0000000081400000, 0x0000000081500000, 0x0000000081500000|100%| O|  |TAMS 0x0000000081500000, 0x0000000081400000| Untracked 
|  21|0x0000000081500000, 0x0000000081600000, 0x0000000081600000|100%| O|  |TAMS 0x0000000081600000, 0x0000000081500000| Untracked 
|  22|0x0000000081600000, 0x0000000081700000, 0x0000000081700000|100%|HS|  |TAMS 0x0000000081600000, 0x0000000081600000| Complete 
|  23|0x0000000081700000, 0x0000000081800000, 0x0000000081800000|100%| O|  |TAMS 0x0000000081800000, 0x0000000081700000| Untracked 
|  24|0x0000000081800000, 0x0000000081900000, 0x0000000081900000|100%| O|  |TAMS 0x0000000081900000, 0x0000000081800000| Untracked 
|  25|0x0000000081900000, 0x0000000081a00000, 0x0000000081a00000|100%| O|  |TAMS 0x0000000081a00000, 0x0000000081900000| Untracked 
|  26|0x0000000081a00000, 0x0000000081b00000, 0x0000000081b00000|100%| O|  |TAMS 0x0000000081b00000, 0x0000000081a00000| Untracked 
|  27|0x0000000081b00000, 0x0000000081c00000, 0x0000000081c00000|100%| O|  |TAMS 0x0000000081c00000, 0x0000000081b00000| Untracked 
|  28|0x0000000081c00000, 0x0000000081d00000, 0x0000000081d00000|100%| O|  |TAMS 0x0000000081d00000, 0x0000000081c00000| Untracked 
|  29|0x0000000081d00000, 0x0000000081e00000, 0x0000000081e00000|100%| O|  |TAMS 0x0000000081e00000, 0x0000000081d00000| Untracked 
|  30|0x0000000081e00000, 0x0000000081f00000, 0x0000000081f00000|100%| O|  |TAMS 0x0000000081f00000, 0x0000000081e00000| Untracked 
|  31|0x0000000081f00000, 0x0000000082000000, 0x0000000082000000|100%| O|  |TAMS 0x0000000082000000, 0x0000000081f00000| Untracked 
|  32|0x0000000082000000, 0x0000000082100000, 0x0000000082100000|100%| O|  |TAMS 0x0000000082100000, 0x0000000082000000| Untracked 
|  33|0x0000000082100000, 0x0000000082200000, 0x0000000082200000|100%| O|  |TAMS 0x0000000082200000, 0x0000000082100000| Untracked 
|  34|0x0000000082200000, 0x0000000082300000, 0x0000000082300000|100%| O|  |TAMS 0x0000000082300000, 0x0000000082200000| Untracked 
|  35|0x0000000082300000, 0x0000000082400000, 0x0000000082400000|100%| O|  |TAMS 0x0000000082400000, 0x0000000082300000| Untracked 
|  36|0x0000000082400000, 0x0000000082500000, 0x0000000082500000|100%| O|  |TAMS 0x0000000082500000, 0x0000000082400000| Untracked 
|  37|0x0000000082500000, 0x0000000082600000, 0x0000000082600000|100%|HS|  |TAMS 0x0000000082500000, 0x0000000082500000| Complete 
|  38|0x0000000082600000, 0x0000000082600000, 0x0000000082700000|  0%| F|  |TAMS 0x0000000082600000, 0x0000000082600000| Untracked 
|  39|0x0000000082700000, 0x0000000082800000, 0x0000000082800000|100%| O|  |TAMS 0x0000000082800000, 0x0000000082700000| Untracked 
|  40|0x0000000082800000, 0x0000000082900000, 0x0000000082900000|100%| O|  |TAMS 0x0000000082900000, 0x0000000082800000| Untracked 
|  41|0x0000000082900000, 0x0000000082a00000, 0x0000000082a00000|100%| O|  |TAMS 0x0000000082a00000, 0x0000000082900000| Untracked 
|  42|0x0000000082a00000, 0x0000000082b00000, 0x0000000082b00000|100%| O|  |TAMS 0x0000000082b00000, 0x0000000082a00000| Untracked 
|  43|0x0000000082b00000, 0x0000000082c00000, 0x0000000082c00000|100%| O|  |TAMS 0x0000000082c00000, 0x0000000082b00000| Untracked 
|  44|0x0000000082c00000, 0x0000000082d00000, 0x0000000082d00000|100%| O|  |TAMS 0x0000000082d00000, 0x0000000082c00000| Untracked 
|  45|0x0000000082d00000, 0x0000000082d00000, 0x0000000082e00000|  0%| F|  |TAMS 0x0000000082d00000, 0x0000000082d00000| Untracked 
|  46|0x0000000082e00000, 0x0000000082f00000, 0x0000000082f00000|100%| O|  |TAMS 0x0000000082ea6000, 0x0000000082e00000| Untracked 
|  47|0x0000000082f00000, 0x0000000083000000, 0x0000000083000000|100%|HS|  |TAMS 0x0000000082f00000, 0x0000000082f00000| Complete 
|  48|0x0000000083000000, 0x0000000083100000, 0x0000000083100000|100%|HS|  |TAMS 0x0000000083000000, 0x0000000083000000| Complete 
|  49|0x0000000083100000, 0x0000000083200000, 0x0000000083200000|100%|HC|  |TAMS 0x0000000083100000, 0x0000000083100000| Complete 
|  50|0x0000000083200000, 0x0000000083300000, 0x0000000083300000|100%|HS|  |TAMS 0x0000000083200000, 0x0000000083200000| Complete 
|  51|0x0000000083300000, 0x0000000083400000, 0x0000000083400000|100%|HC|  |TAMS 0x0000000083300000, 0x0000000083300000| Complete 
|  52|0x0000000083400000, 0x0000000083500000, 0x0000000083500000|100%|HS|  |TAMS 0x0000000083400000, 0x0000000083400000| Complete 
|  53|0x0000000083500000, 0x0000000083600000, 0x0000000083600000|100%|HS|  |TAMS 0x0000000083500000, 0x0000000083500000| Complete 
|  54|0x0000000083600000, 0x0000000083700000, 0x0000000083700000|100%|HC|  |TAMS 0x0000000083600000, 0x0000000083600000| Complete 
|  55|0x0000000083700000, 0x0000000083800000, 0x0000000083800000|100%|HC|  |TAMS 0x0000000083700000, 0x0000000083700000| Complete 
|  56|0x0000000083800000, 0x0000000083900000, 0x0000000083900000|100%|HC|  |TAMS 0x0000000083800000, 0x0000000083800000| Complete 
|  57|0x0000000083900000, 0x0000000083a00000, 0x0000000083a00000|100%|HS|  |TAMS 0x0000000083900000, 0x0000000083900000| Complete 
|  58|0x0000000083a00000, 0x0000000083b00000, 0x0000000083b00000|100%| O|  |TAMS 0x0000000083a00000, 0x0000000083a00000| Untracked 
|  59|0x0000000083b00000, 0x0000000083c00000, 0x0000000083c00000|100%|HS|  |TAMS 0x0000000083b00000, 0x0000000083b00000| Complete 
|  60|0x0000000083c00000, 0x0000000083d00000, 0x0000000083d00000|100%| O|  |TAMS 0x0000000083c00000, 0x0000000083c00000| Untracked 
|  61|0x0000000083d00000, 0x0000000083e00000, 0x0000000083e00000|100%| O|  |TAMS 0x0000000083d00000, 0x0000000083d00000| Untracked 
|  62|0x0000000083e00000, 0x0000000083f00000, 0x0000000083f00000|100%| O|  |TAMS 0x0000000083e00000, 0x0000000083e00000| Untracked 
|  63|0x0000000083f00000, 0x0000000084000000, 0x0000000084000000|100%| O|  |TAMS 0x0000000083f00000, 0x0000000083f00000| Untracked 
|  64|0x0000000084000000, 0x0000000084000000, 0x0000000084100000|  0%| F|  |TAMS 0x0000000084000000, 0x0000000084000000| Untracked 
|  65|0x0000000084100000, 0x0000000084100000, 0x0000000084200000|  0%| F|  |TAMS 0x0000000084100000, 0x0000000084100000| Untracked 
|  66|0x0000000084200000, 0x0000000084200000, 0x0000000084300000|  0%| F|  |TAMS 0x0000000084200000, 0x0000000084200000| Untracked 
|  67|0x0000000084300000, 0x0000000084400000, 0x0000000084400000|100%| O|  |TAMS 0x0000000084300000, 0x0000000084300000| Untracked 
|  68|0x0000000084400000, 0x0000000084500000, 0x0000000084500000|100%| O|  |TAMS 0x0000000084400000, 0x0000000084400000| Untracked 
|  69|0x0000000084500000, 0x0000000084522c00, 0x0000000084600000| 13%| O|  |TAMS 0x0000000084500000, 0x0000000084500000| Untracked 
|  70|0x0000000084600000, 0x0000000084600000, 0x0000000084700000|  0%| F|  |TAMS 0x0000000084600000, 0x0000000084600000| Untracked 
|  71|0x0000000084700000, 0x0000000084700000, 0x0000000084800000|  0%| F|  |TAMS 0x0000000084700000, 0x0000000084700000| Untracked 
|  72|0x0000000084800000, 0x0000000084800000, 0x0000000084900000|  0%| F|  |TAMS 0x0000000084800000, 0x0000000084800000| Untracked 
|  73|0x0000000084900000, 0x0000000084900000, 0x0000000084a00000|  0%| F|  |TAMS 0x0000000084900000, 0x0000000084900000| Untracked 
|  74|0x0000000084a00000, 0x0000000084a00000, 0x0000000084b00000|  0%| F|  |TAMS 0x0000000084a00000, 0x0000000084a00000| Untracked 
|  75|0x0000000084b00000, 0x0000000084b00000, 0x0000000084c00000|  0%| F|  |TAMS 0x0000000084b00000, 0x0000000084b00000| Untracked 
|  76|0x0000000084c00000, 0x0000000084c00000, 0x0000000084d00000|  0%| F|  |TAMS 0x0000000084c00000, 0x0000000084c00000| Untracked 
|  77|0x0000000084d00000, 0x0000000084d00000, 0x0000000084e00000|  0%| F|  |TAMS 0x0000000084d00000, 0x0000000084d00000| Untracked 
|  78|0x0000000084e00000, 0x0000000084e00000, 0x0000000084f00000|  0%| F|  |TAMS 0x0000000084e00000, 0x0000000084e00000| Untracked 
|  79|0x0000000084f00000, 0x0000000084f00000, 0x0000000085000000|  0%| F|  |TAMS 0x0000000084f00000, 0x0000000084f00000| Untracked 
|  80|0x0000000085000000, 0x0000000085000000, 0x0000000085100000|  0%| F|  |TAMS 0x0000000085000000, 0x0000000085000000| Untracked 
|  81|0x0000000085100000, 0x0000000085100000, 0x0000000085200000|  0%| F|  |TAMS 0x0000000085100000, 0x0000000085100000| Untracked 
|  82|0x0000000085200000, 0x0000000085200000, 0x0000000085300000|  0%| F|  |TAMS 0x0000000085200000, 0x0000000085200000| Untracked 
|  83|0x0000000085300000, 0x0000000085300000, 0x0000000085400000|  0%| F|  |TAMS 0x0000000085300000, 0x0000000085300000| Untracked 
|  84|0x0000000085400000, 0x0000000085400000, 0x0000000085500000|  0%| F|  |TAMS 0x0000000085400000, 0x0000000085400000| Untracked 
|  85|0x0000000085500000, 0x0000000085538b98, 0x0000000085600000| 22%| S|CS|TAMS 0x0000000085500000, 0x0000000085500000| Complete 
|  86|0x0000000085600000, 0x0000000085600000, 0x0000000085700000|  0%| F|  |TAMS 0x0000000085600000, 0x0000000085600000| Untracked 
|  87|0x0000000085700000, 0x0000000085700000, 0x0000000085800000|  0%| F|  |TAMS 0x0000000085700000, 0x0000000085700000| Untracked 
|  88|0x0000000085800000, 0x0000000085800000, 0x0000000085900000|  0%| F|  |TAMS 0x0000000085800000, 0x0000000085800000| Untracked 
|  89|0x0000000085900000, 0x0000000085900000, 0x0000000085a00000|  0%| F|  |TAMS 0x0000000085900000, 0x0000000085900000| Untracked 
|  90|0x0000000085a00000, 0x0000000085a00000, 0x0000000085b00000|  0%| F|  |TAMS 0x0000000085a00000, 0x0000000085a00000| Untracked 
|  91|0x0000000085b00000, 0x0000000085b00000, 0x0000000085c00000|  0%| F|  |TAMS 0x0000000085b00000, 0x0000000085b00000| Untracked 
|  92|0x0000000085c00000, 0x0000000085c00000, 0x0000000085d00000|  0%| F|  |TAMS 0x0000000085c00000, 0x0000000085c00000| Untracked 
|  93|0x0000000085d00000, 0x0000000085d00000, 0x0000000085e00000|  0%| F|  |TAMS 0x0000000085d00000, 0x0000000085d00000| Untracked 
|  94|0x0000000085e00000, 0x0000000085e00000, 0x0000000085f00000|  0%| F|  |TAMS 0x0000000085e00000, 0x0000000085e00000| Untracked 
|  95|0x0000000085f00000, 0x0000000085f00000, 0x0000000086000000|  0%| F|  |TAMS 0x0000000085f00000, 0x0000000085f00000| Untracked 
|  96|0x0000000086000000, 0x0000000086000000, 0x0000000086100000|  0%| F|  |TAMS 0x0000000086000000, 0x0000000086000000| Untracked 
|  97|0x0000000086100000, 0x0000000086100000, 0x0000000086200000|  0%| F|  |TAMS 0x0000000086100000, 0x0000000086100000| Untracked 
|  98|0x0000000086200000, 0x0000000086200000, 0x0000000086300000|  0%| F|  |TAMS 0x0000000086200000, 0x0000000086200000| Untracked 
|  99|0x0000000086300000, 0x0000000086300000, 0x0000000086400000|  0%| F|  |TAMS 0x0000000086300000, 0x0000000086300000| Untracked 
| 100|0x0000000086400000, 0x0000000086400000, 0x0000000086500000|  0%| F|  |TAMS 0x0000000086400000, 0x0000000086400000| Untracked 
| 101|0x0000000086500000, 0x0000000086500000, 0x0000000086600000|  0%| F|  |TAMS 0x0000000086500000, 0x0000000086500000| Untracked 
| 102|0x0000000086600000, 0x0000000086600000, 0x0000000086700000|  0%| F|  |TAMS 0x0000000086600000, 0x0000000086600000| Untracked 
| 103|0x0000000086700000, 0x0000000086700000, 0x0000000086800000|  0%| F|  |TAMS 0x0000000086700000, 0x0000000086700000| Untracked 
| 104|0x0000000086800000, 0x0000000086800000, 0x0000000086900000|  0%| F|  |TAMS 0x0000000086800000, 0x0000000086800000| Untracked 
| 105|0x0000000086900000, 0x0000000086900000, 0x0000000086a00000|  0%| F|  |TAMS 0x0000000086900000, 0x0000000086900000| Untracked 
| 106|0x0000000086a00000, 0x0000000086a00000, 0x0000000086b00000|  0%| F|  |TAMS 0x0000000086a00000, 0x0000000086a00000| Untracked 
| 107|0x0000000086b00000, 0x0000000086b00000, 0x0000000086c00000|  0%| F|  |TAMS 0x0000000086b00000, 0x0000000086b00000| Untracked 
| 108|0x0000000086c00000, 0x0000000086c00000, 0x0000000086d00000|  0%| F|  |TAMS 0x0000000086c00000, 0x0000000086c00000| Untracked 
| 109|0x0000000086d00000, 0x0000000086d00000, 0x0000000086e00000|  0%| F|  |TAMS 0x0000000086d00000, 0x0000000086d00000| Untracked 
| 110|0x0000000086e00000, 0x0000000086e00000, 0x0000000086f00000|  0%| F|  |TAMS 0x0000000086e00000, 0x0000000086e00000| Untracked 
| 111|0x0000000086f00000, 0x0000000086f00000, 0x0000000087000000|  0%| F|  |TAMS 0x0000000086f00000, 0x0000000086f00000| Untracked 
| 112|0x0000000087000000, 0x0000000087000000, 0x0000000087100000|  0%| F|  |TAMS 0x0000000087000000, 0x0000000087000000| Untracked 
| 113|0x0000000087100000, 0x0000000087100000, 0x0000000087200000|  0%| F|  |TAMS 0x0000000087100000, 0x0000000087100000| Untracked 
| 114|0x0000000087200000, 0x0000000087200000, 0x0000000087300000|  0%| F|  |TAMS 0x0000000087200000, 0x0000000087200000| Untracked 
| 115|0x0000000087300000, 0x0000000087300000, 0x0000000087400000|  0%| F|  |TAMS 0x0000000087300000, 0x0000000087300000| Untracked 
| 116|0x0000000087400000, 0x0000000087400000, 0x0000000087500000|  0%| F|  |TAMS 0x0000000087400000, 0x0000000087400000| Untracked 
| 117|0x0000000087500000, 0x0000000087500000, 0x0000000087600000|  0%| F|  |TAMS 0x0000000087500000, 0x0000000087500000| Untracked 
| 118|0x0000000087600000, 0x0000000087600000, 0x0000000087700000|  0%| F|  |TAMS 0x0000000087600000, 0x0000000087600000| Untracked 
| 119|0x0000000087700000, 0x0000000087700000, 0x0000000087800000|  0%| F|  |TAMS 0x0000000087700000, 0x0000000087700000| Untracked 
| 120|0x0000000087800000, 0x0000000087800000, 0x0000000087900000|  0%| F|  |TAMS 0x0000000087800000, 0x0000000087800000| Untracked 
| 121|0x0000000087900000, 0x0000000087900000, 0x0000000087a00000|  0%| F|  |TAMS 0x0000000087900000, 0x0000000087900000| Untracked 
| 122|0x0000000087a00000, 0x0000000087a00000, 0x0000000087b00000|  0%| F|  |TAMS 0x0000000087a00000, 0x0000000087a00000| Untracked 
| 123|0x0000000087b00000, 0x0000000087b00000, 0x0000000087c00000|  0%| F|  |TAMS 0x0000000087b00000, 0x0000000087b00000| Untracked 
| 124|0x0000000087c00000, 0x0000000087c00000, 0x0000000087d00000|  0%| F|  |TAMS 0x0000000087c00000, 0x0000000087c00000| Untracked 
| 125|0x0000000087d00000, 0x0000000087d00000, 0x0000000087e00000|  0%| F|  |TAMS 0x0000000087d00000, 0x0000000087d00000| Untracked 
| 126|0x0000000087e00000, 0x0000000087e00000, 0x0000000087f00000|  0%| F|  |TAMS 0x0000000087e00000, 0x0000000087e00000| Untracked 
| 127|0x0000000087f00000, 0x0000000087f00000, 0x0000000088000000|  0%| F|  |TAMS 0x0000000087f00000, 0x0000000087f00000| Untracked 
| 128|0x0000000088000000, 0x0000000088000000, 0x0000000088100000|  0%| F|  |TAMS 0x0000000088000000, 0x0000000088000000| Untracked 
| 129|0x0000000088100000, 0x0000000088100000, 0x0000000088200000|  0%| F|  |TAMS 0x0000000088100000, 0x0000000088100000| Untracked 
| 130|0x0000000088200000, 0x0000000088200000, 0x0000000088300000|  0%| F|  |TAMS 0x0000000088200000, 0x0000000088200000| Untracked 
| 131|0x0000000088300000, 0x0000000088300000, 0x0000000088400000|  0%| F|  |TAMS 0x0000000088300000, 0x0000000088300000| Untracked 
| 132|0x0000000088400000, 0x0000000088400000, 0x0000000088500000|  0%| F|  |TAMS 0x0000000088400000, 0x0000000088400000| Untracked 
| 133|0x0000000088500000, 0x0000000088500000, 0x0000000088600000|  0%| F|  |TAMS 0x0000000088500000, 0x0000000088500000| Untracked 
| 134|0x0000000088600000, 0x0000000088600000, 0x0000000088700000|  0%| F|  |TAMS 0x0000000088600000, 0x0000000088600000| Untracked 
| 135|0x0000000088700000, 0x0000000088700000, 0x0000000088800000|  0%| F|  |TAMS 0x0000000088700000, 0x0000000088700000| Untracked 
| 136|0x0000000088800000, 0x0000000088800000, 0x0000000088900000|  0%| F|  |TAMS 0x0000000088800000, 0x0000000088800000| Untracked 
| 137|0x0000000088900000, 0x0000000088900000, 0x0000000088a00000|  0%| F|  |TAMS 0x0000000088900000, 0x0000000088900000| Untracked 
| 138|0x0000000088a00000, 0x0000000088a00000, 0x0000000088b00000|  0%| F|  |TAMS 0x0000000088a00000, 0x0000000088a00000| Untracked 
| 139|0x0000000088b00000, 0x0000000088b00000, 0x0000000088c00000|  0%| F|  |TAMS 0x0000000088b00000, 0x0000000088b00000| Untracked 
| 140|0x0000000088c00000, 0x0000000088c00000, 0x0000000088d00000|  0%| F|  |TAMS 0x0000000088c00000, 0x0000000088c00000| Untracked 
| 141|0x0000000088d00000, 0x0000000088d00000, 0x0000000088e00000|  0%| F|  |TAMS 0x0000000088d00000, 0x0000000088d00000| Untracked 
| 142|0x0000000088e00000, 0x0000000088e80800, 0x0000000088f00000| 50%| E|  |TAMS 0x0000000088e00000, 0x0000000088e00000| Complete 
| 143|0x0000000088f00000, 0x0000000089000000, 0x0000000089000000|100%| E|CS|TAMS 0x0000000088f00000, 0x0000000088f00000| Complete 
| 144|0x0000000089000000, 0x0000000089100000, 0x0000000089100000|100%| E|CS|TAMS 0x0000000089000000, 0x0000000089000000| Complete 
| 145|0x0000000089100000, 0x0000000089200000, 0x0000000089200000|100%| E|CS|TAMS 0x0000000089100000, 0x0000000089100000| Complete 
| 146|0x0000000089200000, 0x0000000089300000, 0x0000000089300000|100%| E|CS|TAMS 0x0000000089200000, 0x0000000089200000| Complete 
| 147|0x0000000089300000, 0x0000000089400000, 0x0000000089400000|100%| E|CS|TAMS 0x0000000089300000, 0x0000000089300000| Complete 
| 148|0x0000000089400000, 0x0000000089500000, 0x0000000089500000|100%| E|CS|TAMS 0x0000000089400000, 0x0000000089400000| Complete 
| 149|0x0000000089500000, 0x0000000089600000, 0x0000000089600000|100%| E|CS|TAMS 0x0000000089500000, 0x0000000089500000| Complete 
| 150|0x0000000089600000, 0x0000000089700000, 0x0000000089700000|100%| E|CS|TAMS 0x0000000089600000, 0x0000000089600000| Complete 
| 151|0x0000000089700000, 0x0000000089800000, 0x0000000089800000|100%| E|CS|TAMS 0x0000000089700000, 0x0000000089700000| Complete 
| 152|0x0000000089800000, 0x0000000089900000, 0x0000000089900000|100%| E|CS|TAMS 0x0000000089800000, 0x0000000089800000| Complete 
| 153|0x0000000089900000, 0x0000000089a00000, 0x0000000089a00000|100%| E|CS|TAMS 0x0000000089900000, 0x0000000089900000| Complete 
| 154|0x0000000089a00000, 0x0000000089b00000, 0x0000000089b00000|100%| E|CS|TAMS 0x0000000089a00000, 0x0000000089a00000| Complete 
| 155|0x0000000089b00000, 0x0000000089c00000, 0x0000000089c00000|100%| E|CS|TAMS 0x0000000089b00000, 0x0000000089b00000| Complete 
| 156|0x0000000089c00000, 0x0000000089d00000, 0x0000000089d00000|100%| E|CS|TAMS 0x0000000089c00000, 0x0000000089c00000| Complete 
| 157|0x0000000089d00000, 0x0000000089e00000, 0x0000000089e00000|100%| E|CS|TAMS 0x0000000089d00000, 0x0000000089d00000| Complete 
| 158|0x0000000089e00000, 0x0000000089f00000, 0x0000000089f00000|100%| E|CS|TAMS 0x0000000089e00000, 0x0000000089e00000| Complete 
| 159|0x0000000089f00000, 0x000000008a000000, 0x000000008a000000|100%| E|CS|TAMS 0x0000000089f00000, 0x0000000089f00000| Complete 
|2046|0x00000000ffe00000, 0x00000000fff00000, 0x00000000fff00000|100%| O|  |TAMS 0x00000000ffe00000, 0x00000000ffe00000| Untracked 
|2047|0x00000000fff00000, 0x0000000100000000, 0x0000000100000000|100%| O|  |TAMS 0x00000000fff00000, 0x00000000fff00000| Untracked 

Card table byte_map: [0x00000213fd2b0000,0x00000213fd6b0000] _byte_map_base: 0x00000213fceb0000

Marking Bits (Prev, Next): (CMBitMap*) 0x00000213eaa39b90, (CMBitMap*) 0x00000213eaa39b50
 Prev Bits: [0x0000021380000000, 0x0000021382000000)
 Next Bits: [0x00000213fdab0000, 0x00000213ffab0000)

Polling page: 0x00000213e8990000

Metaspace:

Usage:
  Non-class:     55.46 MB used.
      Class:      8.71 MB used.
       Both:     64.17 MB used.

Virtual space:
  Non-class space:       64.00 MB reserved,      55.75 MB ( 87%) committed,  1 nodes.
      Class space:        1.00 GB reserved,       9.00 MB ( <1%) committed,  1 nodes.
             Both:        1.06 GB reserved,      64.75 MB (  6%) committed. 

Chunk freelists:
   Non-Class:  7.88 MB
       Class:  7.05 MB
        Both:  14.92 MB

MaxMetaspaceSize: unlimited
CompressedClassSpaceSize: 1.00 GB
Initial GC threshold: 21.00 MB
Current GC threshold: 104.62 MB
CDS: off
MetaspaceReclaimPolicy: balanced
 - commit_granule_bytes: 65536.
 - commit_granule_words: 8192.
 - virtual_space_node_default_size: 8388608.
 - enlarge_chunks_in_place: 1.
 - new_chunks_are_fully_committed: 0.
 - uncommit_free_chunks: 1.
 - use_allocation_guard: 0.
 - handle_deallocations: 1.


Internal statistics:

num_allocs_failed_limit: 12.
num_arena_births: 672.
num_arena_deaths: 0.
num_vsnodes_births: 2.
num_vsnodes_deaths: 0.
num_space_committed: 1036.
num_space_uncommitted: 0.
num_chunks_returned_to_freelist: 12.
num_chunks_taken_from_freelist: 2780.
num_chunk_merges: 6.
num_chunk_splits: 1806.
num_chunks_enlarged: 1195.
num_inconsistent_stats: 0.

CodeHeap 'non-profiled nmethods': size=120000Kb used=2842Kb max_used=3033Kb free=117158Kb
 bounds [0x00000213f5980000, 0x00000213f5c80000, 0x00000213fceb0000]
CodeHeap 'profiled nmethods': size=120000Kb used=12017Kb max_used=12017Kb free=107982Kb
 bounds [0x00000213edeb0000, 0x00000213eea70000, 0x00000213f53e0000]
CodeHeap 'non-nmethods': size=5760Kb used=1685Kb max_used=1735Kb free=4074Kb
 bounds [0x00000213f53e0000, 0x00000213f5650000, 0x00000213f5980000]
 total_blobs=7234 nmethods=6482 adapters=664
 compilation: enabled
              stopped_count=0, restarted_count=0
 full_count=0

Compilation events (20 events):
Event: 11.793 Thread 0x0000021384270170 7316       1       sun.reflect.generics.tree.FormalTypeParameter::getName (5 bytes)
Event: 11.793 Thread 0x0000021384270170 nmethod 7316 0x00000213f5b0d690 code [0x00000213f5b0d820, 0x00000213f5b0d8f8]
Event: 11.793 Thread 0x0000021384270170 7317       1       sun.reflect.generics.tree.FormalTypeParameter::getBounds (5 bytes)
Event: 11.794 Thread 0x0000021384270170 nmethod 7317 0x00000213f5b0d390 code [0x00000213f5b0d520, 0x00000213f5b0d5f8]
Event: 11.794 Thread 0x0000021384270170 7318       1       sun.reflect.generics.factory.CoreReflectionFactory::getDecl (5 bytes)
Event: 11.794 Thread 0x0000021384270170 nmethod 7318 0x00000213f5b0d090 code [0x00000213f5b0d220, 0x00000213f5b0d2f8]
Event: 11.794 Thread 0x0000021384270170 7319       3       sun.reflect.generics.reflectiveObjects.LazyReflectiveObjectGenerator::<init> (10 bytes)
Event: 11.794 Thread 0x0000021384270170 nmethod 7319 0x00000213eea65310 code [0x00000213eea654a0, 0x00000213eea65658]
Event: 11.798 Thread 0x0000021384270170 7321       3       sun.reflect.annotation.AnnotationParser::skipMemberValue (11 bytes)
Event: 11.798 Thread 0x0000021384270170 nmethod 7321 0x00000213eea65710 code [0x00000213eea658c0, 0x00000213eea65a98]
Event: 11.800 Thread 0x0000021384270170 7322       3       com.google.common.collect.MapMakerInternalMap$StrongKeyWeakValueEntry$Helper::newEntry (16 bytes)
Event: 11.801 Thread 0x0000021384270170 nmethod 7322 0x00000213eea65b90 code [0x00000213eea65d40, 0x00000213eea66048]
Event: 11.801 Thread 0x0000021384270170 7323       3       com.google.common.collect.MapMakerInternalMap$StrongKeyWeakValueEntry$Helper::setValue (14 bytes)
Event: 11.801 Thread 0x0000021384270170 nmethod 7323 0x00000213eea66110 code [0x00000213eea662c0, 0x00000213eea665c8]
Event: 11.801 Thread 0x0000021384270170 7324       3       com.google.common.collect.MapMakerInternalMap$StrongKeyWeakValueEntry$Helper::setValue (32 bytes)
Event: 11.801 Thread 0x0000021384270170 nmethod 7324 0x00000213eea66690 code [0x00000213eea66880, 0x00000213eea66e88]
Event: 11.801 Thread 0x0000021384270170 7325       3       com.google.common.collect.MapMakerInternalMap$1::clear (1 bytes)
Event: 11.801 Thread 0x0000021384270170 nmethod 7325 0x00000213eea67110 code [0x00000213eea672a0, 0x00000213eea673b8]
Event: 11.805 Thread 0x0000021384270170 7326       3       org.gradle.internal.classloader.FilteringClassLoader::classAllowed (80 bytes)
Event: 11.806 Thread 0x0000021384270170 nmethod 7326 0x00000213eea67490 code [0x00000213eea676e0, 0x00000213eea68058]

GC Heap History (20 events):
Event: 5.479 GC heap before
{Heap before GC invocations=16 (full 0):
 garbage-first heap   total 73728K, used 57188K [0x0000000080000000, 0x0000000100000000)
  region size 1024K, 29 young (29696K), 4 survivors (4096K)
 Metaspace       used 50282K, committed 50752K, reserved 1114112K
  class space    used 6932K, committed 7168K, reserved 1048576K
}
Event: 5.484 GC heap after
{Heap after GC invocations=17 (full 0):
 garbage-first heap   total 73728K, used 33912K [0x0000000080000000, 0x0000000100000000)
  region size 1024K, 3 young (3072K), 3 survivors (3072K)
 Metaspace       used 50282K, committed 50752K, reserved 1114112K
  class space    used 6932K, committed 7168K, reserved 1048576K
}
Event: 5.812 GC heap before
{Heap before GC invocations=17 (full 0):
 garbage-first heap   total 73728K, used 51320K [0x0000000080000000, 0x0000000100000000)
  region size 1024K, 21 young (21504K), 3 survivors (3072K)
 Metaspace       used 52278K, committed 52736K, reserved 1114112K
  class space    used 7270K, committed 7488K, reserved 1048576K
}
Event: 5.817 GC heap after
{Heap after GC invocations=18 (full 0):
 garbage-first heap   total 89088K, used 35687K [0x0000000080000000, 0x0000000100000000)
  region size 1024K, 2 young (2048K), 2 survivors (2048K)
 Metaspace       used 52278K, committed 52736K, reserved 1114112K
  class space    used 7270K, committed 7488K, reserved 1048576K
}
Event: 6.362 GC heap before
{Heap before GC invocations=18 (full 0):
 garbage-first heap   total 89088K, used 72551K [0x0000000080000000, 0x0000000100000000)
  region size 1024K, 37 young (37888K), 2 survivors (2048K)
 Metaspace       used 58923K, committed 59456K, reserved 1114112K
  class space    used 8049K, committed 8320K, reserved 1048576K
}
Event: 6.368 GC heap after
{Heap after GC invocations=19 (full 0):
 garbage-first heap   total 89088K, used 38015K [0x0000000080000000, 0x0000000100000000)
  region size 1024K, 5 young (5120K), 5 survivors (5120K)
 Metaspace       used 58923K, committed 59456K, reserved 1114112K
  class space    used 8049K, committed 8320K, reserved 1048576K
}
Event: 7.658 GC heap before
{Heap before GC invocations=19 (full 0):
 garbage-first heap   total 89088K, used 41087K [0x0000000080000000, 0x0000000100000000)
  region size 1024K, 10 young (10240K), 5 survivors (5120K)
 Metaspace       used 59893K, committed 60416K, reserved 1114112K
  class space    used 8193K, committed 8448K, reserved 1048576K
}
Event: 7.662 GC heap after
{Heap after GC invocations=20 (full 0):
 garbage-first heap   total 89088K, used 39053K [0x0000000080000000, 0x0000000100000000)
  region size 1024K, 1 young (1024K), 1 survivors (1024K)
 Metaspace       used 59893K, committed 60416K, reserved 1114112K
  class space    used 8193K, committed 8448K, reserved 1048576K
}
Event: 10.452 GC heap before
{Heap before GC invocations=21 (full 0):
 garbage-first heap   total 89088K, used 70797K [0x0000000080000000, 0x0000000100000000)
  region size 1024K, 33 young (33792K), 1 survivors (1024K)
 Metaspace       used 63081K, committed 63616K, reserved 1114112K
  class space    used 8595K, committed 8832K, reserved 1048576K
}
Event: 10.461 GC heap after
{Heap after GC invocations=22 (full 0):
 garbage-first heap   total 89088K, used 45624K [0x0000000080000000, 0x0000000100000000)
  region size 1024K, 5 young (5120K), 5 survivors (5120K)
 Metaspace       used 63081K, committed 63616K, reserved 1114112K
  class space    used 8595K, committed 8832K, reserved 1048576K
}
Event: 10.925 GC heap before
{Heap before GC invocations=23 (full 0):
 garbage-first heap   total 89088K, used 69176K [0x0000000080000000, 0x0000000100000000)
  region size 1024K, 28 young (28672K), 5 survivors (5120K)
 Metaspace       used 63315K, committed 63872K, reserved 1114112K
  class space    used 8598K, committed 8832K, reserved 1048576K
}
Event: 10.933 GC heap after
{Heap after GC invocations=24 (full 0):
 garbage-first heap   total 89088K, used 47684K [0x0000000080000000, 0x0000000100000000)
  region size 1024K, 4 young (4096K), 4 survivors (4096K)
 Metaspace       used 63315K, committed 63872K, reserved 1114112K
  class space    used 8598K, committed 8832K, reserved 1048576K
}
Event: 10.948 GC heap before
{Heap before GC invocations=24 (full 0):
 garbage-first heap   total 89088K, used 48708K [0x0000000080000000, 0x0000000100000000)
  region size 1024K, 5 young (5120K), 4 survivors (4096K)
 Metaspace       used 63324K, committed 63872K, reserved 1114112K
  class space    used 8598K, committed 8832K, reserved 1048576K
}
Event: 10.953 GC heap after
{Heap after GC invocations=25 (full 0):
 garbage-first heap   total 89088K, used 47530K [0x0000000080000000, 0x0000000100000000)
  region size 1024K, 1 young (1024K), 1 survivors (1024K)
 Metaspace       used 63324K, committed 63872K, reserved 1114112K
  class space    used 8598K, committed 8832K, reserved 1048576K
}
Event: 11.183 GC heap before
{Heap before GC invocations=25 (full 0):
 garbage-first heap   total 89088K, used 62890K [0x0000000080000000, 0x0000000100000000)
  region size 1024K, 17 young (17408K), 1 survivors (1024K)
 Metaspace       used 63665K, committed 64256K, reserved 1114112K
  class space    used 8633K, committed 8896K, reserved 1048576K
}
Event: 11.188 GC heap after
{Heap after GC invocations=26 (full 0):
 garbage-first heap   total 89088K, used 49698K [0x0000000080000000, 0x0000000100000000)
  region size 1024K, 3 young (3072K), 3 survivors (3072K)
 Metaspace       used 63665K, committed 64256K, reserved 1114112K
  class space    used 8633K, committed 8896K, reserved 1048576K
}
Event: 11.578 GC heap before
{Heap before GC invocations=27 (full 0):
 garbage-first heap   total 89088K, used 79394K [0x0000000080000000, 0x0000000100000000)
  region size 1024K, 20 young (20480K), 3 survivors (3072K)
 Metaspace       used 64383K, committed 64960K, reserved 1114112K
  class space    used 8758K, committed 9024K, reserved 1048576K
}
Event: 11.583 GC heap after
{Heap after GC invocations=28 (full 0):
 garbage-first heap   total 91136K, used 69370K [0x0000000080000000, 0x0000000100000000)
  region size 1024K, 3 young (3072K), 3 survivors (3072K)
 Metaspace       used 64383K, committed 64960K, reserved 1114112K
  class space    used 8758K, committed 9024K, reserved 1048576K
}
Event: 11.601 GC heap before
{Heap before GC invocations=28 (full 0):
 garbage-first heap   total 91136K, used 70394K [0x0000000080000000, 0x0000000100000000)
  region size 1024K, 4 young (4096K), 3 survivors (3072K)
 Metaspace       used 64455K, committed 65024K, reserved 1114112K
  class space    used 8772K, committed 9024K, reserved 1048576K
}
Event: 11.604 GC heap after
{Heap after GC invocations=29 (full 0):
 garbage-first heap   total 165888K, used 66925K [0x0000000080000000, 0x0000000100000000)
  region size 1024K, 1 young (1024K), 1 survivors (1024K)
 Metaspace       used 64455K, committed 65024K, reserved 1114112K
  class space    used 8772K, committed 9024K, reserved 1048576K
}

Dll operation events (3 events):
Event: 0.028 Loaded shared library C:\Program Files\Android\Android Studio\jbr\bin\java.dll
Event: 0.190 Loaded shared library C:\Program Files\Android\Android Studio\jbr\bin\zip.dll
Event: 0.531 Loaded shared library C:\Program Files\Android\Android Studio\jbr\bin\verify.dll

Deoptimization events (20 events):
Event: 11.478 Thread 0x000002138a041910 DEOPT PACKING pc=0x00000213f5c13bf8 sp=0x000000e4bedf7ad0
Event: 11.478 Thread 0x000002138a041910 DEOPT UNPACKING pc=0x00000213f543a1a3 sp=0x000000e4bedf7998 mode 2
Event: 11.510 Thread 0x000002138a041910 DEOPT PACKING pc=0x00000213ee83f7e3 sp=0x000000e4bedf0c60
Event: 11.510 Thread 0x000002138a041910 DEOPT UNPACKING pc=0x00000213f543ace3 sp=0x000000e4bedf0170 mode 0
Event: 11.637 Thread 0x000002138a041910 Uncommon trap: trap_request=0xffffffc6 fr.pc=0x00000213f5a2cbe0 relative=0x00000000000008e0
Event: 11.637 Thread 0x000002138a041910 Uncommon trap: reason=bimorphic_or_optimized_type_check action=maybe_recompile pc=0x00000213f5a2cbe0 method=java.io.BufferedInputStream.read1([BII)I @ 39 c2
Event: 11.637 Thread 0x000002138a041910 DEOPT PACKING pc=0x00000213f5a2cbe0 sp=0x000000e4bedf69d0
Event: 11.637 Thread 0x000002138a041910 DEOPT UNPACKING pc=0x00000213f543a1a3 sp=0x000000e4bedf68e8 mode 2
Event: 11.638 Thread 0x000002138a041910 Uncommon trap: trap_request=0xffffffc6 fr.pc=0x00000213f5a2cbe0 relative=0x00000000000008e0
Event: 11.638 Thread 0x000002138a041910 Uncommon trap: reason=bimorphic_or_optimized_type_check action=maybe_recompile pc=0x00000213f5a2cbe0 method=java.io.BufferedInputStream.read1([BII)I @ 39 c2
Event: 11.638 Thread 0x000002138a041910 DEOPT PACKING pc=0x00000213f5a2cbe0 sp=0x000000e4bedf69d0
Event: 11.638 Thread 0x000002138a041910 DEOPT UNPACKING pc=0x00000213f543a1a3 sp=0x000000e4bedf68e8 mode 2
Event: 11.638 Thread 0x000002138a041910 Uncommon trap: trap_request=0xffffffc6 fr.pc=0x00000213f5a2cbe0 relative=0x00000000000008e0
Event: 11.638 Thread 0x000002138a041910 Uncommon trap: reason=bimorphic_or_optimized_type_check action=maybe_recompile pc=0x00000213f5a2cbe0 method=java.io.BufferedInputStream.read1([BII)I @ 39 c2
Event: 11.638 Thread 0x000002138a041910 DEOPT PACKING pc=0x00000213f5a2cbe0 sp=0x000000e4bedf69d0
Event: 11.638 Thread 0x000002138a041910 DEOPT UNPACKING pc=0x00000213f543a1a3 sp=0x000000e4bedf68e8 mode 2
Event: 11.722 Thread 0x000002138a041910 DEOPT PACKING pc=0x00000213edf929bd sp=0x000000e4bedf4320
Event: 11.722 Thread 0x000002138a041910 DEOPT UNPACKING pc=0x00000213f543ace3 sp=0x000000e4bedf37a8 mode 0
Event: 11.757 Thread 0x000002138a041910 DEOPT PACKING pc=0x00000213ee1503e9 sp=0x000000e4bedf1040
Event: 11.757 Thread 0x000002138a041910 DEOPT UNPACKING pc=0x00000213f543ace3 sp=0x000000e4bedf05c0 mode 0

Classes unloaded (0 events):
No events

Classes redefined (0 events):
No events

Internal exceptions (20 events):
Event: 8.156 Thread 0x000002138a041910 Implicit null exception at 0x00000213f59d0472 to 0x00000213f59d0ac8
Event: 10.290 Thread 0x000002138a041910 Exception <a 'java/lang/NoSuchMethodError'{0x000000008423d070}: 'java.lang.Object java.lang.invoke.DirectMethodHandle$Holder.newInvokeSpecial(java.lang.Object, java.lang.Object, java.lang.Object, java.lang.Object, int, java.lang.Object)'> (0x000000008423d070) 
thrown [s\src\hotspot\share\interpreter\linkResolver.cpp, line 771]
Event: 10.291 Thread 0x000002138a041910 Exception <a 'java/lang/NoSuchMethodError'{0x00000000842423c8}: 'java.lang.Object java.lang.invoke.Invokers$Holder.linkToTargetMethod(java.lang.Object, java.lang.Object, java.lang.Object, int, java.lang.Object, java.lang.Object)'> (0x00000000842423c8) 
thrown [s\src\hotspot\share\interpreter\linkResolver.cpp, line 771]
Event: 10.464 Thread 0x00000213fff880c0 Implicit null exception at 0x00000213f5c48b83 to 0x00000213f5c48d48
Event: 11.060 Thread 0x000002138a041910 Exception <a 'java/lang/NoSuchMethodError'{0x0000000084c88a78}: 'long java.lang.invoke.DirectMethodHandle$Holder.invokeVirtual(java.lang.Object, java.lang.Object)'> (0x0000000084c88a78) 
thrown [s\src\hotspot\share\interpreter\linkResolver.cpp, line 771]
Event: 11.065 Thread 0x000002138a042840 Exception <a 'java/lang/NoSuchMethodError'{0x0000000084cc2af8}: static Lorg/gradle/internal/build/event/types/DefaultOperationFinishedProgressEvent;.<clinit>()V> (0x0000000084cc2af8) 
thrown [s\src\hotspot\share\prims\jni.cpp, line 1108]
Event: 11.069 Thread 0x000002138a042840 Exception <a 'java/lang/NoSuchMethodError'{0x0000000084b053c0}: static Lorg/gradle/internal/build/event/types/DefaultProjectConfigurationSuccessResult;.<clinit>()V> (0x0000000084b053c0) 
thrown [s\src\hotspot\share\prims\jni.cpp, line 1108]
Event: 11.069 Thread 0x000002138a042840 Exception <a 'java/lang/NoSuchMethodError'{0x0000000084b06930}: static Lorg/gradle/internal/build/event/types/AbstractProjectConfigurationResult;.<clinit>()V> (0x0000000084b06930) 
thrown [s\src\hotspot\share\prims\jni.cpp, line 1108]
Event: 11.069 Thread 0x000002138a042840 Exception <a 'java/lang/NoSuchMethodError'{0x0000000084b080a0}: static Lorg/gradle/internal/build/event/types/AbstractOperationResult;.<clinit>()V> (0x0000000084b080a0) 
thrown [s\src\hotspot\share\prims\jni.cpp, line 1108]
Event: 11.069 Thread 0x000002138a042840 Exception <a 'java/lang/NoSuchMethodError'{0x0000000084b09518}: static Lorg/gradle/internal/build/event/types/AbstractResult;.<clinit>()V> (0x0000000084b09518) 
thrown [s\src\hotspot\share\prims\jni.cpp, line 1108]
Event: 11.070 Thread 0x000002138a042840 Exception <a 'java/lang/NoSuchMethodError'{0x0000000084b224f0}: static Lorg/gradle/internal/build/event/types/DefaultPluginApplicationResult;.<clinit>()V> (0x0000000084b224f0) 
thrown [s\src\hotspot\share\prims\jni.cpp, line 1108]
Event: 11.071 Thread 0x000002138a042840 Exception <a 'java/lang/NoSuchMethodError'{0x0000000084b2eee0}: static Lorg/gradle/internal/build/event/types/DefaultBinaryPluginIdentifier;.<clinit>()V> (0x0000000084b2eee0) 
thrown [s\src\hotspot\share\prims\jni.cpp, line 1108]
Event: 11.074 Thread 0x000002138a042840 Exception <a 'java/lang/NoSuchMethodError'{0x0000000084b48df0}: static Lorg/gradle/internal/build/event/types/DefaultScriptPluginIdentifier;.<clinit>()V> (0x0000000084b48df0) 
thrown [s\src\hotspot\share\prims\jni.cpp, line 1108]
Event: 11.143 Thread 0x000002138a041910 Implicit null exception at 0x00000213f5c6278f to 0x00000213f5c630d4
Event: 11.143 Thread 0x000002138a041910 Implicit null exception at 0x00000213f5c64f94 to 0x00000213f5c658b8
Event: 11.302 Thread 0x000002138a041910 Exception <a 'java/lang/NoSuchMethodError'{0x00000000854a9898}: 'void java.lang.invoke.Invokers$Holder.invoke_MT(java.lang.Object, java.lang.Object, java.lang.Object, java.lang.Object)'> (0x00000000854a9898) 
thrown [s\src\hotspot\share\interpreter\linkResolver.cpp, line 771]
Event: 11.307 Thread 0x000002138a041910 Exception <a 'java/lang/NoSuchMethodError'{0x00000000854f4240}: 'java.lang.Object java.lang.invoke.DirectMethodHandle$Holder.invokeSpecial(java.lang.Object, java.lang.Object, java.lang.Object, int, java.lang.Object, java.lang.Object)'> (0x00000000854f4240) 
thrown [s\src\hotspot\share\interpreter\linkResolver.cpp, line 771]
Event: 11.477 Thread 0x000002138a041910 Exception <a 'java/lang/ClassNotFoundException'{0x0000000084bff4e8}: sun/misc/SharedSecrets> (0x0000000084bff4e8) 
thrown [s\src\hotspot\share\classfile\systemDictionary.cpp, line 256]
Event: 11.477 Thread 0x000002138a041910 Exception <a 'java/lang/ClassNotFoundException'{0x0000000084a13e60}: org/gradle/api/internal/plugins/DefaultObjectConfigurationActionBeanInfo> (0x0000000084a13e60) 
thrown [s\src\hotspot\share\classfile\systemDictionary.cpp, line 256]
Event: 11.478 Thread 0x000002138a041910 Exception <a 'java/lang/ClassNotFoundException'{0x0000000084a2a898}: org/gradle/api/internal/plugins/DefaultObjectConfigurationActionCustomizer> (0x0000000084a2a898) 
thrown [s\src\hotspot\share\classfile\systemDictionary.cpp, line 256]

VM Operations (20 events):
Event: 10.906 Executing VM operation: ICBufferFull
Event: 10.906 Executing VM operation: ICBufferFull done
Event: 10.924 Executing VM operation: G1CollectForAllocation
Event: 10.934 Executing VM operation: G1CollectForAllocation done
Event: 10.948 Executing VM operation: G1CollectForAllocation
Event: 10.953 Executing VM operation: G1CollectForAllocation done
Event: 11.043 Executing VM operation: HandshakeAllThreads
Event: 11.043 Executing VM operation: HandshakeAllThreads done
Event: 11.125 Executing VM operation: ICBufferFull
Event: 11.125 Executing VM operation: ICBufferFull done
Event: 11.183 Executing VM operation: G1TryInitiateConcMark
Event: 11.188 Executing VM operation: G1TryInitiateConcMark done
Event: 11.242 Executing VM operation: G1PauseRemark
Event: 11.245 Executing VM operation: G1PauseRemark done
Event: 11.270 Executing VM operation: G1PauseCleanup
Event: 11.270 Executing VM operation: G1PauseCleanup done
Event: 11.578 Executing VM operation: G1CollectForAllocation
Event: 11.584 Executing VM operation: G1CollectForAllocation done
Event: 11.601 Executing VM operation: G1CollectForAllocation
Event: 11.604 Executing VM operation: G1CollectForAllocation done

Events (20 events):
Event: 10.147 Thread 0x0000021384270a80 flushing nmethod 0x00000213ee8e8510
Event: 10.149 loading class java/util/Collections$ReverseComparator
Event: 10.149 loading class java/util/Collections$ReverseComparator done
Event: 10.149 loading class java/util/Collections$ReverseComparator2
Event: 10.149 loading class java/util/Collections$ReverseComparator2 done
Event: 10.297 Thread 0x000002138a75e660 Thread added: 0x000002138a75e660
Event: 10.297 Thread 0x000002138a758b40 Thread added: 0x000002138a758b40
Event: 10.297 Thread 0x000002138a759560 Thread added: 0x000002138a759560
Event: 10.463 loading class sun/security/ssl/Alert
Event: 10.463 loading class sun/security/ssl/Alert done
Event: 10.463 loading class sun/security/ssl/Alert$AlertConsumer
Event: 10.463 loading class sun/security/ssl/Alert$AlertConsumer done
Event: 10.463 loading class sun/security/ssl/Alert$Level
Event: 10.463 loading class sun/security/ssl/Alert$Level done
Event: 11.062 loading class java/util/stream/SortedOps$RefSortingSink
Event: 11.062 loading class java/util/stream/SortedOps$RefSortingSink done
Event: 11.071 loading class java/time/Ser
Event: 11.072 loading class java/time/Ser done
Event: 11.477 loading class sun/misc/SharedSecrets
Event: 11.477 loading class sun/misc/SharedSecrets done


Dynamic libraries:
0x00007ff62aa30000 - 0x00007ff62aa3a000 	C:\Program Files\Android\Android Studio\jbr\bin\java.exe
0x00007ff82a350000 - 0x00007ff82a567000 	C:\WINDOWS\SYSTEM32\ntdll.dll
0x00007ff8289d0000 - 0x00007ff828a94000 	C:\WINDOWS\System32\KERNEL32.DLL
0x00007ff827590000 - 0x00007ff827963000 	C:\WINDOWS\System32\KERNELBASE.dll
0x00007ff827470000 - 0x00007ff827581000 	C:\WINDOWS\System32\ucrtbase.dll
0x00007ff805750000 - 0x00007ff80576b000 	C:\Program Files\Android\Android Studio\jbr\bin\VCRUNTIME140.dll
0x00007fffecf30000 - 0x00007fffecf47000 	C:\Program Files\Android\Android Studio\jbr\bin\jli.dll
0x00007ff829f00000 - 0x00007ff82a0b1000 	C:\WINDOWS\System32\USER32.dll
0x00007ff827c60000 - 0x00007ff827c86000 	C:\WINDOWS\System32\win32u.dll
0x00007ff8289a0000 - 0x00007ff8289c9000 	C:\WINDOWS\System32\GDI32.dll
0x00007ff827ab0000 - 0x00007ff827bd2000 	C:\WINDOWS\System32\gdi32full.dll
0x00007ff827f40000 - 0x00007ff827fda000 	C:\WINDOWS\System32\msvcp_win.dll
0x00007ff80c020000 - 0x00007ff80c2bb000 	C:\WINDOWS\WinSxS\amd64_microsoft.windows.common-controls_6595b64144ccf1df_6.0.22621.5262_none_2712bde373830908\COMCTL32.dll
0x00007ff828c20000 - 0x00007ff828cc7000 	C:\WINDOWS\System32\msvcrt.dll
0x00007ff829bf0000 - 0x00007ff829c21000 	C:\WINDOWS\System32\IMM32.DLL
0x00007ff812ab0000 - 0x00007ff812abc000 	C:\Program Files\Android\Android Studio\jbr\bin\vcruntime140_1.dll
0x00007fffd4b40000 - 0x00007fffd4bcd000 	C:\Program Files\Android\Android Studio\jbr\bin\msvcp140.dll
0x00007fffd2090000 - 0x00007fffd2d13000 	C:\Program Files\Android\Android Studio\jbr\bin\server\jvm.dll
0x00007ff82a140000 - 0x00007ff82a1f1000 	C:\WINDOWS\System32\ADVAPI32.dll
0x00007ff829de0000 - 0x00007ff829e87000 	C:\WINDOWS\System32\sechost.dll
0x00007ff827440000 - 0x00007ff827468000 	C:\WINDOWS\System32\bcrypt.dll
0x00007ff829220000 - 0x00007ff829334000 	C:\WINDOWS\System32\RPCRT4.dll
0x00007ff827310000 - 0x00007ff82735d000 	C:\WINDOWS\SYSTEM32\POWRPROF.dll
0x00007ff81d070000 - 0x00007ff81d07a000 	C:\WINDOWS\SYSTEM32\VERSION.dll
0x00007ff81e7a0000 - 0x00007ff81e7d4000 	C:\WINDOWS\SYSTEM32\WINMM.dll
0x00007ff81e9a0000 - 0x00007ff81e9a9000 	C:\WINDOWS\SYSTEM32\WSOCK32.dll
0x00007ff82a290000 - 0x00007ff82a301000 	C:\WINDOWS\System32\WS2_32.dll
0x00007ff8272f0000 - 0x00007ff827303000 	C:\WINDOWS\SYSTEM32\UMPDC.dll
0x00007ff826480000 - 0x00007ff826498000 	C:\WINDOWS\SYSTEM32\kernel.appcore.dll
0x00007ff8128d0000 - 0x00007ff8128da000 	C:\Program Files\Android\Android Studio\jbr\bin\jimage.dll
0x00007ff824c60000 - 0x00007ff824e92000 	C:\WINDOWS\SYSTEM32\DBGHELP.DLL
0x00007ff828ce0000 - 0x00007ff829073000 	C:\WINDOWS\System32\combase.dll
0x00007ff829140000 - 0x00007ff829217000 	C:\WINDOWS\System32\OLEAUT32.dll
0x00007ff806870000 - 0x00007ff8068a2000 	C:\WINDOWS\SYSTEM32\dbgcore.DLL
0x00007ff827be0000 - 0x00007ff827c5b000 	C:\WINDOWS\System32\bcryptPrimitives.dll
0x00007ff80c2c0000 - 0x00007ff80c2ce000 	C:\Program Files\Android\Android Studio\jbr\bin\instrument.dll
0x00007ff80bb60000 - 0x00007ff80bb85000 	C:\Program Files\Android\Android Studio\jbr\bin\java.dll
0x00007ff805730000 - 0x00007ff805748000 	C:\Program Files\Android\Android Studio\jbr\bin\zip.dll
0x00007ff829340000 - 0x00007ff829bdd000 	C:\WINDOWS\System32\SHELL32.dll
0x00007ff827c90000 - 0x00007ff827dcf000 	C:\WINDOWS\System32\wintypes.dll
0x00007ff825380000 - 0x00007ff825c9d000 	C:\WINDOWS\SYSTEM32\windows.storage.dll
0x00007ff8287e0000 - 0x00007ff8288eb000 	C:\WINDOWS\System32\SHCORE.dll
0x00007ff828aa0000 - 0x00007ff828b06000 	C:\WINDOWS\System32\shlwapi.dll
0x00007ff827370000 - 0x00007ff82739b000 	C:\WINDOWS\SYSTEM32\profapi.dll
0x00007ff805710000 - 0x00007ff805729000 	C:\Program Files\Android\Android Studio\jbr\bin\net.dll
0x00007ff823d80000 - 0x00007ff823eac000 	C:\WINDOWS\SYSTEM32\WINHTTP.dll
0x00007ff826900000 - 0x00007ff82696a000 	C:\WINDOWS\system32\mswsock.dll
0x00007ffffc910000 - 0x00007ffffc926000 	C:\Program Files\Android\Android Studio\jbr\bin\nio.dll
0x00007ff8128c0000 - 0x00007ff8128d0000 	C:\Program Files\Android\Android Studio\jbr\bin\verify.dll
0x00007ff809690000 - 0x00007ff8096b7000 	C:\Users\H P\.gradle\native\c067742578af261105cb4f569cf0c3c89f3d7b1fecec35dd04571415982c5e48\windows-amd64\native-platform.dll
0x00007fffd1460000 - 0x00007fffd15a4000 	C:\Users\H P\.gradle\native\38dada09dfb8b06ba9b0570ebf7e218e3eb74d4ef43ca46872605cf95ebc2f47\windows-amd64\native-platform-file-events.dll
0x00007ff810e00000 - 0x00007ff810e09000 	C:\Program Files\Android\Android Studio\jbr\bin\management.dll
0x00007ff80cc40000 - 0x00007ff80cc4b000 	C:\Program Files\Android\Android Studio\jbr\bin\management_ext.dll
0x00007ff829be0000 - 0x00007ff829be8000 	C:\WINDOWS\System32\PSAPI.DLL
0x00007ff826b50000 - 0x00007ff826b6b000 	C:\WINDOWS\SYSTEM32\CRYPTSP.dll
0x00007ff8263e0000 - 0x00007ff826417000 	C:\WINDOWS\system32\rsaenh.dll
0x00007ff8269f0000 - 0x00007ff826a18000 	C:\WINDOWS\SYSTEM32\USERENV.dll
0x00007ff826b70000 - 0x00007ff826b7c000 	C:\WINDOWS\SYSTEM32\CRYPTBASE.dll
0x00007ff825f40000 - 0x00007ff825f6d000 	C:\WINDOWS\SYSTEM32\IPHLPAPI.DLL
0x00007ff828cd0000 - 0x00007ff828cd9000 	C:\WINDOWS\System32\NSI.dll
0x00007ff81ecc0000 - 0x00007ff81ecd9000 	C:\WINDOWS\SYSTEM32\dhcpcsvc6.DLL
0x00007ff81ea60000 - 0x00007ff81ea7f000 	C:\WINDOWS\SYSTEM32\dhcpcsvc.DLL
0x00007ff825fc0000 - 0x00007ff8260b8000 	C:\WINDOWS\SYSTEM32\DNSAPI.dll
0x00007ff8126e0000 - 0x00007ff8126e9000 	C:\Program Files\Android\Android Studio\jbr\bin\extnet.dll
0x00007ff80d1a0000 - 0x00007ff80d1a8000 	C:\WINDOWS\system32\wshunix.dll
0x00007ff81d030000 - 0x00007ff81d03a000 	C:\Windows\System32\rasadhlp.dll
0x00007ff81e430000 - 0x00007ff81e4b3000 	C:\WINDOWS\System32\fwpuclnt.dll

dbghelp: loaded successfully - version: 4.0.5 - missing functions: none
symbol engine: initialized successfully - sym options: 0x614 - pdb path: .;C:\Program Files\Android\Android Studio\jbr\bin;C:\WINDOWS\SYSTEM32;C:\WINDOWS\WinSxS\amd64_microsoft.windows.common-controls_6595b64144ccf1df_6.0.22621.5262_none_2712bde373830908;C:\Program Files\Android\Android Studio\jbr\bin\server;C:\Users\H P\.gradle\native\c067742578af261105cb4f569cf0c3c89f3d7b1fecec35dd04571415982c5e48\windows-amd64;C:\Users\H P\.gradle\native\38dada09dfb8b06ba9b0570ebf7e218e3eb74d4ef43ca46872605cf95ebc2f47\windows-amd64

VM Arguments:
jvm_args: --add-opens=java.base/java.util=ALL-UNNAMED --add-opens=java.base/java.lang=ALL-UNNAMED --add-opens=java.base/java.lang.invoke=ALL-UNNAMED --add-opens=java.prefs/java.util.prefs=ALL-UNNAMED --add-opens=java.base/java.nio.charset=ALL-UNNAMED --add-opens=java.base/java.net=ALL-UNNAMED --add-opens=java.base/java.util.concurrent.atomic=ALL-UNNAMED -Xmx2048m -Dfile.encoding=UTF-8 -Duser.country=ID -Duser.language=en -Duser.variant -javaagent:C:\Users\H P\.gradle\wrapper\dists\gradle-8.6-bin\afr5mpiioh2wthjmwnkmdsd5w\gradle-8.6\lib\agents\gradle-instrumentation-agent-8.6.jar 
java_command: org.gradle.launcher.daemon.bootstrap.GradleDaemon 8.6
java_class_path (initial): C:\Users\H P\.gradle\wrapper\dists\gradle-8.6-bin\afr5mpiioh2wthjmwnkmdsd5w\gradle-8.6\lib\gradle-launcher-8.6.jar
Launcher Type: SUN_STANDARD

[Global flags]
     intx CICompilerCount                          = 3                                         {product} {ergonomic}
     uint ConcGCThreads                            = 1                                         {product} {ergonomic}
     uint G1ConcRefinementThreads                  = 4                                         {product} {ergonomic}
   size_t G1HeapRegionSize                         = 1048576                                   {product} {ergonomic}
    uintx GCDrainStackTargetSize                   = 64                                        {product} {ergonomic}
   size_t InitialHeapSize                          = 62914560                                  {product} {ergonomic}
   size_t MarkStackSize                            = 4194304                                   {product} {ergonomic}
   size_t MaxHeapSize                              = 2147483648                                {product} {command line}
   size_t MaxNewSize                               = 1287651328                                {product} {ergonomic}
   size_t MinHeapDeltaBytes                        = 1048576                                   {product} {ergonomic}
   size_t MinHeapSize                              = 8388608                                   {product} {ergonomic}
    uintx NonNMethodCodeHeapSize                   = 5832780                                {pd product} {ergonomic}
    uintx NonProfiledCodeHeapSize                  = 122912730                              {pd product} {ergonomic}
    uintx ProfiledCodeHeapSize                     = 122912730                              {pd product} {ergonomic}
    uintx ReservedCodeCacheSize                    = 251658240                              {pd product} {ergonomic}
     bool SegmentedCodeCache                       = true                                      {product} {ergonomic}
   size_t SoftMaxHeapSize                          = 2147483648                             {manageable} {ergonomic}
     bool UseCompressedClassPointers               = true                           {product lp64_product} {ergonomic}
     bool UseCompressedOops                        = true                           {product lp64_product} {ergonomic}
     bool UseG1GC                                  = true                                      {product} {ergonomic}
     bool UseLargePagesIndividualAllocation        = false                                  {pd product} {ergonomic}

Logging:
Log output configuration:
 #0: stdout all=warning uptime,level,tags
 #1: stderr all=off uptime,level,tags

Environment Variables:
JAVA_HOME=C:\Program Files\Java\Zulu\zulu-8\
PATH=C:\Program Files (x86)\VMware\VMware Workstation\bin\;C:\Program Files\Java\Zulu\zulu-8\bin\;C:\WINDOWS\system32;C:\WINDOWS;C:\WINDOWS\System32\Wbem;C:\WINDOWS\System32\WindowsPowerShell\v1.0\;C:\WINDOWS\System32\OpenSSH\;C:\Users\H P\anaconda3\Scripts\;C:\Users\H P\anaconda3\;C:\Program Files\Git\cmd;C:\gradle-8.4\bin;C:\Users\H P\AppData\Local\Microsoft\WindowsApps;C:\Users\H P\AppData\Local\Programs\Microsoft VS Code\bin;C:\Program Files\JetBrains\IntelliJ IDEA Community Edition 2023.2.1\bin;;C:\flutter_windows_3.19.3-stable\flutter\bin;C:\flutter_windows_3.19.3-stable\flutter\bin\cache\dart-sdk\bin;
USERNAME=H P
OS=Windows_NT
PROCESSOR_IDENTIFIER=Intel64 Family 6 Model 140 Stepping 2, GenuineIntel
TMP=C:\Users\HP12D5~1\AppData\Local\Temp
TEMP=C:\Users\HP12D5~1\AppData\Local\Temp



Periodic native trim disabled

JNI global refs:
JNI global refs: 25, weak refs: 1

JNI global refs memory usage: 843, weak refs: 841

OOME stack traces (most recent first):
Classloader memory used:
Loader org.gradle.internal.classloader.VisitableURLClassLoader                         : 3507K
Loader bootstrap                                                                       : 3092K
Loader org.gradle.initialization.MixInLegacyTypesClassLoader                           : 1264K
Loader org.gradle.internal.classloader.VisitableURLClassLoader$InstrumentingVisitableURLClassLoader: 194K
Loader jdk.internal.loader.ClassLoaders$PlatformClassLoader                            : 99868B
Loader jdk.internal.loader.ClassLoaders$AppClassLoader                                 : 28730B
Loader jdk.internal.reflect.DelegatingClassLoader                                      : 25144B
Loader org.gradle.internal.classloader.VisitableURLClassLoader                         : 9521B

Classes loaded by more than one classloader:
Class Program                                                                         : loaded 4 times (x 72B)
Class com.google.common.collect.SingletonImmutableList                                : loaded 2 times (x 167B)
Class org.gradle.internal.classpath.ClassPath                                         : loaded 2 times (x 68B)
Class org.gradle.api.internal.classpath.DefaultModuleRegistry                         : loaded 2 times (x 84B)
Class Settings_gradle$1$1                                                             : loaded 2 times (x 72B)
Class com.google.common.collect.ListMultimap                                          : loaded 2 times (x 68B)
Class com.google.common.base.CharMatcher$JavaDigit                                    : loaded 2 times (x 109B)
Class com.google.common.base.CharMatcher$Digit                                        : loaded 2 times (x 110B)
Class com.google.common.collect.AbstractMultimap                                      : loaded 2 times (x 121B)
Class org.gradle.api.Action                                                           : loaded 2 times (x 68B)
Class com.google.common.collect.Lists$StringAsImmutableList                           : loaded 2 times (x 167B)
Class com.google.common.base.CharMatcher                                              : loaded 2 times (x 109B)
Class com.google.common.base.CharMatcher$IsNot                                        : loaded 2 times (x 109B)
Class com.google.common.base.Splitter                                                 : loaded 2 times (x 70B)
Class org.gradle.api.internal.DefaultClassPathProvider                                : loaded 2 times (x 74B)
Class org.gradle.internal.installation.GradleInstallation$1                           : loaded 2 times (x 73B)
Class com.google.common.base.CharMatcher$BitSetMatcher                                : loaded 2 times (x 110B)
Class com.google.common.collect.ImmutableMap$IteratorBasedImmutableMap                : loaded 2 times (x 123B)
Class com.google.common.collect.ImmutableMap                                          : loaded 2 times (x 118B)
Class com.google.common.base.Converter                                                : loaded 2 times (x 88B)
Class com.google.common.base.Predicate                                                : loaded 2 times (x 68B)
Class org.gradle.internal.classloader.FilteringClassLoader                            : loaded 2 times (x 103B)
Class org.gradle.internal.classpath.DefaultClassPath$ImmutableUniqueList$Builder      : loaded 2 times (x 73B)
Class com.google.common.collect.Maps$8                                                : loaded 2 times (x 80B)
Class com.google.common.base.CharMatcher$InRange                                      : loaded 2 times (x 109B)
Class com.google.common.collect.BiMap                                                 : loaded 2 times (x 68B)
Class com.google.common.collect.Lists                                                 : loaded 2 times (x 69B)
Class org.gradle.internal.classloader.ClassLoaderVisitor                              : loaded 2 times (x 74B)
Class org.gradle.internal.service.DefaultServiceLocator                               : loaded 2 times (x 81B)
Class org.gradle.internal.service.UnknownServiceException                             : loaded 2 times (x 81B)
Class com.google.common.collect.ArrayListMultimap                                     : loaded 2 times (x 170B)
Class org.gradle.internal.classloader.DefaultClassLoaderFactory                       : loaded 2 times (x 80B)
Class com.google.common.collect.UnmodifiableIterator                                  : loaded 2 times (x 78B)
Class com.google.common.base.CharMatcher$SingleWidth                                  : loaded 2 times (x 110B)
Class com.google.common.base.JdkPattern                                               : loaded 2 times (x 73B)
Class com.google.common.collect.Multimap                                              : loaded 2 times (x 68B)
Class org.gradle.internal.classloader.VisitableURLClassLoader$Spec                    : loaded 2 times (x 72B)
Class org.gradle.api.GradleException                                                  : loaded 2 times (x 80B)
Class com.google.common.base.CharMatcher$JavaLetterOrDigit                            : loaded 2 times (x 109B)
Class org.gradle.api.internal.classpath.ModuleRegistry                                : loaded 2 times (x 68B)
Class com.google.common.collect.ImmutableCollection                                   : loaded 2 times (x 123B)
Class org.gradle.api.internal.ClassPathProvider                                       : loaded 2 times (x 68B)
Class org.gradle.internal.classloader.ClasspathUtil$1                                 : loaded 2 times (x 74B)
Class com.google.common.collect.ImmutableEnumMap                                      : loaded 2 times (x 123B)
Class com.google.common.collect.ImmutableList$ReverseImmutableList                    : loaded 2 times (x 168B)
Class org.gradle.internal.classloader.ClassLoaderFactory                              : loaded 2 times (x 68B)
Class com.google.common.collect.ObjectArrays                                          : loaded 2 times (x 69B)
Class com.google.common.collect.ImmutableList                                         : loaded 2 times (x 166B)
Class org.gradle.api.internal.classpath.ManifestUtil                                  : loaded 2 times (x 69B)
Class org.gradle.api.specs.Spec                                                       : loaded 2 times (x 68B)
Class com.google.common.base.CharMatcher$Whitespace                                   : loaded 2 times (x 110B)
Class com.google.common.base.Preconditions                                            : loaded 2 times (x 69B)
Class com.google.common.base.Function                                                 : loaded 2 times (x 68B)
Class org.gradle.internal.IoActions                                                   : loaded 2 times (x 69B)
Class com.google.common.collect.CollectPreconditions                                  : loaded 2 times (x 69B)
Class com.google.common.collect.Maps                                                  : loaded 2 times (x 69B)
Class com.google.common.collect.AbstractIndexedListIterator                           : loaded 2 times (x 94B)
Class com.google.common.base.CharMatcher$None                                         : loaded 2 times (x 110B)
Class org.gradle.api.internal.classpath.EffectiveClassPath                            : loaded 2 times (x 88B)
Class com.google.common.collect.UnmodifiableListIterator                              : loaded 2 times (x 93B)
Class com.google.common.collect.ImmutableList$1                                       : loaded 2 times (x 95B)
Class com.google.common.base.Splitter$Strategy                                        : loaded 2 times (x 68B)
Class org.gradle.internal.installation.CurrentGradleInstallation                      : loaded 2 times (x 71B)
Class org.gradle.internal.agents.InstrumentingClassLoader                             : loaded 2 times (x 68B)
Class org.gradle.internal.installation.CurrentGradleInstallationLocator               : loaded 2 times (x 69B)
Class org.gradle.api.internal.classpath.Module                                        : loaded 2 times (x 68B)
Class com.google.common.base.Splitter$1$1                                             : loaded 2 times (x 84B)
Class org.gradle.internal.service.CachingServiceLocator                               : loaded 2 times (x 80B)
Class org.gradle.internal.classpath.DefaultClassPath                                  : loaded 2 times (x 88B)
Class com.google.common.base.Splitter$SplittingIterator                               : loaded 2 times (x 82B)
Class Build_gradle$1                                                                  : loaded 2 times (x 76B)
Class com.google.common.base.CharMatcher$Is                                           : loaded 2 times (x 109B)
Class com.google.common.collect.RegularImmutableAsList                                : loaded 2 times (x 176B)
Class org.gradle.internal.classloader.SystemClassLoaderSpec                           : loaded 2 times (x 69B)
Class [Lcom.google.common.base.AbstractIterator$State;                                : loaded 2 times (x 67B)
Class com.google.common.base.AbstractIterator                                         : loaded 2 times (x 78B)
Class com.google.common.base.AbstractIterator$1                                       : loaded 2 times (x 69B)
Class com.google.common.base.CharMatcher$Ascii                                        : loaded 2 times (x 110B)
Class com.google.common.base.CharMatcher$1                                            : loaded 2 times (x 111B)
Class org.gradle.api.UncheckedIOException                                             : loaded 2 times (x 80B)
Class com.google.common.base.CharMatcher$And                                          : loaded 2 times (x 110B)
Class com.google.common.collect.AbstractListMultimap                                  : loaded 2 times (x 170B)
Class com.google.common.base.CharMatcher$Any                                          : loaded 2 times (x 110B)
Class org.gradle.internal.installation.GradleInstallation                             : loaded 2 times (x 73B)
Class com.google.common.collect.ArrayListMultimapGwtSerializationDependencies         : loaded 2 times (x 170B)
Class com.google.common.base.CharMatcher$RangesMatcher                                : loaded 2 times (x 110B)
Class com.google.common.collect.ImmutableList$SubList                                 : loaded 2 times (x 168B)
Class org.gradle.internal.classloader.ClasspathUtil                                   : loaded 2 times (x 69B)
Class com.google.common.base.Splitter$1                                               : loaded 2 times (x 75B)
Class com.google.common.collect.Maps$BiMapConverter                                   : loaded 2 times (x 88B)
Class org.gradle.api.internal.DefaultClassPathRegistry                                : loaded 2 times (x 74B)
Class org.gradle.api.internal.classpath.DefaultModuleRegistry$DefaultModule           : loaded 2 times (x 84B)
Class com.google.common.base.CharMatcher$JavaIsoControl                               : loaded 2 times (x 110B)
Class com.google.common.base.CharMatcher$Or                                           : loaded 2 times (x 110B)
Class org.gradle.kotlin.dsl.VersionCatalogAccessorsKt                                 : loaded 2 times (x 69B)
Class com.google.common.base.CharMatcher$JavaLowerCase                                : loaded 2 times (x 109B)
Class org.gradle.api.internal.classpath.UnknownModuleException                        : loaded 2 times (x 80B)
Class com.google.common.collect.Maps$EntryTransformer                                 : loaded 2 times (x 68B)
Class com.google.common.base.CommonPattern                                            : loaded 2 times (x 72B)
Class org.gradle.internal.service.ServiceLookupException                              : loaded 2 times (x 80B)
Class org.gradle.cache.GlobalCache                                                    : loaded 2 times (x 68B)
Class com.google.common.base.CharMatcher$NegatedFastMatcher                           : loaded 2 times (x 111B)
Class [Lorg.gradle.api.internal.ClassPathProvider;                                    : loaded 2 times (x 67B)
Class org.gradle.util.internal.GUtil                                                  : loaded 2 times (x 69B)
Class org.gradle.internal.classloader.ClassLoaderSpec                                 : loaded 2 times (x 69B)
Class com.google.common.base.NullnessCasts                                            : loaded 2 times (x 69B)
Class com.google.common.base.CharMatcher$Negated                                      : loaded 2 times (x 111B)
Class com.google.common.base.CharMatcher$ForPredicate                                 : loaded 2 times (x 110B)
Class com.google.common.collect.SortedMapDifference                                   : loaded 2 times (x 68B)
Class org.gradle.internal.classloader.VisitableURLClassLoader                         : loaded 2 times (x 115B)
Class org.gradle.internal.Cast                                                        : loaded 2 times (x 69B)
Class Build_gradle                                                                    : loaded 2 times (x 70B)
Class org.gradle.api.internal.ClassPathRegistry                                       : loaded 2 times (x 68B)
Class org.gradle.internal.classloader.VisitableURLClassLoader$InstrumentingVisitableURLClassLoader: loaded 2 times (x 121B)
Class org.gradle.internal.classloader.ClassLoaderHierarchy                            : loaded 2 times (x 68B)
Class com.google.common.base.AbstractIterator$State                                   : loaded 2 times (x 77B)
Class com.google.common.base.CharMatcher$NamedFastMatcher                             : loaded 2 times (x 110B)
Class org.gradle.internal.InternalTransformer                                         : loaded 2 times (x 68B)
Class org.gradle.internal.service.ServiceLocator                                      : loaded 2 times (x 68B)
Class Settings_gradle$1                                                               : loaded 2 times (x 72B)
Class com.google.common.base.CharMatcher$Invisible                                    : loaded 2 times (x 110B)
Class com.google.common.base.CharMatcher$FastMatcher                                  : loaded 2 times (x 109B)
Class org.gradle.internal.classpath.DefaultClassPath$ImmutableUniqueList              : loaded 2 times (x 159B)
Class com.google.common.base.CharMatcher$JavaLetter                                   : loaded 2 times (x 109B)
Class org.gradle.internal.classpath.TransformedClassPath                              : loaded 2 times (x 94B)
Class com.google.common.collect.MapDifference                                         : loaded 2 times (x 68B)
Class Settings_gradle                                                                 : loaded 2 times (x 126B)
Class com.google.common.collect.Platform                                              : loaded 2 times (x 69B)
Class com.google.common.collect.ImmutableAsList                                       : loaded 2 times (x 169B)
Class com.google.common.base.CharMatcher$AnyOf                                        : loaded 2 times (x 110B)
Class com.google.common.base.CharMatcher$IsEither                                     : loaded 2 times (x 109B)
Class com.google.common.collect.RegularImmutableList                                  : loaded 2 times (x 172B)
Class com.google.common.base.CharMatcher$JavaUpperCase                                : loaded 2 times (x 109B)
Class com.google.common.collect.Multiset                                              : loaded 2 times (x 68B)
Class com.google.common.collect.AbstractMapBasedMultimap                              : loaded 2 times (x 137B)


---------------  S Y S T E M  ---------------

OS:
 Windows 11 , 64 bit Build 22621 (10.0.22621.5262)
OS uptime: 2 days 8:22 hours

CPU: total 4 (initial active 4) (2 cores per cpu, 2 threads per core) family 6 model 140 stepping 2 microcode 0x34, cx8, cmov, fxsr, ht, mmx, 3dnowpref, sse, sse2, sse3, ssse3, sse4.1, sse4.2, popcnt, lzcnt, tsc, tscinvbit, avx, avx2, aes, erms, clmul, bmi1, bmi2, adx, avx512f, avx512dq, avx512cd, avx512bw, avx512vl, sha, fma, vzeroupper, avx512_vpopcntdq, avx512_vpclmulqdq, avx512_vaes, avx512_vnni, clflush, clflushopt, clwb, avx512_vbmi2, avx512_vbmi
Processor Information for processor 0
  Max Mhz: 2901, Current Mhz: 1100, Mhz Limit: 2901
Processor Information for processor 1
  Max Mhz: 2901, Current Mhz: 2901, Mhz Limit: 2901
Processor Information for processor 2
  Max Mhz: 2901, Current Mhz: 2901, Mhz Limit: 2901
Processor Information for processor 3
  Max Mhz: 2901, Current Mhz: 2901, Mhz Limit: 2901

Memory: 4k page, system-wide physical 3738M (176M free)
TotalPageFile size 15002M (AvailPageFile size 7M)
current process WorkingSet (physical memory assigned to process): 232M, peak: 261M
current process commit charge ("private bytes"): 371M, peak: 374M

vm_info: OpenJDK 64-Bit Server VM (17.0.10+0--11572160) for windows-amd64 JRE (17.0.10+0--11572160), built on Mar 13 2024 23:56:38 by "androidbuild" with MS VC++ 16.10 / 16.11 (VS2019)

END.
