#
# There is insufficient memory for the Java Runtime Environment to continue.
# Native memory allocation (mmap) failed to map 15728640 bytes for G1 virtual space
# Possible reasons:
#   The system is out of physical RAM or swap space
#   The process is running with CompressedOops enabled, and the Java Heap may be blocking the growth of the native heap
# Possible solutions:
#   Reduce memory load on the system
#   Increase physical memory or swap space
#   Check if swap backing store is full
#   Decrease Java heap size (-Xmx/-Xms)
#   Decrease number of Java threads
#   Decrease Java thread stack sizes (-Xss)
#   Set larger code cache with -XX:ReservedCodeCacheSize=
#   JVM is running with Unscaled Compressed Oops mode in which the Java heap is
#     placed in the first 4GB address space. The Java Heap base address is the
#     maximum limit for the native heap growth. Please use -XX:HeapBaseMinAddress
#     to set the Java Heap base and to place the Java Heap above 4GB virtual address.
# This output file may be truncated or incomplete.
#
#  Out of Memory Error (os_windows.cpp:3825), pid=12240, tid=17088
#
# JRE version: OpenJDK Runtime Environment (17.0.10) (build 17.0.10+0--11572160)
# Java VM: OpenJDK 64-Bit Server VM (17.0.10+0--11572160, mixed mode, tiered, compressed oops, compressed class ptrs, g1 gc, windows-amd64)
# No core dump will be written. Minidumps are not enabled by default on client versions of Windows
#

---------------  S U M M A R Y ------------

Command Line: --add-opens=java.base/java.util=ALL-UNNAMED --add-opens=java.base/java.lang=ALL-UNNAMED --add-opens=java.base/java.lang.invoke=ALL-UNNAMED --add-opens=java.prefs/java.util.prefs=ALL-UNNAMED --add-opens=java.base/java.nio.charset=ALL-UNNAMED --add-opens=java.base/java.net=ALL-UNNAMED --add-opens=java.base/java.util.concurrent.atomic=ALL-UNNAMED -Xmx2048m -Dfile.encoding=UTF-8 -Duser.country=ID -Duser.language=en -Duser.variant -javaagent:C:\Users\H P\.gradle\wrapper\dists\gradle-8.6-bin\afr5mpiioh2wthjmwnkmdsd5w\gradle-8.6\lib\agents\gradle-instrumentation-agent-8.6.jar org.gradle.launcher.daemon.bootstrap.GradleDaemon 8.6

Host: 11th Gen Intel(R) Core(TM) i3-1115G4 @ 3.00GHz, 4 cores, 3G,  Windows 11 , 64 bit Build 22621 (10.0.22621.5262)
Time: Fri May 23 16:41:37 2025 SE Asia Standard Time elapsed time: 6.754286 seconds (0d 0h 0m 6s)

---------------  T H R E A D  ---------------

Current thread (0x000001f325b2b330):  VMThread "VM Thread" [stack: 0x0000003422100000,0x0000003422200000] [id=17088]

Stack: [0x0000003422100000,0x0000003422200000]
Native frames: (J=compiled Java code, j=interpreted, Vv=VM code, C=native code)
V  [jvm.dll+0x688e89]
V  [jvm.dll+0x84247a]
V  [jvm.dll+0x8440be]
V  [jvm.dll+0x844723]
V  [jvm.dll+0x24be0f]
V  [jvm.dll+0x685c59]
V  [jvm.dll+0x67a50a]
V  [jvm.dll+0x30cbab]
V  [jvm.dll+0x314056]
V  [jvm.dll+0x363dce]
V  [jvm.dll+0x363fff]
V  [jvm.dll+0x2e2978]
V  [jvm.dll+0x2e0b54]
V  [jvm.dll+0x2e015c]
V  [jvm.dll+0x325351]
V  [jvm.dll+0x848e1b]
V  [jvm.dll+0x849b61]
V  [jvm.dll+0x84a07d]
V  [jvm.dll+0x84a454]
V  [jvm.dll+0x84a520]
V  [jvm.dll+0x7f0d1a]
V  [jvm.dll+0x687d05]
C  [ucrtbase.dll+0x29333]
C  [KERNEL32.DLL+0x1259d]
C  [ntdll.dll+0x5af58]

VM_Operation (0x00000034237f6260): G1TryInitiateConcMark, mode: safepoint, requested by thread 0x000001f32bdc7bb0


---------------  P R O C E S S  ---------------

Threads class SMR info:
_java_thread_list=0x000001f32cb18510, length=36, elements={
0x000001f30c56c370, 0x000001f325b13ce0, 0x000001f325b14f50, 0x000001f325b6d2a0,
0x000001f325b6de60, 0x000001f325b6e920, 0x000001f32a003aa0, 0x000001f32a005340,
0x000001f32a00a310, 0x000001f32a00d5f0, 0x000001f325aadfc0, 0x000001f32a3541b0,
0x000001f32b8c87e0, 0x000001f32b9223b0, 0x000001f32ba49600, 0x000001f32bd97e50,
0x000001f32bd98330, 0x000001f32bdc9500, 0x000001f32bdc7bb0, 0x000001f32bdc85d0,
0x000001f32bdc6c80, 0x000001f32bdc9f20, 0x000001f32bdc6770, 0x000001f32bdc80c0,
0x000001f32bdc76a0, 0x000001f32bdc8ff0, 0x000001f32bdc8ae0, 0x000001f32bdc9a10,
0x000001f32db90cc0, 0x000001f32db92610, 0x000001f32db8f880, 0x000001f32db94980,
0x000001f32db953a0, 0x000001f32db967e0, 0x000001f32db916e0, 0x000001f32db958b0
}

Java Threads: ( => current thread )
  0x000001f30c56c370 JavaThread "main" [_thread_blocked, id=4644, stack(0x0000003421b00000,0x0000003421c00000)]
  0x000001f325b13ce0 JavaThread "Reference Handler" daemon [_thread_blocked, id=20996, stack(0x0000003422200000,0x0000003422300000)]
  0x000001f325b14f50 JavaThread "Finalizer" daemon [_thread_blocked, id=19972, stack(0x0000003422300000,0x0000003422400000)]
  0x000001f325b6d2a0 JavaThread "Signal Dispatcher" daemon [_thread_blocked, id=18156, stack(0x0000003422400000,0x0000003422500000)]
  0x000001f325b6de60 JavaThread "Attach Listener" daemon [_thread_blocked, id=10148, stack(0x0000003422500000,0x0000003422600000)]
  0x000001f325b6e920 JavaThread "Service Thread" daemon [_thread_blocked, id=16872, stack(0x0000003422600000,0x0000003422700000)]
  0x000001f32a003aa0 JavaThread "Monitor Deflation Thread" daemon [_thread_blocked, id=10284, stack(0x0000003422700000,0x0000003422800000)]
  0x000001f32a005340 JavaThread "C2 CompilerThread0" daemon [_thread_blocked, id=10508, stack(0x0000003422800000,0x0000003422900000)]
  0x000001f32a00a310 JavaThread "C1 CompilerThread0" daemon [_thread_blocked, id=6396, stack(0x0000003422900000,0x0000003422a00000)]
  0x000001f32a00d5f0 JavaThread "Sweeper thread" daemon [_thread_blocked, id=18692, stack(0x0000003422a00000,0x0000003422b00000)]
  0x000001f325aadfc0 JavaThread "Common-Cleaner" daemon [_thread_blocked, id=12268, stack(0x0000003422b00000,0x0000003422c00000)]
  0x000001f32a3541b0 JavaThread "Notification Thread" daemon [_thread_blocked, id=17092, stack(0x0000003422c00000,0x0000003422d00000)]
  0x000001f32b8c87e0 JavaThread "Daemon health stats" [_thread_blocked, id=20384, stack(0x0000003423100000,0x0000003423200000)]
  0x000001f32b9223b0 JavaThread "Incoming local TCP Connector on port 60031" [_thread_in_native, id=15300, stack(0x0000003423200000,0x0000003423300000)]
  0x000001f32ba49600 JavaThread "Daemon periodic checks" [_thread_blocked, id=14020, stack(0x0000003423300000,0x0000003423400000)]
  0x000001f32bd97e50 JavaThread "Daemon" [_thread_blocked, id=8520, stack(0x0000003423400000,0x0000003423500000)]
  0x000001f32bd98330 JavaThread "Handler for socket connection from /127.0.0.1:60031 to /127.0.0.1:60032" [_thread_in_native, id=20876, stack(0x0000003423500000,0x0000003423600000)]
  0x000001f32bdc9500 JavaThread "Cancel handler" [_thread_blocked, id=18704, stack(0x0000003423600000,0x0000003423700000)]
  0x000001f32bdc7bb0 JavaThread "Daemon worker" [_thread_blocked, id=8068, stack(0x0000003423700000,0x0000003423800000)]
  0x000001f32bdc85d0 JavaThread "Asynchronous log dispatcher for DefaultDaemonConnection: socket connection from /127.0.0.1:60031 to /127.0.0.1:60032" [_thread_blocked, id=18256, stack(0x0000003423800000,0x0000003423900000)]
  0x000001f32bdc6c80 JavaThread "Stdin handler" [_thread_blocked, id=9240, stack(0x0000003423900000,0x0000003423a00000)]
  0x000001f32bdc9f20 JavaThread "Daemon client event forwarder" [_thread_blocked, id=18896, stack(0x0000003423a00000,0x0000003423b00000)]
  0x000001f32bdc6770 JavaThread "Cache worker for journal cache (C:\Users\H P\.gradle\caches\journal-1)" [_thread_blocked, id=16264, stack(0x0000003423b00000,0x0000003423c00000)]
  0x000001f32bdc80c0 JavaThread "File lock request listener" [_thread_in_native, id=16352, stack(0x0000003423c00000,0x0000003423d00000)]
  0x000001f32bdc76a0 JavaThread "Cache worker for file hash cache (C:\Users\H P\.gradle\caches\8.6\fileHashes)" [_thread_blocked, id=13964, stack(0x0000003423d00000,0x0000003423e00000)]
  0x000001f32bdc8ff0 JavaThread "File watcher server" daemon [_thread_blocked, id=9500, stack(0x0000003423e00000,0x0000003423f00000)]
  0x000001f32bdc8ae0 JavaThread "File watcher consumer" daemon [_thread_blocked, id=18520, stack(0x0000003423f00000,0x0000003424000000)]
  0x000001f32bdc9a10 JavaThread "Cache worker for checksums cache (C:\Users\H P\Projek Skripsi\MyApplication\.gradle\8.6\checksums)" [_thread_blocked, id=3068, stack(0x0000003424000000,0x0000003424100000)]
  0x000001f32db90cc0 JavaThread "Cache worker for file hash cache (C:\Users\H P\Projek Skripsi\MyApplication\.gradle\8.6\fileHashes)" [_thread_blocked, id=8960, stack(0x0000003424100000,0x0000003424200000)]
  0x000001f32db92610 JavaThread "Cache worker for cache directory md-supplier (C:\Users\H P\.gradle\caches\8.6\md-supplier)" [_thread_blocked, id=20392, stack(0x0000003424200000,0x0000003424300000)]
  0x000001f32db8f880 JavaThread "Cache worker for cache directory md-rule (C:\Users\H P\.gradle\caches\8.6\md-rule)" [_thread_blocked, id=8584, stack(0x0000003424300000,0x0000003424400000)]
  0x000001f32db94980 JavaThread "Cache worker for file content cache (C:\Users\H P\.gradle\caches\8.6\fileContent)" [_thread_blocked, id=16000, stack(0x0000003424400000,0x0000003424500000)]
  0x000001f32db953a0 JavaThread "jar transforms" [_thread_blocked, id=52, stack(0x0000003424500000,0x0000003424600000)]
  0x000001f32db967e0 JavaThread "jar transforms Thread 2" [_thread_blocked, id=14744, stack(0x0000003424600000,0x0000003424700000)]
  0x000001f32db916e0 JavaThread "jar transforms Thread 3" [_thread_blocked, id=10628, stack(0x0000003424700000,0x0000003424800000)]
  0x000001f32db958b0 JavaThread "jar transforms Thread 4" [_thread_blocked, id=13928, stack(0x0000003424800000,0x0000003424900000)]

Other Threads:
=>0x000001f325b2b330 VMThread "VM Thread" [stack: 0x0000003422100000,0x0000003422200000] [id=17088]
  0x000001f30c56d100 WatcherThread [stack: 0x0000003422d00000,0x0000003422e00000] [id=16788]
  0x000001f30c5c68d0 GCTaskThread "GC Thread#0" [stack: 0x0000003421c00000,0x0000003421d00000] [id=9360]
  0x000001f32a3e6f80 GCTaskThread "GC Thread#1" [stack: 0x0000003422e00000,0x0000003422f00000] [id=10520]
  0x000001f32a5c1710 GCTaskThread "GC Thread#2" [stack: 0x0000003422f00000,0x0000003423000000] [id=9964]
  0x000001f32aef0ee0 GCTaskThread "GC Thread#3" [stack: 0x0000003423000000,0x0000003423100000] [id=19128]
  0x000001f30c5d7820 ConcurrentGCThread "G1 Main Marker" [stack: 0x0000003421d00000,0x0000003421e00000] [id=20872]
  0x000001f30c5d8240 ConcurrentGCThread "G1 Conc#0" [stack: 0x0000003421e00000,0x0000003421f00000] [id=4512]
  0x000001f30c616450 ConcurrentGCThread "G1 Refine#0" [stack: 0x0000003421f00000,0x0000003422000000] [id=11196]
  0x000001f30c616e80 ConcurrentGCThread "G1 Service" [stack: 0x0000003422000000,0x0000003422100000] [id=2360]

Threads with active compile tasks:

VM state: at safepoint (normal execution)

VM Mutex/Monitor currently owned by a thread:  ([mutex/lock_event])
[0x000001f30c567f80] Threads_lock - owner thread: 0x000001f325b2b330
[0x000001f30c5697b0] Heap_lock - owner thread: 0x000001f32bdc7bb0

Heap address: 0x0000000080000000, size: 2048 MB, Compressed Oops mode: 32-bit

CDS archive(s) not mapped
Compressed class space mapped at: 0x0000000100000000-0x0000000140000000, reserved size: 1073741824
Narrow klass base: 0x0000000000000000, Narrow klass shift: 3, Narrow klass range: 0x140000000

GC Precious Log:
 CPUs: 4 total, 4 available
 Memory: 3738M
 Large Page Support: Disabled
 NUMA Support: Disabled
 Compressed Oops: Enabled (32-bit)
 Heap Region Size: 1M
 Heap Min Capacity: 8M
 Heap Initial Capacity: 60M
 Heap Max Capacity: 2G
 Pre-touch: Disabled
 Parallel Workers: 4
 Concurrent Workers: 1
 Concurrent Refinement Workers: 4
 Periodic GC: Disabled

Heap:
 garbage-first heap   total 73728K, used 35757K [0x0000000080000000, 0x0000000100000000)
  region size 1024K, 2 young (2048K), 2 survivors (2048K)
 Metaspace       used 52216K, committed 52736K, reserved 1114112K
  class space    used 7267K, committed 7488K, reserved 1048576K

Heap Regions: E=young(eden), S=young(survivor), O=old, HS=humongous(starts), HC=humongous(continues), CS=collection set, F=free, OA=open archive, CA=closed archive, TAMS=top-at-mark-start (previous, next)
|   0|0x0000000080000000, 0x0000000080100000, 0x0000000080100000|100%| O|  |TAMS 0x0000000080100000, 0x0000000080100000| Untracked 
|   1|0x0000000080100000, 0x0000000080200000, 0x0000000080200000|100%| O|  |TAMS 0x0000000080200000, 0x0000000080200000| Untracked 
|   2|0x0000000080200000, 0x0000000080300000, 0x0000000080300000|100%|HS|  |TAMS 0x0000000080300000, 0x0000000080300000| Complete 
|   3|0x0000000080300000, 0x0000000080400000, 0x0000000080400000|100%|HC|  |TAMS 0x0000000080400000, 0x0000000080400000| Complete 
|   4|0x0000000080400000, 0x0000000080500000, 0x0000000080500000|100%|HC|  |TAMS 0x0000000080500000, 0x0000000080500000| Complete 
|   5|0x0000000080500000, 0x0000000080600000, 0x0000000080600000|100%|HC|  |TAMS 0x0000000080600000, 0x0000000080600000| Complete 
|   6|0x0000000080600000, 0x0000000080700000, 0x0000000080700000|100%| O|  |TAMS 0x0000000080700000, 0x0000000080700000| Untracked 
|   7|0x0000000080700000, 0x0000000080800000, 0x0000000080800000|100%| O|  |TAMS 0x0000000080800000, 0x0000000080800000| Untracked 
|   8|0x0000000080800000, 0x0000000080900000, 0x0000000080900000|100%| O|  |TAMS 0x0000000080900000, 0x0000000080900000| Untracked 
|   9|0x0000000080900000, 0x0000000080a00000, 0x0000000080a00000|100%| O|  |TAMS 0x0000000080a00000, 0x0000000080a00000| Untracked 
|  10|0x0000000080a00000, 0x0000000080b00000, 0x0000000080b00000|100%| O|  |TAMS 0x0000000080b00000, 0x0000000080b00000| Untracked 
|  11|0x0000000080b00000, 0x0000000080c00000, 0x0000000080c00000|100%| O|  |TAMS 0x0000000080c00000, 0x0000000080c00000| Untracked 
|  12|0x0000000080c00000, 0x0000000080d00000, 0x0000000080d00000|100%| O|  |TAMS 0x0000000080d00000, 0x0000000080d00000| Untracked 
|  13|0x0000000080d00000, 0x0000000080e00000, 0x0000000080e00000|100%| O|  |TAMS 0x0000000080e00000, 0x0000000080e00000| Untracked 
|  14|0x0000000080e00000, 0x0000000080f00000, 0x0000000080f00000|100%| O|  |TAMS 0x0000000080f00000, 0x0000000080f00000| Untracked 
|  15|0x0000000080f00000, 0x0000000081000000, 0x0000000081000000|100%| O|  |TAMS 0x0000000081000000, 0x0000000081000000| Untracked 
|  16|0x0000000081000000, 0x0000000081100000, 0x0000000081100000|100%| O|  |TAMS 0x0000000081100000, 0x0000000081100000| Untracked 
|  17|0x0000000081100000, 0x0000000081200000, 0x0000000081200000|100%| O|  |TAMS 0x0000000081200000, 0x0000000081200000| Untracked 
|  18|0x0000000081200000, 0x0000000081300000, 0x0000000081300000|100%| O|  |TAMS 0x0000000081300000, 0x0000000081300000| Untracked 
|  19|0x0000000081300000, 0x0000000081400000, 0x0000000081400000|100%| O|  |TAMS 0x0000000081400000, 0x0000000081400000| Untracked 
|  20|0x0000000081400000, 0x0000000081500000, 0x0000000081500000|100%| O|  |TAMS 0x0000000081500000, 0x0000000081500000| Untracked 
|  21|0x0000000081500000, 0x0000000081600000, 0x0000000081600000|100%| O|  |TAMS 0x0000000081550a00, 0x0000000081600000| Untracked 
|  22|0x0000000081600000, 0x0000000081700000, 0x0000000081700000|100%| O|  |TAMS 0x0000000081600000, 0x0000000081700000| Untracked 
|  23|0x0000000081700000, 0x0000000081800000, 0x0000000081800000|100%| O|  |TAMS 0x0000000081700000, 0x0000000081800000| Untracked 
|  24|0x0000000081800000, 0x0000000081900000, 0x0000000081900000|100%| O|  |TAMS 0x0000000081800000, 0x0000000081900000| Untracked 
|  25|0x0000000081900000, 0x0000000081a00000, 0x0000000081a00000|100%| O|  |TAMS 0x0000000081900000, 0x0000000081a00000| Untracked 
|  26|0x0000000081a00000, 0x0000000081b00000, 0x0000000081b00000|100%| O|  |TAMS 0x0000000081a00000, 0x0000000081b00000| Untracked 
|  27|0x0000000081b00000, 0x0000000081c00000, 0x0000000081c00000|100%| O|  |TAMS 0x0000000081b00000, 0x0000000081c00000| Untracked 
|  28|0x0000000081c00000, 0x0000000081d00000, 0x0000000081d00000|100%| O|  |TAMS 0x0000000081c00000, 0x0000000081d00000| Untracked 
|  29|0x0000000081d00000, 0x0000000081e00000, 0x0000000081e00000|100%| O|  |TAMS 0x0000000081d00000, 0x0000000081e00000| Untracked 
|  30|0x0000000081e00000, 0x0000000081f00000, 0x0000000081f00000|100%| O|  |TAMS 0x0000000081e00000, 0x0000000081e57000| Untracked 
|  31|0x0000000081f00000, 0x0000000082000000, 0x0000000082000000|100%|HS|  |TAMS 0x0000000081f00000, 0x0000000082000000| Complete 
|  32|0x0000000082000000, 0x00000000820eb600, 0x0000000082100000| 91%| O|  |TAMS 0x0000000082000000, 0x0000000082000000| Untracked 
|  33|0x0000000082100000, 0x0000000082100000, 0x0000000082200000|  0%| F|  |TAMS 0x0000000082100000, 0x0000000082100000| Untracked 
|  34|0x0000000082200000, 0x0000000082200000, 0x0000000082300000|  0%| F|  |TAMS 0x0000000082200000, 0x0000000082200000| Untracked 
|  35|0x0000000082300000, 0x0000000082300000, 0x0000000082400000|  0%| F|  |TAMS 0x0000000082300000, 0x0000000082300000| Untracked 
|  36|0x0000000082400000, 0x0000000082400000, 0x0000000082500000|  0%| F|  |TAMS 0x0000000082400000, 0x0000000082400000| Untracked 
|  37|0x0000000082500000, 0x0000000082500000, 0x0000000082600000|  0%| F|  |TAMS 0x0000000082500000, 0x0000000082500000| Untracked 
|  38|0x0000000082600000, 0x0000000082600000, 0x0000000082700000|  0%| F|  |TAMS 0x0000000082600000, 0x0000000082600000| Untracked 
|  39|0x0000000082700000, 0x0000000082700000, 0x0000000082800000|  0%| F|  |TAMS 0x0000000082700000, 0x0000000082700000| Untracked 
|  40|0x0000000082800000, 0x0000000082800000, 0x0000000082900000|  0%| F|  |TAMS 0x0000000082800000, 0x0000000082800000| Untracked 
|  41|0x0000000082900000, 0x0000000082900000, 0x0000000082a00000|  0%| F|  |TAMS 0x0000000082900000, 0x0000000082900000| Untracked 
|  42|0x0000000082a00000, 0x0000000082a00000, 0x0000000082b00000|  0%| F|  |TAMS 0x0000000082a00000, 0x0000000082a00000| Untracked 
|  43|0x0000000082b00000, 0x0000000082b00000, 0x0000000082c00000|  0%| F|  |TAMS 0x0000000082b00000, 0x0000000082b00000| Untracked 
|  44|0x0000000082c00000, 0x0000000082c00000, 0x0000000082d00000|  0%| F|  |TAMS 0x0000000082c00000, 0x0000000082c00000| Untracked 
|  45|0x0000000082d00000, 0x0000000082d00000, 0x0000000082e00000|  0%| F|  |TAMS 0x0000000082d00000, 0x0000000082d00000| Untracked 
|  46|0x0000000082e00000, 0x0000000082e00000, 0x0000000082f00000|  0%| F|  |TAMS 0x0000000082e00000, 0x0000000082e00000| Untracked 
|  47|0x0000000082f00000, 0x0000000082f00000, 0x0000000083000000|  0%| F|  |TAMS 0x0000000082f00000, 0x0000000082f00000| Untracked 
|  48|0x0000000083000000, 0x0000000083000000, 0x0000000083100000|  0%| F|  |TAMS 0x0000000083000000, 0x0000000083000000| Untracked 
|  49|0x0000000083100000, 0x0000000083100000, 0x0000000083200000|  0%| F|  |TAMS 0x0000000083100000, 0x0000000083100000| Untracked 
|  50|0x0000000083200000, 0x0000000083200000, 0x0000000083300000|  0%| F|  |TAMS 0x0000000083200000, 0x0000000083200000| Untracked 
|  51|0x0000000083300000, 0x0000000083300000, 0x0000000083400000|  0%| F|  |TAMS 0x0000000083300000, 0x0000000083300000| Untracked 
|  52|0x0000000083400000, 0x0000000083400000, 0x0000000083500000|  0%| F|  |TAMS 0x0000000083400000, 0x0000000083400000| Untracked 
|  53|0x0000000083500000, 0x0000000083600000, 0x0000000083600000|100%| S|CS|TAMS 0x0000000083500000, 0x0000000083500000| Complete 
|  54|0x0000000083600000, 0x0000000083700000, 0x0000000083700000|100%| S|CS|TAMS 0x0000000083600000, 0x0000000083600000| Complete 
|  55|0x0000000083700000, 0x0000000083700000, 0x0000000083800000|  0%| F|  |TAMS 0x0000000083700000, 0x0000000083700000| Untracked 
|  56|0x0000000083800000, 0x0000000083800000, 0x0000000083900000|  0%| F|  |TAMS 0x0000000083800000, 0x0000000083800000| Untracked 
|  57|0x0000000083900000, 0x0000000083900000, 0x0000000083a00000|  0%| F|  |TAMS 0x0000000083900000, 0x0000000083900000| Untracked 
|  58|0x0000000083a00000, 0x0000000083a00000, 0x0000000083b00000|  0%| F|  |TAMS 0x0000000083a00000, 0x0000000083a00000| Untracked 
|  59|0x0000000083b00000, 0x0000000083b00000, 0x0000000083c00000|  0%| F|  |TAMS 0x0000000083b00000, 0x0000000083b00000| Untracked 
|  60|0x0000000083c00000, 0x0000000083c00000, 0x0000000083d00000|  0%| F|  |TAMS 0x0000000083c00000, 0x0000000083c00000| Untracked 
|  61|0x0000000083d00000, 0x0000000083d00000, 0x0000000083e00000|  0%| F|  |TAMS 0x0000000083d00000, 0x0000000083d00000| Untracked 
|  62|0x0000000083e00000, 0x0000000083e00000, 0x0000000083f00000|  0%| F|  |TAMS 0x0000000083e00000, 0x0000000083e00000| Untracked 
|  63|0x0000000083f00000, 0x0000000083f00000, 0x0000000084000000|  0%| F|  |TAMS 0x0000000083f00000, 0x0000000083f00000| Untracked 
|  64|0x0000000084000000, 0x0000000084000000, 0x0000000084100000|  0%| F|  |TAMS 0x0000000084000000, 0x0000000084000000| Untracked 
|  65|0x0000000084100000, 0x0000000084100000, 0x0000000084200000|  0%| F|  |TAMS 0x0000000084100000, 0x0000000084100000| Untracked 
|  66|0x0000000084200000, 0x0000000084200000, 0x0000000084300000|  0%| F|  |TAMS 0x0000000084200000, 0x0000000084200000| Untracked 
|  67|0x0000000084300000, 0x0000000084300000, 0x0000000084400000|  0%| F|  |TAMS 0x0000000084300000, 0x0000000084300000| Untracked 
|  68|0x0000000084400000, 0x0000000084400000, 0x0000000084500000|  0%| F|  |TAMS 0x0000000084400000, 0x0000000084400000| Untracked 
|  69|0x0000000084500000, 0x0000000084500000, 0x0000000084600000|  0%| F|  |TAMS 0x0000000084500000, 0x0000000084500000| Untracked 
|  70|0x0000000084600000, 0x0000000084600000, 0x0000000084700000|  0%| F|  |TAMS 0x0000000084600000, 0x0000000084600000| Untracked 
|  71|0x0000000084700000, 0x0000000084700000, 0x0000000084800000|  0%| F|  |TAMS 0x0000000084700000, 0x0000000084700000| Untracked 

Card table byte_map: [0x000001f31ee40000,0x000001f31f240000] _byte_map_base: 0x000001f31ea40000

Marking Bits (Prev, Next): (CMBitMap*) 0x000001f30c5c6ef0, (CMBitMap*) 0x000001f30c5c6f30
 Prev Bits: [0x000001f31f640000, 0x000001f321640000)
 Next Bits: [0x000001f321640000, 0x000001f323640000)

Polling page: 0x000001f30a6f0000

Metaspace:

Usage:
  Non-class:     43.90 MB used.
      Class:      7.10 MB used.
       Both:     50.99 MB used.

Virtual space:
  Non-class space:       64.00 MB reserved,      44.19 MB ( 69%) committed,  1 nodes.
      Class space:        1.00 GB reserved,       7.31 MB ( <1%) committed,  1 nodes.
             Both:        1.06 GB reserved,      51.50 MB (  5%) committed. 

Chunk freelists:
   Non-Class:  3.66 MB
       Class:  8.73 MB
        Both:  12.39 MB

MaxMetaspaceSize: unlimited
CompressedClassSpaceSize: 1.00 GB
Initial GC threshold: 21.00 MB
Current GC threshold: 59.38 MB
CDS: off
MetaspaceReclaimPolicy: balanced
 - commit_granule_bytes: 65536.
 - commit_granule_words: 8192.
 - virtual_space_node_default_size: 8388608.
 - enlarge_chunks_in_place: 1.
 - new_chunks_are_fully_committed: 0.
 - uncommit_free_chunks: 1.
 - use_allocation_guard: 0.
 - handle_deallocations: 1.


Internal statistics:

num_allocs_failed_limit: 6.
num_arena_births: 484.
num_arena_deaths: 0.
num_vsnodes_births: 2.
num_vsnodes_deaths: 0.
num_space_committed: 824.
num_space_uncommitted: 0.
num_chunks_returned_to_freelist: 6.
num_chunks_taken_from_freelist: 2131.
num_chunk_merges: 3.
num_chunk_splits: 1409.
num_chunks_enlarged: 1000.
num_inconsistent_stats: 0.

CodeHeap 'non-profiled nmethods': size=120000Kb used=2240Kb max_used=2240Kb free=117759Kb
 bounds [0x000001f317510000, 0x000001f317780000, 0x000001f31ea40000]
CodeHeap 'profiled nmethods': size=120000Kb used=8700Kb max_used=8700Kb free=111300Kb
 bounds [0x000001f30fa40000, 0x000001f3102c0000, 0x000001f316f70000]
CodeHeap 'non-nmethods': size=5760Kb used=1623Kb max_used=1670Kb free=4136Kb
 bounds [0x000001f316f70000, 0x000001f3171e0000, 0x000001f317510000]
 total_blobs=5144 nmethods=4465 adapters=591
 compilation: enabled
              stopped_count=0, restarted_count=0
 full_count=0

Compilation events (20 events):
Event: 6.716 Thread 0x000001f32a00a310 nmethod 4498 0x000001f3102bad10 code [0x000001f3102baee0, 0x000001f3102bb408]
Event: 6.716 Thread 0x000001f32a00a310 4497       3       org.objectweb.asm.Label::accept (69 bytes)
Event: 6.716 Thread 0x000001f32a00a310 nmethod 4497 0x000001f3102bb590 code [0x000001f3102bb760, 0x000001f3102bbca8]
Event: 6.728 Thread 0x000001f32a005340 nmethod 4490 0x000001f31773da10 code [0x000001f31773dba0, 0x000001f31773e3f8]
Event: 6.728 Thread 0x000001f32a005340 4489       4       org.objectweb.asm.ByteVector::put122 (93 bytes)
Event: 6.730 Thread 0x000001f32a00a310 4502       3       org.objectweb.asm.Type::getMethodDescriptor (66 bytes)
Event: 6.730 Thread 0x000001f32a005340 nmethod 4489 0x000001f31773e710 code [0x000001f31773e8a0, 0x000001f31773ea88]
Event: 6.730 Thread 0x000001f32a005340 4487       4       org.objectweb.asm.Symbol::<init> (38 bytes)
Event: 6.730 Thread 0x000001f32a00a310 nmethod 4502 0x000001f3102bbe90 code [0x000001f3102bc0e0, 0x000001f3102bc768]
Event: 6.730 Thread 0x000001f32a00a310 4505       3       org.objectweb.asm.MethodWriter::visitLineNumber (50 bytes)
Event: 6.731 Thread 0x000001f32a00a310 nmethod 4505 0x000001f3102bca90 code [0x000001f3102bcc60, 0x000001f3102bd0f8]
Event: 6.731 Thread 0x000001f32a00a310 4504       3       org.objectweb.asm.MethodWriter::visitLocalVariable (222 bytes)
Event: 6.732 Thread 0x000001f32a00a310 nmethod 4504 0x000001f3102bd290 code [0x000001f3102bd5e0, 0x000001f3102be7b8]
Event: 6.733 Thread 0x000001f32a005340 nmethod 4487 0x000001f31773ec10 code [0x000001f31773ed80, 0x000001f31773f098]
Event: 6.733 Thread 0x000001f32a005340 4503       4       java.lang.String::<init> (14 bytes)
Event: 6.737 Thread 0x000001f32a005340 nmethod 4503 0x000001f31773f110 code [0x000001f31773f2a0, 0x000001f31773f7f8]
Event: 6.738 Thread 0x000001f32a005340 4500       4       org.objectweb.asm.ByteVector::put12 (64 bytes)
Event: 6.739 Thread 0x000001f32a005340 nmethod 4500 0x000001f31773fa90 code [0x000001f31773fc20, 0x000001f31773fdc8]
Event: 6.741 Thread 0x000001f32a005340 4506       4       jdk.internal.ref.CleanerImpl$PhantomCleanableRef::performCleanup (10 bytes)
Event: 6.741 Thread 0x000001f32a005340 nmethod 4506 0x000001f31773ff10 code [0x000001f317740080, 0x000001f317740118]

GC Heap History (20 events):
Event: 3.464 GC heap after
{Heap after GC invocations=7 (full 0):
 garbage-first heap   total 61440K, used 20659K [0x0000000080000000, 0x0000000100000000)
  region size 1024K, 2 young (2048K), 2 survivors (2048K)
 Metaspace       used 24889K, committed 25152K, reserved 1114112K
  class space    used 3100K, committed 3200K, reserved 1048576K
}
Event: 3.820 GC heap before
{Heap before GC invocations=7 (full 0):
 garbage-first heap   total 61440K, used 43187K [0x0000000080000000, 0x0000000100000000)
  region size 1024K, 24 young (24576K), 2 survivors (2048K)
 Metaspace       used 27886K, committed 28160K, reserved 1114112K
  class space    used 3644K, committed 3776K, reserved 1048576K
}
Event: 3.824 GC heap after
{Heap after GC invocations=8 (full 0):
 garbage-first heap   total 61440K, used 21921K [0x0000000080000000, 0x0000000100000000)
  region size 1024K, 3 young (3072K), 3 survivors (3072K)
 Metaspace       used 27886K, committed 28160K, reserved 1114112K
  class space    used 3644K, committed 3776K, reserved 1048576K
}
Event: 4.235 GC heap before
{Heap before GC invocations=8 (full 0):
 garbage-first heap   total 61440K, used 44449K [0x0000000080000000, 0x0000000100000000)
  region size 1024K, 25 young (25600K), 3 survivors (3072K)
 Metaspace       used 30995K, committed 31296K, reserved 1114112K
  class space    used 4135K, committed 4224K, reserved 1048576K
}
Event: 4.239 GC heap after
{Heap after GC invocations=9 (full 0):
 garbage-first heap   total 61440K, used 23206K [0x0000000080000000, 0x0000000100000000)
  region size 1024K, 3 young (3072K), 3 survivors (3072K)
 Metaspace       used 30995K, committed 31296K, reserved 1114112K
  class space    used 4135K, committed 4224K, reserved 1048576K
}
Event: 4.568 GC heap before
{Heap before GC invocations=9 (full 0):
 garbage-first heap   total 61440K, used 46758K [0x0000000080000000, 0x0000000100000000)
  region size 1024K, 26 young (26624K), 3 survivors (3072K)
 Metaspace       used 33785K, committed 34112K, reserved 1114112K
  class space    used 4617K, committed 4800K, reserved 1048576K
}
Event: 4.575 GC heap after
{Heap after GC invocations=10 (full 0):
 garbage-first heap   total 61440K, used 24247K [0x0000000080000000, 0x0000000100000000)
  region size 1024K, 3 young (3072K), 3 survivors (3072K)
 Metaspace       used 33785K, committed 34112K, reserved 1114112K
  class space    used 4617K, committed 4800K, reserved 1048576K
}
Event: 4.761 GC heap before
{Heap before GC invocations=10 (full 0):
 garbage-first heap   total 61440K, used 35511K [0x0000000080000000, 0x0000000100000000)
  region size 1024K, 15 young (15360K), 3 survivors (3072K)
 Metaspace       used 35890K, committed 36160K, reserved 1114112K
  class space    used 4918K, committed 5056K, reserved 1048576K
}
Event: 4.766 GC heap after
{Heap after GC invocations=11 (full 0):
 garbage-first heap   total 61440K, used 25065K [0x0000000080000000, 0x0000000100000000)
  region size 1024K, 2 young (2048K), 2 survivors (2048K)
 Metaspace       used 35890K, committed 36160K, reserved 1114112K
  class space    used 4918K, committed 5056K, reserved 1048576K
}
Event: 5.168 GC heap before
{Heap before GC invocations=12 (full 0):
 garbage-first heap   total 61440K, used 47593K [0x0000000080000000, 0x0000000100000000)
  region size 1024K, 25 young (25600K), 2 survivors (2048K)
 Metaspace       used 40818K, committed 41216K, reserved 1114112K
  class space    used 5415K, committed 5568K, reserved 1048576K
}
Event: 5.176 GC heap after
{Heap after GC invocations=13 (full 0):
 garbage-first heap   total 61440K, used 28178K [0x0000000080000000, 0x0000000100000000)
  region size 1024K, 4 young (4096K), 4 survivors (4096K)
 Metaspace       used 40818K, committed 41216K, reserved 1114112K
  class space    used 5415K, committed 5568K, reserved 1048576K
}
Event: 5.324 GC heap before
{Heap before GC invocations=13 (full 0):
 garbage-first heap   total 61440K, used 48658K [0x0000000080000000, 0x0000000100000000)
  region size 1024K, 24 young (24576K), 4 survivors (4096K)
 Metaspace       used 41900K, committed 42304K, reserved 1114112K
  class space    used 5592K, committed 5760K, reserved 1048576K
}
Event: 5.330 GC heap after
{Heap after GC invocations=14 (full 0):
 garbage-first heap   total 73728K, used 29700K [0x0000000080000000, 0x0000000100000000)
  region size 1024K, 2 young (2048K), 2 survivors (2048K)
 Metaspace       used 41900K, committed 42304K, reserved 1114112K
  class space    used 5592K, committed 5760K, reserved 1048576K
}
Event: 5.635 GC heap before
{Heap before GC invocations=14 (full 0):
 garbage-first heap   total 73728K, used 56324K [0x0000000080000000, 0x0000000100000000)
  region size 1024K, 28 young (28672K), 2 survivors (2048K)
 Metaspace       used 43869K, committed 44352K, reserved 1114112K
  class space    used 5909K, committed 6144K, reserved 1048576K
}
Event: 5.638 GC heap after
{Heap after GC invocations=15 (full 0):
 garbage-first heap   total 73728K, used 31139K [0x0000000080000000, 0x0000000100000000)
  region size 1024K, 4 young (4096K), 4 survivors (4096K)
 Metaspace       used 43869K, committed 44352K, reserved 1114112K
  class space    used 5909K, committed 6144K, reserved 1048576K
}
Event: 6.018 GC heap before
{Heap before GC invocations=15 (full 0):
 garbage-first heap   total 73728K, used 56739K [0x0000000080000000, 0x0000000100000000)
  region size 1024K, 29 young (29696K), 4 survivors (4096K)
 Metaspace       used 46942K, committed 47424K, reserved 1114112K
  class space    used 6415K, committed 6656K, reserved 1048576K
}
Event: 6.027 GC heap after
{Heap after GC invocations=16 (full 0):
 garbage-first heap   total 73728K, used 32610K [0x0000000080000000, 0x0000000100000000)
  region size 1024K, 4 young (4096K), 4 survivors (4096K)
 Metaspace       used 46942K, committed 47424K, reserved 1114112K
  class space    used 6415K, committed 6656K, reserved 1048576K
}
Event: 6.440 GC heap before
{Heap before GC invocations=16 (full 0):
 garbage-first heap   total 73728K, used 57186K [0x0000000080000000, 0x0000000100000000)
  region size 1024K, 29 young (29696K), 4 survivors (4096K)
 Metaspace       used 50353K, committed 50816K, reserved 1114112K
  class space    used 6950K, committed 7168K, reserved 1048576K
}
Event: 6.447 GC heap after
{Heap after GC invocations=17 (full 0):
 garbage-first heap   total 73728K, used 34129K [0x0000000080000000, 0x0000000100000000)
  region size 1024K, 3 young (3072K), 3 survivors (3072K)
 Metaspace       used 50353K, committed 50816K, reserved 1114112K
  class space    used 6950K, committed 7168K, reserved 1048576K
}
Event: 6.744 GC heap before
{Heap before GC invocations=17 (full 0):
 garbage-first heap   total 73728K, used 50513K [0x0000000080000000, 0x0000000100000000)
  region size 1024K, 20 young (20480K), 3 survivors (3072K)
 Metaspace       used 52216K, committed 52736K, reserved 1114112K
  class space    used 7267K, committed 7488K, reserved 1048576K
}

Dll operation events (3 events):
Event: 0.017 Loaded shared library C:\Program Files\Android\Android Studio\jbr\bin\java.dll
Event: 0.119 Loaded shared library C:\Program Files\Android\Android Studio\jbr\bin\zip.dll
Event: 0.362 Loaded shared library C:\Program Files\Android\Android Studio\jbr\bin\verify.dll

Deoptimization events (20 events):
Event: 6.418 Thread 0x000001f32bdc7bb0 DEOPT PACKING pc=0x000001f317696840 sp=0x00000034237f8a00
Event: 6.418 Thread 0x000001f32bdc7bb0 DEOPT UNPACKING pc=0x000001f316fca1a3 sp=0x00000034237f8980 mode 2
Event: 6.418 Thread 0x000001f32bdc7bb0 Uncommon trap: trap_request=0xffffff45 fr.pc=0x000001f317677afc relative=0x000000000000069c
Event: 6.418 Thread 0x000001f32bdc7bb0 Uncommon trap: reason=unstable_if action=reinterpret pc=0x000001f317677afc method=java.util.HashMap.putVal(ILjava/lang/Object;Ljava/lang/Object;ZZ)Ljava/lang/Object; @ 109 c2
Event: 6.418 Thread 0x000001f32bdc7bb0 DEOPT PACKING pc=0x000001f317677afc sp=0x00000034237f89c0
Event: 6.418 Thread 0x000001f32bdc7bb0 DEOPT UNPACKING pc=0x000001f316fca1a3 sp=0x00000034237f8948 mode 2
Event: 6.458 Thread 0x000001f32bdc7bb0 Uncommon trap: trap_request=0xffffffc6 fr.pc=0x000001f3176edcc4 relative=0x0000000000002864
Event: 6.458 Thread 0x000001f32bdc7bb0 Uncommon trap: reason=bimorphic_or_optimized_type_check action=maybe_recompile pc=0x000001f3176edcc4 method=java.util.regex.Pattern$CharProperty.study(Ljava/util/regex/Pattern$TreeInfo;)Z @ 25 c2
Event: 6.458 Thread 0x000001f32bdc7bb0 DEOPT PACKING pc=0x000001f3176edcc4 sp=0x00000034237f9fb0
Event: 6.458 Thread 0x000001f32bdc7bb0 DEOPT UNPACKING pc=0x000001f316fca1a3 sp=0x00000034237f9ea8 mode 2
Event: 6.459 Thread 0x000001f32bdc7bb0 Uncommon trap: trap_request=0xffffffc6 fr.pc=0x000001f3176edcc4 relative=0x0000000000002864
Event: 6.459 Thread 0x000001f32bdc7bb0 Uncommon trap: reason=bimorphic_or_optimized_type_check action=maybe_recompile pc=0x000001f3176edcc4 method=java.util.regex.Pattern$CharProperty.study(Ljava/util/regex/Pattern$TreeInfo;)Z @ 25 c2
Event: 6.459 Thread 0x000001f32bdc7bb0 DEOPT PACKING pc=0x000001f3176edcc4 sp=0x00000034237f9fb0
Event: 6.459 Thread 0x000001f32bdc7bb0 DEOPT UNPACKING pc=0x000001f316fca1a3 sp=0x00000034237f9ea8 mode 2
Event: 6.473 Thread 0x000001f32bdc9f20 DEOPT PACKING pc=0x000001f30fdaa702 sp=0x0000003423afea10
Event: 6.473 Thread 0x000001f32bdc9f20 DEOPT UNPACKING pc=0x000001f316fcace3 sp=0x0000003423afde88 mode 0
Event: 6.648 Thread 0x000001f32bdc7bb0 Uncommon trap: trap_request=0xffffff45 fr.pc=0x000001f317675168 relative=0x00000000000000e8
Event: 6.648 Thread 0x000001f32bdc7bb0 Uncommon trap: reason=unstable_if action=reinterpret pc=0x000001f317675168 method=org.objectweb.asm.ByteVector.putShort(I)Lorg/objectweb/asm/ByteVector; @ 13 c2
Event: 6.648 Thread 0x000001f32bdc7bb0 DEOPT PACKING pc=0x000001f317675168 sp=0x00000034237f8e30
Event: 6.648 Thread 0x000001f32bdc7bb0 DEOPT UNPACKING pc=0x000001f316fca1a3 sp=0x00000034237f8dc8 mode 2

Classes unloaded (0 events):
No events

Classes redefined (0 events):
No events

Internal exceptions (20 events):
Event: 5.604 Thread 0x000001f32bdc7bb0 Exception <a 'java/lang/NoSuchMethodError'{0x0000000082f03df8}: 'java.lang.Object java.lang.invoke.Invokers$Holder.linkToTargetMethod(java.lang.Object, java.lang.Object, java.lang.Object, int, java.lang.Object)'> (0x0000000082f03df8) 
thrown [s\src\hotspot\share\interpreter\linkResolver.cpp, line 771]
Event: 5.632 Thread 0x000001f32bdc7bb0 Exception <a 'java/lang/NoSuchMethodError'{0x0000000082ed6e50}: 'int java.lang.invoke.DirectMethodHandle$Holder.invokeInterface(java.lang.Object, java.lang.Object, java.lang.Object, java.lang.Object)'> (0x0000000082ed6e50) 
thrown [s\src\hotspot\share\interpreter\linkResolver.cpp, line 771]
Event: 5.722 Thread 0x000001f32bdc7bb0 Implicit null exception at 0x000001f3176aa5ec to 0x000001f3176aa694
Event: 5.803 Thread 0x000001f32bdc7bb0 Exception <a 'java/lang/NoSuchMethodError'{0x0000000083be4798}: 'void java.lang.invoke.DirectMethodHandle$Holder.invokeInterface(java.lang.Object, java.lang.Object)'> (0x0000000083be4798) 
thrown [s\src\hotspot\share\interpreter\linkResolver.cpp, line 771]
Event: 5.804 Thread 0x000001f32bdc7bb0 Exception <a 'java/lang/IncompatibleClassChangeError'{0x0000000083befbc8}: Found class java.lang.Object, but interface was expected> (0x0000000083befbc8) 
thrown [s\src\hotspot\share\interpreter\linkResolver.cpp, line 838]
Event: 5.835 Thread 0x000001f32bdc7bb0 Exception <a 'java/lang/NoSuchMethodError'{0x000000008388f3e8}: 'java.lang.Object java.lang.invoke.DirectMethodHandle$Holder.newInvokeSpecial(java.lang.Object, int, java.lang.Object)'> (0x000000008388f3e8) 
thrown [s\src\hotspot\share\interpreter\linkResolver.cpp, line 771]
Event: 6.076 Thread 0x000001f32bdc7bb0 Exception <a 'sun/nio/fs/WindowsException'{0x000000008435bc88}> (0x000000008435bc88) 
thrown [s\src\hotspot\share\prims\jni.cpp, line 517]
Event: 6.076 Thread 0x000001f32bdc7bb0 Exception <a 'sun/nio/fs/WindowsException'{0x000000008435bf48}> (0x000000008435bf48) 
thrown [s\src\hotspot\share\prims\jni.cpp, line 517]
Event: 6.076 Thread 0x000001f32bdc7bb0 Exception <a 'sun/nio/fs/WindowsException'{0x000000008435e720}> (0x000000008435e720) 
thrown [s\src\hotspot\share\prims\jni.cpp, line 517]
Event: 6.076 Thread 0x000001f32bdc7bb0 Exception <a 'sun/nio/fs/WindowsException'{0x000000008435ead8}> (0x000000008435ead8) 
thrown [s\src\hotspot\share\prims\jni.cpp, line 517]
Event: 6.077 Thread 0x000001f32bdc7bb0 Exception <a 'java/lang/NoSuchMethodError'{0x000000008436c038}: 'java.lang.Object java.lang.invoke.DirectMethodHandle$Holder.newInvokeSpecial(java.lang.Object, java.lang.Object, int)'> (0x000000008436c038) 
thrown [s\src\hotspot\share\interpreter\linkResolver.cpp, line 771]
Event: 6.107 Thread 0x000001f32bdc7bb0 Exception <a 'sun/nio/fs/WindowsException'{0x00000000841ee280}> (0x00000000841ee280) 
thrown [s\src\hotspot\share\prims\jni.cpp, line 517]
Event: 6.107 Thread 0x000001f32bdc7bb0 Exception <a 'sun/nio/fs/WindowsException'{0x00000000841ee638}> (0x00000000841ee638) 
thrown [s\src\hotspot\share\prims\jni.cpp, line 517]
Event: 6.280 Thread 0x000001f32bdc7bb0 Exception <a 'java/lang/NoSuchMethodError'{0x00000000837e2bd8}: 'void java.lang.invoke.DirectMethodHandle$Holder.invokeStatic(java.lang.Object, java.lang.Object, java.lang.Object, java.lang.Object, java.lang.Object, java.lang.Object, java.lang.Object)'> (0x00000000837e2bd8) 
thrown [s\src\hotspot\share\interpreter\linkResolver.cpp, line 771]
Event: 6.472 Thread 0x000001f32bdc9f20 Exception <a 'java/lang/NoSuchMethodError'{0x000000008469c4d0}: static Lorg/gradle/internal/build/event/types/DefaultOperationStartedProgressEvent;.<clinit>()V> (0x000000008469c4d0) 
thrown [s\src\hotspot\share\prims\jni.cpp, line 1108]
Event: 6.473 Thread 0x000001f32bdc9f20 Exception <a 'java/lang/NoSuchMethodError'{0x000000008469f818}: static Lorg/gradle/internal/build/event/types/AbstractProgressEvent;.<clinit>()V> (0x000000008469f818) 
thrown [s\src\hotspot\share\prims\jni.cpp, line 1108]
Event: 6.474 Thread 0x000001f32bdc9f20 Exception <a 'java/lang/NoSuchMethodError'{0x00000000846b4800}: static Lorg/gradle/internal/build/event/types/DefaultProjectConfigurationDescriptor;.<clinit>()V> (0x00000000846b4800) 
thrown [s\src\hotspot\share\prims\jni.cpp, line 1108]
Event: 6.474 Thread 0x000001f32bdc9f20 Exception <a 'java/lang/NoSuchMethodError'{0x00000000846b7508}: static Lorg/gradle/internal/build/event/types/DefaultOperationDescriptor;.<clinit>()V> (0x00000000846b7508) 
thrown [s\src\hotspot\share\prims\jni.cpp, line 1108]
Event: 6.477 Thread 0x000001f32bdc9f20 Exception <a 'java/lang/NoSuchMethodError'{0x00000000846d2cd8}: static Lorg/gradle/internal/operations/OperationIdentifier;.<clinit>()V> (0x00000000846d2cd8) 
thrown [s\src\hotspot\share\prims\jni.cpp, line 1108]
Event: 6.626 Thread 0x000001f32bdc7bb0 Exception <a 'java/lang/NoSuchMethodError'{0x0000000083e351b8}: 'long java.lang.invoke.DirectMethodHandle$Holder.invokeStatic(java.lang.Object, long)'> (0x0000000083e351b8) 
thrown [s\src\hotspot\share\interpreter\linkResolver.cpp, line 771]

VM Operations (20 events):
Event: 5.426 Executing VM operation: HandshakeAllThreads done
Event: 5.624 Executing VM operation: HandshakeAllThreads
Event: 5.624 Executing VM operation: HandshakeAllThreads done
Event: 5.627 Executing VM operation: HandshakeAllThreads
Event: 5.627 Executing VM operation: HandshakeAllThreads done
Event: 5.631 Executing VM operation: HandshakeAllThreads
Event: 5.632 Executing VM operation: HandshakeAllThreads done
Event: 5.635 Executing VM operation: G1CollectForAllocation
Event: 5.639 Executing VM operation: G1CollectForAllocation done
Event: 5.697 Executing VM operation: HandshakeAllThreads
Event: 5.697 Executing VM operation: HandshakeAllThreads done
Event: 6.018 Executing VM operation: G1CollectForAllocation
Event: 6.027 Executing VM operation: G1CollectForAllocation done
Event: 6.263 Executing VM operation: HandshakeAllThreads
Event: 6.263 Executing VM operation: HandshakeAllThreads done
Event: 6.398 Executing VM operation: HandshakeAllThreads
Event: 6.398 Executing VM operation: HandshakeAllThreads done
Event: 6.440 Executing VM operation: G1CollectForAllocation
Event: 6.447 Executing VM operation: G1CollectForAllocation done
Event: 6.744 Executing VM operation: G1TryInitiateConcMark

Events (20 events):
Event: 6.472 loading class java/io/ObjectStreamClass$1
Event: 6.472 loading class java/io/ObjectStreamClass$1 done
Event: 6.472 loading class java/io/ObjectStreamClass$MemberSignature
Event: 6.472 loading class java/io/ObjectStreamClass$MemberSignature done
Event: 6.472 loading class java/io/ObjectStreamClass$3
Event: 6.472 loading class java/io/ObjectStreamClass$3 done
Event: 6.472 loading class java/io/ObjectStreamClass$4
Event: 6.472 loading class java/io/ObjectStreamClass$4 done
Event: 6.472 loading class java/io/ObjectStreamClass$5
Event: 6.472 loading class java/io/ObjectStreamClass$5 done
Event: 6.473 loading class java/io/ObjectStreamClass$ClassDataSlot
Event: 6.473 loading class java/io/ObjectStreamClass$ClassDataSlot done
Event: 6.475 loading class jdk/internal/reflect/UnsafeQualifiedStaticLongFieldAccessorImpl
Event: 6.475 loading class jdk/internal/reflect/UnsafeQualifiedStaticLongFieldAccessorImpl done
Event: 6.477 loading class java/io/SerialCallbackContext
Event: 6.478 loading class java/io/SerialCallbackContext done
Event: 6.581 loading class java/util/DualPivotQuicksort
Event: 6.582 loading class java/util/DualPivotQuicksort done
Event: 6.625 loading class java/util/function/LongUnaryOperator
Event: 6.625 loading class java/util/function/LongUnaryOperator done


Dynamic libraries:
0x00007ff72dda0000 - 0x00007ff72ddaa000 	C:\Program Files\Android\Android Studio\jbr\bin\java.exe
0x00007ff82a350000 - 0x00007ff82a567000 	C:\WINDOWS\SYSTEM32\ntdll.dll
0x00007ff8289d0000 - 0x00007ff828a94000 	C:\WINDOWS\System32\KERNEL32.DLL
0x00007ff827590000 - 0x00007ff827963000 	C:\WINDOWS\System32\KERNELBASE.dll
0x00007ff827470000 - 0x00007ff827581000 	C:\WINDOWS\System32\ucrtbase.dll
0x00007ffff4f40000 - 0x00007ffff4f5b000 	C:\Program Files\Android\Android Studio\jbr\bin\VCRUNTIME140.dll
0x00007fffecf30000 - 0x00007fffecf47000 	C:\Program Files\Android\Android Studio\jbr\bin\jli.dll
0x00007ff829f00000 - 0x00007ff82a0b1000 	C:\WINDOWS\System32\USER32.dll
0x00007ff827c60000 - 0x00007ff827c86000 	C:\WINDOWS\System32\win32u.dll
0x00007ff8289a0000 - 0x00007ff8289c9000 	C:\WINDOWS\System32\GDI32.dll
0x00007ff827ab0000 - 0x00007ff827bd2000 	C:\WINDOWS\System32\gdi32full.dll
0x00007ff827f40000 - 0x00007ff827fda000 	C:\WINDOWS\System32\msvcp_win.dll
0x00007ff80c020000 - 0x00007ff80c2bb000 	C:\WINDOWS\WinSxS\amd64_microsoft.windows.common-controls_6595b64144ccf1df_6.0.22621.5262_none_2712bde373830908\COMCTL32.dll
0x00007ff828c20000 - 0x00007ff828cc7000 	C:\WINDOWS\System32\msvcrt.dll
0x00007ff829bf0000 - 0x00007ff829c21000 	C:\WINDOWS\System32\IMM32.DLL
0x00007ff80df00000 - 0x00007ff80df0c000 	C:\Program Files\Android\Android Studio\jbr\bin\vcruntime140_1.dll
0x00007fffd1910000 - 0x00007fffd199d000 	C:\Program Files\Android\Android Studio\jbr\bin\msvcp140.dll
0x00007fffd2090000 - 0x00007fffd2d13000 	C:\Program Files\Android\Android Studio\jbr\bin\server\jvm.dll
0x00007ff82a140000 - 0x00007ff82a1f1000 	C:\WINDOWS\System32\ADVAPI32.dll
0x00007ff829de0000 - 0x00007ff829e87000 	C:\WINDOWS\System32\sechost.dll
0x00007ff827440000 - 0x00007ff827468000 	C:\WINDOWS\System32\bcrypt.dll
0x00007ff829220000 - 0x00007ff829334000 	C:\WINDOWS\System32\RPCRT4.dll
0x00007ff81d070000 - 0x00007ff81d07a000 	C:\WINDOWS\SYSTEM32\VERSION.dll
0x00007ff81e9a0000 - 0x00007ff81e9a9000 	C:\WINDOWS\SYSTEM32\WSOCK32.dll
0x00007ff81e7a0000 - 0x00007ff81e7d4000 	C:\WINDOWS\SYSTEM32\WINMM.dll
0x00007ff827310000 - 0x00007ff82735d000 	C:\WINDOWS\SYSTEM32\POWRPROF.dll
0x00007ff82a290000 - 0x00007ff82a301000 	C:\WINDOWS\System32\WS2_32.dll
0x00007ff8272f0000 - 0x00007ff827303000 	C:\WINDOWS\SYSTEM32\UMPDC.dll
0x00007ff826480000 - 0x00007ff826498000 	C:\WINDOWS\SYSTEM32\kernel.appcore.dll
0x00007ff8128d0000 - 0x00007ff8128da000 	C:\Program Files\Android\Android Studio\jbr\bin\jimage.dll
0x00007ff824c60000 - 0x00007ff824e92000 	C:\WINDOWS\SYSTEM32\DBGHELP.DLL
0x00007ff828ce0000 - 0x00007ff829073000 	C:\WINDOWS\System32\combase.dll
0x00007ff829140000 - 0x00007ff829217000 	C:\WINDOWS\System32\OLEAUT32.dll
0x00007ff806870000 - 0x00007ff8068a2000 	C:\WINDOWS\SYSTEM32\dbgcore.DLL
0x00007ff827be0000 - 0x00007ff827c5b000 	C:\WINDOWS\System32\bcryptPrimitives.dll
0x00007ff80c2c0000 - 0x00007ff80c2ce000 	C:\Program Files\Android\Android Studio\jbr\bin\instrument.dll
0x00007ff80bb60000 - 0x00007ff80bb85000 	C:\Program Files\Android\Android Studio\jbr\bin\java.dll
0x00007ff805730000 - 0x00007ff805748000 	C:\Program Files\Android\Android Studio\jbr\bin\zip.dll
0x00007ff829340000 - 0x00007ff829bdd000 	C:\WINDOWS\System32\SHELL32.dll
0x00007ff827c90000 - 0x00007ff827dcf000 	C:\WINDOWS\System32\wintypes.dll
0x00007ff825380000 - 0x00007ff825c9d000 	C:\WINDOWS\SYSTEM32\windows.storage.dll
0x00007ff8287e0000 - 0x00007ff8288eb000 	C:\WINDOWS\System32\SHCORE.dll
0x00007ff828aa0000 - 0x00007ff828b06000 	C:\WINDOWS\System32\shlwapi.dll
0x00007ff827370000 - 0x00007ff82739b000 	C:\WINDOWS\SYSTEM32\profapi.dll
0x00007ff805710000 - 0x00007ff805729000 	C:\Program Files\Android\Android Studio\jbr\bin\net.dll
0x00007ff823d80000 - 0x00007ff823eac000 	C:\WINDOWS\SYSTEM32\WINHTTP.dll
0x00007ff826900000 - 0x00007ff82696a000 	C:\WINDOWS\system32\mswsock.dll
0x00007ffffc910000 - 0x00007ffffc926000 	C:\Program Files\Android\Android Studio\jbr\bin\nio.dll
0x00007ff8128c0000 - 0x00007ff8128d0000 	C:\Program Files\Android\Android Studio\jbr\bin\verify.dll
0x00007ff809690000 - 0x00007ff8096b7000 	C:\Users\H P\.gradle\native\c067742578af261105cb4f569cf0c3c89f3d7b1fecec35dd04571415982c5e48\windows-amd64\native-platform.dll
0x00007fffd17c0000 - 0x00007fffd1904000 	C:\Users\H P\.gradle\native\38dada09dfb8b06ba9b0570ebf7e218e3eb74d4ef43ca46872605cf95ebc2f47\windows-amd64\native-platform-file-events.dll
0x00007ff810e00000 - 0x00007ff810e09000 	C:\Program Files\Android\Android Studio\jbr\bin\management.dll
0x00007ff80cc40000 - 0x00007ff80cc4b000 	C:\Program Files\Android\Android Studio\jbr\bin\management_ext.dll
0x00007ff829be0000 - 0x00007ff829be8000 	C:\WINDOWS\System32\PSAPI.DLL
0x00007ff826b50000 - 0x00007ff826b6b000 	C:\WINDOWS\SYSTEM32\CRYPTSP.dll
0x00007ff8263e0000 - 0x00007ff826417000 	C:\WINDOWS\system32\rsaenh.dll
0x00007ff8269f0000 - 0x00007ff826a18000 	C:\WINDOWS\SYSTEM32\USERENV.dll
0x00007ff826b70000 - 0x00007ff826b7c000 	C:\WINDOWS\SYSTEM32\CRYPTBASE.dll
0x00007ff825f40000 - 0x00007ff825f6d000 	C:\WINDOWS\SYSTEM32\IPHLPAPI.DLL
0x00007ff828cd0000 - 0x00007ff828cd9000 	C:\WINDOWS\System32\NSI.dll
0x00007ff81ecc0000 - 0x00007ff81ecd9000 	C:\WINDOWS\SYSTEM32\dhcpcsvc6.DLL
0x00007ff81ea60000 - 0x00007ff81ea7f000 	C:\WINDOWS\SYSTEM32\dhcpcsvc.DLL
0x00007ff825fc0000 - 0x00007ff8260b8000 	C:\WINDOWS\SYSTEM32\DNSAPI.dll
0x00007ff8126e0000 - 0x00007ff8126e9000 	C:\Program Files\Android\Android Studio\jbr\bin\extnet.dll
0x00007ff80d1a0000 - 0x00007ff80d1a8000 	C:\WINDOWS\system32\wshunix.dll

dbghelp: loaded successfully - version: 4.0.5 - missing functions: none
symbol engine: initialized successfully - sym options: 0x614 - pdb path: .;C:\Program Files\Android\Android Studio\jbr\bin;C:\WINDOWS\SYSTEM32;C:\WINDOWS\WinSxS\amd64_microsoft.windows.common-controls_6595b64144ccf1df_6.0.22621.5262_none_2712bde373830908;C:\Program Files\Android\Android Studio\jbr\bin\server;C:\Users\H P\.gradle\native\c067742578af261105cb4f569cf0c3c89f3d7b1fecec35dd04571415982c5e48\windows-amd64;C:\Users\H P\.gradle\native\38dada09dfb8b06ba9b0570ebf7e218e3eb74d4ef43ca46872605cf95ebc2f47\windows-amd64

VM Arguments:
jvm_args: --add-opens=java.base/java.util=ALL-UNNAMED --add-opens=java.base/java.lang=ALL-UNNAMED --add-opens=java.base/java.lang.invoke=ALL-UNNAMED --add-opens=java.prefs/java.util.prefs=ALL-UNNAMED --add-opens=java.base/java.nio.charset=ALL-UNNAMED --add-opens=java.base/java.net=ALL-UNNAMED --add-opens=java.base/java.util.concurrent.atomic=ALL-UNNAMED -Xmx2048m -Dfile.encoding=UTF-8 -Duser.country=ID -Duser.language=en -Duser.variant -javaagent:C:\Users\H P\.gradle\wrapper\dists\gradle-8.6-bin\afr5mpiioh2wthjmwnkmdsd5w\gradle-8.6\lib\agents\gradle-instrumentation-agent-8.6.jar 
java_command: org.gradle.launcher.daemon.bootstrap.GradleDaemon 8.6
java_class_path (initial): C:\Users\H P\.gradle\wrapper\dists\gradle-8.6-bin\afr5mpiioh2wthjmwnkmdsd5w\gradle-8.6\lib\gradle-launcher-8.6.jar
Launcher Type: SUN_STANDARD

[Global flags]
     intx CICompilerCount                          = 3                                         {product} {ergonomic}
     uint ConcGCThreads                            = 1                                         {product} {ergonomic}
     uint G1ConcRefinementThreads                  = 4                                         {product} {ergonomic}
   size_t G1HeapRegionSize                         = 1048576                                   {product} {ergonomic}
    uintx GCDrainStackTargetSize                   = 64                                        {product} {ergonomic}
   size_t InitialHeapSize                          = 62914560                                  {product} {ergonomic}
   size_t MarkStackSize                            = 4194304                                   {product} {ergonomic}
   size_t MaxHeapSize                              = 2147483648                                {product} {command line}
   size_t MaxNewSize                               = 1287651328                                {product} {ergonomic}
   size_t MinHeapDeltaBytes                        = 1048576                                   {product} {ergonomic}
   size_t MinHeapSize                              = 8388608                                   {product} {ergonomic}
    uintx NonNMethodCodeHeapSize                   = 5832780                                {pd product} {ergonomic}
    uintx NonProfiledCodeHeapSize                  = 122912730                              {pd product} {ergonomic}
    uintx ProfiledCodeHeapSize                     = 122912730                              {pd product} {ergonomic}
    uintx ReservedCodeCacheSize                    = 251658240                              {pd product} {ergonomic}
     bool SegmentedCodeCache                       = true                                      {product} {ergonomic}
   size_t SoftMaxHeapSize                          = 2147483648                             {manageable} {ergonomic}
     bool UseCompressedClassPointers               = true                           {product lp64_product} {ergonomic}
     bool UseCompressedOops                        = true                           {product lp64_product} {ergonomic}
     bool UseG1GC                                  = true                                      {product} {ergonomic}
     bool UseLargePagesIndividualAllocation        = false                                  {pd product} {ergonomic}

Logging:
Log output configuration:
 #0: stdout all=warning uptime,level,tags
 #1: stderr all=off uptime,level,tags

Environment Variables:
JAVA_HOME=C:\Program Files\Java\Zulu\zulu-8\
PATH=C:\Program Files (x86)\VMware\VMware Workstation\bin\;C:\Program Files\Java\Zulu\zulu-8\bin\;C:\WINDOWS\system32;C:\WINDOWS;C:\WINDOWS\System32\Wbem;C:\WINDOWS\System32\WindowsPowerShell\v1.0\;C:\WINDOWS\System32\OpenSSH\;C:\Users\H P\anaconda3\Scripts\;C:\Users\H P\anaconda3\;C:\Program Files\Git\cmd;C:\gradle-8.4\bin;C:\Users\H P\AppData\Local\Microsoft\WindowsApps;C:\Users\H P\AppData\Local\Programs\Microsoft VS Code\bin;C:\Program Files\JetBrains\IntelliJ IDEA Community Edition 2023.2.1\bin;;C:\flutter_windows_3.19.3-stable\flutter\bin;C:\flutter_windows_3.19.3-stable\flutter\bin\cache\dart-sdk\bin;
USERNAME=H P
OS=Windows_NT
PROCESSOR_IDENTIFIER=Intel64 Family 6 Model 140 Stepping 2, GenuineIntel
TMP=C:\Users\HP12D5~1\AppData\Local\Temp
TEMP=C:\Users\HP12D5~1\AppData\Local\Temp



Periodic native trim disabled

JNI global refs:
JNI global refs: 25, weak refs: 0

JNI global refs memory usage: 843, weak refs: 841

OOME stack traces (most recent first):
Classloader memory used:
Loader org.gradle.internal.classloader.VisitableURLClassLoader                         : 3188K
Loader bootstrap                                                                       : 2368K
Loader org.gradle.initialization.MixInLegacyTypesClassLoader                           : 861K
Loader jdk.internal.loader.ClassLoaders$PlatformClassLoader                            : 65740B
Loader jdk.internal.loader.ClassLoaders$AppClassLoader                                 : 28729B
Loader jdk.internal.reflect.DelegatingClassLoader                                      : 7355B
Loader org.gradle.internal.classloader.VisitableURLClassLoader                         : 4560B
Loader org.gradle.internal.classloader.VisitableURLClassLoader$InstrumentingVisitableURLClassLoader: 3729B

Classes loaded by more than one classloader:
Class org.gradle.internal.installation.GradleInstallation                             : loaded 2 times (x 73B)
Class org.gradle.internal.classpath.ClassPath                                         : loaded 2 times (x 68B)
Class org.gradle.api.internal.classpath.DefaultModuleRegistry                         : loaded 2 times (x 84B)
Class Settings_gradle$1$1                                                             : loaded 2 times (x 72B)
Class org.gradle.api.Action                                                           : loaded 2 times (x 68B)
Class org.gradle.api.internal.DefaultClassPathProvider                                : loaded 2 times (x 74B)
Class org.gradle.internal.installation.GradleInstallation$1                           : loaded 2 times (x 73B)
Class org.gradle.internal.classloader.FilteringClassLoader                            : loaded 2 times (x 103B)
Class org.gradle.internal.classpath.DefaultClassPath$ImmutableUniqueList$Builder      : loaded 2 times (x 73B)
Class org.gradle.internal.classloader.ClassLoaderVisitor                              : loaded 2 times (x 74B)
Class org.gradle.internal.service.DefaultServiceLocator                               : loaded 2 times (x 81B)
Class org.gradle.internal.service.UnknownServiceException                             : loaded 2 times (x 81B)
Class org.gradle.internal.classloader.DefaultClassLoaderFactory                       : loaded 2 times (x 80B)
Class org.gradle.internal.classloader.VisitableURLClassLoader$Spec                    : loaded 2 times (x 72B)
Class org.gradle.api.GradleException                                                  : loaded 2 times (x 80B)
Class org.gradle.api.internal.classpath.ModuleRegistry                                : loaded 2 times (x 68B)
Class org.gradle.api.internal.ClassPathProvider                                       : loaded 2 times (x 68B)
Class org.gradle.internal.classloader.ClasspathUtil$1                                 : loaded 2 times (x 74B)
Class org.gradle.internal.classloader.ClassLoaderFactory                              : loaded 2 times (x 68B)
Class org.gradle.api.internal.classpath.ManifestUtil                                  : loaded 2 times (x 69B)
Class org.gradle.api.specs.Spec                                                       : loaded 2 times (x 68B)
Class org.gradle.internal.IoActions                                                   : loaded 2 times (x 69B)
Class org.gradle.api.internal.classpath.EffectiveClassPath                            : loaded 2 times (x 88B)
Class org.gradle.internal.installation.CurrentGradleInstallation                      : loaded 2 times (x 71B)
Class org.gradle.internal.agents.InstrumentingClassLoader                             : loaded 2 times (x 68B)
Class org.gradle.internal.installation.CurrentGradleInstallationLocator               : loaded 2 times (x 69B)
Class org.gradle.api.internal.classpath.Module                                        : loaded 2 times (x 68B)
Class org.gradle.internal.service.CachingServiceLocator                               : loaded 2 times (x 80B)
Class org.gradle.internal.classpath.DefaultClassPath                                  : loaded 2 times (x 88B)
Class org.gradle.internal.classloader.SystemClassLoaderSpec                           : loaded 2 times (x 69B)
Class org.gradle.api.UncheckedIOException                                             : loaded 2 times (x 80B)
Class Program                                                                         : loaded 2 times (x 70B)
Class org.gradle.internal.classloader.ClasspathUtil                                   : loaded 2 times (x 69B)
Class org.gradle.api.internal.DefaultClassPathRegistry                                : loaded 2 times (x 74B)
Class org.gradle.api.internal.classpath.DefaultModuleRegistry$DefaultModule           : loaded 2 times (x 84B)
Class org.gradle.api.internal.classpath.UnknownModuleException                        : loaded 2 times (x 80B)
Class org.gradle.internal.service.ServiceLookupException                              : loaded 2 times (x 80B)
Class org.gradle.cache.GlobalCache                                                    : loaded 2 times (x 68B)
Class [Lorg.gradle.api.internal.ClassPathProvider;                                    : loaded 2 times (x 67B)
Class org.gradle.util.internal.GUtil                                                  : loaded 2 times (x 69B)
Class org.gradle.internal.classloader.ClassLoaderSpec                                 : loaded 2 times (x 69B)
Class org.gradle.internal.classloader.VisitableURLClassLoader                         : loaded 2 times (x 115B)
Class org.gradle.internal.Cast                                                        : loaded 2 times (x 69B)
Class org.gradle.api.internal.ClassPathRegistry                                       : loaded 2 times (x 68B)
Class org.gradle.internal.classloader.VisitableURLClassLoader$InstrumentingVisitableURLClassLoader: loaded 2 times (x 121B)
Class org.gradle.internal.classloader.ClassLoaderHierarchy                            : loaded 2 times (x 68B)
Class org.gradle.internal.InternalTransformer                                         : loaded 2 times (x 68B)
Class org.gradle.internal.service.ServiceLocator                                      : loaded 2 times (x 68B)
Class Settings_gradle$1                                                               : loaded 2 times (x 72B)
Class org.gradle.internal.classpath.DefaultClassPath$ImmutableUniqueList              : loaded 2 times (x 159B)
Class org.gradle.internal.classpath.TransformedClassPath                              : loaded 2 times (x 94B)
Class Settings_gradle                                                                 : loaded 2 times (x 126B)


---------------  S Y S T E M  ---------------

OS:
 Windows 11 , 64 bit Build 22621 (10.0.22621.5262)
OS uptime: 2 days 8:24 hours

CPU: total 4 (initial active 4) (2 cores per cpu, 2 threads per core) family 6 model 140 stepping 2 microcode 0x34, cx8, cmov, fxsr, ht, mmx, 3dnowpref, sse, sse2, sse3, ssse3, sse4.1, sse4.2, popcnt, lzcnt, tsc, tscinvbit, avx, avx2, aes, erms, clmul, bmi1, bmi2, adx, avx512f, avx512dq, avx512cd, avx512bw, avx512vl, sha, fma, vzeroupper, avx512_vpopcntdq, avx512_vpclmulqdq, avx512_vaes, avx512_vnni, clflush, clflushopt, clwb, avx512_vbmi2, avx512_vbmi
Processor Information for processor 0
  Max Mhz: 2901, Current Mhz: 2901, Mhz Limit: 2901
Processor Information for processor 1
  Max Mhz: 2901, Current Mhz: 2901, Mhz Limit: 2901
Processor Information for processor 2
  Max Mhz: 2901, Current Mhz: 2901, Mhz Limit: 2901
Processor Information for processor 3
  Max Mhz: 2901, Current Mhz: 1100, Mhz Limit: 2901

Memory: 4k page, system-wide physical 3738M (158M free)
TotalPageFile size 15002M (AvailPageFile size 14M)
current process WorkingSet (physical memory assigned to process): 226M, peak: 227M
current process commit charge ("private bytes"): 252M, peak: 268M

vm_info: OpenJDK 64-Bit Server VM (17.0.10+0--11572160) for windows-amd64 JRE (17.0.10+0--11572160), built on Mar 13 2024 23:56:38 by "androidbuild" with MS VC++ 16.10 / 16.11 (VS2019)

END.
