#
# There is insufficient memory for the Java Runtime Environment to continue.
# Native memory allocation (malloc) failed to allocate 1604656 bytes for Chunk::new
# Possible reasons:
#   The system is out of physical RAM or swap space
#   The process is running with CompressedOops enabled, and the Java Heap may be blocking the growth of the native heap
# Possible solutions:
#   Reduce memory load on the system
#   Increase physical memory or swap space
#   Check if swap backing store is full
#   Decrease Java heap size (-Xmx/-Xms)
#   Decrease number of Java threads
#   Decrease Java thread stack sizes (-Xss)
#   Set larger code cache with -XX:ReservedCodeCacheSize=
#   JVM is running with Unscaled Compressed Oops mode in which the Java heap is
#     placed in the first 4GB address space. The Java Heap base address is the
#     maximum limit for the native heap growth. Please use -XX:HeapBaseMinAddress
#     to set the Java Heap base and to place the Java Heap above 4GB virtual address.
# This output file may be truncated or incomplete.
#
#  Out of Memory Error (arena.cpp:191), pid=20436, tid=16992
#
# JRE version: OpenJDK Runtime Environment (17.0.10) (build 17.0.10+0--11572160)
# Java VM: OpenJDK 64-Bit Server VM (17.0.10+0--11572160, mixed mode, tiered, compressed oops, compressed class ptrs, g1 gc, windows-amd64)
# No core dump will be written. Minidumps are not enabled by default on client versions of Windows
#

---------------  S U M M A R Y ------------

Command Line: --add-opens=java.base/java.util=ALL-UNNAMED --add-opens=java.base/java.lang=ALL-UNNAMED --add-opens=java.base/java.lang.invoke=ALL-UNNAMED --add-opens=java.prefs/java.util.prefs=ALL-UNNAMED --add-opens=java.base/java.nio.charset=ALL-UNNAMED --add-opens=java.base/java.net=ALL-UNNAMED --add-opens=java.base/java.util.concurrent.atomic=ALL-UNNAMED -Xmx2048m -Dfile.encoding=UTF-8 -Duser.country=ID -Duser.language=en -Duser.variant -javaagent:C:\Users\H P\.gradle\wrapper\dists\gradle-8.6-bin\afr5mpiioh2wthjmwnkmdsd5w\gradle-8.6\lib\agents\gradle-instrumentation-agent-8.6.jar org.gradle.launcher.daemon.bootstrap.GradleDaemon 8.6

Host: 11th Gen Intel(R) Core(TM) i3-1115G4 @ 3.00GHz, 4 cores, 3G,  Windows 11 , 64 bit Build 22621 (10.0.22621.5262)
Time: Fri May 23 16:42:06 2025 SE Asia Standard Time elapsed time: 7.127118 seconds (0d 0h 0m 7s)

---------------  T H R E A D  ---------------

Current thread (0x000002137a446c60):  JavaThread "C2 CompilerThread0" daemon [_thread_in_native, id=16992, stack(0x0000002a0c300000,0x0000002a0c400000)]


Current CompileTask:
C2:   7127 4021       4       jdk.internal.loader.URLClassPath::getResource (74 bytes)

Stack: [0x0000002a0c300000,0x0000002a0c400000]
Native frames: (J=compiled Java code, j=interpreted, Vv=VM code, C=native code)
V  [jvm.dll+0x688e89]
V  [jvm.dll+0x84247a]
V  [jvm.dll+0x8440be]
V  [jvm.dll+0x844723]
V  [jvm.dll+0x24be0f]
V  [jvm.dll+0xac524]
V  [jvm.dll+0xacb6c]
V  [jvm.dll+0x36bd12]
V  [jvm.dll+0x1bde16]
V  [jvm.dll+0x21dbf9]
V  [jvm.dll+0x21cec1]
V  [jvm.dll+0x1a60ad]
V  [jvm.dll+0x22cd78]
V  [jvm.dll+0x22aeb0]
V  [jvm.dll+0x7f6917]
V  [jvm.dll+0x7f0d1a]
V  [jvm.dll+0x687d05]
C  [ucrtbase.dll+0x29333]
C  [KERNEL32.DLL+0x1259d]
C  [ntdll.dll+0x5af58]


---------------  P R O C E S S  ---------------

Threads class SMR info:
_java_thread_list=0x000002137f20f9b0, length=36, elements={
0x000002136fbf33d0, 0x000002137a1a3ae0, 0x000002137a1a4e40, 0x000002137a1fc030,
0x000002137a1fcd10, 0x000002137a442b00, 0x000002137a4420e0, 0x000002137a446c60,
0x000002137a447eb0, 0x000002137a4cc210, 0x000002137a445890, 0x000002137a443f40,
0x000002137a444960, 0x000002137a443010, 0x000002137a443a30, 0x000002137a444e70,
0x000002137a445380, 0x000002137a4425f0, 0x000002137a443520, 0x000002131008b040,
0x000002131008a110, 0x000002131008a620, 0x000002131008ab30, 0x000002131008b550,
0x0000021310087380, 0x0000021310086e70, 0x000002131008c990, 0x000002131008c480,
0x000002131008cea0, 0x0000021310087890, 0x0000021310087da0, 0x00000213100896f0,
0x000002131008ba60, 0x000002131008d8c0, 0x0000021310088cd0, 0x000002131008ddd0
}

Java Threads: ( => current thread )
  0x000002136fbf33d0 JavaThread "main" [_thread_blocked, id=8900, stack(0x0000002a0b600000,0x0000002a0b700000)]
  0x000002137a1a3ae0 JavaThread "Reference Handler" daemon [_thread_blocked, id=2860, stack(0x0000002a0bd00000,0x0000002a0be00000)]
  0x000002137a1a4e40 JavaThread "Finalizer" daemon [_thread_blocked, id=14352, stack(0x0000002a0be00000,0x0000002a0bf00000)]
  0x000002137a1fc030 JavaThread "Signal Dispatcher" daemon [_thread_blocked, id=15048, stack(0x0000002a0bf00000,0x0000002a0c000000)]
  0x000002137a1fcd10 JavaThread "Attach Listener" daemon [_thread_blocked, id=16588, stack(0x0000002a0c000000,0x0000002a0c100000)]
  0x000002137a442b00 JavaThread "Service Thread" daemon [_thread_blocked, id=20060, stack(0x0000002a0c100000,0x0000002a0c200000)]
  0x000002137a4420e0 JavaThread "Monitor Deflation Thread" daemon [_thread_blocked, id=5112, stack(0x0000002a0c200000,0x0000002a0c300000)]
=>0x000002137a446c60 JavaThread "C2 CompilerThread0" daemon [_thread_in_native, id=16992, stack(0x0000002a0c300000,0x0000002a0c400000)]
  0x000002137a447eb0 JavaThread "C1 CompilerThread0" daemon [_thread_in_native, id=3408, stack(0x0000002a0c400000,0x0000002a0c500000)]
  0x000002137a4cc210 JavaThread "Sweeper thread" daemon [_thread_blocked, id=8504, stack(0x0000002a0c500000,0x0000002a0c600000)]
  0x000002137a445890 JavaThread "Common-Cleaner" daemon [_thread_blocked, id=6984, stack(0x0000002a0c600000,0x0000002a0c700000)]
  0x000002137a443f40 JavaThread "Notification Thread" daemon [_thread_blocked, id=10060, stack(0x0000002a0c700000,0x0000002a0c800000)]
  0x000002137a444960 JavaThread "Daemon health stats" [_thread_blocked, id=18744, stack(0x0000002a0cc00000,0x0000002a0cd00000)]
  0x000002137a443010 JavaThread "Incoming local TCP Connector on port 60033" [_thread_in_native, id=11876, stack(0x0000002a0cd00000,0x0000002a0ce00000)]
  0x000002137a443a30 JavaThread "Daemon periodic checks" [_thread_blocked, id=21104, stack(0x0000002a0ce00000,0x0000002a0cf00000)]
  0x000002137a444e70 JavaThread "Daemon" [_thread_blocked, id=9016, stack(0x0000002a0cf00000,0x0000002a0d000000)]
  0x000002137a445380 JavaThread "Handler for socket connection from /127.0.0.1:60033 to /127.0.0.1:60034" [_thread_in_native, id=15004, stack(0x0000002a0d000000,0x0000002a0d100000)]
  0x000002137a4425f0 JavaThread "Cancel handler" [_thread_blocked, id=11880, stack(0x0000002a0d100000,0x0000002a0d200000)]
  0x000002137a443520 JavaThread "Daemon worker" [_thread_in_native, id=15968, stack(0x0000002a0d200000,0x0000002a0d300000)]
  0x000002131008b040 JavaThread "Asynchronous log dispatcher for DefaultDaemonConnection: socket connection from /127.0.0.1:60033 to /127.0.0.1:60034" [_thread_blocked, id=2972, stack(0x0000002a0d300000,0x0000002a0d400000)]
  0x000002131008a110 JavaThread "Stdin handler" [_thread_blocked, id=2040, stack(0x0000002a0d400000,0x0000002a0d500000)]
  0x000002131008a620 JavaThread "Daemon client event forwarder" [_thread_blocked, id=13892, stack(0x0000002a0d500000,0x0000002a0d600000)]
  0x000002131008ab30 JavaThread "Cache worker for journal cache (C:\Users\H P\.gradle\caches\journal-1)" [_thread_blocked, id=12636, stack(0x0000002a0d600000,0x0000002a0d700000)]
  0x000002131008b550 JavaThread "File lock request listener" [_thread_in_native, id=1416, stack(0x0000002a0d700000,0x0000002a0d800000)]
  0x0000021310087380 JavaThread "Cache worker for file hash cache (C:\Users\H P\.gradle\caches\8.6\fileHashes)" [_thread_blocked, id=17048, stack(0x0000002a0d800000,0x0000002a0d900000)]
  0x0000021310086e70 JavaThread "File watcher server" daemon [_thread_in_native, id=10000, stack(0x0000002a0d900000,0x0000002a0da00000)]
  0x000002131008c990 JavaThread "File watcher consumer" daemon [_thread_blocked, id=9320, stack(0x0000002a0da00000,0x0000002a0db00000)]
  0x000002131008c480 JavaThread "Cache worker for checksums cache (C:\Users\H P\Projek Skripsi\MyApplication\.gradle\8.6\checksums)" [_thread_blocked, id=5712, stack(0x0000002a0db00000,0x0000002a0dc00000)]
  0x000002131008cea0 JavaThread "Cache worker for file hash cache (C:\Users\H P\Projek Skripsi\MyApplication\.gradle\8.6\fileHashes)" [_thread_blocked, id=13388, stack(0x0000002a0dc00000,0x0000002a0dd00000)]
  0x0000021310087890 JavaThread "Cache worker for cache directory md-supplier (C:\Users\H P\.gradle\caches\8.6\md-supplier)" [_thread_blocked, id=17084, stack(0x0000002a0dd00000,0x0000002a0de00000)]
  0x0000021310087da0 JavaThread "Cache worker for cache directory md-rule (C:\Users\H P\.gradle\caches\8.6\md-rule)" [_thread_blocked, id=16472, stack(0x0000002a0de00000,0x0000002a0df00000)]
  0x00000213100896f0 JavaThread "Cache worker for file content cache (C:\Users\H P\.gradle\caches\8.6\fileContent)" [_thread_blocked, id=17800, stack(0x0000002a0df00000,0x0000002a0e000000)]
  0x000002131008ba60 JavaThread "jar transforms" [_thread_blocked, id=14464, stack(0x0000002a0e000000,0x0000002a0e100000)]
  0x000002131008d8c0 JavaThread "jar transforms Thread 2" [_thread_blocked, id=15348, stack(0x0000002a0e100000,0x0000002a0e200000)]
  0x0000021310088cd0 JavaThread "jar transforms Thread 3" [_thread_blocked, id=20932, stack(0x0000002a0e200000,0x0000002a0e300000)]
  0x000002131008ddd0 JavaThread "jar transforms Thread 4" [_thread_blocked, id=16584, stack(0x0000002a0e300000,0x0000002a0e400000)]

Other Threads:
  0x000002137a1bd330 VMThread "VM Thread" [stack: 0x0000002a0bc00000,0x0000002a0bd00000] [id=18060]
  0x000002137a72ab40 WatcherThread [stack: 0x0000002a0c800000,0x0000002a0c900000] [id=19148]
  0x000002136da3e830 GCTaskThread "GC Thread#0" [stack: 0x0000002a0b700000,0x0000002a0b800000] [id=17992]
  0x000002137f0b69d0 GCTaskThread "GC Thread#1" [stack: 0x0000002a0c900000,0x0000002a0ca00000] [id=21032]
  0x000002137f11db90 GCTaskThread "GC Thread#2" [stack: 0x0000002a0ca00000,0x0000002a0cb00000] [id=10788]
  0x000002130f4d0270 GCTaskThread "GC Thread#3" [stack: 0x0000002a0cb00000,0x0000002a0cc00000] [id=7148]
  0x000002136fc59ac0 ConcurrentGCThread "G1 Main Marker" [stack: 0x0000002a0b800000,0x0000002a0b900000] [id=17924]
  0x000002136fc5a3f0 ConcurrentGCThread "G1 Conc#0" [stack: 0x0000002a0b900000,0x0000002a0ba00000] [id=10512]
  0x000002136fc96f20 ConcurrentGCThread "G1 Refine#0" [stack: 0x0000002a0ba00000,0x0000002a0bb00000] [id=16392]
  0x000002136fc97950 ConcurrentGCThread "G1 Service" [stack: 0x0000002a0bb00000,0x0000002a0bc00000] [id=13156]

Threads with active compile tasks:
C2 CompilerThread0     7156 4021       4       jdk.internal.loader.URLClassPath::getResource (74 bytes)

VM state: not at safepoint (normal execution)

VM Mutex/Monitor currently owned by a thread: None

Heap address: 0x0000000080000000, size: 2048 MB, Compressed Oops mode: 32-bit

CDS archive(s) not mapped
Compressed class space mapped at: 0x0000000100000000-0x0000000140000000, reserved size: 1073741824
Narrow klass base: 0x0000000000000000, Narrow klass shift: 3, Narrow klass range: 0x140000000

GC Precious Log:
 CPUs: 4 total, 4 available
 Memory: 3738M
 Large Page Support: Disabled
 NUMA Support: Disabled
 Compressed Oops: Enabled (32-bit)
 Heap Region Size: 1M
 Heap Min Capacity: 8M
 Heap Initial Capacity: 60M
 Heap Max Capacity: 2G
 Pre-touch: Disabled
 Parallel Workers: 4
 Concurrent Workers: 1
 Concurrent Refinement Workers: 4
 Periodic GC: Disabled

Heap:
 garbage-first heap   total 73728K, used 41308K [0x0000000080000000, 0x0000000100000000)
  region size 1024K, 15 young (15360K), 4 survivors (4096K)
 Metaspace       used 48495K, committed 48896K, reserved 1114112K
  class space    used 6647K, committed 6848K, reserved 1048576K

Heap Regions: E=young(eden), S=young(survivor), O=old, HS=humongous(starts), HC=humongous(continues), CS=collection set, F=free, OA=open archive, CA=closed archive, TAMS=top-at-mark-start (previous, next)
|   0|0x0000000080000000, 0x0000000080100000, 0x0000000080100000|100%| O|  |TAMS 0x0000000080100000, 0x0000000080000000| Untracked 
|   1|0x0000000080100000, 0x0000000080200000, 0x0000000080200000|100%| O|  |TAMS 0x0000000080200000, 0x0000000080100000| Untracked 
|   2|0x0000000080200000, 0x0000000080300000, 0x0000000080300000|100%|HS|  |TAMS 0x0000000080300000, 0x0000000080200000| Complete 
|   3|0x0000000080300000, 0x0000000080400000, 0x0000000080400000|100%|HC|  |TAMS 0x0000000080400000, 0x0000000080300000| Complete 
|   4|0x0000000080400000, 0x0000000080500000, 0x0000000080500000|100%|HC|  |TAMS 0x0000000080500000, 0x0000000080400000| Complete 
|   5|0x0000000080500000, 0x0000000080600000, 0x0000000080600000|100%|HC|  |TAMS 0x0000000080600000, 0x0000000080500000| Complete 
|   6|0x0000000080600000, 0x0000000080700000, 0x0000000080700000|100%| O|  |TAMS 0x0000000080700000, 0x0000000080600000| Untracked 
|   7|0x0000000080700000, 0x0000000080800000, 0x0000000080800000|100%| O|  |TAMS 0x0000000080800000, 0x0000000080700000| Untracked 
|   8|0x0000000080800000, 0x0000000080900000, 0x0000000080900000|100%| O|  |TAMS 0x0000000080900000, 0x0000000080800000| Untracked 
|   9|0x0000000080900000, 0x0000000080a00000, 0x0000000080a00000|100%| O|  |TAMS 0x0000000080a00000, 0x0000000080900000| Untracked 
|  10|0x0000000080a00000, 0x0000000080b00000, 0x0000000080b00000|100%| O|  |TAMS 0x0000000080b00000, 0x0000000080a00000| Untracked 
|  11|0x0000000080b00000, 0x0000000080c00000, 0x0000000080c00000|100%| O|  |TAMS 0x0000000080c00000, 0x0000000080b00000| Untracked 
|  12|0x0000000080c00000, 0x0000000080d00000, 0x0000000080d00000|100%| O|  |TAMS 0x0000000080d00000, 0x0000000080c00000| Untracked 
|  13|0x0000000080d00000, 0x0000000080e00000, 0x0000000080e00000|100%| O|  |TAMS 0x0000000080e00000, 0x0000000080d00000| Untracked 
|  14|0x0000000080e00000, 0x0000000080f00000, 0x0000000080f00000|100%| O|  |TAMS 0x0000000080f00000, 0x0000000080e00000| Untracked 
|  15|0x0000000080f00000, 0x0000000081000000, 0x0000000081000000|100%| O|  |TAMS 0x0000000081000000, 0x0000000080f00000| Untracked 
|  16|0x0000000081000000, 0x0000000081100000, 0x0000000081100000|100%| O|  |TAMS 0x0000000081100000, 0x0000000081000000| Untracked 
|  17|0x0000000081100000, 0x0000000081200000, 0x0000000081200000|100%| O|  |TAMS 0x0000000081200000, 0x0000000081100000| Untracked 
|  18|0x0000000081200000, 0x0000000081300000, 0x0000000081300000|100%| O|  |TAMS 0x0000000081300000, 0x0000000081200000| Untracked 
|  19|0x0000000081300000, 0x0000000081400000, 0x0000000081400000|100%| O|  |TAMS 0x0000000081400000, 0x0000000081300000| Untracked 
|  20|0x0000000081400000, 0x0000000081500000, 0x0000000081500000|100%| O|  |TAMS 0x0000000081500000, 0x0000000081400000| Untracked 
|  21|0x0000000081500000, 0x0000000081600000, 0x0000000081600000|100%| O|  |TAMS 0x000000008150a400, 0x0000000081500000| Untracked 
|  22|0x0000000081600000, 0x0000000081700000, 0x0000000081700000|100%| O|  |TAMS 0x0000000081600000, 0x0000000081600000| Untracked 
|  23|0x0000000081700000, 0x0000000081800000, 0x0000000081800000|100%| O|  |TAMS 0x0000000081700000, 0x0000000081700000| Untracked 
|  24|0x0000000081800000, 0x0000000081900000, 0x0000000081900000|100%| O|  |TAMS 0x0000000081800000, 0x0000000081800000| Untracked 
|  25|0x0000000081900000, 0x0000000081a00000, 0x0000000081a00000|100%| O|  |TAMS 0x0000000081900000, 0x0000000081900000| Untracked 
|  26|0x0000000081a00000, 0x0000000081b00000, 0x0000000081b00000|100%| O|  |TAMS 0x0000000081a00000, 0x0000000081a00000| Untracked 
|  27|0x0000000081b00000, 0x0000000081c00000, 0x0000000081c00000|100%| O|  |TAMS 0x0000000081b00000, 0x0000000081b00000| Untracked 
|  28|0x0000000081c00000, 0x0000000081c12400, 0x0000000081d00000|  7%| O|  |TAMS 0x0000000081c00000, 0x0000000081c00000| Untracked 
|  29|0x0000000081d00000, 0x0000000081d00000, 0x0000000081e00000|  0%| F|  |TAMS 0x0000000081d00000, 0x0000000081d00000| Untracked 
|  30|0x0000000081e00000, 0x0000000081e00000, 0x0000000081f00000|  0%| F|  |TAMS 0x0000000081e00000, 0x0000000081e00000| Untracked 
|  31|0x0000000081f00000, 0x0000000081f00000, 0x0000000082000000|  0%| F|  |TAMS 0x0000000081f00000, 0x0000000081f00000| Untracked 
|  32|0x0000000082000000, 0x0000000082000000, 0x0000000082100000|  0%| F|  |TAMS 0x0000000082000000, 0x0000000082000000| Untracked 
|  33|0x0000000082100000, 0x0000000082100000, 0x0000000082200000|  0%| F|  |TAMS 0x0000000082100000, 0x0000000082100000| Untracked 
|  34|0x0000000082200000, 0x0000000082200000, 0x0000000082300000|  0%| F|  |TAMS 0x0000000082200000, 0x0000000082200000| Untracked 
|  35|0x0000000082300000, 0x0000000082300000, 0x0000000082400000|  0%| F|  |TAMS 0x0000000082300000, 0x0000000082300000| Untracked 
|  36|0x0000000082400000, 0x0000000082400000, 0x0000000082500000|  0%| F|  |TAMS 0x0000000082400000, 0x0000000082400000| Untracked 
|  37|0x0000000082500000, 0x0000000082500000, 0x0000000082600000|  0%| F|  |TAMS 0x0000000082500000, 0x0000000082500000| Untracked 
|  38|0x0000000082600000, 0x0000000082644d50, 0x0000000082700000| 26%| S|CS|TAMS 0x0000000082600000, 0x0000000082600000| Complete 
|  39|0x0000000082700000, 0x0000000082800000, 0x0000000082800000|100%| S|CS|TAMS 0x0000000082700000, 0x0000000082700000| Complete 
|  40|0x0000000082800000, 0x0000000082900000, 0x0000000082900000|100%| S|CS|TAMS 0x0000000082800000, 0x0000000082800000| Complete 
|  41|0x0000000082900000, 0x0000000082900000, 0x0000000082a00000|  0%| F|  |TAMS 0x0000000082900000, 0x0000000082900000| Untracked 
|  42|0x0000000082a00000, 0x0000000082a00000, 0x0000000082b00000|  0%| F|  |TAMS 0x0000000082a00000, 0x0000000082a00000| Untracked 
|  43|0x0000000082b00000, 0x0000000082b00000, 0x0000000082c00000|  0%| F|  |TAMS 0x0000000082b00000, 0x0000000082b00000| Untracked 
|  44|0x0000000082c00000, 0x0000000082c00000, 0x0000000082d00000|  0%| F|  |TAMS 0x0000000082c00000, 0x0000000082c00000| Untracked 
|  45|0x0000000082d00000, 0x0000000082e00000, 0x0000000082e00000|100%| S|CS|TAMS 0x0000000082d00000, 0x0000000082d00000| Complete 
|  46|0x0000000082e00000, 0x0000000082e00000, 0x0000000082f00000|  0%| F|  |TAMS 0x0000000082e00000, 0x0000000082e00000| Untracked 
|  47|0x0000000082f00000, 0x0000000082f00000, 0x0000000083000000|  0%| F|  |TAMS 0x0000000082f00000, 0x0000000082f00000| Untracked 
|  48|0x0000000083000000, 0x0000000083000000, 0x0000000083100000|  0%| F|  |TAMS 0x0000000083000000, 0x0000000083000000| Untracked 
|  49|0x0000000083100000, 0x0000000083100000, 0x0000000083200000|  0%| F|  |TAMS 0x0000000083100000, 0x0000000083100000| Untracked 
|  50|0x0000000083200000, 0x0000000083200000, 0x0000000083300000|  0%| F|  |TAMS 0x0000000083200000, 0x0000000083200000| Untracked 
|  51|0x0000000083300000, 0x0000000083300000, 0x0000000083400000|  0%| F|  |TAMS 0x0000000083300000, 0x0000000083300000| Untracked 
|  52|0x0000000083400000, 0x0000000083400000, 0x0000000083500000|  0%| F|  |TAMS 0x0000000083400000, 0x0000000083400000| Untracked 
|  53|0x0000000083500000, 0x0000000083500000, 0x0000000083600000|  0%| F|  |TAMS 0x0000000083500000, 0x0000000083500000| Untracked 
|  54|0x0000000083600000, 0x0000000083600000, 0x0000000083700000|  0%| F|  |TAMS 0x0000000083600000, 0x0000000083600000| Untracked 
|  55|0x0000000083700000, 0x0000000083700000, 0x0000000083800000|  0%| F|  |TAMS 0x0000000083700000, 0x0000000083700000| Untracked 
|  56|0x0000000083800000, 0x0000000083800000, 0x0000000083900000|  0%| F|  |TAMS 0x0000000083800000, 0x0000000083800000| Untracked 
|  57|0x0000000083900000, 0x0000000083900000, 0x0000000083a00000|  0%| F|  |TAMS 0x0000000083900000, 0x0000000083900000| Untracked 
|  58|0x0000000083a00000, 0x0000000083a00000, 0x0000000083b00000|  0%| F|  |TAMS 0x0000000083a00000, 0x0000000083a00000| Untracked 
|  59|0x0000000083b00000, 0x0000000083b00000, 0x0000000083c00000|  0%| F|  |TAMS 0x0000000083b00000, 0x0000000083b00000| Untracked 
|  60|0x0000000083c00000, 0x0000000083c00000, 0x0000000083d00000|  0%| F|  |TAMS 0x0000000083c00000, 0x0000000083c00000| Untracked 
|  61|0x0000000083d00000, 0x0000000083d794c0, 0x0000000083e00000| 47%| E|  |TAMS 0x0000000083d00000, 0x0000000083d00000| Complete 
|  62|0x0000000083e00000, 0x0000000083f00000, 0x0000000083f00000|100%| E|CS|TAMS 0x0000000083e00000, 0x0000000083e00000| Complete 
|  63|0x0000000083f00000, 0x0000000084000000, 0x0000000084000000|100%| E|CS|TAMS 0x0000000083f00000, 0x0000000083f00000| Complete 
|  64|0x0000000084000000, 0x0000000084100000, 0x0000000084100000|100%| E|CS|TAMS 0x0000000084000000, 0x0000000084000000| Complete 
|  65|0x0000000084100000, 0x0000000084200000, 0x0000000084200000|100%| E|CS|TAMS 0x0000000084100000, 0x0000000084100000| Complete 
|  66|0x0000000084200000, 0x0000000084300000, 0x0000000084300000|100%| E|CS|TAMS 0x0000000084200000, 0x0000000084200000| Complete 
|  67|0x0000000084300000, 0x0000000084400000, 0x0000000084400000|100%| E|CS|TAMS 0x0000000084300000, 0x0000000084300000| Complete 
|  68|0x0000000084400000, 0x0000000084500000, 0x0000000084500000|100%| E|CS|TAMS 0x0000000084400000, 0x0000000084400000| Complete 
|  69|0x0000000084500000, 0x0000000084600000, 0x0000000084600000|100%| E|  |TAMS 0x0000000084500000, 0x0000000084500000| Complete 
|  70|0x0000000084600000, 0x0000000084700000, 0x0000000084700000|100%| E|CS|TAMS 0x0000000084600000, 0x0000000084600000| Complete 
|  71|0x0000000084700000, 0x0000000084800000, 0x0000000084800000|100%| E|CS|TAMS 0x0000000084700000, 0x0000000084700000| Complete 

Card table byte_map: [0x00000213734c0000,0x00000213738c0000] _byte_map_base: 0x00000213730c0000

Marking Bits (Prev, Next): (CMBitMap*) 0x000002136fc49190, (CMBitMap*) 0x000002136fc491d0
 Prev Bits: [0x0000021373cc0000, 0x0000021375cc0000)
 Next Bits: [0x0000021375cc0000, 0x0000021377cc0000)

Polling page: 0x000002136dbc0000

Metaspace:

Usage:
  Non-class:     40.88 MB used.
      Class:      6.49 MB used.
       Both:     47.38 MB used.

Virtual space:
  Non-class space:       64.00 MB reserved,      41.06 MB ( 64%) committed,  1 nodes.
      Class space:        1.00 GB reserved,       6.69 MB ( <1%) committed,  1 nodes.
             Both:        1.06 GB reserved,      47.75 MB (  4%) committed. 

Chunk freelists:
   Non-Class:  6.81 MB
       Class:  9.25 MB
        Both:  16.06 MB

MaxMetaspaceSize: unlimited
CompressedClassSpaceSize: 1.00 GB
Initial GC threshold: 21.00 MB
Current GC threshold: 59.06 MB
CDS: off
MetaspaceReclaimPolicy: balanced
 - commit_granule_bytes: 65536.
 - commit_granule_words: 8192.
 - virtual_space_node_default_size: 8388608.
 - enlarge_chunks_in_place: 1.
 - new_chunks_are_fully_committed: 0.
 - uncommit_free_chunks: 1.
 - use_allocation_guard: 0.
 - handle_deallocations: 1.


Internal statistics:

num_allocs_failed_limit: 6.
num_arena_births: 466.
num_arena_deaths: 0.
num_vsnodes_births: 2.
num_vsnodes_deaths: 0.
num_space_committed: 765.
num_space_uncommitted: 0.
num_chunks_returned_to_freelist: 6.
num_chunks_taken_from_freelist: 1999.
num_chunk_merges: 6.
num_chunk_splits: 1304.
num_chunks_enlarged: 878.
num_inconsistent_stats: 0.

CodeHeap 'non-profiled nmethods': size=120000Kb used=2171Kb max_used=2171Kb free=117828Kb
 bounds [0x0000021307ad0000, 0x0000021307d40000, 0x000002130f000000]
CodeHeap 'profiled nmethods': size=120000Kb used=8400Kb max_used=8400Kb free=111599Kb
 bounds [0x0000021300000000, 0x0000021300840000, 0x0000021307530000]
CodeHeap 'non-nmethods': size=5760Kb used=1617Kb max_used=1656Kb free=4142Kb
 bounds [0x0000021307530000, 0x00000213077a0000, 0x0000021307ad0000]
 total_blobs=4823 nmethods=4149 adapters=585
 compilation: enabled
              stopped_count=0, restarted_count=0
 full_count=0

Compilation events (20 events):
Event: 7.051 Thread 0x000002137a447eb0 4157       2       java.lang.invoke.LambdaForm::identityForm (27 bytes)
Event: 7.051 Thread 0x000002137a447eb0 nmethod 4157 0x000002130082a410 code [0x000002130082a5c0, 0x000002130082a748]
Event: 7.060 Thread 0x000002137a447eb0 4158       2       java.lang.invoke.MemberName::asConstructor (58 bytes)
Event: 7.060 Thread 0x000002137a447eb0 nmethod 4158 0x000002130082a890 code [0x000002130082aa80, 0x000002130082adc8]
Event: 7.082 Thread 0x000002137a447eb0 4159       2       com.google.common.collect.RegularImmutableMap::fromEntryArrayCheckingBucketOverflow (282 bytes)
Event: 7.083 Thread 0x000002137a447eb0 nmethod 4159 0x000002130082af90 code [0x000002130082b280, 0x000002130082bfd8]
Event: 7.089 Thread 0x000002137a447eb0 4160       2       java.lang.invoke.SimpleMethodHandle::speciesData (4 bytes)
Event: 7.090 Thread 0x000002137a447eb0 nmethod 4160 0x000002130082c790 code [0x000002130082c920, 0x000002130082ca38]
Event: 7.090 Thread 0x000002137a447eb0 4161       2       java.lang.invoke.SimpleMethodHandle::copyWithExtendL (7 bytes)
Event: 7.090 Thread 0x000002137a447eb0 nmethod 4161 0x000002130082cb10 code [0x000002130082cca0, 0x000002130082cdc8]
Event: 7.099 Thread 0x000002137a447eb0 4162       2       org.gradle.internal.event.AbstractBroadcastDispatch::<init> (10 bytes)
Event: 7.099 Thread 0x000002137a447eb0 nmethod 4162 0x000002130082ce90 code [0x000002130082d020, 0x000002130082d178]
Event: 7.099 Thread 0x000002137a447eb0 4163       2       org.gradle.internal.operations.OperationIdentifier::hashCode (14 bytes)
Event: 7.099 Thread 0x000002137a447eb0 nmethod 4163 0x000002130082d210 code [0x000002130082d3a0, 0x000002130082d4b8]
Event: 7.104 Thread 0x000002137a447eb0 4164       2       org.gradle.internal.dispatch.ReflectionDispatch::dispatch (9 bytes)
Event: 7.105 Thread 0x000002137a447eb0 nmethod 4164 0x000002130082d590 code [0x000002130082d720, 0x000002130082d868]
Event: 7.105 Thread 0x000002137a447eb0 4165   !   2       org.gradle.internal.dispatch.ReflectionDispatch::dispatch (42 bytes)
Event: 7.105 Thread 0x000002137a447eb0 nmethod 4165 0x000002130082d910 code [0x000002130082db20, 0x000002130082ded8]
Event: 7.118 Thread 0x000002137a447eb0 4166       2       java.util.jar.Attributes::<init> (17 bytes)
Event: 7.118 Thread 0x000002137a447eb0 nmethod 4166 0x000002130082e390 code [0x000002130082e560, 0x000002130082e768]

GC Heap History (20 events):
Event: 2.954 GC heap before
{Heap before GC invocations=4 (full 0):
 garbage-first heap   total 61440K, used 35299K [0x0000000080000000, 0x0000000100000000)
  region size 1024K, 24 young (24576K), 4 survivors (4096K)
 Metaspace       used 21280K, committed 21504K, reserved 1114112K
  class space    used 2498K, committed 2624K, reserved 1048576K
}
Event: 2.960 GC heap after
{Heap after GC invocations=5 (full 0):
 garbage-first heap   total 61440K, used 19395K [0x0000000080000000, 0x0000000100000000)
  region size 1024K, 3 young (3072K), 3 survivors (3072K)
 Metaspace       used 21280K, committed 21504K, reserved 1114112K
  class space    used 2498K, committed 2624K, reserved 1048576K
}
Event: 3.522 GC heap before
{Heap before GC invocations=6 (full 0):
 garbage-first heap   total 61440K, used 39875K [0x0000000080000000, 0x0000000100000000)
  region size 1024K, 24 young (24576K), 3 survivors (3072K)
 Metaspace       used 24910K, committed 25152K, reserved 1114112K
  class space    used 3109K, committed 3200K, reserved 1048576K
}
Event: 3.531 GC heap after
{Heap after GC invocations=7 (full 0):
 garbage-first heap   total 61440K, used 20250K [0x0000000080000000, 0x0000000100000000)
  region size 1024K, 2 young (2048K), 2 survivors (2048K)
 Metaspace       used 24910K, committed 25152K, reserved 1114112K
  class space    used 3109K, committed 3200K, reserved 1048576K
}
Event: 3.948 GC heap before
{Heap before GC invocations=7 (full 0):
 garbage-first heap   total 61440K, used 42778K [0x0000000080000000, 0x0000000100000000)
  region size 1024K, 24 young (24576K), 2 survivors (2048K)
 Metaspace       used 27912K, committed 28160K, reserved 1114112K
  class space    used 3655K, committed 3776K, reserved 1048576K
}
Event: 3.951 GC heap after
{Heap after GC invocations=8 (full 0):
 garbage-first heap   total 61440K, used 21614K [0x0000000080000000, 0x0000000100000000)
  region size 1024K, 3 young (3072K), 3 survivors (3072K)
 Metaspace       used 27912K, committed 28160K, reserved 1114112K
  class space    used 3655K, committed 3776K, reserved 1048576K
}
Event: 4.651 GC heap before
{Heap before GC invocations=8 (full 0):
 garbage-first heap   total 61440K, used 44142K [0x0000000080000000, 0x0000000100000000)
  region size 1024K, 25 young (25600K), 3 survivors (3072K)
 Metaspace       used 31024K, committed 31360K, reserved 1114112K
  class space    used 4143K, committed 4288K, reserved 1048576K
}
Event: 4.657 GC heap after
{Heap after GC invocations=9 (full 0):
 garbage-first heap   total 61440K, used 22972K [0x0000000080000000, 0x0000000100000000)
  region size 1024K, 3 young (3072K), 3 survivors (3072K)
 Metaspace       used 31024K, committed 31360K, reserved 1114112K
  class space    used 4143K, committed 4288K, reserved 1048576K
}
Event: 5.254 GC heap before
{Heap before GC invocations=9 (full 0):
 garbage-first heap   total 61440K, used 46524K [0x0000000080000000, 0x0000000100000000)
  region size 1024K, 26 young (26624K), 3 survivors (3072K)
 Metaspace       used 33809K, committed 34112K, reserved 1114112K
  class space    used 4624K, committed 4800K, reserved 1048576K
}
Event: 5.261 GC heap after
{Heap after GC invocations=10 (full 0):
 garbage-first heap   total 61440K, used 23970K [0x0000000080000000, 0x0000000100000000)
  region size 1024K, 3 young (3072K), 3 survivors (3072K)
 Metaspace       used 33809K, committed 34112K, reserved 1114112K
  class space    used 4624K, committed 4800K, reserved 1048576K
}
Event: 5.435 GC heap before
{Heap before GC invocations=10 (full 0):
 garbage-first heap   total 61440K, used 33186K [0x0000000080000000, 0x0000000100000000)
  region size 1024K, 14 young (14336K), 3 survivors (3072K)
 Metaspace       used 35796K, committed 36096K, reserved 1114112K
  class space    used 4903K, committed 5056K, reserved 1048576K
}
Event: 5.441 GC heap after
{Heap after GC invocations=11 (full 0):
 garbage-first heap   total 61440K, used 24685K [0x0000000080000000, 0x0000000100000000)
  region size 1024K, 2 young (2048K), 2 survivors (2048K)
 Metaspace       used 35796K, committed 36096K, reserved 1114112K
  class space    used 4903K, committed 5056K, reserved 1048576K
}
Event: 5.901 GC heap before
{Heap before GC invocations=12 (full 0):
 garbage-first heap   total 61440K, used 47213K [0x0000000080000000, 0x0000000100000000)
  region size 1024K, 25 young (25600K), 2 survivors (2048K)
 Metaspace       used 40819K, committed 41152K, reserved 1114112K
  class space    used 5421K, committed 5568K, reserved 1048576K
}
Event: 5.910 GC heap after
{Heap after GC invocations=13 (full 0):
 garbage-first heap   total 61440K, used 27434K [0x0000000080000000, 0x0000000100000000)
  region size 1024K, 4 young (4096K), 4 survivors (4096K)
 Metaspace       used 40819K, committed 41152K, reserved 1114112K
  class space    used 5421K, committed 5568K, reserved 1048576K
}
Event: 6.120 GC heap before
{Heap before GC invocations=13 (full 0):
 garbage-first heap   total 61440K, used 47914K [0x0000000080000000, 0x0000000100000000)
  region size 1024K, 24 young (24576K), 4 survivors (4096K)
 Metaspace       used 41882K, committed 42240K, reserved 1114112K
  class space    used 5588K, committed 5760K, reserved 1048576K
}
Event: 6.128 GC heap after
{Heap after GC invocations=14 (full 0):
 garbage-first heap   total 73728K, used 28990K [0x0000000080000000, 0x0000000100000000)
  region size 1024K, 2 young (2048K), 2 survivors (2048K)
 Metaspace       used 41882K, committed 42240K, reserved 1114112K
  class space    used 5588K, committed 5760K, reserved 1048576K
}
Event: 6.592 GC heap before
{Heap before GC invocations=14 (full 0):
 garbage-first heap   total 73728K, used 56638K [0x0000000080000000, 0x0000000100000000)
  region size 1024K, 29 young (29696K), 2 survivors (2048K)
 Metaspace       used 43989K, committed 44416K, reserved 1114112K
  class space    used 5926K, committed 6144K, reserved 1048576K
}
Event: 6.597 GC heap after
{Heap after GC invocations=15 (full 0):
 garbage-first heap   total 73728K, used 30635K [0x0000000080000000, 0x0000000100000000)
  region size 1024K, 4 young (4096K), 4 survivors (4096K)
 Metaspace       used 43989K, committed 44416K, reserved 1114112K
  class space    used 5926K, committed 6144K, reserved 1048576K
}
Event: 6.999 GC heap before
{Heap before GC invocations=15 (full 0):
 garbage-first heap   total 73728K, used 56235K [0x0000000080000000, 0x0000000100000000)
  region size 1024K, 30 young (30720K), 4 survivors (4096K)
 Metaspace       used 47089K, committed 47552K, reserved 1114112K
  class space    used 6449K, committed 6656K, reserved 1048576K
}
Event: 7.005 GC heap after
{Heap after GC invocations=16 (full 0):
 garbage-first heap   total 73728K, used 32092K [0x0000000080000000, 0x0000000100000000)
  region size 1024K, 4 young (4096K), 4 survivors (4096K)
 Metaspace       used 47089K, committed 47552K, reserved 1114112K
  class space    used 6449K, committed 6656K, reserved 1048576K
}

Dll operation events (3 events):
Event: 0.019 Loaded shared library C:\Program Files\Android\Android Studio\jbr\bin\java.dll
Event: 0.130 Loaded shared library C:\Program Files\Android\Android Studio\jbr\bin\zip.dll
Event: 0.424 Loaded shared library C:\Program Files\Android\Android Studio\jbr\bin\verify.dll

Deoptimization events (20 events):
Event: 6.946 Thread 0x000002137a443520 DEOPT PACKING pc=0x0000021307b30234 sp=0x0000002a0d2f9af0
Event: 6.946 Thread 0x000002137a443520 DEOPT UNPACKING pc=0x000002130758a1a3 sp=0x0000002a0d2f9a28 mode 2
Event: 6.948 Thread 0x000002137a443520 Uncommon trap: trap_request=0xffffff45 fr.pc=0x0000021307af9da8 relative=0x00000000000000a8
Event: 6.948 Thread 0x000002137a443520 Uncommon trap: reason=unstable_if action=reinterpret pc=0x0000021307af9da8 method=java.net.URI.match(CJJ)Z @ 45 c2
Event: 6.948 Thread 0x000002137a443520 DEOPT PACKING pc=0x0000021307af9da8 sp=0x0000002a0d2f9a80
Event: 6.948 Thread 0x000002137a443520 DEOPT UNPACKING pc=0x000002130758a1a3 sp=0x0000002a0d2f9a30 mode 2
Event: 6.951 Thread 0x000002137a443520 DEOPT PACKING pc=0x00000213003d6b88 sp=0x0000002a0d2f9df0
Event: 6.951 Thread 0x000002137a443520 DEOPT UNPACKING pc=0x000002130758ace3 sp=0x0000002a0d2f92f8 mode 0
Event: 7.099 Thread 0x000002137a443520 Uncommon trap: trap_request=0xffffffde fr.pc=0x0000021307c0d418 relative=0x0000000000000078
Event: 7.099 Thread 0x000002137a443520 Uncommon trap: reason=class_check action=maybe_recompile pc=0x0000021307c0d418 method=java.util.Collections$SetFromMap.remove(Ljava/lang/Object;)Z @ 5 c2
Event: 7.099 Thread 0x000002137a443520 DEOPT PACKING pc=0x0000021307c0d418 sp=0x0000002a0d2fa460
Event: 7.099 Thread 0x000002137a443520 DEOPT UNPACKING pc=0x000002130758a1a3 sp=0x0000002a0d2fa3f8 mode 2
Event: 7.114 Thread 0x000002137a443520 Uncommon trap: trap_request=0xffffffde fr.pc=0x0000021307c0d418 relative=0x0000000000000078
Event: 7.114 Thread 0x000002137a443520 Uncommon trap: reason=class_check action=maybe_recompile pc=0x0000021307c0d418 method=java.util.Collections$SetFromMap.remove(Ljava/lang/Object;)Z @ 5 c2
Event: 7.115 Thread 0x000002137a443520 DEOPT PACKING pc=0x0000021307c0d418 sp=0x0000002a0d2fa690
Event: 7.115 Thread 0x000002137a443520 DEOPT UNPACKING pc=0x000002130758a1a3 sp=0x0000002a0d2fa628 mode 2
Event: 7.115 Thread 0x000002137a443520 Uncommon trap: trap_request=0xffffffc6 fr.pc=0x0000021307c82ac4 relative=0x0000000000000444
Event: 7.115 Thread 0x000002137a443520 Uncommon trap: reason=bimorphic_or_optimized_type_check action=maybe_recompile pc=0x0000021307c82ac4 method=java.util.Spliterators$IteratorSpliterator.tryAdvance(Ljava/util/function/Consumer;)Z @ 50 c2
Event: 7.115 Thread 0x000002137a443520 DEOPT PACKING pc=0x0000021307c82ac4 sp=0x0000002a0d2fb160
Event: 7.115 Thread 0x000002137a443520 DEOPT UNPACKING pc=0x000002130758a1a3 sp=0x0000002a0d2fb100 mode 2

Classes unloaded (0 events):
No events

Classes redefined (0 events):
No events

Internal exceptions (20 events):
Event: 6.478 Thread 0x000002137a443520 Exception <a 'java/lang/NoSuchMethodError'{0x000000008333e6a8}: 'java.lang.Object java.lang.invoke.DirectMethodHandle$Holder.invokeVirtual(java.lang.Object, java.lang.Object, int)'> (0x000000008333e6a8) 
thrown [s\src\hotspot\share\interpreter\linkResolver.cpp, line 771]
Event: 6.495 Thread 0x000002137a443520 Exception <a 'java/lang/NoSuchMethodError'{0x0000000083236a48}: 'java.lang.Object java.lang.invoke.DirectMethodHandle$Holder.invokeStatic(java.lang.Object, java.lang.Object, int, java.lang.Object)'> (0x0000000083236a48) 
thrown [s\src\hotspot\share\interpreter\linkResolver.cpp, line 771]
Event: 6.496 Thread 0x000002137a443520 Exception <a 'java/lang/NoSuchMethodError'{0x000000008323e7e8}: 'java.lang.Object java.lang.invoke.DirectMethodHandle$Holder.newInvokeSpecial(java.lang.Object, java.lang.Object, int, java.lang.Object)'> (0x000000008323e7e8) 
thrown [s\src\hotspot\share\interpreter\linkResolver.cpp, line 771]
Event: 6.496 Thread 0x000002137a443520 Exception <a 'java/lang/NoSuchMethodError'{0x0000000083243378}: 'java.lang.Object java.lang.invoke.DirectMethodHandle$Holder.invokeSpecial(java.lang.Object, java.lang.Object, java.lang.Object, int, java.lang.Object)'> (0x0000000083243378) 
thrown [s\src\hotspot\share\interpreter\linkResolver.cpp, line 771]
Event: 6.509 Thread 0x000002137a443520 Exception <a 'java/lang/NoSuchMethodError'{0x00000000831459f8}: 'void java.lang.invoke.DirectMethodHandle$Holder.invokeStatic(java.lang.Object, java.lang.Object, java.lang.Object, java.lang.Object, java.lang.Object, java.lang.Object)'> (0x00000000831459f8) 
thrown [s\src\hotspot\share\interpreter\linkResolver.cpp, line 771]
Event: 6.548 Thread 0x000002137a443520 Exception <a 'java/lang/NoSuchMethodError'{0x0000000082f8eea8}: 'java.lang.Object java.lang.invoke.DirectMethodHandle$Holder.newInvokeSpecial(java.lang.Object, java.lang.Object, java.lang.Object, java.lang.Object, int)'> (0x0000000082f8eea8) 
thrown [s\src\hotspot\share\interpreter\linkResolver.cpp, line 771]
Event: 6.549 Thread 0x000002137a443520 Exception <a 'java/lang/NoSuchMethodError'{0x0000000082f93f28}: 'java.lang.Object java.lang.invoke.DirectMethodHandle$Holder.invokeSpecial(java.lang.Object, java.lang.Object, java.lang.Object, java.lang.Object, java.lang.Object, int)'> (0x0000000082f93f28) 
thrown [s\src\hotspot\share\interpreter\linkResolver.cpp, line 771]
Event: 6.549 Thread 0x000002137a443520 Exception <a 'java/lang/NoSuchMethodError'{0x0000000082f98958}: 'java.lang.Object java.lang.invoke.Invokers$Holder.linkToTargetMethod(java.lang.Object, java.lang.Object, java.lang.Object, int, java.lang.Object)'> (0x0000000082f98958) 
thrown [s\src\hotspot\share\interpreter\linkResolver.cpp, line 771]
Event: 6.581 Thread 0x000002137a443520 Exception <a 'java/lang/NoSuchMethodError'{0x0000000082d6b858}: 'int java.lang.invoke.DirectMethodHandle$Holder.invokeInterface(java.lang.Object, java.lang.Object, java.lang.Object, java.lang.Object)'> (0x0000000082d6b858) 
thrown [s\src\hotspot\share\interpreter\linkResolver.cpp, line 771]
Event: 6.688 Thread 0x000002137a443520 Implicit null exception at 0x0000021307cdc7ec to 0x0000021307cdc894
Event: 6.790 Thread 0x000002137a443520 Exception <a 'java/lang/NoSuchMethodError'{0x0000000083b6ef58}: 'void java.lang.invoke.DirectMethodHandle$Holder.invokeInterface(java.lang.Object, java.lang.Object)'> (0x0000000083b6ef58) 
thrown [s\src\hotspot\share\interpreter\linkResolver.cpp, line 771]
Event: 6.793 Thread 0x000002137a443520 Exception <a 'java/lang/IncompatibleClassChangeError'{0x0000000083b7a388}: Found class java.lang.Object, but interface was expected> (0x0000000083b7a388) 
thrown [s\src\hotspot\share\interpreter\linkResolver.cpp, line 838]
Event: 6.824 Thread 0x000002137a443520 Exception <a 'java/lang/NoSuchMethodError'{0x00000000838085d8}: 'java.lang.Object java.lang.invoke.DirectMethodHandle$Holder.newInvokeSpecial(java.lang.Object, int, java.lang.Object)'> (0x00000000838085d8) 
thrown [s\src\hotspot\share\interpreter\linkResolver.cpp, line 771]
Event: 7.045 Thread 0x000002137a443520 Exception <a 'sun/nio/fs/WindowsException'{0x000000008445b3c8}> (0x000000008445b3c8) 
thrown [s\src\hotspot\share\prims\jni.cpp, line 517]
Event: 7.045 Thread 0x000002137a443520 Exception <a 'sun/nio/fs/WindowsException'{0x000000008445b688}> (0x000000008445b688) 
thrown [s\src\hotspot\share\prims\jni.cpp, line 517]
Event: 7.046 Thread 0x000002137a443520 Exception <a 'sun/nio/fs/WindowsException'{0x000000008445de60}> (0x000000008445de60) 
thrown [s\src\hotspot\share\prims\jni.cpp, line 517]
Event: 7.046 Thread 0x000002137a443520 Exception <a 'sun/nio/fs/WindowsException'{0x000000008445e218}> (0x000000008445e218) 
thrown [s\src\hotspot\share\prims\jni.cpp, line 517]
Event: 7.047 Thread 0x000002137a443520 Exception <a 'java/lang/NoSuchMethodError'{0x000000008446b760}: 'java.lang.Object java.lang.invoke.DirectMethodHandle$Holder.newInvokeSpecial(java.lang.Object, java.lang.Object, int)'> (0x000000008446b760) 
thrown [s\src\hotspot\share\interpreter\linkResolver.cpp, line 771]
Event: 7.082 Thread 0x000002137a443520 Exception <a 'sun/nio/fs/WindowsException'{0x00000000842ed778}> (0x00000000842ed778) 
thrown [s\src\hotspot\share\prims\jni.cpp, line 517]
Event: 7.082 Thread 0x000002137a443520 Exception <a 'sun/nio/fs/WindowsException'{0x00000000842edb30}> (0x00000000842edb30) 
thrown [s\src\hotspot\share\prims\jni.cpp, line 517]

VM Operations (20 events):
Event: 6.120 Executing VM operation: G1CollectForAllocation
Event: 6.129 Executing VM operation: G1CollectForAllocation done
Event: 6.341 Executing VM operation: HandshakeAllThreads
Event: 6.341 Executing VM operation: HandshakeAllThreads done
Event: 6.379 Executing VM operation: HandshakeAllThreads
Event: 6.379 Executing VM operation: HandshakeAllThreads done
Event: 6.380 Executing VM operation: HandshakeAllThreads
Event: 6.380 Executing VM operation: HandshakeAllThreads done
Event: 6.570 Executing VM operation: HandshakeAllThreads
Event: 6.571 Executing VM operation: HandshakeAllThreads done
Event: 6.576 Executing VM operation: HandshakeAllThreads
Event: 6.576 Executing VM operation: HandshakeAllThreads done
Event: 6.579 Executing VM operation: HandshakeAllThreads
Event: 6.579 Executing VM operation: HandshakeAllThreads done
Event: 6.591 Executing VM operation: G1CollectForAllocation
Event: 6.597 Executing VM operation: G1CollectForAllocation done
Event: 6.660 Executing VM operation: HandshakeAllThreads
Event: 6.661 Executing VM operation: HandshakeAllThreads done
Event: 6.999 Executing VM operation: G1CollectForAllocation
Event: 7.005 Executing VM operation: G1CollectForAllocation done

Events (20 events):
Event: 6.980 loading class javax/net/ssl/TrustManager done
Event: 6.981 loading class javax/net/ssl/X509TrustManager
Event: 6.981 loading class javax/net/ssl/X509TrustManager done
Event: 6.982 loading class javax/net/ssl/SSLPeerUnverifiedException
Event: 6.982 loading class javax/net/ssl/SSLException
Event: 6.982 loading class javax/net/ssl/SSLException done
Event: 6.982 loading class javax/net/ssl/SSLPeerUnverifiedException done
Event: 6.982 loading class javax/naming/NamingException
Event: 6.983 loading class javax/naming/NamingException done
Event: 6.983 loading class javax/naming/InvalidNameException
Event: 6.983 loading class javax/naming/InvalidNameException done
Event: 6.983 loading class java/security/cert/CertificateParsingException
Event: 6.983 loading class java/security/cert/CertificateException
Event: 6.983 loading class java/security/cert/CertificateException done
Event: 6.983 loading class java/security/cert/CertificateParsingException done
Event: 7.119 loading class java/nio/channels/Channels
Event: 7.119 loading class java/nio/channels/Channels done
Event: 7.119 loading class sun/nio/ch/ChannelInputStream
Event: 7.119 loading class sun/nio/ch/ChannelInputStream done
Event: 7.123 loading class java/nio/channels/Channels$ReadableByteChannelImpl


Dynamic libraries:
0x00007ff670640000 - 0x00007ff67064a000 	C:\Program Files\Android\Android Studio\jbr\bin\java.exe
0x00007ff82a350000 - 0x00007ff82a567000 	C:\WINDOWS\SYSTEM32\ntdll.dll
0x00007ff8289d0000 - 0x00007ff828a94000 	C:\WINDOWS\System32\KERNEL32.DLL
0x00007ff827590000 - 0x00007ff827963000 	C:\WINDOWS\System32\KERNELBASE.dll
0x00007ff827470000 - 0x00007ff827581000 	C:\WINDOWS\System32\ucrtbase.dll
0x00007fffecf30000 - 0x00007fffecf47000 	C:\Program Files\Android\Android Studio\jbr\bin\jli.dll
0x00007fffefdb0000 - 0x00007fffefdcb000 	C:\Program Files\Android\Android Studio\jbr\bin\VCRUNTIME140.dll
0x00007ff829f00000 - 0x00007ff82a0b1000 	C:\WINDOWS\System32\USER32.dll
0x00007ff827c60000 - 0x00007ff827c86000 	C:\WINDOWS\System32\win32u.dll
0x00007ff8289a0000 - 0x00007ff8289c9000 	C:\WINDOWS\System32\GDI32.dll
0x00007ff827ab0000 - 0x00007ff827bd2000 	C:\WINDOWS\System32\gdi32full.dll
0x00007ff827f40000 - 0x00007ff827fda000 	C:\WINDOWS\System32\msvcp_win.dll
0x00007ff80c020000 - 0x00007ff80c2bb000 	C:\WINDOWS\WinSxS\amd64_microsoft.windows.common-controls_6595b64144ccf1df_6.0.22621.5262_none_2712bde373830908\COMCTL32.dll
0x00007ff828c20000 - 0x00007ff828cc7000 	C:\WINDOWS\System32\msvcrt.dll
0x00007ff829bf0000 - 0x00007ff829c21000 	C:\WINDOWS\System32\IMM32.DLL
0x00007ff80d250000 - 0x00007ff80d25c000 	C:\Program Files\Android\Android Studio\jbr\bin\vcruntime140_1.dll
0x00007fffd1880000 - 0x00007fffd190d000 	C:\Program Files\Android\Android Studio\jbr\bin\msvcp140.dll
0x00007fffd2090000 - 0x00007fffd2d13000 	C:\Program Files\Android\Android Studio\jbr\bin\server\jvm.dll
0x00007ff82a140000 - 0x00007ff82a1f1000 	C:\WINDOWS\System32\ADVAPI32.dll
0x00007ff829de0000 - 0x00007ff829e87000 	C:\WINDOWS\System32\sechost.dll
0x00007ff827440000 - 0x00007ff827468000 	C:\WINDOWS\System32\bcrypt.dll
0x00007ff829220000 - 0x00007ff829334000 	C:\WINDOWS\System32\RPCRT4.dll
0x00007ff81e9a0000 - 0x00007ff81e9a9000 	C:\WINDOWS\SYSTEM32\WSOCK32.dll
0x00007ff81d070000 - 0x00007ff81d07a000 	C:\WINDOWS\SYSTEM32\VERSION.dll
0x00007ff82a290000 - 0x00007ff82a301000 	C:\WINDOWS\System32\WS2_32.dll
0x00007ff81e7a0000 - 0x00007ff81e7d4000 	C:\WINDOWS\SYSTEM32\WINMM.dll
0x00007ff827310000 - 0x00007ff82735d000 	C:\WINDOWS\SYSTEM32\POWRPROF.dll
0x00007ff8272f0000 - 0x00007ff827303000 	C:\WINDOWS\SYSTEM32\UMPDC.dll
0x00007ff826480000 - 0x00007ff826498000 	C:\WINDOWS\SYSTEM32\kernel.appcore.dll
0x00007ff8128d0000 - 0x00007ff8128da000 	C:\Program Files\Android\Android Studio\jbr\bin\jimage.dll
0x00007ff824c60000 - 0x00007ff824e92000 	C:\WINDOWS\SYSTEM32\DBGHELP.DLL
0x00007ff828ce0000 - 0x00007ff829073000 	C:\WINDOWS\System32\combase.dll
0x00007ff829140000 - 0x00007ff829217000 	C:\WINDOWS\System32\OLEAUT32.dll
0x00007ff806870000 - 0x00007ff8068a2000 	C:\WINDOWS\SYSTEM32\dbgcore.DLL
0x00007ff827be0000 - 0x00007ff827c5b000 	C:\WINDOWS\System32\bcryptPrimitives.dll
0x00007ff80c2c0000 - 0x00007ff80c2ce000 	C:\Program Files\Android\Android Studio\jbr\bin\instrument.dll
0x00007ff80bb60000 - 0x00007ff80bb85000 	C:\Program Files\Android\Android Studio\jbr\bin\java.dll
0x00007ff805730000 - 0x00007ff805748000 	C:\Program Files\Android\Android Studio\jbr\bin\zip.dll
0x00007ff829340000 - 0x00007ff829bdd000 	C:\WINDOWS\System32\SHELL32.dll
0x00007ff827c90000 - 0x00007ff827dcf000 	C:\WINDOWS\System32\wintypes.dll
0x00007ff825380000 - 0x00007ff825c9d000 	C:\WINDOWS\SYSTEM32\windows.storage.dll
0x00007ff8287e0000 - 0x00007ff8288eb000 	C:\WINDOWS\System32\SHCORE.dll
0x00007ff828aa0000 - 0x00007ff828b06000 	C:\WINDOWS\System32\shlwapi.dll
0x00007ff827370000 - 0x00007ff82739b000 	C:\WINDOWS\SYSTEM32\profapi.dll
0x00007ff805710000 - 0x00007ff805729000 	C:\Program Files\Android\Android Studio\jbr\bin\net.dll
0x00007ff823d80000 - 0x00007ff823eac000 	C:\WINDOWS\SYSTEM32\WINHTTP.dll
0x00007ff826900000 - 0x00007ff82696a000 	C:\WINDOWS\system32\mswsock.dll
0x00007ffffc910000 - 0x00007ffffc926000 	C:\Program Files\Android\Android Studio\jbr\bin\nio.dll
0x00007ff8128c0000 - 0x00007ff8128d0000 	C:\Program Files\Android\Android Studio\jbr\bin\verify.dll
0x00007ff809690000 - 0x00007ff8096b7000 	C:\Users\H P\.gradle\native\c067742578af261105cb4f569cf0c3c89f3d7b1fecec35dd04571415982c5e48\windows-amd64\native-platform.dll
0x00007fffd1460000 - 0x00007fffd15a4000 	C:\Users\H P\.gradle\native\38dada09dfb8b06ba9b0570ebf7e218e3eb74d4ef43ca46872605cf95ebc2f47\windows-amd64\native-platform-file-events.dll
0x00007ff810e00000 - 0x00007ff810e09000 	C:\Program Files\Android\Android Studio\jbr\bin\management.dll
0x00007ff80cc40000 - 0x00007ff80cc4b000 	C:\Program Files\Android\Android Studio\jbr\bin\management_ext.dll
0x00007ff829be0000 - 0x00007ff829be8000 	C:\WINDOWS\System32\PSAPI.DLL
0x00007ff826b50000 - 0x00007ff826b6b000 	C:\WINDOWS\SYSTEM32\CRYPTSP.dll
0x00007ff8263e0000 - 0x00007ff826417000 	C:\WINDOWS\system32\rsaenh.dll
0x00007ff8269f0000 - 0x00007ff826a18000 	C:\WINDOWS\SYSTEM32\USERENV.dll
0x00007ff826b70000 - 0x00007ff826b7c000 	C:\WINDOWS\SYSTEM32\CRYPTBASE.dll
0x00007ff825f40000 - 0x00007ff825f6d000 	C:\WINDOWS\SYSTEM32\IPHLPAPI.DLL
0x00007ff828cd0000 - 0x00007ff828cd9000 	C:\WINDOWS\System32\NSI.dll
0x00007ff81ecc0000 - 0x00007ff81ecd9000 	C:\WINDOWS\SYSTEM32\dhcpcsvc6.DLL
0x00007ff81ea60000 - 0x00007ff81ea7f000 	C:\WINDOWS\SYSTEM32\dhcpcsvc.DLL
0x00007ff825fc0000 - 0x00007ff8260b8000 	C:\WINDOWS\SYSTEM32\DNSAPI.dll
0x00007ff8126e0000 - 0x00007ff8126e9000 	C:\Program Files\Android\Android Studio\jbr\bin\extnet.dll
0x00007ff80d1a0000 - 0x00007ff80d1a8000 	C:\WINDOWS\system32\wshunix.dll

dbghelp: loaded successfully - version: 4.0.5 - missing functions: none
symbol engine: initialized successfully - sym options: 0x614 - pdb path: .;C:\Program Files\Android\Android Studio\jbr\bin;C:\WINDOWS\SYSTEM32;C:\WINDOWS\WinSxS\amd64_microsoft.windows.common-controls_6595b64144ccf1df_6.0.22621.5262_none_2712bde373830908;C:\Program Files\Android\Android Studio\jbr\bin\server;C:\Users\H P\.gradle\native\c067742578af261105cb4f569cf0c3c89f3d7b1fecec35dd04571415982c5e48\windows-amd64;C:\Users\H P\.gradle\native\38dada09dfb8b06ba9b0570ebf7e218e3eb74d4ef43ca46872605cf95ebc2f47\windows-amd64

VM Arguments:
jvm_args: --add-opens=java.base/java.util=ALL-UNNAMED --add-opens=java.base/java.lang=ALL-UNNAMED --add-opens=java.base/java.lang.invoke=ALL-UNNAMED --add-opens=java.prefs/java.util.prefs=ALL-UNNAMED --add-opens=java.base/java.nio.charset=ALL-UNNAMED --add-opens=java.base/java.net=ALL-UNNAMED --add-opens=java.base/java.util.concurrent.atomic=ALL-UNNAMED -Xmx2048m -Dfile.encoding=UTF-8 -Duser.country=ID -Duser.language=en -Duser.variant -javaagent:C:\Users\H P\.gradle\wrapper\dists\gradle-8.6-bin\afr5mpiioh2wthjmwnkmdsd5w\gradle-8.6\lib\agents\gradle-instrumentation-agent-8.6.jar 
java_command: org.gradle.launcher.daemon.bootstrap.GradleDaemon 8.6
java_class_path (initial): C:\Users\H P\.gradle\wrapper\dists\gradle-8.6-bin\afr5mpiioh2wthjmwnkmdsd5w\gradle-8.6\lib\gradle-launcher-8.6.jar
Launcher Type: SUN_STANDARD

[Global flags]
     intx CICompilerCount                          = 3                                         {product} {ergonomic}
     uint ConcGCThreads                            = 1                                         {product} {ergonomic}
     uint G1ConcRefinementThreads                  = 4                                         {product} {ergonomic}
   size_t G1HeapRegionSize                         = 1048576                                   {product} {ergonomic}
    uintx GCDrainStackTargetSize                   = 64                                        {product} {ergonomic}
   size_t InitialHeapSize                          = 62914560                                  {product} {ergonomic}
   size_t MarkStackSize                            = 4194304                                   {product} {ergonomic}
   size_t MaxHeapSize                              = 2147483648                                {product} {command line}
   size_t MaxNewSize                               = 1287651328                                {product} {ergonomic}
   size_t MinHeapDeltaBytes                        = 1048576                                   {product} {ergonomic}
   size_t MinHeapSize                              = 8388608                                   {product} {ergonomic}
    uintx NonNMethodCodeHeapSize                   = 5832780                                {pd product} {ergonomic}
    uintx NonProfiledCodeHeapSize                  = 122912730                              {pd product} {ergonomic}
    uintx ProfiledCodeHeapSize                     = 122912730                              {pd product} {ergonomic}
    uintx ReservedCodeCacheSize                    = 251658240                              {pd product} {ergonomic}
     bool SegmentedCodeCache                       = true                                      {product} {ergonomic}
   size_t SoftMaxHeapSize                          = 2147483648                             {manageable} {ergonomic}
     bool UseCompressedClassPointers               = true                           {product lp64_product} {ergonomic}
     bool UseCompressedOops                        = true                           {product lp64_product} {ergonomic}
     bool UseG1GC                                  = true                                      {product} {ergonomic}
     bool UseLargePagesIndividualAllocation        = false                                  {pd product} {ergonomic}

Logging:
Log output configuration:
 #0: stdout all=warning uptime,level,tags
 #1: stderr all=off uptime,level,tags

Environment Variables:
JAVA_HOME=C:\Program Files\Java\Zulu\zulu-8\
PATH=C:\Program Files (x86)\VMware\VMware Workstation\bin\;C:\Program Files\Java\Zulu\zulu-8\bin\;C:\WINDOWS\system32;C:\WINDOWS;C:\WINDOWS\System32\Wbem;C:\WINDOWS\System32\WindowsPowerShell\v1.0\;C:\WINDOWS\System32\OpenSSH\;C:\Users\H P\anaconda3\Scripts\;C:\Users\H P\anaconda3\;C:\Program Files\Git\cmd;C:\gradle-8.4\bin;C:\Users\H P\AppData\Local\Microsoft\WindowsApps;C:\Users\H P\AppData\Local\Programs\Microsoft VS Code\bin;C:\Program Files\JetBrains\IntelliJ IDEA Community Edition 2023.2.1\bin;;C:\flutter_windows_3.19.3-stable\flutter\bin;C:\flutter_windows_3.19.3-stable\flutter\bin\cache\dart-sdk\bin;
USERNAME=H P
OS=Windows_NT
PROCESSOR_IDENTIFIER=Intel64 Family 6 Model 140 Stepping 2, GenuineIntel
TMP=C:\Users\HP12D5~1\AppData\Local\Temp
TEMP=C:\Users\HP12D5~1\AppData\Local\Temp



Periodic native trim disabled

JNI global refs:
JNI global refs: 24, weak refs: 5

JNI global refs memory usage: 843, weak refs: 841

OOME stack traces (most recent first):
Classloader memory used:
Loader org.gradle.internal.classloader.VisitableURLClassLoader                         : 2877K
Loader bootstrap                                                                       : 2342K
Loader org.gradle.initialization.MixInLegacyTypesClassLoader                           : 754K
Loader jdk.internal.loader.ClassLoaders$PlatformClassLoader                            : 65634B
Loader jdk.internal.loader.ClassLoaders$AppClassLoader                                 : 28729B
Loader jdk.internal.reflect.DelegatingClassLoader                                      : 4428B
Loader org.gradle.internal.classloader.VisitableURLClassLoader$InstrumentingVisitableURLClassLoader: 3673B

Classes loaded by more than one classloader:
Class org.gradle.internal.installation.GradleInstallation                             : loaded 2 times (x 73B)
Class org.gradle.internal.classpath.ClassPath                                         : loaded 2 times (x 68B)
Class org.gradle.api.internal.classpath.DefaultModuleRegistry                         : loaded 2 times (x 84B)
Class Settings_gradle$1$1                                                             : loaded 2 times (x 72B)
Class org.gradle.api.Action                                                           : loaded 2 times (x 68B)
Class org.gradle.api.internal.DefaultClassPathProvider                                : loaded 2 times (x 74B)
Class org.gradle.internal.installation.GradleInstallation$1                           : loaded 2 times (x 73B)
Class org.gradle.internal.classloader.FilteringClassLoader                            : loaded 2 times (x 103B)
Class org.gradle.internal.classpath.DefaultClassPath$ImmutableUniqueList$Builder      : loaded 2 times (x 73B)
Class org.gradle.internal.classloader.ClassLoaderVisitor                              : loaded 2 times (x 74B)
Class org.gradle.internal.service.DefaultServiceLocator                               : loaded 2 times (x 81B)
Class org.gradle.internal.service.UnknownServiceException                             : loaded 2 times (x 81B)
Class org.gradle.internal.classloader.DefaultClassLoaderFactory                       : loaded 2 times (x 80B)
Class org.gradle.internal.classloader.VisitableURLClassLoader$Spec                    : loaded 2 times (x 72B)
Class org.gradle.api.GradleException                                                  : loaded 2 times (x 80B)
Class org.gradle.api.internal.classpath.ModuleRegistry                                : loaded 2 times (x 68B)
Class org.gradle.api.internal.ClassPathProvider                                       : loaded 2 times (x 68B)
Class org.gradle.internal.classloader.ClasspathUtil$1                                 : loaded 2 times (x 74B)
Class org.gradle.internal.classloader.ClassLoaderFactory                              : loaded 2 times (x 68B)
Class org.gradle.api.internal.classpath.ManifestUtil                                  : loaded 2 times (x 69B)
Class org.gradle.api.specs.Spec                                                       : loaded 2 times (x 68B)
Class org.gradle.internal.IoActions                                                   : loaded 2 times (x 69B)
Class org.gradle.api.internal.classpath.EffectiveClassPath                            : loaded 2 times (x 88B)
Class org.gradle.internal.installation.CurrentGradleInstallation                      : loaded 2 times (x 71B)
Class org.gradle.internal.agents.InstrumentingClassLoader                             : loaded 2 times (x 68B)
Class org.gradle.internal.installation.CurrentGradleInstallationLocator               : loaded 2 times (x 69B)
Class org.gradle.api.internal.classpath.Module                                        : loaded 2 times (x 68B)
Class org.gradle.internal.service.CachingServiceLocator                               : loaded 2 times (x 80B)
Class org.gradle.internal.classpath.DefaultClassPath                                  : loaded 2 times (x 88B)
Class org.gradle.internal.classloader.SystemClassLoaderSpec                           : loaded 2 times (x 69B)
Class org.gradle.api.UncheckedIOException                                             : loaded 2 times (x 80B)
Class Program                                                                         : loaded 2 times (x 70B)
Class org.gradle.internal.classloader.ClasspathUtil                                   : loaded 2 times (x 69B)
Class org.gradle.api.internal.DefaultClassPathRegistry                                : loaded 2 times (x 74B)
Class org.gradle.api.internal.classpath.DefaultModuleRegistry$DefaultModule           : loaded 2 times (x 84B)
Class org.gradle.api.internal.classpath.UnknownModuleException                        : loaded 2 times (x 80B)
Class org.gradle.internal.service.ServiceLookupException                              : loaded 2 times (x 80B)
Class org.gradle.cache.GlobalCache                                                    : loaded 2 times (x 68B)
Class [Lorg.gradle.api.internal.ClassPathProvider;                                    : loaded 2 times (x 67B)
Class org.gradle.util.internal.GUtil                                                  : loaded 2 times (x 69B)
Class org.gradle.internal.classloader.ClassLoaderSpec                                 : loaded 2 times (x 69B)
Class org.gradle.internal.classloader.VisitableURLClassLoader                         : loaded 2 times (x 115B)
Class org.gradle.internal.Cast                                                        : loaded 2 times (x 69B)
Class org.gradle.api.internal.ClassPathRegistry                                       : loaded 2 times (x 68B)
Class org.gradle.internal.classloader.VisitableURLClassLoader$InstrumentingVisitableURLClassLoader: loaded 2 times (x 121B)
Class org.gradle.internal.classloader.ClassLoaderHierarchy                            : loaded 2 times (x 68B)
Class org.gradle.internal.InternalTransformer                                         : loaded 2 times (x 68B)
Class org.gradle.internal.service.ServiceLocator                                      : loaded 2 times (x 68B)
Class Settings_gradle$1                                                               : loaded 2 times (x 72B)
Class org.gradle.internal.classpath.DefaultClassPath$ImmutableUniqueList              : loaded 2 times (x 159B)
Class org.gradle.internal.classpath.TransformedClassPath                              : loaded 2 times (x 94B)
Class Settings_gradle                                                                 : loaded 2 times (x 126B)


---------------  S Y S T E M  ---------------

OS:
 Windows 11 , 64 bit Build 22621 (10.0.22621.5262)
OS uptime: 2 days 8:24 hours

CPU: total 4 (initial active 4) (2 cores per cpu, 2 threads per core) family 6 model 140 stepping 2 microcode 0x34, cx8, cmov, fxsr, ht, mmx, 3dnowpref, sse, sse2, sse3, ssse3, sse4.1, sse4.2, popcnt, lzcnt, tsc, tscinvbit, avx, avx2, aes, erms, clmul, bmi1, bmi2, adx, avx512f, avx512dq, avx512cd, avx512bw, avx512vl, sha, fma, vzeroupper, avx512_vpopcntdq, avx512_vpclmulqdq, avx512_vaes, avx512_vnni, clflush, clflushopt, clwb, avx512_vbmi2, avx512_vbmi
Processor Information for processor 0
  Max Mhz: 2901, Current Mhz: 2901, Mhz Limit: 2901
Processor Information for processor 1
  Max Mhz: 2901, Current Mhz: 1100, Mhz Limit: 2901
Processor Information for processor 2
  Max Mhz: 2901, Current Mhz: 2901, Mhz Limit: 2901
Processor Information for processor 3
  Max Mhz: 2901, Current Mhz: 1100, Mhz Limit: 2901

Memory: 4k page, system-wide physical 3738M (325M free)
TotalPageFile size 15002M (AvailPageFile size 7M)
current process WorkingSet (physical memory assigned to process): 216M, peak: 216M
current process commit charge ("private bytes"): 251M, peak: 253M

vm_info: OpenJDK 64-Bit Server VM (17.0.10+0--11572160) for windows-amd64 JRE (17.0.10+0--11572160), built on Mar 13 2024 23:56:38 by "androidbuild" with MS VC++ 16.10 / 16.11 (VS2019)

END.
