#
# There is insufficient memory for the Java Runtime Environment to continue.
# Native memory allocation (malloc) failed to allocate 1107232 bytes for Chunk::new
# Possible reasons:
#   The system is out of physical RAM or swap space
#   The process is running with CompressedOops enabled, and the Java Heap may be blocking the growth of the native heap
# Possible solutions:
#   Reduce memory load on the system
#   Increase physical memory or swap space
#   Check if swap backing store is full
#   Decrease Java heap size (-Xmx/-Xms)
#   Decrease number of Java threads
#   Decrease Java thread stack sizes (-Xss)
#   Set larger code cache with -XX:ReservedCodeCacheSize=
#   JVM is running with Unscaled Compressed Oops mode in which the Java heap is
#     placed in the first 4GB address space. The Java Heap base address is the
#     maximum limit for the native heap growth. Please use -XX:HeapBaseMinAddress
#     to set the Java Heap base and to place the Java Heap above 4GB virtual address.
# This output file may be truncated or incomplete.
#
#  Out of Memory Error (arena.cpp:191), pid=19748, tid=13336
#
# JRE version: OpenJDK Runtime Environment (17.0.10) (build 17.0.10+0--11572160)
# Java VM: OpenJDK 64-Bit Server VM (17.0.10+0--11572160, mixed mode, tiered, compressed oops, compressed class ptrs, g1 gc, windows-amd64)
# No core dump will be written. Minidumps are not enabled by default on client versions of Windows
#

---------------  S U M M A R Y ------------

Command Line: --add-opens=java.base/java.util=ALL-UNNAMED --add-opens=java.base/java.lang=ALL-UNNAMED --add-opens=java.base/java.lang.invoke=ALL-UNNAMED --add-opens=java.prefs/java.util.prefs=ALL-UNNAMED --add-opens=java.base/java.nio.charset=ALL-UNNAMED --add-opens=java.base/java.net=ALL-UNNAMED --add-opens=java.base/java.util.concurrent.atomic=ALL-UNNAMED -Xmx2048m -Dfile.encoding=UTF-8 -Duser.country=ID -Duser.language=en -Duser.variant -javaagent:C:\Users\H P\.gradle\wrapper\dists\gradle-8.6-bin\afr5mpiioh2wthjmwnkmdsd5w\gradle-8.6\lib\agents\gradle-instrumentation-agent-8.6.jar org.gradle.launcher.daemon.bootstrap.GradleDaemon 8.6

Host: 11th Gen Intel(R) Core(TM) i3-1115G4 @ 3.00GHz, 4 cores, 3G,  Windows 11 , 64 bit Build 22621 (10.0.22621.5262)
Time: Fri May 23 16:41:07 2025 SE Asia Standard Time elapsed time: 7.021008 seconds (0d 0h 0m 7s)

---------------  T H R E A D  ---------------

Current thread (0x00000278ac004ab0):  JavaThread "C2 CompilerThread1" daemon [_thread_in_native, id=13336, stack(0x00000098c5200000,0x00000098c5300000)]


Current CompileTask:
C2:   7021 4492       4       org.objectweb.asm.Frame::execute (2318 bytes)

Stack: [0x00000098c5200000,0x00000098c5300000]
Native frames: (J=compiled Java code, j=interpreted, Vv=VM code, C=native code)
V  [jvm.dll+0x688e89]
V  [jvm.dll+0x84247a]
V  [jvm.dll+0x8440be]
V  [jvm.dll+0x844723]
V  [jvm.dll+0x24be0f]
V  [jvm.dll+0xac524]
V  [jvm.dll+0xacb6c]
V  [jvm.dll+0x36bd67]
V  [jvm.dll+0x1bde16]
V  [jvm.dll+0x21dbf9]
V  [jvm.dll+0x21cec1]
V  [jvm.dll+0x1a60ad]
V  [jvm.dll+0x22cd78]
V  [jvm.dll+0x22aeb0]
V  [jvm.dll+0x7f6917]
V  [jvm.dll+0x7f0d1a]
V  [jvm.dll+0x687d05]
C  [ucrtbase.dll+0x29333]
C  [KERNEL32.DLL+0x1259d]
C  [ntdll.dll+0x5af58]


---------------  P R O C E S S  ---------------

Threads class SMR info:
_java_thread_list=0x00000278aef9bc00, length=37, elements={
0x000002788b91b680, 0x00000278a6e33a30, 0x00000278a6e34400, 0x00000278a6e8c020,
0x00000278a6e8c9f0, 0x00000278a6e8d3c0, 0x00000278ab112830, 0x00000278ab113fd0,
0x00000278ab1197f0, 0x00000278ab123890, 0x00000278ab24e8c0, 0x00000278ab378c10,
0x00000278ac004ab0, 0x00000278ae3d69a0, 0x00000278adcae9f0, 0x00000278acc13710,
0x00000278acfc9970, 0x00000278acfc9e50, 0x00000278ad4168c0, 0x00000278ad416da0,
0x00000278ac8daf80, 0x00000278ac8dbeb0, 0x00000278ac8daa70, 0x00000278ac8ddd10,
0x00000278ac8db490, 0x00000278ac8db9a0, 0x00000278ac8dc3c0, 0x00000278ac8dc8d0,
0x00000278ac8dd2f0, 0x00000278ac8dd800, 0x00000278ac8dcde0, 0x00000278ae45b810,
0x00000278ae458a80, 0x00000278ae458060, 0x00000278ae45b300, 0x00000278ae458570,
0x00000278ae45c230
}
_to_delete_list=0x00000278aef9bb40, length=36, elements={
0x000002788b91b680, 0x00000278a6e33a30, 0x00000278a6e34400, 0x00000278a6e8c020,
0x00000278a6e8c9f0, 0x00000278a6e8d3c0, 0x00000278ab112830, 0x00000278ab113fd0,
0x00000278ab1197f0, 0x00000278ab123890, 0x00000278ab24e8c0, 0x00000278ab378c10,
0x00000278ac004ab0, 0x00000278ae3d69a0, 0x00000278adcae9f0, 0x00000278acc13710,
0x00000278acfc9970, 0x00000278acfc9e50, 0x00000278ad4168c0, 0x00000278ad416da0,
0x00000278ac8daf80, 0x00000278ac8dbeb0, 0x00000278ac8daa70, 0x00000278ac8ddd10,
0x00000278ac8db490, 0x00000278ac8db9a0, 0x00000278ac8dc3c0, 0x00000278ac8dc8d0,
0x00000278ac8dd2f0, 0x00000278ac8dd800, 0x00000278ac8dcde0, 0x00000278ae45b810,
0x00000278ae458a80, 0x00000278ae458060, 0x00000278ae45b300, 0x00000278ae458570
}

Java Threads: ( => current thread )
  0x000002788b91b680 JavaThread "main" [_thread_blocked, id=5844, stack(0x00000098c3c00000,0x00000098c3d00000)]
  0x00000278a6e33a30 JavaThread "Reference Handler" daemon [_thread_blocked, id=13104, stack(0x00000098c4300000,0x00000098c4400000)]
  0x00000278a6e34400 JavaThread "Finalizer" daemon [_thread_blocked, id=5600, stack(0x00000098c4400000,0x00000098c4500000)]
  0x00000278a6e8c020 JavaThread "Signal Dispatcher" daemon [_thread_blocked, id=16644, stack(0x00000098c4500000,0x00000098c4600000)]
  0x00000278a6e8c9f0 JavaThread "Attach Listener" daemon [_thread_blocked, id=18168, stack(0x00000098c4600000,0x00000098c4700000)]
  0x00000278a6e8d3c0 JavaThread "Service Thread" daemon [_thread_blocked, id=2152, stack(0x00000098c4700000,0x00000098c4800000)]
  0x00000278ab112830 JavaThread "Monitor Deflation Thread" daemon [_thread_blocked, id=19860, stack(0x00000098c4800000,0x00000098c4900000)]
  0x00000278ab113fd0 JavaThread "C2 CompilerThread0" daemon [_thread_in_native, id=10300, stack(0x00000098c4900000,0x00000098c4a00000)]
  0x00000278ab1197f0 JavaThread "C1 CompilerThread0" daemon [_thread_in_native, id=11932, stack(0x00000098c4a00000,0x00000098c4b00000)]
  0x00000278ab123890 JavaThread "Sweeper thread" daemon [_thread_blocked, id=13956, stack(0x00000098c4b00000,0x00000098c4c00000)]
  0x00000278ab24e8c0 JavaThread "Common-Cleaner" daemon [_thread_blocked, id=8764, stack(0x00000098c4c00000,0x00000098c4d00000)]
  0x00000278ab378c10 JavaThread "Notification Thread" daemon [_thread_blocked, id=21312, stack(0x00000098c4d00000,0x00000098c4e00000)]
=>0x00000278ac004ab0 JavaThread "C2 CompilerThread1" daemon [_thread_in_native, id=13336, stack(0x00000098c5200000,0x00000098c5300000)]
  0x00000278ae3d69a0 JavaThread "Daemon health stats" [_thread_blocked, id=8, stack(0x00000098c5300000,0x00000098c5400000)]
  0x00000278adcae9f0 JavaThread "Incoming local TCP Connector on port 60024" [_thread_in_native, id=19928, stack(0x00000098c5400000,0x00000098c5500000)]
  0x00000278acc13710 JavaThread "Daemon periodic checks" [_thread_blocked, id=14588, stack(0x00000098c5500000,0x00000098c5600000)]
  0x00000278acfc9970 JavaThread "Daemon" [_thread_blocked, id=14544, stack(0x00000098c5600000,0x00000098c5700000)]
  0x00000278acfc9e50 JavaThread "Handler for socket connection from /127.0.0.1:60024 to /127.0.0.1:60025" [_thread_in_native, id=17556, stack(0x00000098c5700000,0x00000098c5800000)]
  0x00000278ad4168c0 JavaThread "Cancel handler" [_thread_blocked, id=19392, stack(0x00000098c5800000,0x00000098c5900000)]
  0x00000278ad416da0 JavaThread "Daemon worker" [_thread_in_Java, id=16224, stack(0x00000098c5900000,0x00000098c5a00000)]
  0x00000278ac8daf80 JavaThread "Asynchronous log dispatcher for DefaultDaemonConnection: socket connection from /127.0.0.1:60024 to /127.0.0.1:60025" [_thread_blocked, id=8832, stack(0x00000098c5a00000,0x00000098c5b00000)]
  0x00000278ac8dbeb0 JavaThread "Stdin handler" [_thread_blocked, id=4028, stack(0x00000098c5b00000,0x00000098c5c00000)]
  0x00000278ac8daa70 JavaThread "Daemon client event forwarder" [_thread_blocked, id=14140, stack(0x00000098c5c00000,0x00000098c5d00000)]
  0x00000278ac8ddd10 JavaThread "Cache worker for journal cache (C:\Users\H P\.gradle\caches\journal-1)" [_thread_blocked, id=11276, stack(0x00000098c5d00000,0x00000098c5e00000)]
  0x00000278ac8db490 JavaThread "File lock request listener" [_thread_in_native, id=10692, stack(0x00000098c5e00000,0x00000098c5f00000)]
  0x00000278ac8db9a0 JavaThread "Cache worker for file hash cache (C:\Users\H P\.gradle\caches\8.6\fileHashes)" [_thread_blocked, id=7592, stack(0x00000098c5f00000,0x00000098c6000000)]
  0x00000278ac8dc3c0 JavaThread "File watcher server" daemon [_thread_in_native, id=19680, stack(0x00000098c6000000,0x00000098c6100000)]
  0x00000278ac8dc8d0 JavaThread "File watcher consumer" daemon [_thread_blocked, id=12460, stack(0x00000098c6100000,0x00000098c6200000)]
  0x00000278ac8dd2f0 JavaThread "Cache worker for checksums cache (C:\Users\H P\Projek Skripsi\MyApplication\.gradle\8.6\checksums)" [_thread_blocked, id=14944, stack(0x00000098c6200000,0x00000098c6300000)]
  0x00000278ac8dd800 JavaThread "Cache worker for file hash cache (C:\Users\H P\Projek Skripsi\MyApplication\.gradle\8.6\fileHashes)" [_thread_blocked, id=20424, stack(0x00000098c6300000,0x00000098c6400000)]
  0x00000278ac8dcde0 JavaThread "Cache worker for cache directory md-supplier (C:\Users\H P\.gradle\caches\8.6\md-supplier)" [_thread_blocked, id=672, stack(0x00000098c6400000,0x00000098c6500000)]
  0x00000278ae45b810 JavaThread "Cache worker for cache directory md-rule (C:\Users\H P\.gradle\caches\8.6\md-rule)" [_thread_blocked, id=17676, stack(0x00000098c6500000,0x00000098c6600000)]
  0x00000278ae458a80 JavaThread "Cache worker for file content cache (C:\Users\H P\.gradle\caches\8.6\fileContent)" [_thread_blocked, id=8464, stack(0x00000098c6600000,0x00000098c6700000)]
  0x00000278ae458060 JavaThread "jar transforms" [_thread_blocked, id=19988, stack(0x00000098c6700000,0x00000098c6800000)]
  0x00000278ae45b300 JavaThread "jar transforms Thread 2" [_thread_blocked, id=10056, stack(0x00000098c6800000,0x00000098c6900000)]
  0x00000278ae458570 JavaThread "jar transforms Thread 3" [_thread_blocked, id=10932, stack(0x00000098c6900000,0x00000098c6a00000)]
  0x00000278ae45c230 JavaThread "jar transforms Thread 4" [_thread_blocked, id=20360, stack(0x00000098c6a00000,0x00000098c6b00000)]

Other Threads:
  0x00000278a6e4b330 VMThread "VM Thread" [stack: 0x00000098c4200000,0x00000098c4300000] [id=18276]
  0x000002788b91d420 WatcherThread [stack: 0x00000098c4e00000,0x00000098c4f00000] [id=11400]
  0x000002788b978c00 GCTaskThread "GC Thread#0" [stack: 0x00000098c3d00000,0x00000098c3e00000] [id=6584]
  0x00000278ab7c6c80 GCTaskThread "GC Thread#1" [stack: 0x00000098c4f00000,0x00000098c5000000] [id=6120]
  0x00000278ab56be70 GCTaskThread "GC Thread#2" [stack: 0x00000098c5000000,0x00000098c5100000] [id=18680]
  0x00000278abb7b420 GCTaskThread "GC Thread#3" [stack: 0x00000098c5100000,0x00000098c5200000] [id=4292]
  0x000002788b98a200 ConcurrentGCThread "G1 Main Marker" [stack: 0x00000098c3e00000,0x00000098c3f00000] [id=18460]
  0x000002788b98ab30 ConcurrentGCThread "G1 Conc#0" [stack: 0x00000098c3f00000,0x00000098c4000000] [id=19472]
  0x000002788b9c5d00 ConcurrentGCThread "G1 Refine#0" [stack: 0x00000098c4000000,0x00000098c4100000] [id=3000]
  0x000002788b9c6640 ConcurrentGCThread "G1 Service" [stack: 0x00000098c4100000,0x00000098c4200000] [id=5984]

Threads with active compile tasks:
C2 CompilerThread0     7056 4547   !   4       java.net.URLClassLoader::findClass (47 bytes)
C2 CompilerThread1     7056 4492       4       org.objectweb.asm.Frame::execute (2318 bytes)

VM state: not at safepoint (normal execution)

VM Mutex/Monitor currently owned by a thread: None

Heap address: 0x0000000080000000, size: 2048 MB, Compressed Oops mode: 32-bit

CDS archive(s) not mapped
Compressed class space mapped at: 0x0000000100000000-0x0000000140000000, reserved size: 1073741824
Narrow klass base: 0x0000000000000000, Narrow klass shift: 3, Narrow klass range: 0x140000000

GC Precious Log:
 CPUs: 4 total, 4 available
 Memory: 3738M
 Large Page Support: Disabled
 NUMA Support: Disabled
 Compressed Oops: Enabled (32-bit)
 Heap Region Size: 1M
 Heap Min Capacity: 8M
 Heap Initial Capacity: 60M
 Heap Max Capacity: 2G
 Pre-touch: Disabled
 Parallel Workers: 4
 Concurrent Workers: 1
 Concurrent Refinement Workers: 4
 Periodic GC: Disabled

Heap:
 garbage-first heap   total 73728K, used 48792K [0x0000000080000000, 0x0000000100000000)
  region size 1024K, 19 young (19456K), 3 survivors (3072K)
 Metaspace       used 51846K, committed 52288K, reserved 1114112K
  class space    used 7202K, committed 7424K, reserved 1048576K

Heap Regions: E=young(eden), S=young(survivor), O=old, HS=humongous(starts), HC=humongous(continues), CS=collection set, F=free, OA=open archive, CA=closed archive, TAMS=top-at-mark-start (previous, next)
|   0|0x0000000080000000, 0x0000000080100000, 0x0000000080100000|100%| O|  |TAMS 0x0000000080100000, 0x0000000080000000| Untracked 
|   1|0x0000000080100000, 0x0000000080200000, 0x0000000080200000|100%| O|  |TAMS 0x0000000080200000, 0x0000000080100000| Untracked 
|   2|0x0000000080200000, 0x0000000080300000, 0x0000000080300000|100%|HS|  |TAMS 0x0000000080300000, 0x0000000080200000| Complete 
|   3|0x0000000080300000, 0x0000000080400000, 0x0000000080400000|100%|HC|  |TAMS 0x0000000080400000, 0x0000000080300000| Complete 
|   4|0x0000000080400000, 0x0000000080500000, 0x0000000080500000|100%|HC|  |TAMS 0x0000000080500000, 0x0000000080400000| Complete 
|   5|0x0000000080500000, 0x0000000080600000, 0x0000000080600000|100%|HC|  |TAMS 0x0000000080600000, 0x0000000080500000| Complete 
|   6|0x0000000080600000, 0x0000000080700000, 0x0000000080700000|100%| O|  |TAMS 0x0000000080700000, 0x0000000080600000| Untracked 
|   7|0x0000000080700000, 0x0000000080800000, 0x0000000080800000|100%| O|  |TAMS 0x0000000080800000, 0x0000000080700000| Untracked 
|   8|0x0000000080800000, 0x0000000080900000, 0x0000000080900000|100%| O|  |TAMS 0x0000000080900000, 0x0000000080800000| Untracked 
|   9|0x0000000080900000, 0x0000000080a00000, 0x0000000080a00000|100%| O|  |TAMS 0x0000000080a00000, 0x0000000080900000| Untracked 
|  10|0x0000000080a00000, 0x0000000080b00000, 0x0000000080b00000|100%| O|  |TAMS 0x0000000080b00000, 0x0000000080a00000| Untracked 
|  11|0x0000000080b00000, 0x0000000080c00000, 0x0000000080c00000|100%| O|  |TAMS 0x0000000080c00000, 0x0000000080b00000| Untracked 
|  12|0x0000000080c00000, 0x0000000080d00000, 0x0000000080d00000|100%| O|  |TAMS 0x0000000080d00000, 0x0000000080c00000| Untracked 
|  13|0x0000000080d00000, 0x0000000080e00000, 0x0000000080e00000|100%| O|  |TAMS 0x0000000080e00000, 0x0000000080d00000| Untracked 
|  14|0x0000000080e00000, 0x0000000080f00000, 0x0000000080f00000|100%| O|  |TAMS 0x0000000080f00000, 0x0000000080e00000| Untracked 
|  15|0x0000000080f00000, 0x0000000081000000, 0x0000000081000000|100%| O|  |TAMS 0x0000000081000000, 0x0000000080f00000| Untracked 
|  16|0x0000000081000000, 0x0000000081100000, 0x0000000081100000|100%| O|  |TAMS 0x0000000081100000, 0x0000000081000000| Untracked 
|  17|0x0000000081100000, 0x0000000081200000, 0x0000000081200000|100%| O|  |TAMS 0x0000000081200000, 0x0000000081100000| Untracked 
|  18|0x0000000081200000, 0x0000000081300000, 0x0000000081300000|100%| O|  |TAMS 0x0000000081300000, 0x0000000081200000| Untracked 
|  19|0x0000000081300000, 0x0000000081400000, 0x0000000081400000|100%| O|  |TAMS 0x0000000081400000, 0x0000000081300000| Untracked 
|  20|0x0000000081400000, 0x0000000081500000, 0x0000000081500000|100%| O|  |TAMS 0x0000000081500000, 0x0000000081400000| Untracked 
|  21|0x0000000081500000, 0x0000000081600000, 0x0000000081600000|100%| O|  |TAMS 0x000000008157ec00, 0x0000000081500000| Untracked 
|  22|0x0000000081600000, 0x0000000081700000, 0x0000000081700000|100%| O|  |TAMS 0x0000000081600000, 0x0000000081600000| Untracked 
|  23|0x0000000081700000, 0x0000000081800000, 0x0000000081800000|100%| O|  |TAMS 0x0000000081700000, 0x0000000081700000| Untracked 
|  24|0x0000000081800000, 0x0000000081900000, 0x0000000081900000|100%| O|  |TAMS 0x0000000081800000, 0x0000000081800000| Untracked 
|  25|0x0000000081900000, 0x0000000081a00000, 0x0000000081a00000|100%| O|  |TAMS 0x0000000081900000, 0x0000000081900000| Untracked 
|  26|0x0000000081a00000, 0x0000000081b00000, 0x0000000081b00000|100%| O|  |TAMS 0x0000000081a00000, 0x0000000081a00000| Untracked 
|  27|0x0000000081b00000, 0x0000000081c00000, 0x0000000081c00000|100%| O|  |TAMS 0x0000000081b00000, 0x0000000081b00000| Untracked 
|  28|0x0000000081c00000, 0x0000000081d00000, 0x0000000081d00000|100%| O|  |TAMS 0x0000000081c00000, 0x0000000081c00000| Untracked 
|  29|0x0000000081d00000, 0x0000000081e00000, 0x0000000081e00000|100%| O|  |TAMS 0x0000000081d00000, 0x0000000081d00000| Untracked 
|  30|0x0000000081e00000, 0x0000000081f00000, 0x0000000081f00000|100%| O|  |TAMS 0x0000000081e00000, 0x0000000081e00000| Untracked 
|  31|0x0000000081f00000, 0x0000000081f00000, 0x0000000082000000|  0%| F|  |TAMS 0x0000000081f00000, 0x0000000081f00000| Untracked 
|  32|0x0000000082000000, 0x0000000082000000, 0x0000000082100000|  0%| F|  |TAMS 0x0000000082000000, 0x0000000082000000| Untracked 
|  33|0x0000000082100000, 0x0000000082100000, 0x0000000082200000|  0%| F|  |TAMS 0x0000000082100000, 0x0000000082100000| Untracked 
|  34|0x0000000082200000, 0x0000000082200000, 0x0000000082300000|  0%| F|  |TAMS 0x0000000082200000, 0x0000000082200000| Untracked 
|  35|0x0000000082300000, 0x0000000082300000, 0x0000000082400000|  0%| F|  |TAMS 0x0000000082300000, 0x0000000082300000| Untracked 
|  36|0x0000000082400000, 0x0000000082400000, 0x0000000082500000|  0%| F|  |TAMS 0x0000000082400000, 0x0000000082400000| Untracked 
|  37|0x0000000082500000, 0x0000000082500000, 0x0000000082600000|  0%| F|  |TAMS 0x0000000082500000, 0x0000000082500000| Untracked 
|  38|0x0000000082600000, 0x0000000082600000, 0x0000000082700000|  0%| F|  |TAMS 0x0000000082600000, 0x0000000082600000| Untracked 
|  39|0x0000000082700000, 0x0000000082700000, 0x0000000082800000|  0%| F|  |TAMS 0x0000000082700000, 0x0000000082700000| Untracked 
|  40|0x0000000082800000, 0x0000000082800000, 0x0000000082900000|  0%| F|  |TAMS 0x0000000082800000, 0x0000000082800000| Untracked 
|  41|0x0000000082900000, 0x0000000082900000, 0x0000000082a00000|  0%| F|  |TAMS 0x0000000082900000, 0x0000000082900000| Untracked 
|  42|0x0000000082a00000, 0x0000000082a00000, 0x0000000082b00000|  0%| F|  |TAMS 0x0000000082a00000, 0x0000000082a00000| Untracked 
|  43|0x0000000082b00000, 0x0000000082b00000, 0x0000000082c00000|  0%| F|  |TAMS 0x0000000082b00000, 0x0000000082b00000| Untracked 
|  44|0x0000000082c00000, 0x0000000082c00000, 0x0000000082d00000|  0%| F|  |TAMS 0x0000000082c00000, 0x0000000082c00000| Untracked 
|  45|0x0000000082d00000, 0x0000000082da61f0, 0x0000000082e00000| 64%| S|CS|TAMS 0x0000000082d00000, 0x0000000082d00000| Complete 
|  46|0x0000000082e00000, 0x0000000082f00000, 0x0000000082f00000|100%| S|CS|TAMS 0x0000000082e00000, 0x0000000082e00000| Complete 
|  47|0x0000000082f00000, 0x0000000082f00000, 0x0000000083000000|  0%| F|  |TAMS 0x0000000082f00000, 0x0000000082f00000| Untracked 
|  48|0x0000000083000000, 0x0000000083100000, 0x0000000083100000|100%| S|CS|TAMS 0x0000000083000000, 0x0000000083000000| Complete 
|  49|0x0000000083100000, 0x0000000083100000, 0x0000000083200000|  0%| F|  |TAMS 0x0000000083100000, 0x0000000083100000| Untracked 
|  50|0x0000000083200000, 0x0000000083200000, 0x0000000083300000|  0%| F|  |TAMS 0x0000000083200000, 0x0000000083200000| Untracked 
|  51|0x0000000083300000, 0x0000000083300000, 0x0000000083400000|  0%| F|  |TAMS 0x0000000083300000, 0x0000000083300000| Untracked 
|  52|0x0000000083400000, 0x0000000083400000, 0x0000000083500000|  0%| F|  |TAMS 0x0000000083400000, 0x0000000083400000| Untracked 
|  53|0x0000000083500000, 0x0000000083500000, 0x0000000083600000|  0%| F|  |TAMS 0x0000000083500000, 0x0000000083500000| Untracked 
|  54|0x0000000083600000, 0x0000000083600000, 0x0000000083700000|  0%| F|  |TAMS 0x0000000083600000, 0x0000000083600000| Untracked 
|  55|0x0000000083700000, 0x0000000083700000, 0x0000000083800000|  0%| F|  |TAMS 0x0000000083700000, 0x0000000083700000| Untracked 
|  56|0x0000000083800000, 0x00000000838ea8a0, 0x0000000083900000| 91%| E|  |TAMS 0x0000000083800000, 0x0000000083800000| Complete 
|  57|0x0000000083900000, 0x0000000083a00000, 0x0000000083a00000|100%| E|CS|TAMS 0x0000000083900000, 0x0000000083900000| Complete 
|  58|0x0000000083a00000, 0x0000000083b00000, 0x0000000083b00000|100%| E|CS|TAMS 0x0000000083a00000, 0x0000000083a00000| Complete 
|  59|0x0000000083b00000, 0x0000000083c00000, 0x0000000083c00000|100%| E|CS|TAMS 0x0000000083b00000, 0x0000000083b00000| Complete 
|  60|0x0000000083c00000, 0x0000000083d00000, 0x0000000083d00000|100%| E|CS|TAMS 0x0000000083c00000, 0x0000000083c00000| Complete 
|  61|0x0000000083d00000, 0x0000000083e00000, 0x0000000083e00000|100%| E|CS|TAMS 0x0000000083d00000, 0x0000000083d00000| Complete 
|  62|0x0000000083e00000, 0x0000000083f00000, 0x0000000083f00000|100%| E|CS|TAMS 0x0000000083e00000, 0x0000000083e00000| Complete 
|  63|0x0000000083f00000, 0x0000000084000000, 0x0000000084000000|100%| E|CS|TAMS 0x0000000083f00000, 0x0000000083f00000| Complete 
|  64|0x0000000084000000, 0x0000000084100000, 0x0000000084100000|100%| E|CS|TAMS 0x0000000084000000, 0x0000000084000000| Complete 
|  65|0x0000000084100000, 0x0000000084200000, 0x0000000084200000|100%| E|CS|TAMS 0x0000000084100000, 0x0000000084100000| Complete 
|  66|0x0000000084200000, 0x0000000084300000, 0x0000000084300000|100%| E|CS|TAMS 0x0000000084200000, 0x0000000084200000| Complete 
|  67|0x0000000084300000, 0x0000000084400000, 0x0000000084400000|100%| E|CS|TAMS 0x0000000084300000, 0x0000000084300000| Complete 
|  68|0x0000000084400000, 0x0000000084500000, 0x0000000084500000|100%| E|CS|TAMS 0x0000000084400000, 0x0000000084400000| Complete 
|  69|0x0000000084500000, 0x0000000084600000, 0x0000000084600000|100%| E|CS|TAMS 0x0000000084500000, 0x0000000084500000| Complete 
|  70|0x0000000084600000, 0x0000000084700000, 0x0000000084700000|100%| E|  |TAMS 0x0000000084600000, 0x0000000084600000| Complete 
|  71|0x0000000084700000, 0x0000000084800000, 0x0000000084800000|100%| E|CS|TAMS 0x0000000084700000, 0x0000000084700000| Complete 

Card table byte_map: [0x000002789fff0000,0x00000278a03f0000] _byte_map_base: 0x000002789fbf0000

Marking Bits (Prev, Next): (CMBitMap*) 0x000002788b979130, (CMBitMap*) 0x000002788b979170
 Prev Bits: [0x00000278a07f0000, 0x00000278a27f0000)
 Next Bits: [0x00000278a27f0000, 0x00000278a47f0000)

Polling page: 0x000002788b9d0000

Metaspace:

Usage:
  Non-class:     43.61 MB used.
      Class:      7.03 MB used.
       Both:     50.64 MB used.

Virtual space:
  Non-class space:       64.00 MB reserved,      43.88 MB ( 69%) committed,  1 nodes.
      Class space:        1.00 GB reserved,       7.25 MB ( <1%) committed,  1 nodes.
             Both:        1.06 GB reserved,      51.12 MB (  5%) committed. 

Chunk freelists:
   Non-Class:  3.98 MB
       Class:  8.74 MB
        Both:  12.72 MB

MaxMetaspaceSize: unlimited
CompressedClassSpaceSize: 1.00 GB
Initial GC threshold: 21.00 MB
Current GC threshold: 59.31 MB
CDS: off
MetaspaceReclaimPolicy: balanced
 - commit_granule_bytes: 65536.
 - commit_granule_words: 8192.
 - virtual_space_node_default_size: 8388608.
 - enlarge_chunks_in_place: 1.
 - new_chunks_are_fully_committed: 0.
 - uncommit_free_chunks: 1.
 - use_allocation_guard: 0.
 - handle_deallocations: 1.


Internal statistics:

num_allocs_failed_limit: 6.
num_arena_births: 484.
num_arena_deaths: 0.
num_vsnodes_births: 2.
num_vsnodes_deaths: 0.
num_space_committed: 818.
num_space_uncommitted: 0.
num_chunks_returned_to_freelist: 6.
num_chunks_taken_from_freelist: 2130.
num_chunk_merges: 3.
num_chunk_splits: 1398.
num_chunks_enlarged: 982.
num_inconsistent_stats: 0.

CodeHeap 'non-profiled nmethods': size=120000Kb used=2795Kb max_used=2795Kb free=117204Kb
 bounds [0x0000027898090000, 0x0000027898350000, 0x000002789f5c0000]
CodeHeap 'profiled nmethods': size=120000Kb used=9327Kb max_used=9327Kb free=110672Kb
 bounds [0x00000278905c0000, 0x0000027890ee0000, 0x0000027897af0000]
CodeHeap 'non-nmethods': size=5760Kb used=1619Kb max_used=1663Kb free=4140Kb
 bounds [0x0000027897af0000, 0x0000027897d60000, 0x0000027898090000]
 total_blobs=5245 nmethods=4565 adapters=591
 compilation: enabled
              stopped_count=0, restarted_count=0
 full_count=0

Compilation events (20 events):
Event: 6.901 Thread 0x00000278ab1197f0 nmethod 4546 0x0000027890ecaf90 code [0x0000027890ecb120, 0x0000027890ecb268]
Event: 6.901 Thread 0x00000278ab113fd0 4547   !   4       java.net.URLClassLoader::findClass (47 bytes)
Event: 6.914 Thread 0x00000278ab1197f0 4550       3       com.google.common.reflect.TypeResolver::resolveType (74 bytes)
Event: 6.914 Thread 0x00000278ab1197f0 nmethod 4550 0x0000027890ecb310 code [0x0000027890ecb5a0, 0x0000027890ecc3e8]
Event: 6.916 Thread 0x00000278ab1197f0 4551       3       java.util.BitSet::wordIndex (5 bytes)
Event: 6.916 Thread 0x00000278ab1197f0 nmethod 4551 0x0000027890ecc690 code [0x0000027890ecc820, 0x0000027890ecc918]
Event: 6.916 Thread 0x00000278ab1197f0 4552       3       java.lang.Long::bitCount (61 bytes)
Event: 6.916 Thread 0x00000278ab1197f0 nmethod 4552 0x0000027890ecc990 code [0x0000027890eccb20, 0x0000027890eccc98]
Event: 6.916 Thread 0x00000278ab1197f0 4554       3       java.util.BitSet::recalculateWordsInUse (39 bytes)
Event: 6.917 Thread 0x00000278ab1197f0 nmethod 4554 0x0000027890eccd10 code [0x0000027890eccec0, 0x0000027890ecd0f8]
Event: 6.991 Thread 0x00000278ab1197f0 4559       3       com.google.common.collect.ImmutableList::asImmutableList (7 bytes)
Event: 6.991 Thread 0x00000278ab1197f0 nmethod 4559 0x0000027890ecd210 code [0x0000027890ecd3a0, 0x0000027890ecd4c8]
Event: 6.995 Thread 0x00000278ab1197f0 4561   !   3       java.lang.invoke.LambdaForm::compileToBytecode (164 bytes)
Event: 6.995 Thread 0x00000278ab1197f0 nmethod 4561 0x0000027890ecd590 code [0x0000027890ecd7e0, 0x0000027890ece098]
Event: 7.002 Thread 0x00000278ab1197f0 4562       3       org.gradle.internal.reflect.PropertyAccessorType::of (101 bytes)
Event: 7.004 Thread 0x00000278ab1197f0 nmethod 4562 0x0000027890ece390 code [0x0000027890ece6e0, 0x0000027890ecfe18]
Event: 7.006 Thread 0x00000278ab1197f0 4563       3       sun.reflect.generics.parser.SignatureParser::parseTypeArguments (109 bytes)
Event: 7.007 Thread 0x00000278ab1197f0 nmethod 4563 0x0000027890ed0510 code [0x0000027890ed07c0, 0x0000027890ed14c8]
Event: 7.007 Thread 0x00000278ab1197f0 4564       3       sun.reflect.generics.reflectiveObjects.ParameterizedTypeImpl::make (11 bytes)
Event: 7.007 Thread 0x00000278ab1197f0 nmethod 4564 0x0000027890ed1990 code [0x0000027890ed1b60, 0x0000027890ed1f38]

GC Heap History (20 events):
Event: 3.228 GC heap before
{Heap before GC invocations=6 (full 0):
 garbage-first heap   total 61440K, used 41105K [0x0000000080000000, 0x0000000100000000)
  region size 1024K, 23 young (23552K), 2 survivors (2048K)
 Metaspace       used 24869K, committed 25152K, reserved 1114112K
  class space    used 3103K, committed 3200K, reserved 1048576K
}
Event: 3.232 GC heap after
{Heap after GC invocations=7 (full 0):
 garbage-first heap   total 61440K, used 20757K [0x0000000080000000, 0x0000000100000000)
  region size 1024K, 2 young (2048K), 2 survivors (2048K)
 Metaspace       used 24869K, committed 25152K, reserved 1114112K
  class space    used 3103K, committed 3200K, reserved 1048576K
}
Event: 3.592 GC heap before
{Heap before GC invocations=7 (full 0):
 garbage-first heap   total 61440K, used 43285K [0x0000000080000000, 0x0000000100000000)
  region size 1024K, 24 young (24576K), 2 survivors (2048K)
 Metaspace       used 27878K, committed 28160K, reserved 1114112K
  class space    used 3648K, committed 3776K, reserved 1048576K
}
Event: 3.595 GC heap after
{Heap after GC invocations=8 (full 0):
 garbage-first heap   total 61440K, used 22044K [0x0000000080000000, 0x0000000100000000)
  region size 1024K, 3 young (3072K), 3 survivors (3072K)
 Metaspace       used 27878K, committed 28160K, reserved 1114112K
  class space    used 3648K, committed 3776K, reserved 1048576K
}
Event: 3.959 GC heap before
{Heap before GC invocations=8 (full 0):
 garbage-first heap   total 61440K, used 44572K [0x0000000080000000, 0x0000000100000000)
  region size 1024K, 25 young (25600K), 3 survivors (3072K)
 Metaspace       used 31001K, committed 31296K, reserved 1114112K
  class space    used 4137K, committed 4288K, reserved 1048576K
}
Event: 3.964 GC heap after
{Heap after GC invocations=9 (full 0):
 garbage-first heap   total 61440K, used 23280K [0x0000000080000000, 0x0000000100000000)
  region size 1024K, 3 young (3072K), 3 survivors (3072K)
 Metaspace       used 31001K, committed 31296K, reserved 1114112K
  class space    used 4137K, committed 4288K, reserved 1048576K
}
Event: 4.298 GC heap before
{Heap before GC invocations=9 (full 0):
 garbage-first heap   total 61440K, used 45808K [0x0000000080000000, 0x0000000100000000)
  region size 1024K, 25 young (25600K), 3 survivors (3072K)
 Metaspace       used 33667K, committed 34048K, reserved 1114112K
  class space    used 4596K, committed 4800K, reserved 1048576K
}
Event: 4.306 GC heap after
{Heap after GC invocations=10 (full 0):
 garbage-first heap   total 61440K, used 24413K [0x0000000080000000, 0x0000000100000000)
  region size 1024K, 3 young (3072K), 3 survivors (3072K)
 Metaspace       used 33667K, committed 34048K, reserved 1114112K
  class space    used 4596K, committed 4800K, reserved 1048576K
}
Event: 4.536 GC heap before
{Heap before GC invocations=10 (full 0):
 garbage-first heap   total 61440K, used 36701K [0x0000000080000000, 0x0000000100000000)
  region size 1024K, 16 young (16384K), 3 survivors (3072K)
 Metaspace       used 35891K, committed 36160K, reserved 1114112K
  class space    used 4919K, committed 5056K, reserved 1048576K
}
Event: 4.542 GC heap after
{Heap after GC invocations=11 (full 0):
 garbage-first heap   total 61440K, used 25194K [0x0000000080000000, 0x0000000100000000)
  region size 1024K, 2 young (2048K), 2 survivors (2048K)
 Metaspace       used 35891K, committed 36160K, reserved 1114112K
  class space    used 4919K, committed 5056K, reserved 1048576K
}
Event: 5.077 GC heap before
{Heap before GC invocations=12 (full 0):
 garbage-first heap   total 61440K, used 47722K [0x0000000080000000, 0x0000000100000000)
  region size 1024K, 25 young (25600K), 2 survivors (2048K)
 Metaspace       used 40828K, committed 41152K, reserved 1114112K
  class space    used 5415K, committed 5568K, reserved 1048576K
}
Event: 5.087 GC heap after
{Heap after GC invocations=13 (full 0):
 garbage-first heap   total 61440K, used 28120K [0x0000000080000000, 0x0000000100000000)
  region size 1024K, 4 young (4096K), 4 survivors (4096K)
 Metaspace       used 40828K, committed 41152K, reserved 1114112K
  class space    used 5415K, committed 5568K, reserved 1048576K
}
Event: 5.326 GC heap before
{Heap before GC invocations=13 (full 0):
 garbage-first heap   total 61440K, used 48600K [0x0000000080000000, 0x0000000100000000)
  region size 1024K, 24 young (24576K), 4 survivors (4096K)
 Metaspace       used 41926K, committed 42304K, reserved 1114112K
  class space    used 5592K, committed 5760K, reserved 1048576K
}
Event: 5.336 GC heap after
{Heap after GC invocations=14 (full 0):
 garbage-first heap   total 73728K, used 30299K [0x0000000080000000, 0x0000000100000000)
  region size 1024K, 3 young (3072K), 3 survivors (3072K)
 Metaspace       used 41926K, committed 42304K, reserved 1114112K
  class space    used 5592K, committed 5760K, reserved 1048576K
}
Event: 5.698 GC heap before
{Heap before GC invocations=14 (full 0):
 garbage-first heap   total 73728K, used 54875K [0x0000000080000000, 0x0000000100000000)
  region size 1024K, 28 young (28672K), 3 survivors (3072K)
 Metaspace       used 43778K, committed 44224K, reserved 1114112K
  class space    used 5885K, committed 6144K, reserved 1048576K
}
Event: 5.704 GC heap after
{Heap after GC invocations=15 (full 0):
 garbage-first heap   total 73728K, used 31983K [0x0000000080000000, 0x0000000100000000)
  region size 1024K, 4 young (4096K), 4 survivors (4096K)
 Metaspace       used 43778K, committed 44224K, reserved 1114112K
  class space    used 5885K, committed 6144K, reserved 1048576K
}
Event: 6.276 GC heap before
{Heap before GC invocations=15 (full 0):
 garbage-first heap   total 73728K, used 56559K [0x0000000080000000, 0x0000000100000000)
  region size 1024K, 28 young (28672K), 4 survivors (4096K)
 Metaspace       used 46735K, committed 47168K, reserved 1114112K
  class space    used 6373K, committed 6592K, reserved 1048576K
}
Event: 6.283 GC heap after
{Heap after GC invocations=16 (full 0):
 garbage-first heap   total 73728K, used 33370K [0x0000000080000000, 0x0000000100000000)
  region size 1024K, 4 young (4096K), 4 survivors (4096K)
 Metaspace       used 46735K, committed 47168K, reserved 1114112K
  class space    used 6373K, committed 6592K, reserved 1048576K
}
Event: 6.731 GC heap before
{Heap before GC invocations=16 (full 0):
 garbage-first heap   total 73728K, used 55898K [0x0000000080000000, 0x0000000100000000)
  region size 1024K, 27 young (27648K), 4 survivors (4096K)
 Metaspace       used 49950K, committed 50432K, reserved 1114112K
  class space    used 6870K, committed 7104K, reserved 1048576K
}
Event: 6.739 GC heap after
{Heap after GC invocations=17 (full 0):
 garbage-first heap   total 73728K, used 34456K [0x0000000080000000, 0x0000000100000000)
  region size 1024K, 3 young (3072K), 3 survivors (3072K)
 Metaspace       used 49950K, committed 50432K, reserved 1114112K
  class space    used 6870K, committed 7104K, reserved 1048576K
}

Dll operation events (3 events):
Event: 0.032 Loaded shared library C:\Program Files\Android\Android Studio\jbr\bin\java.dll
Event: 0.218 Loaded shared library C:\Program Files\Android\Android Studio\jbr\bin\zip.dll
Event: 0.603 Loaded shared library C:\Program Files\Android\Android Studio\jbr\bin\verify.dll

Deoptimization events (20 events):
Event: 6.858 Thread 0x00000278ad416da0 Uncommon trap: trap_request=0xffffffde fr.pc=0x00000278983125e0 relative=0x00000000000053e0
Event: 6.858 Thread 0x00000278ad416da0 Uncommon trap: reason=class_check action=maybe_recompile pc=0x00000278983125e0 method=java.net.URLClassLoader.defineClass(Ljava/lang/String;Ljdk/internal/loader/Resource;)Ljava/lang/Class; @ 34 c2
Event: 6.858 Thread 0x00000278ad416da0 DEOPT PACKING pc=0x00000278983125e0 sp=0x00000098c59f86c0
Event: 6.858 Thread 0x00000278ad416da0 DEOPT UNPACKING pc=0x0000027897b4a1a3 sp=0x00000098c59f84a8 mode 2
Event: 6.861 Thread 0x00000278ad416da0 Uncommon trap: trap_request=0xffffffde fr.pc=0x00000278983125e0 relative=0x00000000000053e0
Event: 6.861 Thread 0x00000278ad416da0 Uncommon trap: reason=class_check action=maybe_recompile pc=0x00000278983125e0 method=java.net.URLClassLoader.defineClass(Ljava/lang/String;Ljdk/internal/loader/Resource;)Ljava/lang/Class; @ 34 c2
Event: 6.861 Thread 0x00000278ad416da0 DEOPT PACKING pc=0x00000278983125e0 sp=0x00000098c59f86c0
Event: 6.861 Thread 0x00000278ad416da0 DEOPT UNPACKING pc=0x0000027897b4a1a3 sp=0x00000098c59f84a8 mode 2
Event: 6.864 Thread 0x00000278ad416da0 Uncommon trap: trap_request=0xffffffde fr.pc=0x000002789832896c relative=0x000000000000528c
Event: 6.864 Thread 0x00000278ad416da0 Uncommon trap: reason=class_check action=maybe_recompile pc=0x000002789832896c method=java.net.URLClassLoader.defineClass(Ljava/lang/String;Ljdk/internal/loader/Resource;)Ljava/lang/Class; @ 34 c2
Event: 6.864 Thread 0x00000278ad416da0 DEOPT PACKING pc=0x000002789832896c sp=0x00000098c59f85f0
Event: 6.864 Thread 0x00000278ad416da0 DEOPT UNPACKING pc=0x0000027897b4a1a3 sp=0x00000098c59f8530 mode 2
Event: 6.874 Thread 0x00000278ad416da0 Uncommon trap: trap_request=0xffffffde fr.pc=0x0000027898340968 relative=0x0000000000005288
Event: 6.874 Thread 0x00000278ad416da0 Uncommon trap: reason=class_check action=maybe_recompile pc=0x0000027898340968 method=java.net.URLClassLoader.defineClass(Ljava/lang/String;Ljdk/internal/loader/Resource;)Ljava/lang/Class; @ 34 c2
Event: 6.874 Thread 0x00000278ad416da0 DEOPT PACKING pc=0x0000027898340968 sp=0x00000098c59f8310
Event: 6.874 Thread 0x00000278ad416da0 DEOPT UNPACKING pc=0x0000027897b4a1a3 sp=0x00000098c59f82b8 mode 2
Event: 7.001 Thread 0x00000278ad416da0 Uncommon trap: trap_request=0xffffff45 fr.pc=0x000002789822cdb8 relative=0x00000000000002f8
Event: 7.001 Thread 0x00000278ad416da0 Uncommon trap: reason=unstable_if action=reinterpret pc=0x000002789822cdb8 method=org.gradle.internal.reflect.PropertyAccessorType.isGetGetterName(Ljava/lang/String;)Z @ 14 c2
Event: 7.001 Thread 0x00000278ad416da0 DEOPT PACKING pc=0x000002789822cdb8 sp=0x00000098c59f8f80
Event: 7.001 Thread 0x00000278ad416da0 DEOPT UNPACKING pc=0x0000027897b4a1a3 sp=0x00000098c59f8ed8 mode 2

Classes unloaded (0 events):
No events

Classes redefined (0 events):
No events

Internal exceptions (20 events):
Event: 5.676 Thread 0x00000278ad416da0 Exception <a 'java/lang/NoSuchMethodError'{0x00000000830b9098}: 'java.lang.Object java.lang.invoke.Invokers$Holder.linkToTargetMethod(java.lang.Object, java.lang.Object, java.lang.Object, int, java.lang.Object)'> (0x00000000830b9098) 
thrown [s\src\hotspot\share\interpreter\linkResolver.cpp, line 771]
Event: 5.717 Thread 0x00000278ad416da0 Exception <a 'java/lang/NoSuchMethodError'{0x000000008478d310}: 'int java.lang.invoke.DirectMethodHandle$Holder.invokeInterface(java.lang.Object, java.lang.Object, java.lang.Object, java.lang.Object)'> (0x000000008478d310) 
thrown [s\src\hotspot\share\interpreter\linkResolver.cpp, line 771]
Event: 5.839 Thread 0x00000278ad416da0 Implicit null exception at 0x000002789826afec to 0x000002789826b094
Event: 5.951 Thread 0x00000278ad416da0 Exception <a 'java/lang/NoSuchMethodError'{0x000000008390e0c0}: 'void java.lang.invoke.DirectMethodHandle$Holder.invokeInterface(java.lang.Object, java.lang.Object)'> (0x000000008390e0c0) 
thrown [s\src\hotspot\share\interpreter\linkResolver.cpp, line 771]
Event: 5.953 Thread 0x00000278ad416da0 Exception <a 'java/lang/IncompatibleClassChangeError'{0x00000000839194f0}: Found class java.lang.Object, but interface was expected> (0x00000000839194f0) 
thrown [s\src\hotspot\share\interpreter\linkResolver.cpp, line 838]
Event: 6.010 Thread 0x00000278ad416da0 Exception <a 'java/lang/NoSuchMethodError'{0x00000000837a5eb8}: 'java.lang.Object java.lang.invoke.DirectMethodHandle$Holder.newInvokeSpecial(java.lang.Object, int, java.lang.Object)'> (0x00000000837a5eb8) 
thrown [s\src\hotspot\share\interpreter\linkResolver.cpp, line 771]
Event: 6.386 Thread 0x00000278ad416da0 Exception <a 'sun/nio/fs/WindowsException'{0x00000000841789b8}> (0x00000000841789b8) 
thrown [s\src\hotspot\share\prims\jni.cpp, line 517]
Event: 6.386 Thread 0x00000278ad416da0 Exception <a 'sun/nio/fs/WindowsException'{0x0000000084178c78}> (0x0000000084178c78) 
thrown [s\src\hotspot\share\prims\jni.cpp, line 517]
Event: 6.387 Thread 0x00000278ad416da0 Exception <a 'sun/nio/fs/WindowsException'{0x000000008417b450}> (0x000000008417b450) 
thrown [s\src\hotspot\share\prims\jni.cpp, line 517]
Event: 6.387 Thread 0x00000278ad416da0 Exception <a 'sun/nio/fs/WindowsException'{0x000000008417b808}> (0x000000008417b808) 
thrown [s\src\hotspot\share\prims\jni.cpp, line 517]
Event: 6.389 Thread 0x00000278ad416da0 Exception <a 'java/lang/NoSuchMethodError'{0x0000000084188d38}: 'java.lang.Object java.lang.invoke.DirectMethodHandle$Holder.newInvokeSpecial(java.lang.Object, java.lang.Object, int)'> (0x0000000084188d38) 
thrown [s\src\hotspot\share\interpreter\linkResolver.cpp, line 771]
Event: 6.433 Thread 0x00000278ad416da0 Exception <a 'sun/nio/fs/WindowsException'{0x0000000083e0a5c8}> (0x0000000083e0a5c8) 
thrown [s\src\hotspot\share\prims\jni.cpp, line 517]
Event: 6.433 Thread 0x00000278ad416da0 Exception <a 'sun/nio/fs/WindowsException'{0x0000000083e0a980}> (0x0000000083e0a980) 
thrown [s\src\hotspot\share\prims\jni.cpp, line 517]
Event: 6.640 Thread 0x00000278ad416da0 Exception <a 'java/lang/NoSuchMethodError'{0x00000000835ec7b8}: 'void java.lang.invoke.DirectMethodHandle$Holder.invokeStatic(java.lang.Object, java.lang.Object, java.lang.Object, java.lang.Object, java.lang.Object, java.lang.Object, java.lang.Object)'> (0x00000000835ec7b8) 
thrown [s\src\hotspot\share\interpreter\linkResolver.cpp, line 771]
Event: 6.840 Thread 0x00000278ac8daa70 Exception <a 'java/lang/NoSuchMethodError'{0x00000000842a3628}: static Lorg/gradle/internal/build/event/types/DefaultOperationStartedProgressEvent;.<clinit>()V> (0x00000000842a3628) 
thrown [s\src\hotspot\share\prims\jni.cpp, line 1108]
Event: 6.841 Thread 0x00000278ac8daa70 Exception <a 'java/lang/NoSuchMethodError'{0x00000000842a6970}: static Lorg/gradle/internal/build/event/types/AbstractProgressEvent;.<clinit>()V> (0x00000000842a6970) 
thrown [s\src\hotspot\share\prims\jni.cpp, line 1108]
Event: 6.843 Thread 0x00000278ac8daa70 Exception <a 'java/lang/NoSuchMethodError'{0x00000000842bb958}: static Lorg/gradle/internal/build/event/types/DefaultProjectConfigurationDescriptor;.<clinit>()V> (0x00000000842bb958) 
thrown [s\src\hotspot\share\prims\jni.cpp, line 1108]
Event: 6.843 Thread 0x00000278ac8daa70 Exception <a 'java/lang/NoSuchMethodError'{0x00000000842be660}: static Lorg/gradle/internal/build/event/types/DefaultOperationDescriptor;.<clinit>()V> (0x00000000842be660) 
thrown [s\src\hotspot\share\prims\jni.cpp, line 1108]
Event: 6.845 Thread 0x00000278ac8daa70 Exception <a 'java/lang/NoSuchMethodError'{0x00000000842d9e30}: static Lorg/gradle/internal/operations/OperationIdentifier;.<clinit>()V> (0x00000000842d9e30) 
thrown [s\src\hotspot\share\prims\jni.cpp, line 1108]
Event: 6.996 Thread 0x00000278ad416da0 Exception <a 'java/lang/NoSuchMethodError'{0x0000000083a36550}: 'long java.lang.invoke.DirectMethodHandle$Holder.invokeStatic(java.lang.Object, long)'> (0x0000000083a36550) 
thrown [s\src\hotspot\share\interpreter\linkResolver.cpp, line 771]

VM Operations (20 events):
Event: 5.698 Executing VM operation: G1CollectForAllocation
Event: 5.705 Executing VM operation: G1CollectForAllocation done
Event: 5.708 Executing VM operation: HandshakeAllThreads
Event: 5.708 Executing VM operation: HandshakeAllThreads done
Event: 5.712 Executing VM operation: HandshakeAllThreads
Event: 5.712 Executing VM operation: HandshakeAllThreads done
Event: 5.716 Executing VM operation: HandshakeAllThreads
Event: 5.716 Executing VM operation: HandshakeAllThreads done
Event: 5.807 Executing VM operation: HandshakeAllThreads
Event: 5.807 Executing VM operation: HandshakeAllThreads done
Event: 6.276 Executing VM operation: G1CollectForAllocation
Event: 6.283 Executing VM operation: G1CollectForAllocation done
Event: 6.613 Executing VM operation: HandshakeAllThreads
Event: 6.613 Executing VM operation: HandshakeAllThreads done
Event: 6.664 Executing VM operation: HandshakeAllThreads
Event: 6.664 Executing VM operation: HandshakeAllThreads done
Event: 6.731 Executing VM operation: G1CollectForAllocation
Event: 6.739 Executing VM operation: G1CollectForAllocation done
Event: 6.768 Executing VM operation: HandshakeAllThreads
Event: 6.768 Executing VM operation: HandshakeAllThreads done

Events (20 events):
Event: 6.840 loading class java/io/ObjectStreamClass$1
Event: 6.840 loading class java/io/ObjectStreamClass$1 done
Event: 6.840 loading class java/io/ObjectStreamClass$MemberSignature
Event: 6.840 loading class java/io/ObjectStreamClass$MemberSignature done
Event: 6.840 loading class java/io/ObjectStreamClass$3
Event: 6.840 loading class java/io/ObjectStreamClass$3 done
Event: 6.840 loading class java/io/ObjectStreamClass$4
Event: 6.840 loading class java/io/ObjectStreamClass$4 done
Event: 6.841 loading class java/io/ObjectStreamClass$5
Event: 6.841 loading class java/io/ObjectStreamClass$5 done
Event: 6.841 loading class java/io/ObjectStreamClass$ClassDataSlot
Event: 6.841 loading class java/io/ObjectStreamClass$ClassDataSlot done
Event: 6.843 loading class jdk/internal/reflect/UnsafeQualifiedStaticLongFieldAccessorImpl
Event: 6.844 loading class jdk/internal/reflect/UnsafeQualifiedStaticLongFieldAccessorImpl done
Event: 6.846 loading class java/io/SerialCallbackContext
Event: 6.846 loading class java/io/SerialCallbackContext done
Event: 6.936 loading class java/util/DualPivotQuicksort
Event: 6.937 loading class java/util/DualPivotQuicksort done
Event: 6.994 loading class java/util/function/LongUnaryOperator
Event: 6.995 loading class java/util/function/LongUnaryOperator done


Dynamic libraries:
0x00007ff7a2f00000 - 0x00007ff7a2f0a000 	C:\Program Files\Android\Android Studio\jbr\bin\java.exe
0x00007ff82a350000 - 0x00007ff82a567000 	C:\WINDOWS\SYSTEM32\ntdll.dll
0x00007ff8289d0000 - 0x00007ff828a94000 	C:\WINDOWS\System32\KERNEL32.DLL
0x00007ff827590000 - 0x00007ff827963000 	C:\WINDOWS\System32\KERNELBASE.dll
0x00007ff827470000 - 0x00007ff827581000 	C:\WINDOWS\System32\ucrtbase.dll
0x00007ff8125f0000 - 0x00007ff81260b000 	C:\Program Files\Android\Android Studio\jbr\bin\VCRUNTIME140.dll
0x00007fffecf30000 - 0x00007fffecf47000 	C:\Program Files\Android\Android Studio\jbr\bin\jli.dll
0x00007ff829f00000 - 0x00007ff82a0b1000 	C:\WINDOWS\System32\USER32.dll
0x00007ff827c60000 - 0x00007ff827c86000 	C:\WINDOWS\System32\win32u.dll
0x00007ff80c020000 - 0x00007ff80c2bb000 	C:\WINDOWS\WinSxS\amd64_microsoft.windows.common-controls_6595b64144ccf1df_6.0.22621.5262_none_2712bde373830908\COMCTL32.dll
0x00007ff8289a0000 - 0x00007ff8289c9000 	C:\WINDOWS\System32\GDI32.dll
0x00007ff827ab0000 - 0x00007ff827bd2000 	C:\WINDOWS\System32\gdi32full.dll
0x00007ff828c20000 - 0x00007ff828cc7000 	C:\WINDOWS\System32\msvcrt.dll
0x00007ff827f40000 - 0x00007ff827fda000 	C:\WINDOWS\System32\msvcp_win.dll
0x00007ff829bf0000 - 0x00007ff829c21000 	C:\WINDOWS\System32\IMM32.DLL
0x00007ff8125e0000 - 0x00007ff8125ec000 	C:\Program Files\Android\Android Studio\jbr\bin\vcruntime140_1.dll
0x00007fffd1910000 - 0x00007fffd199d000 	C:\Program Files\Android\Android Studio\jbr\bin\msvcp140.dll
0x00007fffd2090000 - 0x00007fffd2d13000 	C:\Program Files\Android\Android Studio\jbr\bin\server\jvm.dll
0x00007ff82a140000 - 0x00007ff82a1f1000 	C:\WINDOWS\System32\ADVAPI32.dll
0x00007ff829de0000 - 0x00007ff829e87000 	C:\WINDOWS\System32\sechost.dll
0x00007ff827440000 - 0x00007ff827468000 	C:\WINDOWS\System32\bcrypt.dll
0x00007ff829220000 - 0x00007ff829334000 	C:\WINDOWS\System32\RPCRT4.dll
0x00007ff81e7a0000 - 0x00007ff81e7d4000 	C:\WINDOWS\SYSTEM32\WINMM.dll
0x00007ff81d070000 - 0x00007ff81d07a000 	C:\WINDOWS\SYSTEM32\VERSION.dll
0x00007ff81e9a0000 - 0x00007ff81e9a9000 	C:\WINDOWS\SYSTEM32\WSOCK32.dll
0x00007ff82a290000 - 0x00007ff82a301000 	C:\WINDOWS\System32\WS2_32.dll
0x00007ff827310000 - 0x00007ff82735d000 	C:\WINDOWS\SYSTEM32\POWRPROF.dll
0x00007ff8272f0000 - 0x00007ff827303000 	C:\WINDOWS\SYSTEM32\UMPDC.dll
0x00007ff826480000 - 0x00007ff826498000 	C:\WINDOWS\SYSTEM32\kernel.appcore.dll
0x00007ff8128d0000 - 0x00007ff8128da000 	C:\Program Files\Android\Android Studio\jbr\bin\jimage.dll
0x00007ff824c60000 - 0x00007ff824e92000 	C:\WINDOWS\SYSTEM32\DBGHELP.DLL
0x00007ff828ce0000 - 0x00007ff829073000 	C:\WINDOWS\System32\combase.dll
0x00007ff829140000 - 0x00007ff829217000 	C:\WINDOWS\System32\OLEAUT32.dll
0x00007ff806870000 - 0x00007ff8068a2000 	C:\WINDOWS\SYSTEM32\dbgcore.DLL
0x00007ff827be0000 - 0x00007ff827c5b000 	C:\WINDOWS\System32\bcryptPrimitives.dll
0x00007ff80c2c0000 - 0x00007ff80c2ce000 	C:\Program Files\Android\Android Studio\jbr\bin\instrument.dll
0x00007ff80bb60000 - 0x00007ff80bb85000 	C:\Program Files\Android\Android Studio\jbr\bin\java.dll
0x00007ff805730000 - 0x00007ff805748000 	C:\Program Files\Android\Android Studio\jbr\bin\zip.dll
0x00007ff829340000 - 0x00007ff829bdd000 	C:\WINDOWS\System32\SHELL32.dll
0x00007ff827c90000 - 0x00007ff827dcf000 	C:\WINDOWS\System32\wintypes.dll
0x00007ff825380000 - 0x00007ff825c9d000 	C:\WINDOWS\SYSTEM32\windows.storage.dll
0x00007ff8287e0000 - 0x00007ff8288eb000 	C:\WINDOWS\System32\SHCORE.dll
0x00007ff828aa0000 - 0x00007ff828b06000 	C:\WINDOWS\System32\shlwapi.dll
0x00007ff827370000 - 0x00007ff82739b000 	C:\WINDOWS\SYSTEM32\profapi.dll
0x00007ff805710000 - 0x00007ff805729000 	C:\Program Files\Android\Android Studio\jbr\bin\net.dll
0x00007ff823d80000 - 0x00007ff823eac000 	C:\WINDOWS\SYSTEM32\WINHTTP.dll
0x00007ff826900000 - 0x00007ff82696a000 	C:\WINDOWS\system32\mswsock.dll
0x00007ffffc910000 - 0x00007ffffc926000 	C:\Program Files\Android\Android Studio\jbr\bin\nio.dll
0x00007ff8128c0000 - 0x00007ff8128d0000 	C:\Program Files\Android\Android Studio\jbr\bin\verify.dll
0x00007ff809690000 - 0x00007ff8096b7000 	C:\Users\H P\.gradle\native\c067742578af261105cb4f569cf0c3c89f3d7b1fecec35dd04571415982c5e48\windows-amd64\native-platform.dll
0x00007fffd17c0000 - 0x00007fffd1904000 	C:\Users\H P\.gradle\native\38dada09dfb8b06ba9b0570ebf7e218e3eb74d4ef43ca46872605cf95ebc2f47\windows-amd64\native-platform-file-events.dll
0x00007ff810e00000 - 0x00007ff810e09000 	C:\Program Files\Android\Android Studio\jbr\bin\management.dll
0x00007ff80cc40000 - 0x00007ff80cc4b000 	C:\Program Files\Android\Android Studio\jbr\bin\management_ext.dll
0x00007ff829be0000 - 0x00007ff829be8000 	C:\WINDOWS\System32\PSAPI.DLL
0x00007ff826b50000 - 0x00007ff826b6b000 	C:\WINDOWS\SYSTEM32\CRYPTSP.dll
0x00007ff8263e0000 - 0x00007ff826417000 	C:\WINDOWS\system32\rsaenh.dll
0x00007ff8269f0000 - 0x00007ff826a18000 	C:\WINDOWS\SYSTEM32\USERENV.dll
0x00007ff826b70000 - 0x00007ff826b7c000 	C:\WINDOWS\SYSTEM32\CRYPTBASE.dll
0x00007ff825f40000 - 0x00007ff825f6d000 	C:\WINDOWS\SYSTEM32\IPHLPAPI.DLL
0x00007ff828cd0000 - 0x00007ff828cd9000 	C:\WINDOWS\System32\NSI.dll
0x00007ff81ecc0000 - 0x00007ff81ecd9000 	C:\WINDOWS\SYSTEM32\dhcpcsvc6.DLL
0x00007ff81ea60000 - 0x00007ff81ea7f000 	C:\WINDOWS\SYSTEM32\dhcpcsvc.DLL
0x00007ff825fc0000 - 0x00007ff8260b8000 	C:\WINDOWS\SYSTEM32\DNSAPI.dll
0x00007ff8126e0000 - 0x00007ff8126e9000 	C:\Program Files\Android\Android Studio\jbr\bin\extnet.dll
0x00007ff80d1a0000 - 0x00007ff80d1a8000 	C:\WINDOWS\system32\wshunix.dll

dbghelp: loaded successfully - version: 4.0.5 - missing functions: none
symbol engine: initialized successfully - sym options: 0x614 - pdb path: .;C:\Program Files\Android\Android Studio\jbr\bin;C:\WINDOWS\SYSTEM32;C:\WINDOWS\WinSxS\amd64_microsoft.windows.common-controls_6595b64144ccf1df_6.0.22621.5262_none_2712bde373830908;C:\Program Files\Android\Android Studio\jbr\bin\server;C:\Users\H P\.gradle\native\c067742578af261105cb4f569cf0c3c89f3d7b1fecec35dd04571415982c5e48\windows-amd64;C:\Users\H P\.gradle\native\38dada09dfb8b06ba9b0570ebf7e218e3eb74d4ef43ca46872605cf95ebc2f47\windows-amd64

VM Arguments:
jvm_args: --add-opens=java.base/java.util=ALL-UNNAMED --add-opens=java.base/java.lang=ALL-UNNAMED --add-opens=java.base/java.lang.invoke=ALL-UNNAMED --add-opens=java.prefs/java.util.prefs=ALL-UNNAMED --add-opens=java.base/java.nio.charset=ALL-UNNAMED --add-opens=java.base/java.net=ALL-UNNAMED --add-opens=java.base/java.util.concurrent.atomic=ALL-UNNAMED -Xmx2048m -Dfile.encoding=UTF-8 -Duser.country=ID -Duser.language=en -Duser.variant -javaagent:C:\Users\H P\.gradle\wrapper\dists\gradle-8.6-bin\afr5mpiioh2wthjmwnkmdsd5w\gradle-8.6\lib\agents\gradle-instrumentation-agent-8.6.jar 
java_command: org.gradle.launcher.daemon.bootstrap.GradleDaemon 8.6
java_class_path (initial): C:\Users\H P\.gradle\wrapper\dists\gradle-8.6-bin\afr5mpiioh2wthjmwnkmdsd5w\gradle-8.6\lib\gradle-launcher-8.6.jar
Launcher Type: SUN_STANDARD

[Global flags]
     intx CICompilerCount                          = 3                                         {product} {ergonomic}
     uint ConcGCThreads                            = 1                                         {product} {ergonomic}
     uint G1ConcRefinementThreads                  = 4                                         {product} {ergonomic}
   size_t G1HeapRegionSize                         = 1048576                                   {product} {ergonomic}
    uintx GCDrainStackTargetSize                   = 64                                        {product} {ergonomic}
   size_t InitialHeapSize                          = 62914560                                  {product} {ergonomic}
   size_t MarkStackSize                            = 4194304                                   {product} {ergonomic}
   size_t MaxHeapSize                              = 2147483648                                {product} {command line}
   size_t MaxNewSize                               = 1287651328                                {product} {ergonomic}
   size_t MinHeapDeltaBytes                        = 1048576                                   {product} {ergonomic}
   size_t MinHeapSize                              = 8388608                                   {product} {ergonomic}
    uintx NonNMethodCodeHeapSize                   = 5832780                                {pd product} {ergonomic}
    uintx NonProfiledCodeHeapSize                  = 122912730                              {pd product} {ergonomic}
    uintx ProfiledCodeHeapSize                     = 122912730                              {pd product} {ergonomic}
    uintx ReservedCodeCacheSize                    = 251658240                              {pd product} {ergonomic}
     bool SegmentedCodeCache                       = true                                      {product} {ergonomic}
   size_t SoftMaxHeapSize                          = 2147483648                             {manageable} {ergonomic}
     bool UseCompressedClassPointers               = true                           {product lp64_product} {ergonomic}
     bool UseCompressedOops                        = true                           {product lp64_product} {ergonomic}
     bool UseG1GC                                  = true                                      {product} {ergonomic}
     bool UseLargePagesIndividualAllocation        = false                                  {pd product} {ergonomic}

Logging:
Log output configuration:
 #0: stdout all=warning uptime,level,tags
 #1: stderr all=off uptime,level,tags

Environment Variables:
JAVA_HOME=C:\Program Files\Java\Zulu\zulu-8\
PATH=C:\Program Files (x86)\VMware\VMware Workstation\bin\;C:\Program Files\Java\Zulu\zulu-8\bin\;C:\WINDOWS\system32;C:\WINDOWS;C:\WINDOWS\System32\Wbem;C:\WINDOWS\System32\WindowsPowerShell\v1.0\;C:\WINDOWS\System32\OpenSSH\;C:\Users\H P\anaconda3\Scripts\;C:\Users\H P\anaconda3\;C:\Program Files\Git\cmd;C:\gradle-8.4\bin;C:\Users\H P\AppData\Local\Microsoft\WindowsApps;C:\Users\H P\AppData\Local\Programs\Microsoft VS Code\bin;C:\Program Files\JetBrains\IntelliJ IDEA Community Edition 2023.2.1\bin;;C:\flutter_windows_3.19.3-stable\flutter\bin;C:\flutter_windows_3.19.3-stable\flutter\bin\cache\dart-sdk\bin;
USERNAME=H P
OS=Windows_NT
PROCESSOR_IDENTIFIER=Intel64 Family 6 Model 140 Stepping 2, GenuineIntel
TMP=C:\Users\HP12D5~1\AppData\Local\Temp
TEMP=C:\Users\HP12D5~1\AppData\Local\Temp



Periodic native trim disabled

JNI global refs:
JNI global refs: 26, weak refs: 1

JNI global refs memory usage: 843, weak refs: 841

OOME stack traces (most recent first):
Classloader memory used:
Loader org.gradle.internal.classloader.VisitableURLClassLoader                         : 3179K
Loader bootstrap                                                                       : 2374K
Loader org.gradle.initialization.MixInLegacyTypesClassLoader                           : 828K
Loader jdk.internal.loader.ClassLoaders$PlatformClassLoader                            : 65821B
Loader jdk.internal.loader.ClassLoaders$AppClassLoader                                 : 28740B
Loader jdk.internal.reflect.DelegatingClassLoader                                      : 7355B
Loader org.gradle.internal.classloader.VisitableURLClassLoader                         : 4559B
Loader org.gradle.internal.classloader.VisitableURLClassLoader$InstrumentingVisitableURLClassLoader: 3673B

Classes loaded by more than one classloader:
Class org.gradle.internal.installation.GradleInstallation                             : loaded 2 times (x 73B)
Class org.gradle.internal.classpath.ClassPath                                         : loaded 2 times (x 68B)
Class org.gradle.api.internal.classpath.DefaultModuleRegistry                         : loaded 2 times (x 84B)
Class Settings_gradle$1$1                                                             : loaded 2 times (x 72B)
Class org.gradle.api.Action                                                           : loaded 2 times (x 68B)
Class org.gradle.api.internal.DefaultClassPathProvider                                : loaded 2 times (x 74B)
Class org.gradle.internal.installation.GradleInstallation$1                           : loaded 2 times (x 73B)
Class org.gradle.internal.classloader.FilteringClassLoader                            : loaded 2 times (x 103B)
Class org.gradle.internal.classpath.DefaultClassPath$ImmutableUniqueList$Builder      : loaded 2 times (x 73B)
Class org.gradle.internal.classloader.ClassLoaderVisitor                              : loaded 2 times (x 74B)
Class org.gradle.internal.service.DefaultServiceLocator                               : loaded 2 times (x 81B)
Class org.gradle.internal.service.UnknownServiceException                             : loaded 2 times (x 81B)
Class org.gradle.internal.classloader.DefaultClassLoaderFactory                       : loaded 2 times (x 80B)
Class org.gradle.internal.classloader.VisitableURLClassLoader$Spec                    : loaded 2 times (x 72B)
Class org.gradle.api.GradleException                                                  : loaded 2 times (x 80B)
Class org.gradle.api.internal.classpath.ModuleRegistry                                : loaded 2 times (x 68B)
Class org.gradle.api.internal.ClassPathProvider                                       : loaded 2 times (x 68B)
Class org.gradle.internal.classloader.ClasspathUtil$1                                 : loaded 2 times (x 74B)
Class org.gradle.internal.classloader.ClassLoaderFactory                              : loaded 2 times (x 68B)
Class org.gradle.api.internal.classpath.ManifestUtil                                  : loaded 2 times (x 69B)
Class org.gradle.api.specs.Spec                                                       : loaded 2 times (x 68B)
Class org.gradle.internal.IoActions                                                   : loaded 2 times (x 69B)
Class org.gradle.api.internal.classpath.EffectiveClassPath                            : loaded 2 times (x 88B)
Class org.gradle.internal.installation.CurrentGradleInstallation                      : loaded 2 times (x 71B)
Class org.gradle.internal.agents.InstrumentingClassLoader                             : loaded 2 times (x 68B)
Class org.gradle.internal.installation.CurrentGradleInstallationLocator               : loaded 2 times (x 69B)
Class org.gradle.api.internal.classpath.Module                                        : loaded 2 times (x 68B)
Class org.gradle.internal.service.CachingServiceLocator                               : loaded 2 times (x 80B)
Class org.gradle.internal.classpath.DefaultClassPath                                  : loaded 2 times (x 88B)
Class org.gradle.internal.classloader.SystemClassLoaderSpec                           : loaded 2 times (x 69B)
Class org.gradle.api.UncheckedIOException                                             : loaded 2 times (x 80B)
Class Program                                                                         : loaded 2 times (x 70B)
Class org.gradle.internal.classloader.ClasspathUtil                                   : loaded 2 times (x 69B)
Class org.gradle.api.internal.DefaultClassPathRegistry                                : loaded 2 times (x 74B)
Class org.gradle.api.internal.classpath.DefaultModuleRegistry$DefaultModule           : loaded 2 times (x 84B)
Class org.gradle.api.internal.classpath.UnknownModuleException                        : loaded 2 times (x 80B)
Class org.gradle.internal.service.ServiceLookupException                              : loaded 2 times (x 80B)
Class org.gradle.cache.GlobalCache                                                    : loaded 2 times (x 68B)
Class [Lorg.gradle.api.internal.ClassPathProvider;                                    : loaded 2 times (x 67B)
Class org.gradle.util.internal.GUtil                                                  : loaded 2 times (x 69B)
Class org.gradle.internal.classloader.ClassLoaderSpec                                 : loaded 2 times (x 69B)
Class org.gradle.internal.classloader.VisitableURLClassLoader                         : loaded 2 times (x 115B)
Class org.gradle.internal.Cast                                                        : loaded 2 times (x 69B)
Class org.gradle.api.internal.ClassPathRegistry                                       : loaded 2 times (x 68B)
Class org.gradle.internal.classloader.VisitableURLClassLoader$InstrumentingVisitableURLClassLoader: loaded 2 times (x 121B)
Class org.gradle.internal.classloader.ClassLoaderHierarchy                            : loaded 2 times (x 68B)
Class org.gradle.internal.InternalTransformer                                         : loaded 2 times (x 68B)
Class org.gradle.internal.service.ServiceLocator                                      : loaded 2 times (x 68B)
Class Settings_gradle$1                                                               : loaded 2 times (x 72B)
Class org.gradle.internal.classpath.DefaultClassPath$ImmutableUniqueList              : loaded 2 times (x 159B)
Class org.gradle.internal.classpath.TransformedClassPath                              : loaded 2 times (x 94B)
Class Settings_gradle                                                                 : loaded 2 times (x 126B)


---------------  S Y S T E M  ---------------

OS:
 Windows 11 , 64 bit Build 22621 (10.0.22621.5262)
OS uptime: 2 days 8:23 hours

CPU: total 4 (initial active 4) (2 cores per cpu, 2 threads per core) family 6 model 140 stepping 2 microcode 0x34, cx8, cmov, fxsr, ht, mmx, 3dnowpref, sse, sse2, sse3, ssse3, sse4.1, sse4.2, popcnt, lzcnt, tsc, tscinvbit, avx, avx2, aes, erms, clmul, bmi1, bmi2, adx, avx512f, avx512dq, avx512cd, avx512bw, avx512vl, sha, fma, vzeroupper, avx512_vpopcntdq, avx512_vpclmulqdq, avx512_vaes, avx512_vnni, clflush, clflushopt, clwb, avx512_vbmi2, avx512_vbmi
Processor Information for processor 0
  Max Mhz: 2901, Current Mhz: 2901, Mhz Limit: 2901
Processor Information for processor 1
  Max Mhz: 2901, Current Mhz: 1100, Mhz Limit: 2901
Processor Information for processor 2
  Max Mhz: 2901, Current Mhz: 2901, Mhz Limit: 2901
Processor Information for processor 3
  Max Mhz: 2901, Current Mhz: 2901, Mhz Limit: 2901

Memory: 4k page, system-wide physical 3738M (304M free)
TotalPageFile size 15002M (AvailPageFile size 6M)
current process WorkingSet (physical memory assigned to process): 246M, peak: 246M
current process commit charge ("private bytes"): 272M, peak: 274M

vm_info: OpenJDK 64-Bit Server VM (17.0.10+0--11572160) for windows-amd64 JRE (17.0.10+0--11572160), built on Mar 13 2024 23:56:38 by "androidbuild" with MS VC++ 16.10 / 16.11 (VS2019)

END.
